[100%] Built target moveit_pick_and_place_cpp
-- Install configuration: ""
-- Up-to-date: /home/dali/ros2_ws/install/piper_bringup/share/piper_bringup/launch
-- Up-to-date: /home/dali/ros2_ws/install/piper_bringup/share/piper_bringup/launch/piper.launch.xml
-- Up-to-date: /home/dali/ros2_ws/install/piper_bringup/share/piper_bringup/launch/pick_place_launch.py
-- Up-to-date: /home/dali/ros2_ws/install/piper_bringup/share/piper_bringup/launch/gazebo_piper.launch.py
-- Up-to-date: /home/dali/ros2_ws/install/piper_bringup/share/piper_bringup/rviz
-- Up-to-date: /home/dali/ros2_ws/install/piper_bringup/share/piper_bringup/rviz/robotmodel.rviz
-- Up-to-date: /home/dali/ros2_ws/install/piper_bringup/share/piper_bringup/worlds
-- Up-to-date: /home/dali/ros2_ws/install/piper_bringup/share/piper_bringup/worlds/empty_world.sdf
-- Up-to-date: /home/dali/ros2_ws/install/piper_bringup/share/piper_bringup/models
-- Installing: /home/dali/ros2_ws/install/piper_bringup/share/piper_bringup/models/cylinder
-- Installing: /home/dali/ros2_ws/install/piper_bringup/share/piper_bringup/models/cylinder/model.sdf
-- Installing: /home/dali/ros2_ws/install/piper_bringup/share/piper_bringup/models/cylinder/model.config
-- Up-to-date: /home/dali/ros2_ws/install/piper_bringup/share/piper_bringup/models/cube
-- Up-to-date: /home/dali/ros2_ws/install/piper_bringup/share/piper_bringup/models/cube/model.sdf
-- Up-to-date: /home/dali/ros2_ws/install/piper_bringup/share/piper_bringup/models/cube/model.config
-- Up-to-date: /home/dali/ros2_ws/install/piper_bringup/lib/piper_bringup/pick_and_place.py
-- Up-to-date: /home/dali/ros2_ws/install/piper_bringup/lib/piper_bringup/ik_pick_and_place.py
-- Up-to-date: /home/dali/ros2_ws/install/piper_bringup/lib/piper_bringup/detection_node.py
-- Up-to-date: /home/dali/ros2_ws/install/piper_bringup/lib/piper_bringup/moveit_pick_and_place_cpp
-- Up-to-date: /home/dali/ros2_ws/install/piper_bringup/share/ament_index/resource_index/package_run_dependencies/piper_bringup
-- Up-to-date: /home/dali/ros2_ws/install/piper_bringup/share/ament_index/resource_index/parent_prefix_path/piper_bringup
-- Up-to-date: /home/dali/ros2_ws/install/piper_bringup/share/piper_bringup/environment/ament_prefix_path.sh
-- Up-to-date: /home/dali/ros2_ws/install/piper_bringup/share/piper_bringup/environment/ament_prefix_path.dsv
-- Up-to-date: /home/dali/ros2_ws/install/piper_bringup/share/piper_bringup/environment/path.sh
-- Up-to-date: /home/dali/ros2_ws/install/piper_bringup/share/piper_bringup/environment/path.dsv
-- Up-to-date: /home/dali/ros2_ws/install/piper_bringup/share/piper_bringup/local_setup.bash
-- Up-to-date: /home/dali/ros2_ws/install/piper_bringup/share/piper_bringup/local_setup.sh
-- Up-to-date: /home/dali/ros2_ws/install/piper_bringup/share/piper_bringup/local_setup.zsh
-- Up-to-date: /home/dali/ros2_ws/install/piper_bringup/share/piper_bringup/local_setup.dsv
-- Installing: /home/dali/ros2_ws/install/piper_bringup/share/piper_bringup/package.dsv
-- Up-to-date: /home/dali/ros2_ws/install/piper_bringup/share/ament_index/resource_index/packages/piper_bringup
-- Up-to-date: /home/dali/ros2_ws/install/piper_bringup/share/piper_bringup/cmake/ament_cmake_export_dependencies-extras.cmake
-- Up-to-date: /home/dali/ros2_ws/install/piper_bringup/share/piper_bringup/cmake/piper_bringupConfig.cmake
-- Up-to-date: /home/dali/ros2_ws/install/piper_bringup/share/piper_bringup/cmake/piper_bringupConfig-version.cmake
-- Up-to-date: /home/dali/ros2_ws/install/piper_bringup/share/piper_bringup/package.xml
