[0.026s] Invoking command in '/home/dali/ros2_ws/build/piper_moveit_config': CMAKE_PREFIX_PATH=/home/dali/ros2_ws/install/piper_description:/home/dali/ros2_ws/install/piper_bringup:/home/dali/ros2_ws/install/scene_graph_interfaces:/home/dali/ros2_ws/install/piper_moveit_config:/opt/ros/jazzy/opt/gz_sim_vendor:/opt/ros/jazzy/opt/gz_sensors_vendor:/opt/ros/jazzy/opt/gz_physics_vendor:/opt/ros/jazzy/opt/sdformat_vendor:/opt/ros/jazzy/opt/gz_gui_vendor:/opt/ros/jazzy/opt/gz_transport_vendor:/opt/ros/jazzy/opt/gz_rendering_vendor:/opt/ros/jazzy/opt/gz_plugin_vendor:/opt/ros/jazzy/opt/gz_fuel_tools_vendor:/opt/ros/jazzy/opt/gz_msgs_vendor:/opt/ros/jazzy/opt/gz_common_vendor:/opt/ros/jazzy/opt/gz_math_vendor:/opt/ros/jazzy/opt/gz_utils_vendor:/opt/ros/jazzy/opt/gz_tools_vendor:/opt/ros/jazzy/opt/gz_ogre_next_vendor:/opt/ros/jazzy/opt/gz_dartsim_vendor:/opt/ros/jazzy/opt/gz_cmake_vendor:/opt/ros/jazzy DEBUGINFOD_URLS=https://debuginfod.ubuntu.com /usr/bin/cmake --build /home/dali/ros2_ws/build/piper_moveit_config -- -j4 -l4
[0.191s] Invoked command in '/home/dali/ros2_ws/build/piper_moveit_config' returned '0': CMAKE_PREFIX_PATH=/home/dali/ros2_ws/install/piper_description:/home/dali/ros2_ws/install/piper_bringup:/home/dali/ros2_ws/install/scene_graph_interfaces:/home/dali/ros2_ws/install/piper_moveit_config:/opt/ros/jazzy/opt/gz_sim_vendor:/opt/ros/jazzy/opt/gz_sensors_vendor:/opt/ros/jazzy/opt/gz_physics_vendor:/opt/ros/jazzy/opt/sdformat_vendor:/opt/ros/jazzy/opt/gz_gui_vendor:/opt/ros/jazzy/opt/gz_transport_vendor:/opt/ros/jazzy/opt/gz_rendering_vendor:/opt/ros/jazzy/opt/gz_plugin_vendor:/opt/ros/jazzy/opt/gz_fuel_tools_vendor:/opt/ros/jazzy/opt/gz_msgs_vendor:/opt/ros/jazzy/opt/gz_common_vendor:/opt/ros/jazzy/opt/gz_math_vendor:/opt/ros/jazzy/opt/gz_utils_vendor:/opt/ros/jazzy/opt/gz_tools_vendor:/opt/ros/jazzy/opt/gz_ogre_next_vendor:/opt/ros/jazzy/opt/gz_dartsim_vendor:/opt/ros/jazzy/opt/gz_cmake_vendor:/opt/ros/jazzy DEBUGINFOD_URLS=https://debuginfod.ubuntu.com /usr/bin/cmake --build /home/dali/ros2_ws/build/piper_moveit_config -- -j4 -l4
[0.191s] Invoking command in '/home/dali/ros2_ws/build/piper_moveit_config': CMAKE_PREFIX_PATH=/home/dali/ros2_ws/install/piper_description:/home/dali/ros2_ws/install/piper_bringup:/home/dali/ros2_ws/install/scene_graph_interfaces:/home/dali/ros2_ws/install/piper_moveit_config:/opt/ros/jazzy/opt/gz_sim_vendor:/opt/ros/jazzy/opt/gz_sensors_vendor:/opt/ros/jazzy/opt/gz_physics_vendor:/opt/ros/jazzy/opt/sdformat_vendor:/opt/ros/jazzy/opt/gz_gui_vendor:/opt/ros/jazzy/opt/gz_transport_vendor:/opt/ros/jazzy/opt/gz_rendering_vendor:/opt/ros/jazzy/opt/gz_plugin_vendor:/opt/ros/jazzy/opt/gz_fuel_tools_vendor:/opt/ros/jazzy/opt/gz_msgs_vendor:/opt/ros/jazzy/opt/gz_common_vendor:/opt/ros/jazzy/opt/gz_math_vendor:/opt/ros/jazzy/opt/gz_utils_vendor:/opt/ros/jazzy/opt/gz_tools_vendor:/opt/ros/jazzy/opt/gz_ogre_next_vendor:/opt/ros/jazzy/opt/gz_dartsim_vendor:/opt/ros/jazzy/opt/gz_cmake_vendor:/opt/ros/jazzy DEBUGINFOD_URLS=https://debuginfod.ubuntu.com /usr/bin/cmake --install /home/dali/ros2_ws/build/piper_moveit_config
[0.248s] -- Install configuration: ""
[0.253s] -- Up-to-date: /home/dali/ros2_ws/install/piper_moveit_config/share/piper_moveit_config//config
[0.253s] -- Up-to-date: /home/dali/ros2_ws/install/piper_moveit_config/share/piper_moveit_config//config/moveit.rviz
[0.253s] -- Up-to-date: /home/dali/ros2_ws/install/piper_moveit_config/share/piper_moveit_config//config/joint_limits.yaml
[0.253s] -- Up-to-date: /home/dali/ros2_ws/install/piper_moveit_config/share/piper_moveit_config//config/kinematics_ros2.yaml
[0.253s] -- Up-to-date: /home/dali/ros2_ws/install/piper_moveit_config/share/piper_moveit_config//config/ompl_planning.yaml
[0.254s] -- Up-to-date: /home/dali/ros2_ws/install/piper_moveit_config/share/piper_moveit_config//config/kinematics.yaml
[0.254s] -- Up-to-date: /home/dali/ros2_ws/install/piper_moveit_config/share/piper_moveit_config//config/move_group.yaml
[0.254s] -- Up-to-date: /home/dali/ros2_ws/install/piper_moveit_config/share/piper_moveit_config//config/piper.srdf.xacro
[0.254s] -- Up-to-date: /home/dali/ros2_ws/install/piper_moveit_config/share/piper_moveit_config//config/moveit_controllers.yaml
[0.254s] -- Up-to-date: /home/dali/ros2_ws/install/piper_moveit_config/share/piper_moveit_config//launch
[0.254s] -- Up-to-date: /home/dali/ros2_ws/install/piper_moveit_config/share/piper_moveit_config//launch/demo.launch.xml
[0.254s] -- Up-to-date: /home/dali/ros2_ws/install/piper_moveit_config/share/ament_index/resource_index/package_run_dependencies/piper_moveit_config
[0.254s] -- Up-to-date: /home/dali/ros2_ws/install/piper_moveit_config/share/ament_index/resource_index/parent_prefix_path/piper_moveit_config
[0.257s] -- Up-to-date: /home/dali/ros2_ws/install/piper_moveit_config/share/piper_moveit_config/environment/ament_prefix_path.sh
[0.257s] -- Up-to-date: /home/dali/ros2_ws/install/piper_moveit_config/share/piper_moveit_config/environment/ament_prefix_path.dsv
[0.257s] -- Up-to-date: /home/dali/ros2_ws/install/piper_moveit_config/share/piper_moveit_config/environment/path.sh
[0.260s] -- Up-to-date: /home/dali/ros2_ws/install/piper_moveit_config/share/piper_moveit_config/environment/path.dsv
[0.260s] -- Up-to-date: /home/dali/ros2_ws/install/piper_moveit_config/share/piper_moveit_config/local_setup.bash
[0.260s] -- Up-to-date: /home/dali/ros2_ws/install/piper_moveit_config/share/piper_moveit_config/local_setup.sh
[0.260s] -- Up-to-date: /home/dali/ros2_ws/install/piper_moveit_config/share/piper_moveit_config/local_setup.zsh
[0.260s] -- Up-to-date: /home/dali/ros2_ws/install/piper_moveit_config/share/piper_moveit_config/local_setup.dsv
[0.260s] -- Installing: /home/dali/ros2_ws/install/piper_moveit_config/share/piper_moveit_config/package.dsv
[0.263s] -- Up-to-date: /home/dali/ros2_ws/install/piper_moveit_config/share/ament_index/resource_index/packages/piper_moveit_config
[0.263s] -- Up-to-date: /home/dali/ros2_ws/install/piper_moveit_config/share/piper_moveit_config/cmake/piper_moveit_configConfig.cmake
[0.263s] -- Up-to-date: /home/dali/ros2_ws/install/piper_moveit_config/share/piper_moveit_config/cmake/piper_moveit_configConfig-version.cmake
[0.263s] -- Up-to-date: /home/dali/ros2_ws/install/piper_moveit_config/share/piper_moveit_config/package.xml
[0.265s] Invoked command in '/home/dali/ros2_ws/build/piper_moveit_config' returned '0': CMAKE_PREFIX_PATH=/home/dali/ros2_ws/install/piper_description:/home/dali/ros2_ws/install/piper_bringup:/home/dali/ros2_ws/install/scene_graph_interfaces:/home/dali/ros2_ws/install/piper_moveit_config:/opt/ros/jazzy/opt/gz_sim_vendor:/opt/ros/jazzy/opt/gz_sensors_vendor:/opt/ros/jazzy/opt/gz_physics_vendor:/opt/ros/jazzy/opt/sdformat_vendor:/opt/ros/jazzy/opt/gz_gui_vendor:/opt/ros/jazzy/opt/gz_transport_vendor:/opt/ros/jazzy/opt/gz_rendering_vendor:/opt/ros/jazzy/opt/gz_plugin_vendor:/opt/ros/jazzy/opt/gz_fuel_tools_vendor:/opt/ros/jazzy/opt/gz_msgs_vendor:/opt/ros/jazzy/opt/gz_common_vendor:/opt/ros/jazzy/opt/gz_math_vendor:/opt/ros/jazzy/opt/gz_utils_vendor:/opt/ros/jazzy/opt/gz_tools_vendor:/opt/ros/jazzy/opt/gz_ogre_next_vendor:/opt/ros/jazzy/opt/gz_dartsim_vendor:/opt/ros/jazzy/opt/gz_cmake_vendor:/opt/ros/jazzy DEBUGINFOD_URLS=https://debuginfod.ubuntu.com /usr/bin/cmake --install /home/dali/ros2_ws/build/piper_moveit_config
