[0.039s] Invoking command in '/home/dali/ros2_ws/build/scene_graph_interfaces': CMAKE_PREFIX_PATH=${CMAKE_PREFIX_PATH}:/opt/ros/jazzy DEBUGINFOD_URLS=https://debuginfod.ubuntu.com /usr/bin/cmake --build /home/dali/ros2_ws/build/scene_graph_interfaces -- -j4 -l4
[0.169s] [  2%] Built target scene_graph_interfaces__rosidl_generator_type_description
[0.258s] [  2%] Built target ament_cmake_python_copy_scene_graph_interfaces
[0.311s] [ 20%] Built target scene_graph_interfaces__rosidl_generator_c
[0.888s] running egg_info
[0.903s] writing scene_graph_interfaces.egg-info/PKG-INFO
[0.904s] writing dependency_links to scene_graph_interfaces.egg-info/dependency_links.txt
[0.905s] writing top-level names to scene_graph_interfaces.egg-info/top_level.txt
[1.115s] reading manifest file 'scene_graph_interfaces.egg-info/SOURCES.txt'
[1.115s] writing manifest file 'scene_graph_interfaces.egg-info/SOURCES.txt'
[1.192s] [ 20%] Built target ament_cmake_python_build_scene_graph_interfaces_egg
[1.236s] [ 29%] Built target scene_graph_interfaces__rosidl_typesupport_introspection_c
[1.299s] [ 38%] Built target scene_graph_interfaces__rosidl_typesupport_c
[1.353s] [ 47%] Built target scene_graph_interfaces__rosidl_typesupport_fastrtps_c
[1.416s] [ 50%] Built target scene_graph_interfaces__cpp
[1.458s] [ 59%] Built target scene_graph_interfaces__rosidl_typesupport_introspection_cpp
[1.502s] [ 68%] Built target scene_graph_interfaces__rosidl_typesupport_fastrtps_cpp
[1.539s] [ 77%] Built target scene_graph_interfaces__rosidl_typesupport_cpp
[1.591s] [ 77%] Built target scene_graph_interfaces
[1.627s] [ 79%] Built target scene_graph_interfaces__py
[1.679s] [ 86%] Built target scene_graph_interfaces__rosidl_generator_py
[1.775s] [ 90%] Built target scene_graph_interfaces_s__rosidl_typesupport_fastrtps_c
[1.848s] [ 95%] Built target scene_graph_interfaces_s__rosidl_typesupport_c
[1.990s] [100%] Built target scene_graph_interfaces_s__rosidl_typesupport_introspection_c
[2.017s] Invoked command in '/home/dali/ros2_ws/build/scene_graph_interfaces' returned '0': CMAKE_PREFIX_PATH=${CMAKE_PREFIX_PATH}:/opt/ros/jazzy DEBUGINFOD_URLS=https://debuginfod.ubuntu.com /usr/bin/cmake --build /home/dali/ros2_ws/build/scene_graph_interfaces -- -j4 -l4
[2.023s] Invoking command in '/home/dali/ros2_ws/build/scene_graph_interfaces': CMAKE_PREFIX_PATH=${CMAKE_PREFIX_PATH}:/opt/ros/jazzy DEBUGINFOD_URLS=https://debuginfod.ubuntu.com /usr/bin/cmake --install /home/dali/ros2_ws/build/scene_graph_interfaces
[2.042s] -- Install configuration: ""
[2.042s] -- Up-to-date: /home/dali/ros2_ws/install/scene_graph_interfaces/share/ament_index/resource_index/rosidl_interfaces/scene_graph_interfaces
[2.042s] -- Up-to-date: /home/dali/ros2_ws/install/scene_graph_interfaces/share/scene_graph_interfaces/msg/FunObject3DBoundingBox.json
[2.043s] -- Up-to-date: /home/dali/ros2_ws/install/scene_graph_interfaces/share/scene_graph_interfaces/msg/FunObject3DBoundingBoxList.json
[2.043s] -- Up-to-date: /home/dali/ros2_ws/install/scene_graph_interfaces/include/scene_graph_interfaces/scene_graph_interfaces
[2.043s] -- Up-to-date: /home/dali/ros2_ws/install/scene_graph_interfaces/include/scene_graph_interfaces/scene_graph_interfaces/msg
[2.043s] -- Up-to-date: /home/dali/ros2_ws/install/scene_graph_interfaces/include/scene_graph_interfaces/scene_graph_interfaces/msg/rosidl_generator_c__visibility_control.h
[2.043s] -- Up-to-date: /home/dali/ros2_ws/install/scene_graph_interfaces/include/scene_graph_interfaces/scene_graph_interfaces/msg/fun_object3_d_bounding_box.h
[2.043s] -- Up-to-date: /home/dali/ros2_ws/install/scene_graph_interfaces/include/scene_graph_interfaces/scene_graph_interfaces/msg/fun_object3_d_bounding_box_list.h
[2.043s] -- Up-to-date: /home/dali/ros2_ws/install/scene_graph_interfaces/include/scene_graph_interfaces/scene_graph_interfaces/msg/detail
[2.043s] -- Up-to-date: /home/dali/ros2_ws/install/scene_graph_interfaces/include/scene_graph_interfaces/scene_graph_interfaces/msg/detail/fun_object3_d_bounding_box_list__description.c
[2.043s] -- Up-to-date: /home/dali/ros2_ws/install/scene_graph_interfaces/include/scene_graph_interfaces/scene_graph_interfaces/msg/detail/fun_object3_d_bounding_box_list__functions.h
[2.043s] -- Up-to-date: /home/dali/ros2_ws/install/scene_graph_interfaces/include/scene_graph_interfaces/scene_graph_interfaces/msg/detail/fun_object3_d_bounding_box_list__functions.c
[2.043s] -- Up-to-date: /home/dali/ros2_ws/install/scene_graph_interfaces/include/scene_graph_interfaces/scene_graph_interfaces/msg/detail/fun_object3_d_bounding_box_list__struct.h
[2.043s] -- Up-to-date: /home/dali/ros2_ws/install/scene_graph_interfaces/include/scene_graph_interfaces/scene_graph_interfaces/msg/detail/fun_object3_d_bounding_box__functions.c
[2.043s] -- Installing: /home/dali/ros2_ws/install/scene_graph_interfaces/include/scene_graph_interfaces/scene_graph_interfaces/msg/detail/fun_object3_d_bounding_box_list__type_support.c
[2.043s] -- Up-to-date: /home/dali/ros2_ws/install/scene_graph_interfaces/include/scene_graph_interfaces/scene_graph_interfaces/msg/detail/fun_object3_d_bounding_box__struct.h
[2.043s] -- Installing: /home/dali/ros2_ws/install/scene_graph_interfaces/include/scene_graph_interfaces/scene_graph_interfaces/msg/detail/fun_object3_d_bounding_box__type_support.c
[2.043s] -- Up-to-date: /home/dali/ros2_ws/install/scene_graph_interfaces/include/scene_graph_interfaces/scene_graph_interfaces/msg/detail/fun_object3_d_bounding_box__description.c
[2.043s] -- Up-to-date: /home/dali/ros2_ws/install/scene_graph_interfaces/include/scene_graph_interfaces/scene_graph_interfaces/msg/detail/fun_object3_d_bounding_box__type_support.h
[2.043s] -- Up-to-date: /home/dali/ros2_ws/install/scene_graph_interfaces/include/scene_graph_interfaces/scene_graph_interfaces/msg/detail/fun_object3_d_bounding_box_list__type_support.h
[2.043s] -- Up-to-date: /home/dali/ros2_ws/install/scene_graph_interfaces/include/scene_graph_interfaces/scene_graph_interfaces/msg/detail/fun_object3_d_bounding_box__functions.h
[2.043s] -- Up-to-date: /home/dali/ros2_ws/install/scene_graph_interfaces/share/scene_graph_interfaces/environment/library_path.sh
[2.043s] -- Up-to-date: /home/dali/ros2_ws/install/scene_graph_interfaces/share/scene_graph_interfaces/environment/library_path.dsv
[2.044s] -- Up-to-date: /home/dali/ros2_ws/install/scene_graph_interfaces/lib/libscene_graph_interfaces__rosidl_generator_c.so
[2.044s] -- Up-to-date: /home/dali/ros2_ws/install/scene_graph_interfaces/include/scene_graph_interfaces/scene_graph_interfaces
[2.044s] -- Up-to-date: /home/dali/ros2_ws/install/scene_graph_interfaces/include/scene_graph_interfaces/scene_graph_interfaces/msg
[2.044s] -- Up-to-date: /home/dali/ros2_ws/install/scene_graph_interfaces/include/scene_graph_interfaces/scene_graph_interfaces/msg/rosidl_typesupport_fastrtps_c__visibility_control.h
[2.044s] -- Up-to-date: /home/dali/ros2_ws/install/scene_graph_interfaces/include/scene_graph_interfaces/scene_graph_interfaces/msg/detail
[2.044s] -- Up-to-date: /home/dali/ros2_ws/install/scene_graph_interfaces/include/scene_graph_interfaces/scene_graph_interfaces/msg/detail/fun_object3_d_bounding_box_list__rosidl_typesupport_fastrtps_c.h
[2.044s] -- Up-to-date: /home/dali/ros2_ws/install/scene_graph_interfaces/include/scene_graph_interfaces/scene_graph_interfaces/msg/detail/fun_object3_d_bounding_box__rosidl_typesupport_fastrtps_c.h
[2.045s] -- Up-to-date: /home/dali/ros2_ws/install/scene_graph_interfaces/lib/libscene_graph_interfaces__rosidl_typesupport_fastrtps_c.so
[2.047s] -- Up-to-date: /home/dali/ros2_ws/install/scene_graph_interfaces/include/scene_graph_interfaces/scene_graph_interfaces
[2.048s] -- Up-to-date: /home/dali/ros2_ws/install/scene_graph_interfaces/include/scene_graph_interfaces/scene_graph_interfaces/msg
[2.048s] -- Up-to-date: /home/dali/ros2_ws/install/scene_graph_interfaces/include/scene_graph_interfaces/scene_graph_interfaces/msg/rosidl_typesupport_introspection_c__visibility_control.h
[2.048s] -- Up-to-date: /home/dali/ros2_ws/install/scene_graph_interfaces/include/scene_graph_interfaces/scene_graph_interfaces/msg/detail
[2.049s] -- Up-to-date: /home/dali/ros2_ws/install/scene_graph_interfaces/include/scene_graph_interfaces/scene_graph_interfaces/msg/detail/fun_object3_d_bounding_box_list__rosidl_typesupport_introspection_c.h
[2.049s] -- Up-to-date: /home/dali/ros2_ws/install/scene_graph_interfaces/include/scene_graph_interfaces/scene_graph_interfaces/msg/detail/fun_object3_d_bounding_box__rosidl_typesupport_introspection_c.h
[2.050s] -- Installing: /home/dali/ros2_ws/install/scene_graph_interfaces/include/scene_graph_interfaces/scene_graph_interfaces/msg/detail/fun_object3_d_bounding_box_list__type_support.c
[2.051s] -- Installing: /home/dali/ros2_ws/install/scene_graph_interfaces/include/scene_graph_interfaces/scene_graph_interfaces/msg/detail/fun_object3_d_bounding_box__type_support.c
[2.051s] -- Up-to-date: /home/dali/ros2_ws/install/scene_graph_interfaces/lib/libscene_graph_interfaces__rosidl_typesupport_introspection_c.so
[2.051s] -- Up-to-date: /home/dali/ros2_ws/install/scene_graph_interfaces/lib/libscene_graph_interfaces__rosidl_typesupport_c.so
[2.051s] -- Up-to-date: /home/dali/ros2_ws/install/scene_graph_interfaces/include/scene_graph_interfaces/scene_graph_interfaces
[2.051s] -- Up-to-date: /home/dali/ros2_ws/install/scene_graph_interfaces/include/scene_graph_interfaces/scene_graph_interfaces/msg
[2.052s] -- Up-to-date: /home/dali/ros2_ws/install/scene_graph_interfaces/include/scene_graph_interfaces/scene_graph_interfaces/msg/rosidl_generator_cpp__visibility_control.hpp
[2.052s] -- Up-to-date: /home/dali/ros2_ws/install/scene_graph_interfaces/include/scene_graph_interfaces/scene_graph_interfaces/msg/fun_object3_d_bounding_box.hpp
[2.056s] -- Up-to-date: /home/dali/ros2_ws/install/scene_graph_interfaces/include/scene_graph_interfaces/scene_graph_interfaces/msg/fun_object3_d_bounding_box_list.hpp
[2.063s] -- Up-to-date: /home/dali/ros2_ws/install/scene_graph_interfaces/include/scene_graph_interfaces/scene_graph_interfaces/msg/detail
[2.065s] -- Up-to-date: /home/dali/ros2_ws/install/scene_graph_interfaces/include/scene_graph_interfaces/scene_graph_interfaces/msg/detail/fun_object3_d_bounding_box_list__builder.hpp
[2.065s] -- Up-to-date: /home/dali/ros2_ws/install/scene_graph_interfaces/include/scene_graph_interfaces/scene_graph_interfaces/msg/detail/fun_object3_d_bounding_box__type_support.hpp
[2.065s] -- Up-to-date: /home/dali/ros2_ws/install/scene_graph_interfaces/include/scene_graph_interfaces/scene_graph_interfaces/msg/detail/fun_object3_d_bounding_box_list__traits.hpp
[2.065s] -- Up-to-date: /home/dali/ros2_ws/install/scene_graph_interfaces/include/scene_graph_interfaces/scene_graph_interfaces/msg/detail/fun_object3_d_bounding_box__traits.hpp
[2.071s] -- Up-to-date: /home/dali/ros2_ws/install/scene_graph_interfaces/include/scene_graph_interfaces/scene_graph_interfaces/msg/detail/fun_object3_d_bounding_box_list__struct.hpp
[2.071s] -- Up-to-date: /home/dali/ros2_ws/install/scene_graph_interfaces/include/scene_graph_interfaces/scene_graph_interfaces/msg/detail/fun_object3_d_bounding_box__builder.hpp
[2.071s] -- Up-to-date: /home/dali/ros2_ws/install/scene_graph_interfaces/include/scene_graph_interfaces/scene_graph_interfaces/msg/detail/fun_object3_d_bounding_box__struct.hpp
[2.071s] -- Up-to-date: /home/dali/ros2_ws/install/scene_graph_interfaces/include/scene_graph_interfaces/scene_graph_interfaces/msg/detail/fun_object3_d_bounding_box_list__type_support.hpp
[2.071s] -- Up-to-date: /home/dali/ros2_ws/install/scene_graph_interfaces/include/scene_graph_interfaces/scene_graph_interfaces
[2.075s] -- Up-to-date: /home/dali/ros2_ws/install/scene_graph_interfaces/include/scene_graph_interfaces/scene_graph_interfaces/msg
[2.075s] -- Up-to-date: /home/dali/ros2_ws/install/scene_graph_interfaces/include/scene_graph_interfaces/scene_graph_interfaces/msg/rosidl_typesupport_fastrtps_cpp__visibility_control.h
[2.075s] -- Up-to-date: /home/dali/ros2_ws/install/scene_graph_interfaces/include/scene_graph_interfaces/scene_graph_interfaces/msg/detail
[2.075s] -- Up-to-date: /home/dali/ros2_ws/install/scene_graph_interfaces/include/scene_graph_interfaces/scene_graph_interfaces/msg/detail/fun_object3_d_bounding_box_list__rosidl_typesupport_fastrtps_cpp.hpp
[2.075s] -- Up-to-date: /home/dali/ros2_ws/install/scene_graph_interfaces/include/scene_graph_interfaces/scene_graph_interfaces/msg/detail/dds_fastrtps
[2.075s] -- Up-to-date: /home/dali/ros2_ws/install/scene_graph_interfaces/include/scene_graph_interfaces/scene_graph_interfaces/msg/detail/fun_object3_d_bounding_box__rosidl_typesupport_fastrtps_cpp.hpp
[2.075s] -- Up-to-date: /home/dali/ros2_ws/install/scene_graph_interfaces/lib/libscene_graph_interfaces__rosidl_typesupport_fastrtps_cpp.so
[2.076s] -- Up-to-date: /home/dali/ros2_ws/install/scene_graph_interfaces/include/scene_graph_interfaces/scene_graph_interfaces
[2.076s] -- Up-to-date: /home/dali/ros2_ws/install/scene_graph_interfaces/include/scene_graph_interfaces/scene_graph_interfaces/msg
[2.076s] -- Up-to-date: /home/dali/ros2_ws/install/scene_graph_interfaces/include/scene_graph_interfaces/scene_graph_interfaces/msg/detail
[2.076s] -- Up-to-date: /home/dali/ros2_ws/install/scene_graph_interfaces/include/scene_graph_interfaces/scene_graph_interfaces/msg/detail/fun_object3_d_bounding_box_list__rosidl_typesupport_introspection_cpp.hpp
[2.076s] -- Up-to-date: /home/dali/ros2_ws/install/scene_graph_interfaces/include/scene_graph_interfaces/scene_graph_interfaces/msg/detail/fun_object3_d_bounding_box__type_support.cpp
[2.076s] -- Up-to-date: /home/dali/ros2_ws/install/scene_graph_interfaces/include/scene_graph_interfaces/scene_graph_interfaces/msg/detail/fun_object3_d_bounding_box__rosidl_typesupport_introspection_cpp.hpp
[2.076s] -- Up-to-date: /home/dali/ros2_ws/install/scene_graph_interfaces/include/scene_graph_interfaces/scene_graph_interfaces/msg/detail/fun_object3_d_bounding_box_list__type_support.cpp
[2.076s] -- Up-to-date: /home/dali/ros2_ws/install/scene_graph_interfaces/lib/libscene_graph_interfaces__rosidl_typesupport_introspection_cpp.so
[2.076s] -- Up-to-date: /home/dali/ros2_ws/install/scene_graph_interfaces/lib/libscene_graph_interfaces__rosidl_typesupport_cpp.so
[2.076s] -- Up-to-date: /home/dali/ros2_ws/install/scene_graph_interfaces/share/scene_graph_interfaces/environment/pythonpath.sh
[2.076s] -- Up-to-date: /home/dali/ros2_ws/install/scene_graph_interfaces/share/scene_graph_interfaces/environment/pythonpath.dsv
[2.076s] -- Up-to-date: /home/dali/ros2_ws/install/scene_graph_interfaces/lib/python3.12/site-packages/scene_graph_interfaces-0.0.0-py3.12.egg-info
[2.076s] -- Installing: /home/dali/ros2_ws/install/scene_graph_interfaces/lib/python3.12/site-packages/scene_graph_interfaces-0.0.0-py3.12.egg-info/SOURCES.txt
[2.076s] -- Installing: /home/dali/ros2_ws/install/scene_graph_interfaces/lib/python3.12/site-packages/scene_graph_interfaces-0.0.0-py3.12.egg-info/top_level.txt
[2.076s] -- Installing: /home/dali/ros2_ws/install/scene_graph_interfaces/lib/python3.12/site-packages/scene_graph_interfaces-0.0.0-py3.12.egg-info/dependency_links.txt
[2.076s] -- Installing: /home/dali/ros2_ws/install/scene_graph_interfaces/lib/python3.12/site-packages/scene_graph_interfaces-0.0.0-py3.12.egg-info/PKG-INFO
[2.076s] -- Up-to-date: /home/dali/ros2_ws/install/scene_graph_interfaces/lib/python3.12/site-packages/scene_graph_interfaces
[2.076s] -- Up-to-date: /home/dali/ros2_ws/install/scene_graph_interfaces/lib/python3.12/site-packages/scene_graph_interfaces/__init__.py
[2.076s] -- Up-to-date: /home/dali/ros2_ws/install/scene_graph_interfaces/lib/python3.12/site-packages/scene_graph_interfaces/scene_graph_interfaces_s__rosidl_typesupport_fastrtps_c.so
[2.076s] -- Up-to-date: /home/dali/ros2_ws/install/scene_graph_interfaces/lib/python3.12/site-packages/scene_graph_interfaces/_scene_graph_interfaces_s.ep.rosidl_typesupport_fastrtps_c.c
[2.076s] -- Up-to-date: /home/dali/ros2_ws/install/scene_graph_interfaces/lib/python3.12/site-packages/scene_graph_interfaces/_scene_graph_interfaces_s.ep.rosidl_typesupport_c.c
[2.076s] -- Up-to-date: /home/dali/ros2_ws/install/scene_graph_interfaces/lib/python3.12/site-packages/scene_graph_interfaces/msg
[2.076s] -- Up-to-date: /home/dali/ros2_ws/install/scene_graph_interfaces/lib/python3.12/site-packages/scene_graph_interfaces/msg/_fun_object3_d_bounding_box_list_s.c
[2.076s] -- Up-to-date: /home/dali/ros2_ws/install/scene_graph_interfaces/lib/python3.12/site-packages/scene_graph_interfaces/msg/_fun_object3_d_bounding_box_list.py
[2.076s] -- Up-to-date: /home/dali/ros2_ws/install/scene_graph_interfaces/lib/python3.12/site-packages/scene_graph_interfaces/msg/__init__.py
[2.076s] -- Up-to-date: /home/dali/ros2_ws/install/scene_graph_interfaces/lib/python3.12/site-packages/scene_graph_interfaces/msg/_fun_object3_d_bounding_box_s.c
[2.076s] -- Up-to-date: /home/dali/ros2_ws/install/scene_graph_interfaces/lib/python3.12/site-packages/scene_graph_interfaces/msg/_fun_object3_d_bounding_box.py
[2.076s] -- Up-to-date: /home/dali/ros2_ws/install/scene_graph_interfaces/lib/python3.12/site-packages/scene_graph_interfaces/scene_graph_interfaces_s__rosidl_typesupport_introspection_c.so
[2.077s] -- Up-to-date: /home/dali/ros2_ws/install/scene_graph_interfaces/lib/python3.12/site-packages/scene_graph_interfaces/_scene_graph_interfaces_s.ep.rosidl_typesupport_introspection_c.c
[2.077s] -- Up-to-date: /home/dali/ros2_ws/install/scene_graph_interfaces/lib/python3.12/site-packages/scene_graph_interfaces/scene_graph_interfaces_s__rosidl_typesupport_c.so
[2.197s] Listing '/home/dali/ros2_ws/install/scene_graph_interfaces/lib/python3.12/site-packages/scene_graph_interfaces'...
[2.198s] Listing '/home/dali/ros2_ws/install/scene_graph_interfaces/lib/python3.12/site-packages/scene_graph_interfaces/msg'...
[2.219s] -- Up-to-date: /home/dali/ros2_ws/install/scene_graph_interfaces/lib/python3.12/site-packages/scene_graph_interfaces/scene_graph_interfaces_s__rosidl_typesupport_fastrtps_c.so
[2.219s] -- Up-to-date: /home/dali/ros2_ws/install/scene_graph_interfaces/lib/python3.12/site-packages/scene_graph_interfaces/scene_graph_interfaces_s__rosidl_typesupport_introspection_c.so
[2.220s] -- Up-to-date: /home/dali/ros2_ws/install/scene_graph_interfaces/lib/python3.12/site-packages/scene_graph_interfaces/scene_graph_interfaces_s__rosidl_typesupport_c.so
[2.220s] -- Up-to-date: /home/dali/ros2_ws/install/scene_graph_interfaces/lib/libscene_graph_interfaces__rosidl_generator_py.so
[2.220s] -- Up-to-date: /home/dali/ros2_ws/install/scene_graph_interfaces/share/scene_graph_interfaces/msg/FunObject3DBoundingBox.idl
[2.220s] -- Up-to-date: /home/dali/ros2_ws/install/scene_graph_interfaces/share/scene_graph_interfaces/msg/FunObject3DBoundingBoxList.idl
[2.220s] -- Up-to-date: /home/dali/ros2_ws/install/scene_graph_interfaces/share/scene_graph_interfaces/msg/FunObject3DBoundingBox.msg
[2.220s] -- Up-to-date: /home/dali/ros2_ws/install/scene_graph_interfaces/share/scene_graph_interfaces/msg/FunObject3DBoundingBoxList.msg
[2.224s] -- Up-to-date: /home/dali/ros2_ws/install/scene_graph_interfaces/share/ament_index/resource_index/package_run_dependencies/scene_graph_interfaces
[2.226s] -- Up-to-date: /home/dali/ros2_ws/install/scene_graph_interfaces/share/ament_index/resource_index/parent_prefix_path/scene_graph_interfaces
[2.227s] -- Up-to-date: /home/dali/ros2_ws/install/scene_graph_interfaces/share/scene_graph_interfaces/environment/ament_prefix_path.sh
[2.227s] -- Up-to-date: /home/dali/ros2_ws/install/scene_graph_interfaces/share/scene_graph_interfaces/environment/ament_prefix_path.dsv
[2.227s] -- Up-to-date: /home/dali/ros2_ws/install/scene_graph_interfaces/share/scene_graph_interfaces/environment/path.sh
[2.227s] -- Up-to-date: /home/dali/ros2_ws/install/scene_graph_interfaces/share/scene_graph_interfaces/environment/path.dsv
[2.228s] -- Up-to-date: /home/dali/ros2_ws/install/scene_graph_interfaces/share/scene_graph_interfaces/local_setup.bash
[2.229s] -- Up-to-date: /home/dali/ros2_ws/install/scene_graph_interfaces/share/scene_graph_interfaces/local_setup.sh
[2.230s] -- Up-to-date: /home/dali/ros2_ws/install/scene_graph_interfaces/share/scene_graph_interfaces/local_setup.zsh
[2.230s] -- Up-to-date: /home/dali/ros2_ws/install/scene_graph_interfaces/share/scene_graph_interfaces/local_setup.dsv
[2.230s] -- Installing: /home/dali/ros2_ws/install/scene_graph_interfaces/share/scene_graph_interfaces/package.dsv
[2.230s] -- Up-to-date: /home/dali/ros2_ws/install/scene_graph_interfaces/share/ament_index/resource_index/packages/scene_graph_interfaces
[2.231s] -- Up-to-date: /home/dali/ros2_ws/install/scene_graph_interfaces/share/scene_graph_interfaces/cmake/export_scene_graph_interfaces__rosidl_generator_cExport.cmake
[2.231s] -- Up-to-date: /home/dali/ros2_ws/install/scene_graph_interfaces/share/scene_graph_interfaces/cmake/export_scene_graph_interfaces__rosidl_generator_cExport-noconfig.cmake
[2.231s] -- Up-to-date: /home/dali/ros2_ws/install/scene_graph_interfaces/share/scene_graph_interfaces/cmake/export_scene_graph_interfaces__rosidl_typesupport_fastrtps_cExport.cmake
[2.231s] -- Up-to-date: /home/dali/ros2_ws/install/scene_graph_interfaces/share/scene_graph_interfaces/cmake/export_scene_graph_interfaces__rosidl_typesupport_fastrtps_cExport-noconfig.cmake
[2.231s] -- Up-to-date: /home/dali/ros2_ws/install/scene_graph_interfaces/share/scene_graph_interfaces/cmake/scene_graph_interfaces__rosidl_typesupport_introspection_cExport.cmake
[2.231s] -- Up-to-date: /home/dali/ros2_ws/install/scene_graph_interfaces/share/scene_graph_interfaces/cmake/scene_graph_interfaces__rosidl_typesupport_introspection_cExport-noconfig.cmake
[2.232s] -- Up-to-date: /home/dali/ros2_ws/install/scene_graph_interfaces/share/scene_graph_interfaces/cmake/scene_graph_interfaces__rosidl_typesupport_cExport.cmake
[2.232s] -- Up-to-date: /home/dali/ros2_ws/install/scene_graph_interfaces/share/scene_graph_interfaces/cmake/scene_graph_interfaces__rosidl_typesupport_cExport-noconfig.cmake
[2.232s] -- Up-to-date: /home/dali/ros2_ws/install/scene_graph_interfaces/share/scene_graph_interfaces/cmake/export_scene_graph_interfaces__rosidl_generator_cppExport.cmake
[2.232s] -- Up-to-date: /home/dali/ros2_ws/install/scene_graph_interfaces/share/scene_graph_interfaces/cmake/export_scene_graph_interfaces__rosidl_typesupport_fastrtps_cppExport.cmake
[2.232s] -- Up-to-date: /home/dali/ros2_ws/install/scene_graph_interfaces/share/scene_graph_interfaces/cmake/export_scene_graph_interfaces__rosidl_typesupport_fastrtps_cppExport-noconfig.cmake
[2.232s] -- Up-to-date: /home/dali/ros2_ws/install/scene_graph_interfaces/share/scene_graph_interfaces/cmake/scene_graph_interfaces__rosidl_typesupport_introspection_cppExport.cmake
[2.232s] -- Up-to-date: /home/dali/ros2_ws/install/scene_graph_interfaces/share/scene_graph_interfaces/cmake/scene_graph_interfaces__rosidl_typesupport_introspection_cppExport-noconfig.cmake
[2.232s] -- Up-to-date: /home/dali/ros2_ws/install/scene_graph_interfaces/share/scene_graph_interfaces/cmake/scene_graph_interfaces__rosidl_typesupport_cppExport.cmake
[2.232s] -- Up-to-date: /home/dali/ros2_ws/install/scene_graph_interfaces/share/scene_graph_interfaces/cmake/scene_graph_interfaces__rosidl_typesupport_cppExport-noconfig.cmake
[2.233s] -- Up-to-date: /home/dali/ros2_ws/install/scene_graph_interfaces/share/scene_graph_interfaces/cmake/export_scene_graph_interfaces__rosidl_generator_pyExport.cmake
[2.233s] -- Up-to-date: /home/dali/ros2_ws/install/scene_graph_interfaces/share/scene_graph_interfaces/cmake/export_scene_graph_interfaces__rosidl_generator_pyExport-noconfig.cmake
[2.233s] -- Up-to-date: /home/dali/ros2_ws/install/scene_graph_interfaces/share/scene_graph_interfaces/cmake/rosidl_cmake-extras.cmake
[2.233s] -- Up-to-date: /home/dali/ros2_ws/install/scene_graph_interfaces/share/scene_graph_interfaces/cmake/ament_cmake_export_dependencies-extras.cmake
[2.233s] -- Up-to-date: /home/dali/ros2_ws/install/scene_graph_interfaces/share/scene_graph_interfaces/cmake/ament_cmake_export_include_directories-extras.cmake
[2.233s] -- Up-to-date: /home/dali/ros2_ws/install/scene_graph_interfaces/share/scene_graph_interfaces/cmake/ament_cmake_export_libraries-extras.cmake
[2.233s] -- Up-to-date: /home/dali/ros2_ws/install/scene_graph_interfaces/share/scene_graph_interfaces/cmake/ament_cmake_export_targets-extras.cmake
[2.233s] -- Up-to-date: /home/dali/ros2_ws/install/scene_graph_interfaces/share/scene_graph_interfaces/cmake/rosidl_cmake_export_typesupport_targets-extras.cmake
[2.236s] -- Up-to-date: /home/dali/ros2_ws/install/scene_graph_interfaces/share/scene_graph_interfaces/cmake/rosidl_cmake_export_typesupport_libraries-extras.cmake
[2.237s] -- Up-to-date: /home/dali/ros2_ws/install/scene_graph_interfaces/share/scene_graph_interfaces/cmake/scene_graph_interfacesConfig.cmake
[2.237s] -- Up-to-date: /home/dali/ros2_ws/install/scene_graph_interfaces/share/scene_graph_interfaces/cmake/scene_graph_interfacesConfig-version.cmake
[2.237s] -- Up-to-date: /home/dali/ros2_ws/install/scene_graph_interfaces/share/scene_graph_interfaces/package.xml
[2.261s] Invoked command in '/home/dali/ros2_ws/build/scene_graph_interfaces' returned '0': CMAKE_PREFIX_PATH=${CMAKE_PREFIX_PATH}:/opt/ros/jazzy DEBUGINFOD_URLS=https://debuginfod.ubuntu.com /usr/bin/cmake --install /home/dali/ros2_ws/build/scene_graph_interfaces
