-- Install configuration: ""
-- Up-to-date: /home/dali/ros2_ws/install/piper_description/share/piper_description//config
-- Up-to-date: /home/dali/ros2_ws/install/piper_description/share/piper_description//config/mock_controllers.yaml
-- Up-to-date: /home/dali/ros2_ws/install/piper_description/share/piper_description//config/initial_positions.yaml
-- Up-to-date: /home/dali/ros2_ws/install/piper_description/share/piper_description//config/gz_controllers.yaml
-- Up-to-date: /home/dali/ros2_ws/install/piper_description/share/piper_description//launch
-- Up-to-date: /home/dali/ros2_ws/install/piper_description/share/piper_description//launch/view_urdf.launch.xml
-- Up-to-date: /home/dali/ros2_ws/install/piper_description/share/piper_description//meshes
-- Up-to-date: /home/dali/ros2_ws/install/piper_description/share/piper_description//meshes/right_finger.dae
-- Up-to-date: /home/dali/ros2_ws/install/piper_description/share/piper_description//meshes/gripper_base_link.dae
-- Up-to-date: /home/dali/ros2_ws/install/piper_description/share/piper_description//meshes/link5.dae
-- Up-to-date: /home/dali/ros2_ws/install/piper_description/share/piper_description//meshes/link2.dae
-- Up-to-date: /home/dali/ros2_ws/install/piper_description/share/piper_description//meshes/link3.dae
-- Up-to-date: /home/dali/ros2_ws/install/piper_description/share/piper_description//meshes/left_finger.dae
-- Up-to-date: /home/dali/ros2_ws/install/piper_description/share/piper_description//meshes/link4.dae
-- Up-to-date: /home/dali/ros2_ws/install/piper_description/share/piper_description//meshes/base_link.dae
-- Up-to-date: /home/dali/ros2_ws/install/piper_description/share/piper_description//meshes/link1.dae
-- Up-to-date: /home/dali/ros2_ws/install/piper_description/share/piper_description//meshes/MESH_LICENSE
-- Up-to-date: /home/dali/ros2_ws/install/piper_description/share/piper_description//urdf
-- Up-to-date: /home/dali/ros2_ws/install/piper_description/share/piper_description//urdf/piper_gripper_macro.xacro
-- Up-to-date: /home/dali/ros2_ws/install/piper_description/share/piper_description//urdf/piper_arm_macro.xacro
-- Up-to-date: /home/dali/ros2_ws/install/piper_description/share/piper_description//urdf/piper.ros2_control.xacro
-- Up-to-date: /home/dali/ros2_ws/install/piper_description/share/piper_description//urdf/piper.gazebo.xacro
-- Up-to-date: /home/dali/ros2_ws/install/piper_description/share/piper_description//urdf/piper_macro.xacro
-- Up-to-date: /home/dali/ros2_ws/install/piper_description/share/piper_description//urdf/piper.urdf.xacro
-- Up-to-date: /home/dali/ros2_ws/install/piper_description/share/piper_description//rviz
-- Up-to-date: /home/dali/ros2_ws/install/piper_description/share/piper_description//rviz/robot_urdf.rviz
-- Up-to-date: /home/dali/ros2_ws/install/piper_description/share/ament_index/resource_index/package_run_dependencies/piper_description
-- Up-to-date: /home/dali/ros2_ws/install/piper_description/share/ament_index/resource_index/parent_prefix_path/piper_description
-- Up-to-date: /home/dali/ros2_ws/install/piper_description/share/piper_description/environment/ament_prefix_path.sh
-- Up-to-date: /home/dali/ros2_ws/install/piper_description/share/piper_description/environment/ament_prefix_path.dsv
-- Up-to-date: /home/dali/ros2_ws/install/piper_description/share/piper_description/environment/path.sh
-- Up-to-date: /home/dali/ros2_ws/install/piper_description/share/piper_description/environment/path.dsv
-- Up-to-date: /home/dali/ros2_ws/install/piper_description/share/piper_description/local_setup.bash
-- Up-to-date: /home/dali/ros2_ws/install/piper_description/share/piper_description/local_setup.sh
-- Up-to-date: /home/dali/ros2_ws/install/piper_description/share/piper_description/local_setup.zsh
-- Up-to-date: /home/dali/ros2_ws/install/piper_description/share/piper_description/local_setup.dsv
-- Installing: /home/dali/ros2_ws/install/piper_description/share/piper_description/package.dsv
-- Up-to-date: /home/dali/ros2_ws/install/piper_description/share/ament_index/resource_index/packages/piper_description
-- Up-to-date: /home/dali/ros2_ws/install/piper_description/share/piper_description/cmake/piper_descriptionConfig.cmake
-- Up-to-date: /home/dali/ros2_ws/install/piper_description/share/piper_description/cmake/piper_descriptionConfig-version.cmake
-- Up-to-date: /home/dali/ros2_ws/install/piper_description/share/piper_description/package.xml
