[  2%] Built target scene_graph_interfaces__rosidl_generator_type_description
[  2%] Built target ament_cmake_python_copy_scene_graph_interfaces
[ 20%] Built target scene_graph_interfaces__rosidl_generator_c
running egg_info
writing scene_graph_interfaces.egg-info/PKG-INFO
writing dependency_links to scene_graph_interfaces.egg-info/dependency_links.txt
writing top-level names to scene_graph_interfaces.egg-info/top_level.txt
reading manifest file 'scene_graph_interfaces.egg-info/SOURCES.txt'
writing manifest file 'scene_graph_interfaces.egg-info/SOURCES.txt'
[ 20%] Built target ament_cmake_python_build_scene_graph_interfaces_egg
[ 29%] Built target scene_graph_interfaces__rosidl_typesupport_introspection_c
[ 38%] Built target scene_graph_interfaces__rosidl_typesupport_c
[ 47%] Built target scene_graph_interfaces__rosidl_typesupport_fastrtps_c
[ 50%] Built target scene_graph_interfaces__cpp
[ 59%] Built target scene_graph_interfaces__rosidl_typesupport_introspection_cpp
[ 68%] Built target scene_graph_interfaces__rosidl_typesupport_fastrtps_cpp
[ 77%] Built target scene_graph_interfaces__rosidl_typesupport_cpp
[ 77%] Built target scene_graph_interfaces
[ 79%] Built target scene_graph_interfaces__py
[ 86%] Built target scene_graph_interfaces__rosidl_generator_py
[ 90%] Built target scene_graph_interfaces_s__rosidl_typesupport_fastrtps_c
[ 95%] Built target scene_graph_interfaces_s__rosidl_typesupport_c
[100%] Built target scene_graph_interfaces_s__rosidl_typesupport_introspection_c
-- Install configuration: ""
-- Up-to-date: /home/dali/ros2_ws/install/scene_graph_interfaces/share/ament_index/resource_index/rosidl_interfaces/scene_graph_interfaces
-- Up-to-date: /home/dali/ros2_ws/install/scene_graph_interfaces/share/scene_graph_interfaces/msg/FunObject3DBoundingBox.json
-- Up-to-date: /home/dali/ros2_ws/install/scene_graph_interfaces/share/scene_graph_interfaces/msg/FunObject3DBoundingBoxList.json
-- Up-to-date: /home/dali/ros2_ws/install/scene_graph_interfaces/include/scene_graph_interfaces/scene_graph_interfaces
-- Up-to-date: /home/dali/ros2_ws/install/scene_graph_interfaces/include/scene_graph_interfaces/scene_graph_interfaces/msg
-- Up-to-date: /home/dali/ros2_ws/install/scene_graph_interfaces/include/scene_graph_interfaces/scene_graph_interfaces/msg/rosidl_generator_c__visibility_control.h
-- Up-to-date: /home/dali/ros2_ws/install/scene_graph_interfaces/include/scene_graph_interfaces/scene_graph_interfaces/msg/fun_object3_d_bounding_box.h
-- Up-to-date: /home/dali/ros2_ws/install/scene_graph_interfaces/include/scene_graph_interfaces/scene_graph_interfaces/msg/fun_object3_d_bounding_box_list.h
-- Up-to-date: /home/dali/ros2_ws/install/scene_graph_interfaces/include/scene_graph_interfaces/scene_graph_interfaces/msg/detail
-- Up-to-date: /home/dali/ros2_ws/install/scene_graph_interfaces/include/scene_graph_interfaces/scene_graph_interfaces/msg/detail/fun_object3_d_bounding_box_list__description.c
-- Up-to-date: /home/dali/ros2_ws/install/scene_graph_interfaces/include/scene_graph_interfaces/scene_graph_interfaces/msg/detail/fun_object3_d_bounding_box_list__functions.h
-- Up-to-date: /home/dali/ros2_ws/install/scene_graph_interfaces/include/scene_graph_interfaces/scene_graph_interfaces/msg/detail/fun_object3_d_bounding_box_list__functions.c
-- Up-to-date: /home/dali/ros2_ws/install/scene_graph_interfaces/include/scene_graph_interfaces/scene_graph_interfaces/msg/detail/fun_object3_d_bounding_box_list__struct.h
-- Up-to-date: /home/dali/ros2_ws/install/scene_graph_interfaces/include/scene_graph_interfaces/scene_graph_interfaces/msg/detail/fun_object3_d_bounding_box__functions.c
-- Installing: /home/dali/ros2_ws/install/scene_graph_interfaces/include/scene_graph_interfaces/scene_graph_interfaces/msg/detail/fun_object3_d_bounding_box_list__type_support.c
-- Up-to-date: /home/dali/ros2_ws/install/scene_graph_interfaces/include/scene_graph_interfaces/scene_graph_interfaces/msg/detail/fun_object3_d_bounding_box__struct.h
-- Installing: /home/dali/ros2_ws/install/scene_graph_interfaces/include/scene_graph_interfaces/scene_graph_interfaces/msg/detail/fun_object3_d_bounding_box__type_support.c
-- Up-to-date: /home/dali/ros2_ws/install/scene_graph_interfaces/include/scene_graph_interfaces/scene_graph_interfaces/msg/detail/fun_object3_d_bounding_box__description.c
-- Up-to-date: /home/dali/ros2_ws/install/scene_graph_interfaces/include/scene_graph_interfaces/scene_graph_interfaces/msg/detail/fun_object3_d_bounding_box__type_support.h
-- Up-to-date: /home/dali/ros2_ws/install/scene_graph_interfaces/include/scene_graph_interfaces/scene_graph_interfaces/msg/detail/fun_object3_d_bounding_box_list__type_support.h
-- Up-to-date: /home/dali/ros2_ws/install/scene_graph_interfaces/include/scene_graph_interfaces/scene_graph_interfaces/msg/detail/fun_object3_d_bounding_box__functions.h
-- Up-to-date: /home/dali/ros2_ws/install/scene_graph_interfaces/share/scene_graph_interfaces/environment/library_path.sh
-- Up-to-date: /home/dali/ros2_ws/install/scene_graph_interfaces/share/scene_graph_interfaces/environment/library_path.dsv
-- Up-to-date: /home/dali/ros2_ws/install/scene_graph_interfaces/lib/libscene_graph_interfaces__rosidl_generator_c.so
-- Up-to-date: /home/dali/ros2_ws/install/scene_graph_interfaces/include/scene_graph_interfaces/scene_graph_interfaces
-- Up-to-date: /home/dali/ros2_ws/install/scene_graph_interfaces/include/scene_graph_interfaces/scene_graph_interfaces/msg
-- Up-to-date: /home/dali/ros2_ws/install/scene_graph_interfaces/include/scene_graph_interfaces/scene_graph_interfaces/msg/rosidl_typesupport_fastrtps_c__visibility_control.h
-- Up-to-date: /home/dali/ros2_ws/install/scene_graph_interfaces/include/scene_graph_interfaces/scene_graph_interfaces/msg/detail
-- Up-to-date: /home/dali/ros2_ws/install/scene_graph_interfaces/include/scene_graph_interfaces/scene_graph_interfaces/msg/detail/fun_object3_d_bounding_box_list__rosidl_typesupport_fastrtps_c.h
-- Up-to-date: /home/dali/ros2_ws/install/scene_graph_interfaces/include/scene_graph_interfaces/scene_graph_interfaces/msg/detail/fun_object3_d_bounding_box__rosidl_typesupport_fastrtps_c.h
-- Up-to-date: /home/dali/ros2_ws/install/scene_graph_interfaces/lib/libscene_graph_interfaces__rosidl_typesupport_fastrtps_c.so
-- Up-to-date: /home/dali/ros2_ws/install/scene_graph_interfaces/include/scene_graph_interfaces/scene_graph_interfaces
-- Up-to-date: /home/dali/ros2_ws/install/scene_graph_interfaces/include/scene_graph_interfaces/scene_graph_interfaces/msg
-- Up-to-date: /home/dali/ros2_ws/install/scene_graph_interfaces/include/scene_graph_interfaces/scene_graph_interfaces/msg/rosidl_typesupport_introspection_c__visibility_control.h
-- Up-to-date: /home/dali/ros2_ws/install/scene_graph_interfaces/include/scene_graph_interfaces/scene_graph_interfaces/msg/detail
-- Up-to-date: /home/dali/ros2_ws/install/scene_graph_interfaces/include/scene_graph_interfaces/scene_graph_interfaces/msg/detail/fun_object3_d_bounding_box_list__rosidl_typesupport_introspection_c.h
-- Up-to-date: /home/dali/ros2_ws/install/scene_graph_interfaces/include/scene_graph_interfaces/scene_graph_interfaces/msg/detail/fun_object3_d_bounding_box__rosidl_typesupport_introspection_c.h
-- Installing: /home/dali/ros2_ws/install/scene_graph_interfaces/include/scene_graph_interfaces/scene_graph_interfaces/msg/detail/fun_object3_d_bounding_box_list__type_support.c
-- Installing: /home/dali/ros2_ws/install/scene_graph_interfaces/include/scene_graph_interfaces/scene_graph_interfaces/msg/detail/fun_object3_d_bounding_box__type_support.c
-- Up-to-date: /home/dali/ros2_ws/install/scene_graph_interfaces/lib/libscene_graph_interfaces__rosidl_typesupport_introspection_c.so
-- Up-to-date: /home/dali/ros2_ws/install/scene_graph_interfaces/lib/libscene_graph_interfaces__rosidl_typesupport_c.so
-- Up-to-date: /home/dali/ros2_ws/install/scene_graph_interfaces/include/scene_graph_interfaces/scene_graph_interfaces
-- Up-to-date: /home/dali/ros2_ws/install/scene_graph_interfaces/include/scene_graph_interfaces/scene_graph_interfaces/msg
-- Up-to-date: /home/dali/ros2_ws/install/scene_graph_interfaces/include/scene_graph_interfaces/scene_graph_interfaces/msg/rosidl_generator_cpp__visibility_control.hpp
-- Up-to-date: /home/dali/ros2_ws/install/scene_graph_interfaces/include/scene_graph_interfaces/scene_graph_interfaces/msg/fun_object3_d_bounding_box.hpp
-- Up-to-date: /home/dali/ros2_ws/install/scene_graph_interfaces/include/scene_graph_interfaces/scene_graph_interfaces/msg/fun_object3_d_bounding_box_list.hpp
-- Up-to-date: /home/dali/ros2_ws/install/scene_graph_interfaces/include/scene_graph_interfaces/scene_graph_interfaces/msg/detail
-- Up-to-date: /home/dali/ros2_ws/install/scene_graph_interfaces/include/scene_graph_interfaces/scene_graph_interfaces/msg/detail/fun_object3_d_bounding_box_list__builder.hpp
-- Up-to-date: /home/dali/ros2_ws/install/scene_graph_interfaces/include/scene_graph_interfaces/scene_graph_interfaces/msg/detail/fun_object3_d_bounding_box__type_support.hpp
-- Up-to-date: /home/dali/ros2_ws/install/scene_graph_interfaces/include/scene_graph_interfaces/scene_graph_interfaces/msg/detail/fun_object3_d_bounding_box_list__traits.hpp
-- Up-to-date: /home/dali/ros2_ws/install/scene_graph_interfaces/include/scene_graph_interfaces/scene_graph_interfaces/msg/detail/fun_object3_d_bounding_box__traits.hpp
-- Up-to-date: /home/dali/ros2_ws/install/scene_graph_interfaces/include/scene_graph_interfaces/scene_graph_interfaces/msg/detail/fun_object3_d_bounding_box_list__struct.hpp
-- Up-to-date: /home/dali/ros2_ws/install/scene_graph_interfaces/include/scene_graph_interfaces/scene_graph_interfaces/msg/detail/fun_object3_d_bounding_box__builder.hpp
-- Up-to-date: /home/dali/ros2_ws/install/scene_graph_interfaces/include/scene_graph_interfaces/scene_graph_interfaces/msg/detail/fun_object3_d_bounding_box__struct.hpp
-- Up-to-date: /home/dali/ros2_ws/install/scene_graph_interfaces/include/scene_graph_interfaces/scene_graph_interfaces/msg/detail/fun_object3_d_bounding_box_list__type_support.hpp
-- Up-to-date: /home/dali/ros2_ws/install/scene_graph_interfaces/include/scene_graph_interfaces/scene_graph_interfaces
-- Up-to-date: /home/dali/ros2_ws/install/scene_graph_interfaces/include/scene_graph_interfaces/scene_graph_interfaces/msg
-- Up-to-date: /home/dali/ros2_ws/install/scene_graph_interfaces/include/scene_graph_interfaces/scene_graph_interfaces/msg/rosidl_typesupport_fastrtps_cpp__visibility_control.h
-- Up-to-date: /home/dali/ros2_ws/install/scene_graph_interfaces/include/scene_graph_interfaces/scene_graph_interfaces/msg/detail
-- Up-to-date: /home/dali/ros2_ws/install/scene_graph_interfaces/include/scene_graph_interfaces/scene_graph_interfaces/msg/detail/fun_object3_d_bounding_box_list__rosidl_typesupport_fastrtps_cpp.hpp
-- Up-to-date: /home/dali/ros2_ws/install/scene_graph_interfaces/include/scene_graph_interfaces/scene_graph_interfaces/msg/detail/dds_fastrtps
-- Up-to-date: /home/dali/ros2_ws/install/scene_graph_interfaces/include/scene_graph_interfaces/scene_graph_interfaces/msg/detail/fun_object3_d_bounding_box__rosidl_typesupport_fastrtps_cpp.hpp
-- Up-to-date: /home/dali/ros2_ws/install/scene_graph_interfaces/lib/libscene_graph_interfaces__rosidl_typesupport_fastrtps_cpp.so
-- Up-to-date: /home/dali/ros2_ws/install/scene_graph_interfaces/include/scene_graph_interfaces/scene_graph_interfaces
-- Up-to-date: /home/dali/ros2_ws/install/scene_graph_interfaces/include/scene_graph_interfaces/scene_graph_interfaces/msg
-- Up-to-date: /home/dali/ros2_ws/install/scene_graph_interfaces/include/scene_graph_interfaces/scene_graph_interfaces/msg/detail
-- Up-to-date: /home/dali/ros2_ws/install/scene_graph_interfaces/include/scene_graph_interfaces/scene_graph_interfaces/msg/detail/fun_object3_d_bounding_box_list__rosidl_typesupport_introspection_cpp.hpp
-- Up-to-date: /home/dali/ros2_ws/install/scene_graph_interfaces/include/scene_graph_interfaces/scene_graph_interfaces/msg/detail/fun_object3_d_bounding_box__type_support.cpp
-- Up-to-date: /home/dali/ros2_ws/install/scene_graph_interfaces/include/scene_graph_interfaces/scene_graph_interfaces/msg/detail/fun_object3_d_bounding_box__rosidl_typesupport_introspection_cpp.hpp
-- Up-to-date: /home/dali/ros2_ws/install/scene_graph_interfaces/include/scene_graph_interfaces/scene_graph_interfaces/msg/detail/fun_object3_d_bounding_box_list__type_support.cpp
-- Up-to-date: /home/dali/ros2_ws/install/scene_graph_interfaces/lib/libscene_graph_interfaces__rosidl_typesupport_introspection_cpp.so
-- Up-to-date: /home/dali/ros2_ws/install/scene_graph_interfaces/lib/libscene_graph_interfaces__rosidl_typesupport_cpp.so
-- Up-to-date: /home/dali/ros2_ws/install/scene_graph_interfaces/share/scene_graph_interfaces/environment/pythonpath.sh
-- Up-to-date: /home/dali/ros2_ws/install/scene_graph_interfaces/share/scene_graph_interfaces/environment/pythonpath.dsv
-- Up-to-date: /home/dali/ros2_ws/install/scene_graph_interfaces/lib/python3.12/site-packages/scene_graph_interfaces-0.0.0-py3.12.egg-info
-- Installing: /home/dali/ros2_ws/install/scene_graph_interfaces/lib/python3.12/site-packages/scene_graph_interfaces-0.0.0-py3.12.egg-info/SOURCES.txt
-- Installing: /home/dali/ros2_ws/install/scene_graph_interfaces/lib/python3.12/site-packages/scene_graph_interfaces-0.0.0-py3.12.egg-info/top_level.txt
-- Installing: /home/dali/ros2_ws/install/scene_graph_interfaces/lib/python3.12/site-packages/scene_graph_interfaces-0.0.0-py3.12.egg-info/dependency_links.txt
-- Installing: /home/dali/ros2_ws/install/scene_graph_interfaces/lib/python3.12/site-packages/scene_graph_interfaces-0.0.0-py3.12.egg-info/PKG-INFO
-- Up-to-date: /home/dali/ros2_ws/install/scene_graph_interfaces/lib/python3.12/site-packages/scene_graph_interfaces
-- Up-to-date: /home/dali/ros2_ws/install/scene_graph_interfaces/lib/python3.12/site-packages/scene_graph_interfaces/__init__.py
-- Up-to-date: /home/dali/ros2_ws/install/scene_graph_interfaces/lib/python3.12/site-packages/scene_graph_interfaces/scene_graph_interfaces_s__rosidl_typesupport_fastrtps_c.so
-- Up-to-date: /home/dali/ros2_ws/install/scene_graph_interfaces/lib/python3.12/site-packages/scene_graph_interfaces/_scene_graph_interfaces_s.ep.rosidl_typesupport_fastrtps_c.c
-- Up-to-date: /home/dali/ros2_ws/install/scene_graph_interfaces/lib/python3.12/site-packages/scene_graph_interfaces/_scene_graph_interfaces_s.ep.rosidl_typesupport_c.c
-- Up-to-date: /home/dali/ros2_ws/install/scene_graph_interfaces/lib/python3.12/site-packages/scene_graph_interfaces/msg
-- Up-to-date: /home/dali/ros2_ws/install/scene_graph_interfaces/lib/python3.12/site-packages/scene_graph_interfaces/msg/_fun_object3_d_bounding_box_list_s.c
-- Up-to-date: /home/dali/ros2_ws/install/scene_graph_interfaces/lib/python3.12/site-packages/scene_graph_interfaces/msg/_fun_object3_d_bounding_box_list.py
-- Up-to-date: /home/dali/ros2_ws/install/scene_graph_interfaces/lib/python3.12/site-packages/scene_graph_interfaces/msg/__init__.py
-- Up-to-date: /home/dali/ros2_ws/install/scene_graph_interfaces/lib/python3.12/site-packages/scene_graph_interfaces/msg/_fun_object3_d_bounding_box_s.c
-- Up-to-date: /home/dali/ros2_ws/install/scene_graph_interfaces/lib/python3.12/site-packages/scene_graph_interfaces/msg/_fun_object3_d_bounding_box.py
-- Up-to-date: /home/dali/ros2_ws/install/scene_graph_interfaces/lib/python3.12/site-packages/scene_graph_interfaces/scene_graph_interfaces_s__rosidl_typesupport_introspection_c.so
-- Up-to-date: /home/dali/ros2_ws/install/scene_graph_interfaces/lib/python3.12/site-packages/scene_graph_interfaces/_scene_graph_interfaces_s.ep.rosidl_typesupport_introspection_c.c
-- Up-to-date: /home/dali/ros2_ws/install/scene_graph_interfaces/lib/python3.12/site-packages/scene_graph_interfaces/scene_graph_interfaces_s__rosidl_typesupport_c.so
Listing '/home/dali/ros2_ws/install/scene_graph_interfaces/lib/python3.12/site-packages/scene_graph_interfaces'...
Listing '/home/dali/ros2_ws/install/scene_graph_interfaces/lib/python3.12/site-packages/scene_graph_interfaces/msg'...
-- Up-to-date: /home/dali/ros2_ws/install/scene_graph_interfaces/lib/python3.12/site-packages/scene_graph_interfaces/scene_graph_interfaces_s__rosidl_typesupport_fastrtps_c.so
-- Up-to-date: /home/dali/ros2_ws/install/scene_graph_interfaces/lib/python3.12/site-packages/scene_graph_interfaces/scene_graph_interfaces_s__rosidl_typesupport_introspection_c.so
-- Up-to-date: /home/dali/ros2_ws/install/scene_graph_interfaces/lib/python3.12/site-packages/scene_graph_interfaces/scene_graph_interfaces_s__rosidl_typesupport_c.so
-- Up-to-date: /home/dali/ros2_ws/install/scene_graph_interfaces/lib/libscene_graph_interfaces__rosidl_generator_py.so
-- Up-to-date: /home/dali/ros2_ws/install/scene_graph_interfaces/share/scene_graph_interfaces/msg/FunObject3DBoundingBox.idl
-- Up-to-date: /home/dali/ros2_ws/install/scene_graph_interfaces/share/scene_graph_interfaces/msg/FunObject3DBoundingBoxList.idl
-- Up-to-date: /home/dali/ros2_ws/install/scene_graph_interfaces/share/scene_graph_interfaces/msg/FunObject3DBoundingBox.msg
-- Up-to-date: /home/dali/ros2_ws/install/scene_graph_interfaces/share/scene_graph_interfaces/msg/FunObject3DBoundingBoxList.msg
-- Up-to-date: /home/dali/ros2_ws/install/scene_graph_interfaces/share/ament_index/resource_index/package_run_dependencies/scene_graph_interfaces
-- Up-to-date: /home/dali/ros2_ws/install/scene_graph_interfaces/share/ament_index/resource_index/parent_prefix_path/scene_graph_interfaces
-- Up-to-date: /home/dali/ros2_ws/install/scene_graph_interfaces/share/scene_graph_interfaces/environment/ament_prefix_path.sh
-- Up-to-date: /home/dali/ros2_ws/install/scene_graph_interfaces/share/scene_graph_interfaces/environment/ament_prefix_path.dsv
-- Up-to-date: /home/dali/ros2_ws/install/scene_graph_interfaces/share/scene_graph_interfaces/environment/path.sh
-- Up-to-date: /home/dali/ros2_ws/install/scene_graph_interfaces/share/scene_graph_interfaces/environment/path.dsv
-- Up-to-date: /home/dali/ros2_ws/install/scene_graph_interfaces/share/scene_graph_interfaces/local_setup.bash
-- Up-to-date: /home/dali/ros2_ws/install/scene_graph_interfaces/share/scene_graph_interfaces/local_setup.sh
-- Up-to-date: /home/dali/ros2_ws/install/scene_graph_interfaces/share/scene_graph_interfaces/local_setup.zsh
-- Up-to-date: /home/dali/ros2_ws/install/scene_graph_interfaces/share/scene_graph_interfaces/local_setup.dsv
-- Installing: /home/dali/ros2_ws/install/scene_graph_interfaces/share/scene_graph_interfaces/package.dsv
-- Up-to-date: /home/dali/ros2_ws/install/scene_graph_interfaces/share/ament_index/resource_index/packages/scene_graph_interfaces
-- Up-to-date: /home/dali/ros2_ws/install/scene_graph_interfaces/share/scene_graph_interfaces/cmake/export_scene_graph_interfaces__rosidl_generator_cExport.cmake
-- Up-to-date: /home/dali/ros2_ws/install/scene_graph_interfaces/share/scene_graph_interfaces/cmake/export_scene_graph_interfaces__rosidl_generator_cExport-noconfig.cmake
-- Up-to-date: /home/dali/ros2_ws/install/scene_graph_interfaces/share/scene_graph_interfaces/cmake/export_scene_graph_interfaces__rosidl_typesupport_fastrtps_cExport.cmake
-- Up-to-date: /home/dali/ros2_ws/install/scene_graph_interfaces/share/scene_graph_interfaces/cmake/export_scene_graph_interfaces__rosidl_typesupport_fastrtps_cExport-noconfig.cmake
-- Up-to-date: /home/dali/ros2_ws/install/scene_graph_interfaces/share/scene_graph_interfaces/cmake/scene_graph_interfaces__rosidl_typesupport_introspection_cExport.cmake
-- Up-to-date: /home/dali/ros2_ws/install/scene_graph_interfaces/share/scene_graph_interfaces/cmake/scene_graph_interfaces__rosidl_typesupport_introspection_cExport-noconfig.cmake
-- Up-to-date: /home/dali/ros2_ws/install/scene_graph_interfaces/share/scene_graph_interfaces/cmake/scene_graph_interfaces__rosidl_typesupport_cExport.cmake
-- Up-to-date: /home/dali/ros2_ws/install/scene_graph_interfaces/share/scene_graph_interfaces/cmake/scene_graph_interfaces__rosidl_typesupport_cExport-noconfig.cmake
-- Up-to-date: /home/dali/ros2_ws/install/scene_graph_interfaces/share/scene_graph_interfaces/cmake/export_scene_graph_interfaces__rosidl_generator_cppExport.cmake
-- Up-to-date: /home/dali/ros2_ws/install/scene_graph_interfaces/share/scene_graph_interfaces/cmake/export_scene_graph_interfaces__rosidl_typesupport_fastrtps_cppExport.cmake
-- Up-to-date: /home/dali/ros2_ws/install/scene_graph_interfaces/share/scene_graph_interfaces/cmake/export_scene_graph_interfaces__rosidl_typesupport_fastrtps_cppExport-noconfig.cmake
-- Up-to-date: /home/dali/ros2_ws/install/scene_graph_interfaces/share/scene_graph_interfaces/cmake/scene_graph_interfaces__rosidl_typesupport_introspection_cppExport.cmake
-- Up-to-date: /home/dali/ros2_ws/install/scene_graph_interfaces/share/scene_graph_interfaces/cmake/scene_graph_interfaces__rosidl_typesupport_introspection_cppExport-noconfig.cmake
-- Up-to-date: /home/dali/ros2_ws/install/scene_graph_interfaces/share/scene_graph_interfaces/cmake/scene_graph_interfaces__rosidl_typesupport_cppExport.cmake
-- Up-to-date: /home/dali/ros2_ws/install/scene_graph_interfaces/share/scene_graph_interfaces/cmake/scene_graph_interfaces__rosidl_typesupport_cppExport-noconfig.cmake
-- Up-to-date: /home/dali/ros2_ws/install/scene_graph_interfaces/share/scene_graph_interfaces/cmake/export_scene_graph_interfaces__rosidl_generator_pyExport.cmake
-- Up-to-date: /home/dali/ros2_ws/install/scene_graph_interfaces/share/scene_graph_interfaces/cmake/export_scene_graph_interfaces__rosidl_generator_pyExport-noconfig.cmake
-- Up-to-date: /home/dali/ros2_ws/install/scene_graph_interfaces/share/scene_graph_interfaces/cmake/rosidl_cmake-extras.cmake
-- Up-to-date: /home/dali/ros2_ws/install/scene_graph_interfaces/share/scene_graph_interfaces/cmake/ament_cmake_export_dependencies-extras.cmake
-- Up-to-date: /home/dali/ros2_ws/install/scene_graph_interfaces/share/scene_graph_interfaces/cmake/ament_cmake_export_include_directories-extras.cmake
-- Up-to-date: /home/dali/ros2_ws/install/scene_graph_interfaces/share/scene_graph_interfaces/cmake/ament_cmake_export_libraries-extras.cmake
-- Up-to-date: /home/dali/ros2_ws/install/scene_graph_interfaces/share/scene_graph_interfaces/cmake/ament_cmake_export_targets-extras.cmake
-- Up-to-date: /home/dali/ros2_ws/install/scene_graph_interfaces/share/scene_graph_interfaces/cmake/rosidl_cmake_export_typesupport_targets-extras.cmake
-- Up-to-date: /home/dali/ros2_ws/install/scene_graph_interfaces/share/scene_graph_interfaces/cmake/rosidl_cmake_export_typesupport_libraries-extras.cmake
-- Up-to-date: /home/dali/ros2_ws/install/scene_graph_interfaces/share/scene_graph_interfaces/cmake/scene_graph_interfacesConfig.cmake
-- Up-to-date: /home/dali/ros2_ws/install/scene_graph_interfaces/share/scene_graph_interfaces/cmake/scene_graph_interfacesConfig-version.cmake
-- Up-to-date: /home/dali/ros2_ws/install/scene_graph_interfaces/share/scene_graph_interfaces/package.xml
