[ 50%] [32mBuilding CXX object CMakeFiles/moveit_pick_and_place_cpp.dir/src/moveit_pick_and_place.cpp.o[0m
[01m[K/home/dali/ros2_ws/src/piper_ros2/piper_bringup/src/moveit_pick_and_place.cpp:[m[K In member function ‘[01m[Kbool PiperDynamicNode::[01;32m[Kplan_and_execute_pose[m[K(moveit::planning_interface::MoveGroupInterface&, double, double, double, double, double, double, std::string)[m[K’:
[01m[K/home/dali/ros2_ws/src/piper_ros2/piper_bringup/src/moveit_pick_and_place.cpp:178:161:[m[K [01;35m[Kwarning: [m[Kunused parameter ‘[01m[Klabel[m[K’ [[01;35m[K]8;;https://gcc.gnu.org/onlinedocs/gcc/Warning-Options.html#index-Wunused-parameter-Wunused-parameter]8;;[m[K]
  178 | ouble y, double z, double r, double p, double yaw, [01;35m[Kstd::string label[m[K) {
      |                                                    [01;35m[K~~~~~~~~~~~~^~~~~[m[K

[01m[K/home/dali/ros2_ws/src/piper_ros2/piper_bringup/src/moveit_pick_and_place.cpp:[m[K In member function ‘[01m[Kvoid PiperDynamicNode::[01;32m[Kperform_linear_move[m[K(moveit::planning_interface::MoveGroupInterface&, double, double, double, double, double, double, std::string)[m[K’:
[01m[K/home/dali/ros2_ws/src/piper_ros2/piper_bringup/src/moveit_pick_and_place.cpp:189:159:[m[K [01;35m[Kwarning: [m[Kunused parameter ‘[01m[Klog[m[K’ [[01;35m[K]8;;https://gcc.gnu.org/onlinedocs/gcc/Warning-Options.html#index-Wunused-parameter-Wunused-parameter]8;;[m[K]
  189 |  double y, double z, double r, double p, double yaw, [01;35m[Kstd::string log[m[K) {
      |                                                      [01;35m[K~~~~~~~~~~~~^~~[m[K

[100%] [32m[1mLinking CXX executable moveit_pick_and_place_cpp[0m
[100%] Built target moveit_pick_and_place_cpp
-- Install configuration: ""
-- Up-to-date: /home/dali/ros2_ws/install/piper_bringup/share/piper_bringup/launch
-- Up-to-date: /home/dali/ros2_ws/install/piper_bringup/share/piper_bringup/launch/piper.launch.xml
-- Up-to-date: /home/dali/ros2_ws/install/piper_bringup/share/piper_bringup/launch/pick_place_launch.py
-- Up-to-date: /home/dali/ros2_ws/install/piper_bringup/share/piper_bringup/launch/gazebo_piper.launch.py
-- Up-to-date: /home/dali/ros2_ws/install/piper_bringup/share/piper_bringup/rviz
-- Up-to-date: /home/dali/ros2_ws/install/piper_bringup/share/piper_bringup/rviz/robotmodel.rviz
-- Up-to-date: /home/dali/ros2_ws/install/piper_bringup/share/piper_bringup/worlds
-- Up-to-date: /home/dali/ros2_ws/install/piper_bringup/share/piper_bringup/worlds/empty_world.sdf
-- Up-to-date: /home/dali/ros2_ws/install/piper_bringup/share/piper_bringup/models
-- Up-to-date: /home/dali/ros2_ws/install/piper_bringup/share/piper_bringup/models/cylinder
-- Up-to-date: /home/dali/ros2_ws/install/piper_bringup/share/piper_bringup/models/cylinder/model.sdf
-- Up-to-date: /home/dali/ros2_ws/install/piper_bringup/share/piper_bringup/models/cylinder/model.config
-- Up-to-date: /home/dali/ros2_ws/install/piper_bringup/share/piper_bringup/models/cube
-- Up-to-date: /home/dali/ros2_ws/install/piper_bringup/share/piper_bringup/models/cube/model.sdf
-- Up-to-date: /home/dali/ros2_ws/install/piper_bringup/share/piper_bringup/models/cube/model.config
-- Up-to-date: /home/dali/ros2_ws/install/piper_bringup/lib/piper_bringup/pick_and_place.py
-- Up-to-date: /home/dali/ros2_ws/install/piper_bringup/lib/piper_bringup/ik_pick_and_place.py
-- Up-to-date: /home/dali/ros2_ws/install/piper_bringup/lib/piper_bringup/detection_node.py
-- Installing: /home/dali/ros2_ws/install/piper_bringup/lib/piper_bringup/moveit_pick_and_place_cpp
-- Set non-toolchain portion of runtime path of "/home/dali/ros2_ws/install/piper_bringup/lib/piper_bringup/moveit_pick_and_place_cpp" to ""
-- Up-to-date: /home/dali/ros2_ws/install/piper_bringup/share/ament_index/resource_index/package_run_dependencies/piper_bringup
-- Up-to-date: /home/dali/ros2_ws/install/piper_bringup/share/ament_index/resource_index/parent_prefix_path/piper_bringup
-- Up-to-date: /home/dali/ros2_ws/install/piper_bringup/share/piper_bringup/environment/ament_prefix_path.sh
-- Up-to-date: /home/dali/ros2_ws/install/piper_bringup/share/piper_bringup/environment/ament_prefix_path.dsv
-- Up-to-date: /home/dali/ros2_ws/install/piper_bringup/share/piper_bringup/environment/path.sh
-- Up-to-date: /home/dali/ros2_ws/install/piper_bringup/share/piper_bringup/environment/path.dsv
-- Up-to-date: /home/dali/ros2_ws/install/piper_bringup/share/piper_bringup/local_setup.bash
-- Up-to-date: /home/dali/ros2_ws/install/piper_bringup/share/piper_bringup/local_setup.sh
-- Up-to-date: /home/dali/ros2_ws/install/piper_bringup/share/piper_bringup/local_setup.zsh
-- Up-to-date: /home/dali/ros2_ws/install/piper_bringup/share/piper_bringup/local_setup.dsv
-- Installing: /home/dali/ros2_ws/install/piper_bringup/share/piper_bringup/package.dsv
-- Up-to-date: /home/dali/ros2_ws/install/piper_bringup/share/ament_index/resource_index/packages/piper_bringup
-- Up-to-date: /home/dali/ros2_ws/install/piper_bringup/share/piper_bringup/cmake/ament_cmake_export_dependencies-extras.cmake
-- Up-to-date: /home/dali/ros2_ws/install/piper_bringup/share/piper_bringup/cmake/piper_bringupConfig.cmake
-- Up-to-date: /home/dali/ros2_ws/install/piper_bringup/share/piper_bringup/cmake/piper_bringupConfig-version.cmake
-- Up-to-date: /home/dali/ros2_ws/install/piper_bringup/share/piper_bringup/package.xml
