[0.182s] DEBUG:colcon:Command line arguments: ['/usr/bin/colcon', 'build']
[0.182s] DEBUG:colcon:Parsed command line arguments: Namespace(log_base=None, log_level=None, verb_name='build', build_base='build', install_base='install', merge_install=False, symlink_install=False, test_result_base=None, continue_on_error=False, executor='parallel', parallel_workers=4, event_handlers=None, ignore_user_meta=False, metas=['./colcon.meta'], base_paths=['.'], packages_ignore=None, packages_ignore_regex=None, paths=None, packages_up_to=None, packages_up_to_regex=None, packages_above=None, packages_above_and_dependencies=None, packages_above_depth=None, packages_select_by_dep=None, packages_skip_by_dep=None, packages_skip_up_to=None, packages_select_build_failed=False, packages_skip_build_finished=False, packages_select_test_failures=False, packages_skip_test_passed=False, packages_select=None, packages_skip=None, packages_select_regex=None, packages_skip_regex=None, packages_start=None, packages_end=None, allow_overriding=[], cmake_args=None, cmake_target=None, cmake_target_skip_unavailable=False, cmake_clean_cache=False, cmake_clean_first=False, cmake_force_configure=False, ament_cmake_args=None, catkin_cmake_args=None, catkin_skip_building_tests=False, mixin_files=None, mixin=None, verb_parser=<colcon_mixin.mixin.mixin_argument.MixinArgumentDecorator object at 0xe77f2ff1e270>, verb_extension=<colcon_core.verb.build.BuildVerb object at 0xe77f2ff1df70>, main=<bound method BuildVerb.main of <colcon_core.verb.build.BuildVerb object at 0xe77f2ff1df70>>, mixin_verb=('build',))
[0.416s] Level 1:colcon.colcon_core.package_discovery:discover_packages(colcon_meta) check parameters
[0.416s] Level 1:colcon.colcon_core.package_discovery:discover_packages(recursive) check parameters
[0.416s] Level 1:colcon.colcon_core.package_discovery:discover_packages(ignore) check parameters
[0.416s] Level 1:colcon.colcon_core.package_discovery:discover_packages(path) check parameters
[0.416s] Level 1:colcon.colcon_core.package_discovery:discover_packages(colcon_meta) discover
[0.416s] Level 1:colcon.colcon_core.package_discovery:discover_packages(recursive) discover
[0.416s] INFO:colcon.colcon_core.package_discovery:Crawling recursively for packages in '/home/dali/ros2_ws'
[0.424s] Level 1:colcon.colcon_core.package_identification:_identify(.) by extensions ['ignore', 'ignore_ament_install']
[0.424s] Level 1:colcon.colcon_core.package_identification:_identify(.) by extension 'ignore'
[0.424s] Level 1:colcon.colcon_core.package_identification:_identify(.) by extension 'ignore_ament_install'
[0.424s] Level 1:colcon.colcon_core.package_identification:_identify(.) by extensions ['colcon_pkg']
[0.424s] Level 1:colcon.colcon_core.package_identification:_identify(.) by extension 'colcon_pkg'
[0.424s] Level 1:colcon.colcon_core.package_identification:_identify(.) by extensions ['colcon_meta']
[0.424s] Level 1:colcon.colcon_core.package_identification:_identify(.) by extension 'colcon_meta'
[0.424s] Level 1:colcon.colcon_core.package_identification:_identify(.) by extensions ['ros']
[0.424s] Level 1:colcon.colcon_core.package_identification:_identify(.) by extension 'ros'
[0.455s] Level 1:colcon.colcon_core.package_identification:_identify(.) by extensions ['cmake', 'python']
[0.455s] Level 1:colcon.colcon_core.package_identification:_identify(.) by extension 'cmake'
[0.455s] Level 1:colcon.colcon_core.package_identification:_identify(.) by extension 'python'
[0.455s] Level 1:colcon.colcon_core.package_identification:_identify(.) by extensions ['python_setup_py']
[0.455s] Level 1:colcon.colcon_core.package_identification:_identify(.) by extension 'python_setup_py'
[0.455s] Level 1:colcon.colcon_core.package_identification:_identify(build) by extensions ['ignore', 'ignore_ament_install']
[0.456s] Level 1:colcon.colcon_core.package_identification:_identify(build) by extension 'ignore'
[0.456s] Level 1:colcon.colcon_core.package_identification:_identify(build) ignored
[0.457s] Level 1:colcon.colcon_core.package_identification:_identify(install) by extensions ['ignore', 'ignore_ament_install']
[0.457s] Level 1:colcon.colcon_core.package_identification:_identify(install) by extension 'ignore'
[0.457s] Level 1:colcon.colcon_core.package_identification:_identify(install) ignored
[0.457s] Level 1:colcon.colcon_core.package_identification:_identify(log) by extensions ['ignore', 'ignore_ament_install']
[0.457s] Level 1:colcon.colcon_core.package_identification:_identify(log) by extension 'ignore'
[0.457s] Level 1:colcon.colcon_core.package_identification:_identify(log) ignored
[0.458s] Level 1:colcon.colcon_core.package_identification:_identify(src) by extensions ['ignore', 'ignore_ament_install']
[0.458s] Level 1:colcon.colcon_core.package_identification:_identify(src) by extension 'ignore'
[0.458s] Level 1:colcon.colcon_core.package_identification:_identify(src) by extension 'ignore_ament_install'
[0.458s] Level 1:colcon.colcon_core.package_identification:_identify(src) by extensions ['colcon_pkg']
[0.458s] Level 1:colcon.colcon_core.package_identification:_identify(src) by extension 'colcon_pkg'
[0.458s] Level 1:colcon.colcon_core.package_identification:_identify(src) by extensions ['colcon_meta']
[0.458s] Level 1:colcon.colcon_core.package_identification:_identify(src) by extension 'colcon_meta'
[0.458s] Level 1:colcon.colcon_core.package_identification:_identify(src) by extensions ['ros']
[0.458s] Level 1:colcon.colcon_core.package_identification:_identify(src) by extension 'ros'
[0.458s] Level 1:colcon.colcon_core.package_identification:_identify(src) by extensions ['cmake', 'python']
[0.458s] Level 1:colcon.colcon_core.package_identification:_identify(src) by extension 'cmake'
[0.458s] Level 1:colcon.colcon_core.package_identification:_identify(src) by extension 'python'
[0.458s] Level 1:colcon.colcon_core.package_identification:_identify(src) by extensions ['python_setup_py']
[0.459s] Level 1:colcon.colcon_core.package_identification:_identify(src) by extension 'python_setup_py'
[0.459s] Level 1:colcon.colcon_core.package_identification:_identify(src/piper_ros2) by extensions ['ignore', 'ignore_ament_install']
[0.459s] Level 1:colcon.colcon_core.package_identification:_identify(src/piper_ros2) by extension 'ignore'
[0.459s] Level 1:colcon.colcon_core.package_identification:_identify(src/piper_ros2) by extension 'ignore_ament_install'
[0.459s] Level 1:colcon.colcon_core.package_identification:_identify(src/piper_ros2) by extensions ['colcon_pkg']
[0.459s] Level 1:colcon.colcon_core.package_identification:_identify(src/piper_ros2) by extension 'colcon_pkg'
[0.459s] Level 1:colcon.colcon_core.package_identification:_identify(src/piper_ros2) by extensions ['colcon_meta']
[0.459s] Level 1:colcon.colcon_core.package_identification:_identify(src/piper_ros2) by extension 'colcon_meta'
[0.459s] Level 1:colcon.colcon_core.package_identification:_identify(src/piper_ros2) by extensions ['ros']
[0.459s] Level 1:colcon.colcon_core.package_identification:_identify(src/piper_ros2) by extension 'ros'
[0.459s] Level 1:colcon.colcon_core.package_identification:_identify(src/piper_ros2) by extensions ['cmake', 'python']
[0.459s] Level 1:colcon.colcon_core.package_identification:_identify(src/piper_ros2) by extension 'cmake'
[0.459s] Level 1:colcon.colcon_core.package_identification:_identify(src/piper_ros2) by extension 'python'
[0.459s] Level 1:colcon.colcon_core.package_identification:_identify(src/piper_ros2) by extensions ['python_setup_py']
[0.459s] Level 1:colcon.colcon_core.package_identification:_identify(src/piper_ros2) by extension 'python_setup_py'
[0.459s] Level 1:colcon.colcon_core.package_identification:_identify(src/piper_ros2/docs) by extensions ['ignore', 'ignore_ament_install']
[0.459s] Level 1:colcon.colcon_core.package_identification:_identify(src/piper_ros2/docs) by extension 'ignore'
[0.459s] Level 1:colcon.colcon_core.package_identification:_identify(src/piper_ros2/docs) by extension 'ignore_ament_install'
[0.459s] Level 1:colcon.colcon_core.package_identification:_identify(src/piper_ros2/docs) by extensions ['colcon_pkg']
[0.459s] Level 1:colcon.colcon_core.package_identification:_identify(src/piper_ros2/docs) by extension 'colcon_pkg'
[0.459s] Level 1:colcon.colcon_core.package_identification:_identify(src/piper_ros2/docs) by extensions ['colcon_meta']
[0.459s] Level 1:colcon.colcon_core.package_identification:_identify(src/piper_ros2/docs) by extension 'colcon_meta'
[0.459s] Level 1:colcon.colcon_core.package_identification:_identify(src/piper_ros2/docs) by extensions ['ros']
[0.459s] Level 1:colcon.colcon_core.package_identification:_identify(src/piper_ros2/docs) by extension 'ros'
[0.460s] Level 1:colcon.colcon_core.package_identification:_identify(src/piper_ros2/docs) by extensions ['cmake', 'python']
[0.460s] Level 1:colcon.colcon_core.package_identification:_identify(src/piper_ros2/docs) by extension 'cmake'
[0.460s] Level 1:colcon.colcon_core.package_identification:_identify(src/piper_ros2/docs) by extension 'python'
[0.460s] Level 1:colcon.colcon_core.package_identification:_identify(src/piper_ros2/docs) by extensions ['python_setup_py']
[0.460s] Level 1:colcon.colcon_core.package_identification:_identify(src/piper_ros2/docs) by extension 'python_setup_py'
[0.460s] Level 1:colcon.colcon_core.package_identification:_identify(src/piper_ros2/piper_bringup) by extensions ['ignore', 'ignore_ament_install']
[0.460s] Level 1:colcon.colcon_core.package_identification:_identify(src/piper_ros2/piper_bringup) by extension 'ignore'
[0.460s] Level 1:colcon.colcon_core.package_identification:_identify(src/piper_ros2/piper_bringup) by extension 'ignore_ament_install'
[0.460s] Level 1:colcon.colcon_core.package_identification:_identify(src/piper_ros2/piper_bringup) by extensions ['colcon_pkg']
[0.460s] Level 1:colcon.colcon_core.package_identification:_identify(src/piper_ros2/piper_bringup) by extension 'colcon_pkg'
[0.460s] Level 1:colcon.colcon_core.package_identification:_identify(src/piper_ros2/piper_bringup) by extensions ['colcon_meta']
[0.460s] Level 1:colcon.colcon_core.package_identification:_identify(src/piper_ros2/piper_bringup) by extension 'colcon_meta'
[0.460s] Level 1:colcon.colcon_core.package_identification:_identify(src/piper_ros2/piper_bringup) by extensions ['ros']
[0.460s] Level 1:colcon.colcon_core.package_identification:_identify(src/piper_ros2/piper_bringup) by extension 'ros'
[0.464s] DEBUG:colcon.colcon_core.package_identification:Package 'src/piper_ros2/piper_bringup' with type 'ros.ament_cmake' and name 'piper_bringup'
[0.465s] Level 1:colcon.colcon_core.package_identification:_identify(src/piper_ros2/piper_description) by extensions ['ignore', 'ignore_ament_install']
[0.465s] Level 1:colcon.colcon_core.package_identification:_identify(src/piper_ros2/piper_description) by extension 'ignore'
[0.465s] Level 1:colcon.colcon_core.package_identification:_identify(src/piper_ros2/piper_description) by extension 'ignore_ament_install'
[0.465s] Level 1:colcon.colcon_core.package_identification:_identify(src/piper_ros2/piper_description) by extensions ['colcon_pkg']
[0.465s] Level 1:colcon.colcon_core.package_identification:_identify(src/piper_ros2/piper_description) by extension 'colcon_pkg'
[0.465s] Level 1:colcon.colcon_core.package_identification:_identify(src/piper_ros2/piper_description) by extensions ['colcon_meta']
[0.465s] Level 1:colcon.colcon_core.package_identification:_identify(src/piper_ros2/piper_description) by extension 'colcon_meta'
[0.465s] Level 1:colcon.colcon_core.package_identification:_identify(src/piper_ros2/piper_description) by extensions ['ros']
[0.465s] Level 1:colcon.colcon_core.package_identification:_identify(src/piper_ros2/piper_description) by extension 'ros'
[0.466s] DEBUG:colcon.colcon_core.package_identification:Package 'src/piper_ros2/piper_description' with type 'ros.ament_cmake' and name 'piper_description'
[0.466s] Level 1:colcon.colcon_core.package_identification:_identify(src/piper_ros2/piper_moveit_config) by extensions ['ignore', 'ignore_ament_install']
[0.466s] Level 1:colcon.colcon_core.package_identification:_identify(src/piper_ros2/piper_moveit_config) by extension 'ignore'
[0.466s] Level 1:colcon.colcon_core.package_identification:_identify(src/piper_ros2/piper_moveit_config) by extension 'ignore_ament_install'
[0.466s] Level 1:colcon.colcon_core.package_identification:_identify(src/piper_ros2/piper_moveit_config) by extensions ['colcon_pkg']
[0.466s] Level 1:colcon.colcon_core.package_identification:_identify(src/piper_ros2/piper_moveit_config) by extension 'colcon_pkg'
[0.466s] Level 1:colcon.colcon_core.package_identification:_identify(src/piper_ros2/piper_moveit_config) by extensions ['colcon_meta']
[0.466s] Level 1:colcon.colcon_core.package_identification:_identify(src/piper_ros2/piper_moveit_config) by extension 'colcon_meta'
[0.466s] Level 1:colcon.colcon_core.package_identification:_identify(src/piper_ros2/piper_moveit_config) by extensions ['ros']
[0.466s] Level 1:colcon.colcon_core.package_identification:_identify(src/piper_ros2/piper_moveit_config) by extension 'ros'
[0.468s] DEBUG:colcon.colcon_core.package_identification:Package 'src/piper_ros2/piper_moveit_config' with type 'ros.ament_cmake' and name 'piper_moveit_config'
[0.469s] Level 1:colcon.colcon_core.package_identification:_identify(src/scene_graph_interfaces) by extensions ['ignore', 'ignore_ament_install']
[0.469s] Level 1:colcon.colcon_core.package_identification:_identify(src/scene_graph_interfaces) by extension 'ignore'
[0.469s] Level 1:colcon.colcon_core.package_identification:_identify(src/scene_graph_interfaces) by extension 'ignore_ament_install'
[0.469s] Level 1:colcon.colcon_core.package_identification:_identify(src/scene_graph_interfaces) by extensions ['colcon_pkg']
[0.469s] Level 1:colcon.colcon_core.package_identification:_identify(src/scene_graph_interfaces) by extension 'colcon_pkg'
[0.469s] Level 1:colcon.colcon_core.package_identification:_identify(src/scene_graph_interfaces) by extensions ['colcon_meta']
[0.469s] Level 1:colcon.colcon_core.package_identification:_identify(src/scene_graph_interfaces) by extension 'colcon_meta'
[0.469s] Level 1:colcon.colcon_core.package_identification:_identify(src/scene_graph_interfaces) by extensions ['ros']
[0.469s] Level 1:colcon.colcon_core.package_identification:_identify(src/scene_graph_interfaces) by extension 'ros'
[0.470s] DEBUG:colcon.colcon_core.package_identification:Package 'src/scene_graph_interfaces' with type 'ros.ament_cmake' and name 'scene_graph_interfaces'
[0.470s] Level 1:colcon.colcon_core.package_discovery:discover_packages(recursive) using defaults
[0.470s] Level 1:colcon.colcon_core.package_discovery:discover_packages(ignore) discover
[0.470s] Level 1:colcon.colcon_core.package_discovery:discover_packages(ignore) using defaults
[0.470s] Level 1:colcon.colcon_core.package_discovery:discover_packages(path) discover
[0.470s] Level 1:colcon.colcon_core.package_discovery:discover_packages(path) using defaults
[0.491s] Level 1:colcon.colcon_core.package_discovery:discover_packages(prefix_path) check parameters
[0.491s] Level 1:colcon.colcon_core.package_discovery:discover_packages(prefix_path) discover
[0.495s] DEBUG:colcon.colcon_installed_package_information.package_discovery:Found 4 installed packages in /home/dali/ros2_ws/install
[0.497s] DEBUG:colcon.colcon_installed_package_information.package_discovery:Found 413 installed packages in /opt/ros/jazzy
[0.498s] Level 1:colcon.colcon_core.package_discovery:discover_packages(prefix_path) using defaults
[0.556s] Level 5:colcon.colcon_core.verb:set package 'piper_description' build argument 'cmake_args' from command line to 'None'
[0.556s] Level 5:colcon.colcon_core.verb:set package 'piper_description' build argument 'cmake_target' from command line to 'None'
[0.556s] Level 5:colcon.colcon_core.verb:set package 'piper_description' build argument 'cmake_target_skip_unavailable' from command line to 'False'
[0.556s] Level 5:colcon.colcon_core.verb:set package 'piper_description' build argument 'cmake_clean_cache' from command line to 'False'
[0.556s] Level 5:colcon.colcon_core.verb:set package 'piper_description' build argument 'cmake_clean_first' from command line to 'False'
[0.556s] Level 5:colcon.colcon_core.verb:set package 'piper_description' build argument 'cmake_force_configure' from command line to 'False'
[0.556s] Level 5:colcon.colcon_core.verb:set package 'piper_description' build argument 'ament_cmake_args' from command line to 'None'
[0.556s] Level 5:colcon.colcon_core.verb:set package 'piper_description' build argument 'catkin_cmake_args' from command line to 'None'
[0.556s] Level 5:colcon.colcon_core.verb:set package 'piper_description' build argument 'catkin_skip_building_tests' from command line to 'False'
[0.556s] DEBUG:colcon.colcon_core.verb:Building package 'piper_description' with the following arguments: {'ament_cmake_args': None, 'build_base': '/home/dali/ros2_ws/build/piper_description', 'catkin_cmake_args': None, 'catkin_skip_building_tests': False, 'cmake_args': None, 'cmake_clean_cache': False, 'cmake_clean_first': False, 'cmake_force_configure': False, 'cmake_target': None, 'cmake_target_skip_unavailable': False, 'install_base': '/home/dali/ros2_ws/install/piper_description', 'merge_install': False, 'path': '/home/dali/ros2_ws/src/piper_ros2/piper_description', 'symlink_install': False, 'test_result_base': None}
[0.556s] Level 5:colcon.colcon_core.verb:set package 'scene_graph_interfaces' build argument 'cmake_args' from command line to 'None'
[0.556s] Level 5:colcon.colcon_core.verb:set package 'scene_graph_interfaces' build argument 'cmake_target' from command line to 'None'
[0.556s] Level 5:colcon.colcon_core.verb:set package 'scene_graph_interfaces' build argument 'cmake_target_skip_unavailable' from command line to 'False'
[0.556s] Level 5:colcon.colcon_core.verb:set package 'scene_graph_interfaces' build argument 'cmake_clean_cache' from command line to 'False'
[0.556s] Level 5:colcon.colcon_core.verb:set package 'scene_graph_interfaces' build argument 'cmake_clean_first' from command line to 'False'
[0.556s] Level 5:colcon.colcon_core.verb:set package 'scene_graph_interfaces' build argument 'cmake_force_configure' from command line to 'False'
[0.556s] Level 5:colcon.colcon_core.verb:set package 'scene_graph_interfaces' build argument 'ament_cmake_args' from command line to 'None'
[0.556s] Level 5:colcon.colcon_core.verb:set package 'scene_graph_interfaces' build argument 'catkin_cmake_args' from command line to 'None'
[0.556s] Level 5:colcon.colcon_core.verb:set package 'scene_graph_interfaces' build argument 'catkin_skip_building_tests' from command line to 'False'
[0.556s] DEBUG:colcon.colcon_core.verb:Building package 'scene_graph_interfaces' with the following arguments: {'ament_cmake_args': None, 'build_base': '/home/dali/ros2_ws/build/scene_graph_interfaces', 'catkin_cmake_args': None, 'catkin_skip_building_tests': False, 'cmake_args': None, 'cmake_clean_cache': False, 'cmake_clean_first': False, 'cmake_force_configure': False, 'cmake_target': None, 'cmake_target_skip_unavailable': False, 'install_base': '/home/dali/ros2_ws/install/scene_graph_interfaces', 'merge_install': False, 'path': '/home/dali/ros2_ws/src/scene_graph_interfaces', 'symlink_install': False, 'test_result_base': None}
[0.557s] Level 5:colcon.colcon_core.verb:set package 'piper_bringup' build argument 'cmake_args' from command line to 'None'
[0.557s] Level 5:colcon.colcon_core.verb:set package 'piper_bringup' build argument 'cmake_target' from command line to 'None'
[0.557s] Level 5:colcon.colcon_core.verb:set package 'piper_bringup' build argument 'cmake_target_skip_unavailable' from command line to 'False'
[0.557s] Level 5:colcon.colcon_core.verb:set package 'piper_bringup' build argument 'cmake_clean_cache' from command line to 'False'
[0.557s] Level 5:colcon.colcon_core.verb:set package 'piper_bringup' build argument 'cmake_clean_first' from command line to 'False'
[0.557s] Level 5:colcon.colcon_core.verb:set package 'piper_bringup' build argument 'cmake_force_configure' from command line to 'False'
[0.557s] Level 5:colcon.colcon_core.verb:set package 'piper_bringup' build argument 'ament_cmake_args' from command line to 'None'
[0.557s] Level 5:colcon.colcon_core.verb:set package 'piper_bringup' build argument 'catkin_cmake_args' from command line to 'None'
[0.557s] Level 5:colcon.colcon_core.verb:set package 'piper_bringup' build argument 'catkin_skip_building_tests' from command line to 'False'
[0.557s] DEBUG:colcon.colcon_core.verb:Building package 'piper_bringup' with the following arguments: {'ament_cmake_args': None, 'build_base': '/home/dali/ros2_ws/build/piper_bringup', 'catkin_cmake_args': None, 'catkin_skip_building_tests': False, 'cmake_args': None, 'cmake_clean_cache': False, 'cmake_clean_first': False, 'cmake_force_configure': False, 'cmake_target': None, 'cmake_target_skip_unavailable': False, 'install_base': '/home/dali/ros2_ws/install/piper_bringup', 'merge_install': False, 'path': '/home/dali/ros2_ws/src/piper_ros2/piper_bringup', 'symlink_install': False, 'test_result_base': None}
[0.557s] Level 5:colcon.colcon_core.verb:set package 'piper_moveit_config' build argument 'cmake_args' from command line to 'None'
[0.557s] Level 5:colcon.colcon_core.verb:set package 'piper_moveit_config' build argument 'cmake_target' from command line to 'None'
[0.557s] Level 5:colcon.colcon_core.verb:set package 'piper_moveit_config' build argument 'cmake_target_skip_unavailable' from command line to 'False'
[0.557s] Level 5:colcon.colcon_core.verb:set package 'piper_moveit_config' build argument 'cmake_clean_cache' from command line to 'False'
[0.557s] Level 5:colcon.colcon_core.verb:set package 'piper_moveit_config' build argument 'cmake_clean_first' from command line to 'False'
[0.557s] Level 5:colcon.colcon_core.verb:set package 'piper_moveit_config' build argument 'cmake_force_configure' from command line to 'False'
[0.557s] Level 5:colcon.colcon_core.verb:set package 'piper_moveit_config' build argument 'ament_cmake_args' from command line to 'None'
[0.557s] Level 5:colcon.colcon_core.verb:set package 'piper_moveit_config' build argument 'catkin_cmake_args' from command line to 'None'
[0.557s] Level 5:colcon.colcon_core.verb:set package 'piper_moveit_config' build argument 'catkin_skip_building_tests' from command line to 'False'
[0.557s] DEBUG:colcon.colcon_core.verb:Building package 'piper_moveit_config' with the following arguments: {'ament_cmake_args': None, 'build_base': '/home/dali/ros2_ws/build/piper_moveit_config', 'catkin_cmake_args': None, 'catkin_skip_building_tests': False, 'cmake_args': None, 'cmake_clean_cache': False, 'cmake_clean_first': False, 'cmake_force_configure': False, 'cmake_target': None, 'cmake_target_skip_unavailable': False, 'install_base': '/home/dali/ros2_ws/install/piper_moveit_config', 'merge_install': False, 'path': '/home/dali/ros2_ws/src/piper_ros2/piper_moveit_config', 'symlink_install': False, 'test_result_base': None}
[0.557s] INFO:colcon.colcon_core.executor:Executing jobs using 'parallel' executor
[0.558s] DEBUG:colcon.colcon_parallel_executor.executor.parallel:run_until_complete
[0.559s] INFO:colcon.colcon_ros.task.ament_cmake.build:Building ROS package in '/home/dali/ros2_ws/src/piper_ros2/piper_description' with build type 'ament_cmake'
[0.559s] INFO:colcon.colcon_cmake.task.cmake.build:Building CMake package in '/home/dali/ros2_ws/src/piper_ros2/piper_description'
[0.575s] INFO:colcon.colcon_core.plugin_system:Skipping extension 'colcon_core.shell.bat': Not used on non-Windows systems
[0.575s] INFO:colcon.colcon_core.shell:Skip shell extension 'powershell' for command environment: Not usable outside of PowerShell
[0.575s] DEBUG:colcon.colcon_core.shell:Skip shell extension 'dsv' for command environment
[0.594s] INFO:colcon.colcon_ros.task.ament_cmake.build:Building ROS package in '/home/dali/ros2_ws/src/scene_graph_interfaces' with build type 'ament_cmake'
[0.594s] INFO:colcon.colcon_cmake.task.cmake.build:Building CMake package in '/home/dali/ros2_ws/src/scene_graph_interfaces'
[0.595s] INFO:colcon.colcon_core.shell:Skip shell extension 'powershell' for command environment: Not usable outside of PowerShell
[0.595s] DEBUG:colcon.colcon_core.shell:Skip shell extension 'dsv' for command environment
[0.615s] DEBUG:colcon.colcon_core.event_handler.log_command:Invoking command in '/home/dali/ros2_ws/build/piper_description': CMAKE_PREFIX_PATH=${CMAKE_PREFIX_PATH}:/opt/ros/jazzy DEBUGINFOD_URLS=https://debuginfod.ubuntu.com /usr/bin/cmake --build /home/dali/ros2_ws/build/piper_description -- -j4 -l4
[0.622s] DEBUG:colcon.colcon_core.event_handler.log_command:Invoking command in '/home/dali/ros2_ws/build/scene_graph_interfaces': CMAKE_PREFIX_PATH=${CMAKE_PREFIX_PATH}:/opt/ros/jazzy DEBUGINFOD_URLS=https://debuginfod.ubuntu.com /usr/bin/cmake --build /home/dali/ros2_ws/build/scene_graph_interfaces -- -j4 -l4
[0.787s] DEBUG:colcon.colcon_core.event_handler.log_command:Invoked command in '/home/dali/ros2_ws/build/piper_description' returned '0': CMAKE_PREFIX_PATH=${CMAKE_PREFIX_PATH}:/opt/ros/jazzy DEBUGINFOD_URLS=https://debuginfod.ubuntu.com /usr/bin/cmake --build /home/dali/ros2_ws/build/piper_description -- -j4 -l4
[0.804s] DEBUG:colcon.colcon_core.event_handler.log_command:Invoking command in '/home/dali/ros2_ws/build/piper_description': CMAKE_PREFIX_PATH=${CMAKE_PREFIX_PATH}:/opt/ros/jazzy DEBUGINFOD_URLS=https://debuginfod.ubuntu.com /usr/bin/cmake --install /home/dali/ros2_ws/build/piper_description
[0.839s] Level 1:colcon.colcon_core.environment:create_environment_scripts_only(piper_description)
[0.840s] DEBUG:colcon.colcon_core.event_handler.log_command:Invoked command in '/home/dali/ros2_ws/build/piper_description' returned '0': CMAKE_PREFIX_PATH=${CMAKE_PREFIX_PATH}:/opt/ros/jazzy DEBUGINFOD_URLS=https://debuginfod.ubuntu.com /usr/bin/cmake --install /home/dali/ros2_ws/build/piper_description
[0.852s] Level 1:colcon.colcon_core.environment:checking '/home/dali/ros2_ws/install/piper_description' for CMake module files
[0.855s] Level 1:colcon.colcon_core.environment:checking '/home/dali/ros2_ws/install/piper_description' for CMake config files
[0.861s] Level 1:colcon.colcon_core.shell:create_environment_hook('piper_description', 'cmake_prefix_path')
[0.861s] INFO:colcon.colcon_core.shell:Creating environment hook '/home/dali/ros2_ws/install/piper_description/share/piper_description/hook/cmake_prefix_path.ps1'
[0.862s] INFO:colcon.colcon_core.shell:Creating environment descriptor '/home/dali/ros2_ws/install/piper_description/share/piper_description/hook/cmake_prefix_path.dsv'
[0.862s] INFO:colcon.colcon_core.shell:Creating environment hook '/home/dali/ros2_ws/install/piper_description/share/piper_description/hook/cmake_prefix_path.sh'
[0.863s] Level 1:colcon.colcon_core.environment:checking '/home/dali/ros2_ws/install/piper_description/bin'
[0.863s] Level 1:colcon.colcon_core.environment:checking '/home/dali/ros2_ws/install/piper_description/lib/pkgconfig/piper_description.pc'
[0.863s] Level 1:colcon.colcon_core.environment:checking '/home/dali/ros2_ws/install/piper_description/lib/python3.12/site-packages'
[0.863s] Level 1:colcon.colcon_core.environment:checking '/home/dali/ros2_ws/install/piper_description/bin'
[0.864s] INFO:colcon.colcon_core.shell:Creating package script '/home/dali/ros2_ws/install/piper_description/share/piper_description/package.ps1'
[0.864s] INFO:colcon.colcon_core.shell:Creating package descriptor '/home/dali/ros2_ws/install/piper_description/share/piper_description/package.dsv'
[0.865s] INFO:colcon.colcon_core.shell:Creating package script '/home/dali/ros2_ws/install/piper_description/share/piper_description/package.sh'
[0.865s] INFO:colcon.colcon_core.shell:Creating package script '/home/dali/ros2_ws/install/piper_description/share/piper_description/package.bash'
[0.866s] INFO:colcon.colcon_core.shell:Creating package script '/home/dali/ros2_ws/install/piper_description/share/piper_description/package.zsh'
[0.867s] Level 1:colcon.colcon_core.environment:create_file_with_runtime_dependencies(/home/dali/ros2_ws/install/piper_description/share/colcon-core/packages/piper_description)
[0.867s] Level 1:colcon.colcon_core.environment:create_environment_scripts_only(piper_description)
[0.867s] Level 1:colcon.colcon_core.environment:checking '/home/dali/ros2_ws/install/piper_description' for CMake module files
[0.868s] Level 1:colcon.colcon_core.environment:checking '/home/dali/ros2_ws/install/piper_description' for CMake config files
[0.868s] Level 1:colcon.colcon_core.shell:create_environment_hook('piper_description', 'cmake_prefix_path')
[0.868s] INFO:colcon.colcon_core.shell:Creating environment hook '/home/dali/ros2_ws/install/piper_description/share/piper_description/hook/cmake_prefix_path.ps1'
[0.868s] INFO:colcon.colcon_core.shell:Creating environment descriptor '/home/dali/ros2_ws/install/piper_description/share/piper_description/hook/cmake_prefix_path.dsv'
[0.868s] INFO:colcon.colcon_core.shell:Creating environment hook '/home/dali/ros2_ws/install/piper_description/share/piper_description/hook/cmake_prefix_path.sh'
[0.868s] Level 1:colcon.colcon_core.environment:checking '/home/dali/ros2_ws/install/piper_description/bin'
[0.868s] Level 1:colcon.colcon_core.environment:checking '/home/dali/ros2_ws/install/piper_description/lib/pkgconfig/piper_description.pc'
[0.868s] Level 1:colcon.colcon_core.environment:checking '/home/dali/ros2_ws/install/piper_description/lib/python3.12/site-packages'
[0.869s] Level 1:colcon.colcon_core.environment:checking '/home/dali/ros2_ws/install/piper_description/bin'
[0.869s] INFO:colcon.colcon_core.shell:Creating package script '/home/dali/ros2_ws/install/piper_description/share/piper_description/package.ps1'
[0.869s] INFO:colcon.colcon_core.shell:Creating package descriptor '/home/dali/ros2_ws/install/piper_description/share/piper_description/package.dsv'
[0.869s] INFO:colcon.colcon_core.shell:Creating package script '/home/dali/ros2_ws/install/piper_description/share/piper_description/package.sh'
[0.869s] INFO:colcon.colcon_core.shell:Creating package script '/home/dali/ros2_ws/install/piper_description/share/piper_description/package.bash'
[0.869s] INFO:colcon.colcon_core.shell:Creating package script '/home/dali/ros2_ws/install/piper_description/share/piper_description/package.zsh'
[0.870s] Level 1:colcon.colcon_core.environment:create_file_with_runtime_dependencies(/home/dali/ros2_ws/install/piper_description/share/colcon-core/packages/piper_description)
[0.870s] INFO:colcon.colcon_ros.task.ament_cmake.build:Building ROS package in '/home/dali/ros2_ws/src/piper_ros2/piper_moveit_config' with build type 'ament_cmake'
[0.870s] INFO:colcon.colcon_cmake.task.cmake.build:Building CMake package in '/home/dali/ros2_ws/src/piper_ros2/piper_moveit_config'
[0.870s] INFO:colcon.colcon_core.shell:Skip shell extension 'powershell' for command environment: Not usable outside of PowerShell
[0.870s] DEBUG:colcon.colcon_core.shell:Skip shell extension 'dsv' for command environment
[0.880s] DEBUG:colcon.colcon_core.event_handler.log_command:Invoking command in '/home/dali/ros2_ws/build/piper_moveit_config': CMAKE_PREFIX_PATH=/home/dali/ros2_ws/install/piper_description:/home/dali/ros2_ws/install/piper_bringup:/home/dali/ros2_ws/install/scene_graph_interfaces:/home/dali/ros2_ws/install/piper_moveit_config:/opt/ros/jazzy/opt/gz_sim_vendor:/opt/ros/jazzy/opt/gz_sensors_vendor:/opt/ros/jazzy/opt/gz_physics_vendor:/opt/ros/jazzy/opt/sdformat_vendor:/opt/ros/jazzy/opt/gz_gui_vendor:/opt/ros/jazzy/opt/gz_transport_vendor:/opt/ros/jazzy/opt/gz_rendering_vendor:/opt/ros/jazzy/opt/gz_plugin_vendor:/opt/ros/jazzy/opt/gz_fuel_tools_vendor:/opt/ros/jazzy/opt/gz_msgs_vendor:/opt/ros/jazzy/opt/gz_common_vendor:/opt/ros/jazzy/opt/gz_math_vendor:/opt/ros/jazzy/opt/gz_utils_vendor:/opt/ros/jazzy/opt/gz_tools_vendor:/opt/ros/jazzy/opt/gz_ogre_next_vendor:/opt/ros/jazzy/opt/gz_dartsim_vendor:/opt/ros/jazzy/opt/gz_cmake_vendor:/opt/ros/jazzy DEBUGINFOD_URLS=https://debuginfod.ubuntu.com /usr/bin/cmake --build /home/dali/ros2_ws/build/piper_moveit_config -- -j4 -l4
[0.932s] DEBUG:colcon.colcon_core.event_handler.log_command:Invoked command in '/home/dali/ros2_ws/build/piper_moveit_config' returned '0': CMAKE_PREFIX_PATH=/home/dali/ros2_ws/install/piper_description:/home/dali/ros2_ws/install/piper_bringup:/home/dali/ros2_ws/install/scene_graph_interfaces:/home/dali/ros2_ws/install/piper_moveit_config:/opt/ros/jazzy/opt/gz_sim_vendor:/opt/ros/jazzy/opt/gz_sensors_vendor:/opt/ros/jazzy/opt/gz_physics_vendor:/opt/ros/jazzy/opt/sdformat_vendor:/opt/ros/jazzy/opt/gz_gui_vendor:/opt/ros/jazzy/opt/gz_transport_vendor:/opt/ros/jazzy/opt/gz_rendering_vendor:/opt/ros/jazzy/opt/gz_plugin_vendor:/opt/ros/jazzy/opt/gz_fuel_tools_vendor:/opt/ros/jazzy/opt/gz_msgs_vendor:/opt/ros/jazzy/opt/gz_common_vendor:/opt/ros/jazzy/opt/gz_math_vendor:/opt/ros/jazzy/opt/gz_utils_vendor:/opt/ros/jazzy/opt/gz_tools_vendor:/opt/ros/jazzy/opt/gz_ogre_next_vendor:/opt/ros/jazzy/opt/gz_dartsim_vendor:/opt/ros/jazzy/opt/gz_cmake_vendor:/opt/ros/jazzy DEBUGINFOD_URLS=https://debuginfod.ubuntu.com /usr/bin/cmake --build /home/dali/ros2_ws/build/piper_moveit_config -- -j4 -l4
[0.933s] DEBUG:colcon.colcon_core.event_handler.log_command:Invoking command in '/home/dali/ros2_ws/build/piper_moveit_config': CMAKE_PREFIX_PATH=/home/dali/ros2_ws/install/piper_description:/home/dali/ros2_ws/install/piper_bringup:/home/dali/ros2_ws/install/scene_graph_interfaces:/home/dali/ros2_ws/install/piper_moveit_config:/opt/ros/jazzy/opt/gz_sim_vendor:/opt/ros/jazzy/opt/gz_sensors_vendor:/opt/ros/jazzy/opt/gz_physics_vendor:/opt/ros/jazzy/opt/sdformat_vendor:/opt/ros/jazzy/opt/gz_gui_vendor:/opt/ros/jazzy/opt/gz_transport_vendor:/opt/ros/jazzy/opt/gz_rendering_vendor:/opt/ros/jazzy/opt/gz_plugin_vendor:/opt/ros/jazzy/opt/gz_fuel_tools_vendor:/opt/ros/jazzy/opt/gz_msgs_vendor:/opt/ros/jazzy/opt/gz_common_vendor:/opt/ros/jazzy/opt/gz_math_vendor:/opt/ros/jazzy/opt/gz_utils_vendor:/opt/ros/jazzy/opt/gz_tools_vendor:/opt/ros/jazzy/opt/gz_ogre_next_vendor:/opt/ros/jazzy/opt/gz_dartsim_vendor:/opt/ros/jazzy/opt/gz_cmake_vendor:/opt/ros/jazzy DEBUGINFOD_URLS=https://debuginfod.ubuntu.com /usr/bin/cmake --install /home/dali/ros2_ws/build/piper_moveit_config
[0.953s] Level 1:colcon.colcon_core.environment:create_environment_scripts_only(piper_moveit_config)
[0.953s] Level 1:colcon.colcon_core.environment:checking '/home/dali/ros2_ws/install/piper_moveit_config' for CMake module files
[0.954s] DEBUG:colcon.colcon_core.event_handler.log_command:Invoked command in '/home/dali/ros2_ws/build/piper_moveit_config' returned '0': CMAKE_PREFIX_PATH=/home/dali/ros2_ws/install/piper_description:/home/dali/ros2_ws/install/piper_bringup:/home/dali/ros2_ws/install/scene_graph_interfaces:/home/dali/ros2_ws/install/piper_moveit_config:/opt/ros/jazzy/opt/gz_sim_vendor:/opt/ros/jazzy/opt/gz_sensors_vendor:/opt/ros/jazzy/opt/gz_physics_vendor:/opt/ros/jazzy/opt/sdformat_vendor:/opt/ros/jazzy/opt/gz_gui_vendor:/opt/ros/jazzy/opt/gz_transport_vendor:/opt/ros/jazzy/opt/gz_rendering_vendor:/opt/ros/jazzy/opt/gz_plugin_vendor:/opt/ros/jazzy/opt/gz_fuel_tools_vendor:/opt/ros/jazzy/opt/gz_msgs_vendor:/opt/ros/jazzy/opt/gz_common_vendor:/opt/ros/jazzy/opt/gz_math_vendor:/opt/ros/jazzy/opt/gz_utils_vendor:/opt/ros/jazzy/opt/gz_tools_vendor:/opt/ros/jazzy/opt/gz_ogre_next_vendor:/opt/ros/jazzy/opt/gz_dartsim_vendor:/opt/ros/jazzy/opt/gz_cmake_vendor:/opt/ros/jazzy DEBUGINFOD_URLS=https://debuginfod.ubuntu.com /usr/bin/cmake --install /home/dali/ros2_ws/build/piper_moveit_config
[0.954s] Level 1:colcon.colcon_core.environment:checking '/home/dali/ros2_ws/install/piper_moveit_config' for CMake config files
[0.955s] Level 1:colcon.colcon_core.shell:create_environment_hook('piper_moveit_config', 'cmake_prefix_path')
[0.955s] INFO:colcon.colcon_core.shell:Creating environment hook '/home/dali/ros2_ws/install/piper_moveit_config/share/piper_moveit_config/hook/cmake_prefix_path.ps1'
[0.955s] INFO:colcon.colcon_core.shell:Creating environment descriptor '/home/dali/ros2_ws/install/piper_moveit_config/share/piper_moveit_config/hook/cmake_prefix_path.dsv'
[0.955s] INFO:colcon.colcon_core.shell:Creating environment hook '/home/dali/ros2_ws/install/piper_moveit_config/share/piper_moveit_config/hook/cmake_prefix_path.sh'
[0.956s] Level 1:colcon.colcon_core.environment:checking '/home/dali/ros2_ws/install/piper_moveit_config/bin'
[0.956s] Level 1:colcon.colcon_core.environment:checking '/home/dali/ros2_ws/install/piper_moveit_config/lib/pkgconfig/piper_moveit_config.pc'
[0.956s] Level 1:colcon.colcon_core.environment:checking '/home/dali/ros2_ws/install/piper_moveit_config/lib/python3.12/site-packages'
[0.956s] Level 1:colcon.colcon_core.environment:checking '/home/dali/ros2_ws/install/piper_moveit_config/bin'
[0.956s] INFO:colcon.colcon_core.shell:Creating package script '/home/dali/ros2_ws/install/piper_moveit_config/share/piper_moveit_config/package.ps1'
[0.956s] INFO:colcon.colcon_core.shell:Creating package descriptor '/home/dali/ros2_ws/install/piper_moveit_config/share/piper_moveit_config/package.dsv'
[0.956s] INFO:colcon.colcon_core.shell:Creating package script '/home/dali/ros2_ws/install/piper_moveit_config/share/piper_moveit_config/package.sh'
[0.957s] INFO:colcon.colcon_core.shell:Creating package script '/home/dali/ros2_ws/install/piper_moveit_config/share/piper_moveit_config/package.bash'
[0.957s] INFO:colcon.colcon_core.shell:Creating package script '/home/dali/ros2_ws/install/piper_moveit_config/share/piper_moveit_config/package.zsh'
[0.957s] Level 1:colcon.colcon_core.environment:create_file_with_runtime_dependencies(/home/dali/ros2_ws/install/piper_moveit_config/share/colcon-core/packages/piper_moveit_config)
[0.957s] Level 1:colcon.colcon_core.environment:create_environment_scripts_only(piper_moveit_config)
[0.957s] Level 1:colcon.colcon_core.environment:checking '/home/dali/ros2_ws/install/piper_moveit_config' for CMake module files
[0.961s] Level 1:colcon.colcon_core.environment:checking '/home/dali/ros2_ws/install/piper_moveit_config' for CMake config files
[0.962s] Level 1:colcon.colcon_core.shell:create_environment_hook('piper_moveit_config', 'cmake_prefix_path')
[0.962s] INFO:colcon.colcon_core.shell:Creating environment hook '/home/dali/ros2_ws/install/piper_moveit_config/share/piper_moveit_config/hook/cmake_prefix_path.ps1'
[0.963s] INFO:colcon.colcon_core.shell:Creating environment descriptor '/home/dali/ros2_ws/install/piper_moveit_config/share/piper_moveit_config/hook/cmake_prefix_path.dsv'
[0.963s] INFO:colcon.colcon_core.shell:Creating environment hook '/home/dali/ros2_ws/install/piper_moveit_config/share/piper_moveit_config/hook/cmake_prefix_path.sh'
[0.964s] Level 1:colcon.colcon_core.environment:checking '/home/dali/ros2_ws/install/piper_moveit_config/bin'
[0.964s] Level 1:colcon.colcon_core.environment:checking '/home/dali/ros2_ws/install/piper_moveit_config/lib/pkgconfig/piper_moveit_config.pc'
[0.964s] Level 1:colcon.colcon_core.environment:checking '/home/dali/ros2_ws/install/piper_moveit_config/lib/python3.12/site-packages'
[0.964s] Level 1:colcon.colcon_core.environment:checking '/home/dali/ros2_ws/install/piper_moveit_config/bin'
[0.965s] INFO:colcon.colcon_core.shell:Creating package script '/home/dali/ros2_ws/install/piper_moveit_config/share/piper_moveit_config/package.ps1'
[0.965s] INFO:colcon.colcon_core.shell:Creating package descriptor '/home/dali/ros2_ws/install/piper_moveit_config/share/piper_moveit_config/package.dsv'
[0.966s] INFO:colcon.colcon_core.shell:Creating package script '/home/dali/ros2_ws/install/piper_moveit_config/share/piper_moveit_config/package.sh'
[0.967s] INFO:colcon.colcon_core.shell:Creating package script '/home/dali/ros2_ws/install/piper_moveit_config/share/piper_moveit_config/package.bash'
[0.967s] INFO:colcon.colcon_core.shell:Creating package script '/home/dali/ros2_ws/install/piper_moveit_config/share/piper_moveit_config/package.zsh'
[0.967s] Level 1:colcon.colcon_core.environment:create_file_with_runtime_dependencies(/home/dali/ros2_ws/install/piper_moveit_config/share/colcon-core/packages/piper_moveit_config)
[2.115s] DEBUG:colcon.colcon_core.event_handler.log_command:Invoked command in '/home/dali/ros2_ws/build/scene_graph_interfaces' returned '0': CMAKE_PREFIX_PATH=${CMAKE_PREFIX_PATH}:/opt/ros/jazzy DEBUGINFOD_URLS=https://debuginfod.ubuntu.com /usr/bin/cmake --build /home/dali/ros2_ws/build/scene_graph_interfaces -- -j4 -l4
[2.125s] DEBUG:colcon.colcon_core.event_handler.log_command:Invoking command in '/home/dali/ros2_ws/build/scene_graph_interfaces': CMAKE_PREFIX_PATH=${CMAKE_PREFIX_PATH}:/opt/ros/jazzy DEBUGINFOD_URLS=https://debuginfod.ubuntu.com /usr/bin/cmake --install /home/dali/ros2_ws/build/scene_graph_interfaces
[2.197s] Level 1:colcon.colcon_core.environment:create_environment_scripts_only(scene_graph_interfaces)
[2.197s] Level 1:colcon.colcon_core.environment:checking '/home/dali/ros2_ws/install/scene_graph_interfaces' for CMake module files
[2.202s] DEBUG:colcon.colcon_core.event_handler.log_command:Invoked command in '/home/dali/ros2_ws/build/scene_graph_interfaces' returned '0': CMAKE_PREFIX_PATH=${CMAKE_PREFIX_PATH}:/opt/ros/jazzy DEBUGINFOD_URLS=https://debuginfod.ubuntu.com /usr/bin/cmake --install /home/dali/ros2_ws/build/scene_graph_interfaces
[2.207s] Level 1:colcon.colcon_core.environment:checking '/home/dali/ros2_ws/install/scene_graph_interfaces' for CMake config files
[2.215s] Level 1:colcon.colcon_core.shell:create_environment_hook('scene_graph_interfaces', 'cmake_prefix_path')
[2.215s] INFO:colcon.colcon_core.shell:Creating environment hook '/home/dali/ros2_ws/install/scene_graph_interfaces/share/scene_graph_interfaces/hook/cmake_prefix_path.ps1'
[2.215s] INFO:colcon.colcon_core.shell:Creating environment descriptor '/home/dali/ros2_ws/install/scene_graph_interfaces/share/scene_graph_interfaces/hook/cmake_prefix_path.dsv'
[2.215s] INFO:colcon.colcon_core.shell:Creating environment hook '/home/dali/ros2_ws/install/scene_graph_interfaces/share/scene_graph_interfaces/hook/cmake_prefix_path.sh'
[2.215s] Level 1:colcon.colcon_core.environment:checking '/home/dali/ros2_ws/install/scene_graph_interfaces/lib'
[2.216s] Level 1:colcon.colcon_core.shell:create_environment_hook('scene_graph_interfaces', 'ld_library_path_lib')
[2.216s] INFO:colcon.colcon_core.shell:Creating environment hook '/home/dali/ros2_ws/install/scene_graph_interfaces/share/scene_graph_interfaces/hook/ld_library_path_lib.ps1'
[2.216s] INFO:colcon.colcon_core.shell:Creating environment descriptor '/home/dali/ros2_ws/install/scene_graph_interfaces/share/scene_graph_interfaces/hook/ld_library_path_lib.dsv'
[2.216s] INFO:colcon.colcon_core.shell:Creating environment hook '/home/dali/ros2_ws/install/scene_graph_interfaces/share/scene_graph_interfaces/hook/ld_library_path_lib.sh'
[2.216s] Level 1:colcon.colcon_core.environment:checking '/home/dali/ros2_ws/install/scene_graph_interfaces/bin'
[2.216s] Level 1:colcon.colcon_core.environment:checking '/home/dali/ros2_ws/install/scene_graph_interfaces/lib/pkgconfig/scene_graph_interfaces.pc'
[2.216s] Level 1:colcon.colcon_core.environment:checking '/home/dali/ros2_ws/install/scene_graph_interfaces/lib/python3.12/site-packages'
[2.216s] Level 1:colcon.colcon_core.shell:create_environment_hook('scene_graph_interfaces', 'pythonpath')
[2.216s] INFO:colcon.colcon_core.shell:Creating environment hook '/home/dali/ros2_ws/install/scene_graph_interfaces/share/scene_graph_interfaces/hook/pythonpath.ps1'
[2.217s] INFO:colcon.colcon_core.shell:Creating environment descriptor '/home/dali/ros2_ws/install/scene_graph_interfaces/share/scene_graph_interfaces/hook/pythonpath.dsv'
[2.217s] INFO:colcon.colcon_core.shell:Creating environment hook '/home/dali/ros2_ws/install/scene_graph_interfaces/share/scene_graph_interfaces/hook/pythonpath.sh'
[2.221s] Level 1:colcon.colcon_core.environment:checking '/home/dali/ros2_ws/install/scene_graph_interfaces/bin'
[2.222s] INFO:colcon.colcon_core.shell:Creating package script '/home/dali/ros2_ws/install/scene_graph_interfaces/share/scene_graph_interfaces/package.ps1'
[2.223s] INFO:colcon.colcon_core.shell:Creating package descriptor '/home/dali/ros2_ws/install/scene_graph_interfaces/share/scene_graph_interfaces/package.dsv'
[2.224s] INFO:colcon.colcon_core.shell:Creating package script '/home/dali/ros2_ws/install/scene_graph_interfaces/share/scene_graph_interfaces/package.sh'
[2.224s] INFO:colcon.colcon_core.shell:Creating package script '/home/dali/ros2_ws/install/scene_graph_interfaces/share/scene_graph_interfaces/package.bash'
[2.225s] INFO:colcon.colcon_core.shell:Creating package script '/home/dali/ros2_ws/install/scene_graph_interfaces/share/scene_graph_interfaces/package.zsh'
[2.226s] Level 1:colcon.colcon_core.environment:create_file_with_runtime_dependencies(/home/dali/ros2_ws/install/scene_graph_interfaces/share/colcon-core/packages/scene_graph_interfaces)
[2.226s] Level 1:colcon.colcon_core.environment:create_environment_scripts_only(scene_graph_interfaces)
[2.226s] Level 1:colcon.colcon_core.environment:checking '/home/dali/ros2_ws/install/scene_graph_interfaces' for CMake module files
[2.227s] Level 1:colcon.colcon_core.environment:checking '/home/dali/ros2_ws/install/scene_graph_interfaces' for CMake config files
[2.227s] Level 1:colcon.colcon_core.shell:create_environment_hook('scene_graph_interfaces', 'cmake_prefix_path')
[2.227s] INFO:colcon.colcon_core.shell:Creating environment hook '/home/dali/ros2_ws/install/scene_graph_interfaces/share/scene_graph_interfaces/hook/cmake_prefix_path.ps1'
[2.227s] INFO:colcon.colcon_core.shell:Creating environment descriptor '/home/dali/ros2_ws/install/scene_graph_interfaces/share/scene_graph_interfaces/hook/cmake_prefix_path.dsv'
[2.227s] INFO:colcon.colcon_core.shell:Creating environment hook '/home/dali/ros2_ws/install/scene_graph_interfaces/share/scene_graph_interfaces/hook/cmake_prefix_path.sh'
[2.228s] Level 1:colcon.colcon_core.environment:checking '/home/dali/ros2_ws/install/scene_graph_interfaces/lib'
[2.228s] Level 1:colcon.colcon_core.shell:create_environment_hook('scene_graph_interfaces', 'ld_library_path_lib')
[2.228s] INFO:colcon.colcon_core.shell:Creating environment hook '/home/dali/ros2_ws/install/scene_graph_interfaces/share/scene_graph_interfaces/hook/ld_library_path_lib.ps1'
[2.228s] INFO:colcon.colcon_core.shell:Creating environment descriptor '/home/dali/ros2_ws/install/scene_graph_interfaces/share/scene_graph_interfaces/hook/ld_library_path_lib.dsv'
[2.228s] INFO:colcon.colcon_core.shell:Creating environment hook '/home/dali/ros2_ws/install/scene_graph_interfaces/share/scene_graph_interfaces/hook/ld_library_path_lib.sh'
[2.228s] Level 1:colcon.colcon_core.environment:checking '/home/dali/ros2_ws/install/scene_graph_interfaces/bin'
[2.229s] Level 1:colcon.colcon_core.environment:checking '/home/dali/ros2_ws/install/scene_graph_interfaces/lib/pkgconfig/scene_graph_interfaces.pc'
[2.229s] Level 1:colcon.colcon_core.environment:checking '/home/dali/ros2_ws/install/scene_graph_interfaces/lib/python3.12/site-packages'
[2.229s] Level 1:colcon.colcon_core.shell:create_environment_hook('scene_graph_interfaces', 'pythonpath')
[2.229s] INFO:colcon.colcon_core.shell:Creating environment hook '/home/dali/ros2_ws/install/scene_graph_interfaces/share/scene_graph_interfaces/hook/pythonpath.ps1'
[2.229s] INFO:colcon.colcon_core.shell:Creating environment descriptor '/home/dali/ros2_ws/install/scene_graph_interfaces/share/scene_graph_interfaces/hook/pythonpath.dsv'
[2.229s] INFO:colcon.colcon_core.shell:Creating environment hook '/home/dali/ros2_ws/install/scene_graph_interfaces/share/scene_graph_interfaces/hook/pythonpath.sh'
[2.229s] Level 1:colcon.colcon_core.environment:checking '/home/dali/ros2_ws/install/scene_graph_interfaces/bin'
[2.230s] INFO:colcon.colcon_core.shell:Creating package script '/home/dali/ros2_ws/install/scene_graph_interfaces/share/scene_graph_interfaces/package.ps1'
[2.230s] INFO:colcon.colcon_core.shell:Creating package descriptor '/home/dali/ros2_ws/install/scene_graph_interfaces/share/scene_graph_interfaces/package.dsv'
[2.230s] INFO:colcon.colcon_core.shell:Creating package script '/home/dali/ros2_ws/install/scene_graph_interfaces/share/scene_graph_interfaces/package.sh'
[2.231s] INFO:colcon.colcon_core.shell:Creating package script '/home/dali/ros2_ws/install/scene_graph_interfaces/share/scene_graph_interfaces/package.bash'
[2.231s] INFO:colcon.colcon_core.shell:Creating package script '/home/dali/ros2_ws/install/scene_graph_interfaces/share/scene_graph_interfaces/package.zsh'
[2.231s] Level 1:colcon.colcon_core.environment:create_file_with_runtime_dependencies(/home/dali/ros2_ws/install/scene_graph_interfaces/share/colcon-core/packages/scene_graph_interfaces)
[2.231s] INFO:colcon.colcon_ros.task.ament_cmake.build:Building ROS package in '/home/dali/ros2_ws/src/piper_ros2/piper_bringup' with build type 'ament_cmake'
[2.231s] INFO:colcon.colcon_cmake.task.cmake.build:Building CMake package in '/home/dali/ros2_ws/src/piper_ros2/piper_bringup'
[2.231s] INFO:colcon.colcon_core.shell:Skip shell extension 'powershell' for command environment: Not usable outside of PowerShell
[2.231s] DEBUG:colcon.colcon_core.shell:Skip shell extension 'dsv' for command environment
[2.246s] DEBUG:colcon.colcon_core.event_handler.log_command:Invoking command in '/home/dali/ros2_ws/build/piper_bringup': CMAKE_PREFIX_PATH=/home/dali/ros2_ws/install/scene_graph_interfaces:/home/dali/ros2_ws/install/piper_bringup:/home/dali/ros2_ws/install/piper_moveit_config:/home/dali/ros2_ws/install/piper_description:/opt/ros/jazzy/opt/gz_sim_vendor:/opt/ros/jazzy/opt/gz_sensors_vendor:/opt/ros/jazzy/opt/gz_physics_vendor:/opt/ros/jazzy/opt/sdformat_vendor:/opt/ros/jazzy/opt/gz_gui_vendor:/opt/ros/jazzy/opt/gz_transport_vendor:/opt/ros/jazzy/opt/gz_rendering_vendor:/opt/ros/jazzy/opt/gz_plugin_vendor:/opt/ros/jazzy/opt/gz_fuel_tools_vendor:/opt/ros/jazzy/opt/gz_msgs_vendor:/opt/ros/jazzy/opt/gz_common_vendor:/opt/ros/jazzy/opt/gz_math_vendor:/opt/ros/jazzy/opt/gz_utils_vendor:/opt/ros/jazzy/opt/gz_tools_vendor:/opt/ros/jazzy/opt/gz_ogre_next_vendor:/opt/ros/jazzy/opt/gz_dartsim_vendor:/opt/ros/jazzy/opt/gz_cmake_vendor:/opt/ros/jazzy DEBUGINFOD_URLS=https://debuginfod.ubuntu.com /usr/bin/cmake --build /home/dali/ros2_ws/build/piper_bringup -- -j4 -l4
[18.251s] Level 1:colcon.colcon_core.environment:create_environment_scripts_only(piper_bringup)
[18.252s] Level 1:colcon.colcon_core.environment:checking '/home/dali/ros2_ws/install/piper_bringup' for CMake module files
[18.252s] DEBUG:colcon.colcon_core.event_handler.log_command:Invoked command in '/home/dali/ros2_ws/build/piper_bringup' returned '2': CMAKE_PREFIX_PATH=/home/dali/ros2_ws/install/scene_graph_interfaces:/home/dali/ros2_ws/install/piper_bringup:/home/dali/ros2_ws/install/piper_moveit_config:/home/dali/ros2_ws/install/piper_description:/opt/ros/jazzy/opt/gz_sim_vendor:/opt/ros/jazzy/opt/gz_sensors_vendor:/opt/ros/jazzy/opt/gz_physics_vendor:/opt/ros/jazzy/opt/sdformat_vendor:/opt/ros/jazzy/opt/gz_gui_vendor:/opt/ros/jazzy/opt/gz_transport_vendor:/opt/ros/jazzy/opt/gz_rendering_vendor:/opt/ros/jazzy/opt/gz_plugin_vendor:/opt/ros/jazzy/opt/gz_fuel_tools_vendor:/opt/ros/jazzy/opt/gz_msgs_vendor:/opt/ros/jazzy/opt/gz_common_vendor:/opt/ros/jazzy/opt/gz_math_vendor:/opt/ros/jazzy/opt/gz_utils_vendor:/opt/ros/jazzy/opt/gz_tools_vendor:/opt/ros/jazzy/opt/gz_ogre_next_vendor:/opt/ros/jazzy/opt/gz_dartsim_vendor:/opt/ros/jazzy/opt/gz_cmake_vendor:/opt/ros/jazzy DEBUGINFOD_URLS=https://debuginfod.ubuntu.com /usr/bin/cmake --build /home/dali/ros2_ws/build/piper_bringup -- -j4 -l4
[18.253s] Level 1:colcon.colcon_core.environment:checking '/home/dali/ros2_ws/install/piper_bringup' for CMake config files
[18.256s] Level 1:colcon.colcon_core.shell:create_environment_hook('piper_bringup', 'cmake_prefix_path')
[18.256s] INFO:colcon.colcon_core.shell:Creating environment hook '/home/dali/ros2_ws/install/piper_bringup/share/piper_bringup/hook/cmake_prefix_path.ps1'
[18.261s] INFO:colcon.colcon_core.shell:Creating environment descriptor '/home/dali/ros2_ws/install/piper_bringup/share/piper_bringup/hook/cmake_prefix_path.dsv'
[18.262s] INFO:colcon.colcon_core.shell:Creating environment hook '/home/dali/ros2_ws/install/piper_bringup/share/piper_bringup/hook/cmake_prefix_path.sh'
[18.262s] Level 1:colcon.colcon_core.environment:checking '/home/dali/ros2_ws/install/piper_bringup/lib'
[18.262s] Level 1:colcon.colcon_core.environment:checking '/home/dali/ros2_ws/install/piper_bringup/bin'
[18.262s] Level 1:colcon.colcon_core.environment:checking '/home/dali/ros2_ws/install/piper_bringup/lib/pkgconfig/piper_bringup.pc'
[18.263s] Level 1:colcon.colcon_core.environment:checking '/home/dali/ros2_ws/install/piper_bringup/lib/python3.12/site-packages'
[18.263s] Level 1:colcon.colcon_core.environment:checking '/home/dali/ros2_ws/install/piper_bringup/bin'
[18.263s] INFO:colcon.colcon_core.shell:Creating package script '/home/dali/ros2_ws/install/piper_bringup/share/piper_bringup/package.ps1'
[18.266s] INFO:colcon.colcon_core.shell:Creating package descriptor '/home/dali/ros2_ws/install/piper_bringup/share/piper_bringup/package.dsv'
[18.267s] INFO:colcon.colcon_core.shell:Creating package script '/home/dali/ros2_ws/install/piper_bringup/share/piper_bringup/package.sh'
[18.267s] INFO:colcon.colcon_core.shell:Creating package script '/home/dali/ros2_ws/install/piper_bringup/share/piper_bringup/package.bash'
[18.268s] INFO:colcon.colcon_core.shell:Creating package script '/home/dali/ros2_ws/install/piper_bringup/share/piper_bringup/package.zsh'
[18.269s] Level 1:colcon.colcon_core.environment:create_file_with_runtime_dependencies(/home/dali/ros2_ws/install/piper_bringup/share/colcon-core/packages/piper_bringup)
[18.283s] DEBUG:colcon.colcon_parallel_executor.executor.parallel:closing loop
[18.283s] DEBUG:colcon.colcon_parallel_executor.executor.parallel:loop closed
[18.283s] DEBUG:colcon.colcon_parallel_executor.executor.parallel:run_until_complete finished with '2'
[18.283s] DEBUG:colcon.colcon_core.event_reactor:joining thread
[18.321s] INFO:colcon.colcon_core.plugin_system:Skipping extension 'colcon_notification.desktop_notification.terminal_notifier': Not used on non-Darwin systems
[18.322s] INFO:colcon.colcon_core.plugin_system:Skipping extension 'colcon_notification.desktop_notification.win32': Not used on non-Windows systems
[18.322s] INFO:colcon.colcon_notification.desktop_notification:Sending desktop notification using 'notify2'
[18.356s] DEBUG:colcon.colcon_core.event_reactor:joined thread
[18.356s] INFO:colcon.colcon_core.shell:Creating prefix script '/home/dali/ros2_ws/install/local_setup.ps1'
[18.357s] INFO:colcon.colcon_core.shell:Creating prefix util module '/home/dali/ros2_ws/install/_local_setup_util_ps1.py'
[18.358s] INFO:colcon.colcon_core.shell:Creating prefix chain script '/home/dali/ros2_ws/install/setup.ps1'
[18.367s] INFO:colcon.colcon_core.shell:Creating prefix script '/home/dali/ros2_ws/install/local_setup.sh'
[18.369s] INFO:colcon.colcon_core.shell:Creating prefix util module '/home/dali/ros2_ws/install/_local_setup_util_sh.py'
[18.369s] INFO:colcon.colcon_core.shell:Creating prefix chain script '/home/dali/ros2_ws/install/setup.sh'
[18.371s] INFO:colcon.colcon_core.shell:Creating prefix script '/home/dali/ros2_ws/install/local_setup.bash'
[18.371s] INFO:colcon.colcon_core.shell:Creating prefix chain script '/home/dali/ros2_ws/install/setup.bash'
[18.375s] INFO:colcon.colcon_core.shell:Creating prefix script '/home/dali/ros2_ws/install/local_setup.zsh'
[18.379s] INFO:colcon.colcon_core.shell:Creating prefix chain script '/home/dali/ros2_ws/install/setup.zsh'
