[0.155s] DEBUG:colcon:Command line arguments: ['/usr/bin/colcon', 'build']
[0.156s] DEBUG:colcon:Parsed command line arguments: Namespace(log_base=None, log_level=None, verb_name='build', build_base='build', install_base='install', merge_install=False, symlink_install=False, test_result_base=None, continue_on_error=False, executor='parallel', parallel_workers=4, event_handlers=None, ignore_user_meta=False, metas=['./colcon.meta'], base_paths=['.'], packages_ignore=None, packages_ignore_regex=None, paths=None, packages_up_to=None, packages_up_to_regex=None, packages_above=None, packages_above_and_dependencies=None, packages_above_depth=None, packages_select_by_dep=None, packages_skip_by_dep=None, packages_skip_up_to=None, packages_select_build_failed=False, packages_skip_build_finished=False, packages_select_test_failures=False, packages_skip_test_passed=False, packages_select=None, packages_skip=None, packages_select_regex=None, packages_skip_regex=None, packages_start=None, packages_end=None, allow_overriding=[], cmake_args=None, cmake_target=None, cmake_target_skip_unavailable=False, cmake_clean_cache=False, cmake_clean_first=False, cmake_force_configure=False, ament_cmake_args=None, catkin_cmake_args=None, catkin_skip_building_tests=False, mixin_files=None, mixin=None, verb_parser=<colcon_mixin.mixin.mixin_argument.MixinArgumentDecorator object at 0xe83778306420>, verb_extension=<colcon_core.verb.build.BuildVerb object at 0xe83778305df0>, main=<bound method BuildVerb.main of <colcon_core.verb.build.BuildVerb object at 0xe83778305df0>>, mixin_verb=('build',))
[0.488s] Level 1:colcon.colcon_core.package_discovery:discover_packages(colcon_meta) check parameters
[0.491s] Level 1:colcon.colcon_core.package_discovery:discover_packages(recursive) check parameters
[0.491s] Level 1:colcon.colcon_core.package_discovery:discover_packages(ignore) check parameters
[0.491s] Level 1:colcon.colcon_core.package_discovery:discover_packages(path) check parameters
[0.491s] Level 1:colcon.colcon_core.package_discovery:discover_packages(colcon_meta) discover
[0.492s] Level 1:colcon.colcon_core.package_discovery:discover_packages(recursive) discover
[0.492s] INFO:colcon.colcon_core.package_discovery:Crawling recursively for packages in '/home/dali/ros2_ws'
[0.492s] Level 1:colcon.colcon_core.package_identification:_identify(.) by extensions ['ignore', 'ignore_ament_install']
[0.492s] Level 1:colcon.colcon_core.package_identification:_identify(.) by extension 'ignore'
[0.492s] Level 1:colcon.colcon_core.package_identification:_identify(.) by extension 'ignore_ament_install'
[0.492s] Level 1:colcon.colcon_core.package_identification:_identify(.) by extensions ['colcon_pkg']
[0.492s] Level 1:colcon.colcon_core.package_identification:_identify(.) by extension 'colcon_pkg'
[0.492s] Level 1:colcon.colcon_core.package_identification:_identify(.) by extensions ['colcon_meta']
[0.492s] Level 1:colcon.colcon_core.package_identification:_identify(.) by extension 'colcon_meta'
[0.492s] Level 1:colcon.colcon_core.package_identification:_identify(.) by extensions ['ros']
[0.492s] Level 1:colcon.colcon_core.package_identification:_identify(.) by extension 'ros'
[0.603s] Level 1:colcon.colcon_core.package_identification:_identify(.) by extensions ['cmake', 'python']
[0.603s] Level 1:colcon.colcon_core.package_identification:_identify(.) by extension 'cmake'
[0.603s] Level 1:colcon.colcon_core.package_identification:_identify(.) by extension 'python'
[0.603s] Level 1:colcon.colcon_core.package_identification:_identify(.) by extensions ['python_setup_py']
[0.603s] Level 1:colcon.colcon_core.package_identification:_identify(.) by extension 'python_setup_py'
[0.604s] Level 1:colcon.colcon_core.package_identification:_identify(build) by extensions ['ignore', 'ignore_ament_install']
[0.604s] Level 1:colcon.colcon_core.package_identification:_identify(build) by extension 'ignore'
[0.604s] Level 1:colcon.colcon_core.package_identification:_identify(build) ignored
[0.604s] Level 1:colcon.colcon_core.package_identification:_identify(install) by extensions ['ignore', 'ignore_ament_install']
[0.604s] Level 1:colcon.colcon_core.package_identification:_identify(install) by extension 'ignore'
[0.604s] Level 1:colcon.colcon_core.package_identification:_identify(install) ignored
[0.605s] Level 1:colcon.colcon_core.package_identification:_identify(log) by extensions ['ignore', 'ignore_ament_install']
[0.605s] Level 1:colcon.colcon_core.package_identification:_identify(log) by extension 'ignore'
[0.605s] Level 1:colcon.colcon_core.package_identification:_identify(log) ignored
[0.605s] Level 1:colcon.colcon_core.package_identification:_identify(src) by extensions ['ignore', 'ignore_ament_install']
[0.605s] Level 1:colcon.colcon_core.package_identification:_identify(src) by extension 'ignore'
[0.605s] Level 1:colcon.colcon_core.package_identification:_identify(src) by extension 'ignore_ament_install'
[0.605s] Level 1:colcon.colcon_core.package_identification:_identify(src) by extensions ['colcon_pkg']
[0.605s] Level 1:colcon.colcon_core.package_identification:_identify(src) by extension 'colcon_pkg'
[0.605s] Level 1:colcon.colcon_core.package_identification:_identify(src) by extensions ['colcon_meta']
[0.605s] Level 1:colcon.colcon_core.package_identification:_identify(src) by extension 'colcon_meta'
[0.605s] Level 1:colcon.colcon_core.package_identification:_identify(src) by extensions ['ros']
[0.605s] Level 1:colcon.colcon_core.package_identification:_identify(src) by extension 'ros'
[0.606s] Level 1:colcon.colcon_core.package_identification:_identify(src) by extensions ['cmake', 'python']
[0.606s] Level 1:colcon.colcon_core.package_identification:_identify(src) by extension 'cmake'
[0.606s] Level 1:colcon.colcon_core.package_identification:_identify(src) by extension 'python'
[0.606s] Level 1:colcon.colcon_core.package_identification:_identify(src) by extensions ['python_setup_py']
[0.606s] Level 1:colcon.colcon_core.package_identification:_identify(src) by extension 'python_setup_py'
[0.606s] Level 1:colcon.colcon_core.package_identification:_identify(src/piper_ros2) by extensions ['ignore', 'ignore_ament_install']
[0.607s] Level 1:colcon.colcon_core.package_identification:_identify(src/piper_ros2) by extension 'ignore'
[0.607s] Level 1:colcon.colcon_core.package_identification:_identify(src/piper_ros2) by extension 'ignore_ament_install'
[0.607s] Level 1:colcon.colcon_core.package_identification:_identify(src/piper_ros2) by extensions ['colcon_pkg']
[0.607s] Level 1:colcon.colcon_core.package_identification:_identify(src/piper_ros2) by extension 'colcon_pkg'
[0.607s] Level 1:colcon.colcon_core.package_identification:_identify(src/piper_ros2) by extensions ['colcon_meta']
[0.607s] Level 1:colcon.colcon_core.package_identification:_identify(src/piper_ros2) by extension 'colcon_meta'
[0.607s] Level 1:colcon.colcon_core.package_identification:_identify(src/piper_ros2) by extensions ['ros']
[0.607s] Level 1:colcon.colcon_core.package_identification:_identify(src/piper_ros2) by extension 'ros'
[0.607s] Level 1:colcon.colcon_core.package_identification:_identify(src/piper_ros2) by extensions ['cmake', 'python']
[0.607s] Level 1:colcon.colcon_core.package_identification:_identify(src/piper_ros2) by extension 'cmake'
[0.607s] Level 1:colcon.colcon_core.package_identification:_identify(src/piper_ros2) by extension 'python'
[0.607s] Level 1:colcon.colcon_core.package_identification:_identify(src/piper_ros2) by extensions ['python_setup_py']
[0.607s] Level 1:colcon.colcon_core.package_identification:_identify(src/piper_ros2) by extension 'python_setup_py'
[0.607s] Level 1:colcon.colcon_core.package_identification:_identify(src/piper_ros2/docs) by extensions ['ignore', 'ignore_ament_install']
[0.607s] Level 1:colcon.colcon_core.package_identification:_identify(src/piper_ros2/docs) by extension 'ignore'
[0.607s] Level 1:colcon.colcon_core.package_identification:_identify(src/piper_ros2/docs) by extension 'ignore_ament_install'
[0.607s] Level 1:colcon.colcon_core.package_identification:_identify(src/piper_ros2/docs) by extensions ['colcon_pkg']
[0.607s] Level 1:colcon.colcon_core.package_identification:_identify(src/piper_ros2/docs) by extension 'colcon_pkg'
[0.607s] Level 1:colcon.colcon_core.package_identification:_identify(src/piper_ros2/docs) by extensions ['colcon_meta']
[0.607s] Level 1:colcon.colcon_core.package_identification:_identify(src/piper_ros2/docs) by extension 'colcon_meta'
[0.607s] Level 1:colcon.colcon_core.package_identification:_identify(src/piper_ros2/docs) by extensions ['ros']
[0.607s] Level 1:colcon.colcon_core.package_identification:_identify(src/piper_ros2/docs) by extension 'ros'
[0.607s] Level 1:colcon.colcon_core.package_identification:_identify(src/piper_ros2/docs) by extensions ['cmake', 'python']
[0.607s] Level 1:colcon.colcon_core.package_identification:_identify(src/piper_ros2/docs) by extension 'cmake'
[0.607s] Level 1:colcon.colcon_core.package_identification:_identify(src/piper_ros2/docs) by extension 'python'
[0.607s] Level 1:colcon.colcon_core.package_identification:_identify(src/piper_ros2/docs) by extensions ['python_setup_py']
[0.607s] Level 1:colcon.colcon_core.package_identification:_identify(src/piper_ros2/docs) by extension 'python_setup_py'
[0.608s] Level 1:colcon.colcon_core.package_identification:_identify(src/piper_ros2/piper_bringup) by extensions ['ignore', 'ignore_ament_install']
[0.608s] Level 1:colcon.colcon_core.package_identification:_identify(src/piper_ros2/piper_bringup) by extension 'ignore'
[0.608s] Level 1:colcon.colcon_core.package_identification:_identify(src/piper_ros2/piper_bringup) by extension 'ignore_ament_install'
[0.608s] Level 1:colcon.colcon_core.package_identification:_identify(src/piper_ros2/piper_bringup) by extensions ['colcon_pkg']
[0.608s] Level 1:colcon.colcon_core.package_identification:_identify(src/piper_ros2/piper_bringup) by extension 'colcon_pkg'
[0.608s] Level 1:colcon.colcon_core.package_identification:_identify(src/piper_ros2/piper_bringup) by extensions ['colcon_meta']
[0.608s] Level 1:colcon.colcon_core.package_identification:_identify(src/piper_ros2/piper_bringup) by extension 'colcon_meta'
[0.608s] Level 1:colcon.colcon_core.package_identification:_identify(src/piper_ros2/piper_bringup) by extensions ['ros']
[0.608s] Level 1:colcon.colcon_core.package_identification:_identify(src/piper_ros2/piper_bringup) by extension 'ros'
[0.611s] DEBUG:colcon.colcon_core.package_identification:Package 'src/piper_ros2/piper_bringup' with type 'ros.ament_cmake' and name 'piper_bringup'
[0.611s] Level 1:colcon.colcon_core.package_identification:_identify(src/piper_ros2/piper_description) by extensions ['ignore', 'ignore_ament_install']
[0.611s] Level 1:colcon.colcon_core.package_identification:_identify(src/piper_ros2/piper_description) by extension 'ignore'
[0.611s] Level 1:colcon.colcon_core.package_identification:_identify(src/piper_ros2/piper_description) by extension 'ignore_ament_install'
[0.611s] Level 1:colcon.colcon_core.package_identification:_identify(src/piper_ros2/piper_description) by extensions ['colcon_pkg']
[0.611s] Level 1:colcon.colcon_core.package_identification:_identify(src/piper_ros2/piper_description) by extension 'colcon_pkg'
[0.611s] Level 1:colcon.colcon_core.package_identification:_identify(src/piper_ros2/piper_description) by extensions ['colcon_meta']
[0.611s] Level 1:colcon.colcon_core.package_identification:_identify(src/piper_ros2/piper_description) by extension 'colcon_meta'
[0.611s] Level 1:colcon.colcon_core.package_identification:_identify(src/piper_ros2/piper_description) by extensions ['ros']
[0.611s] Level 1:colcon.colcon_core.package_identification:_identify(src/piper_ros2/piper_description) by extension 'ros'
[0.612s] DEBUG:colcon.colcon_core.package_identification:Package 'src/piper_ros2/piper_description' with type 'ros.ament_cmake' and name 'piper_description'
[0.612s] Level 1:colcon.colcon_core.package_identification:_identify(src/piper_ros2/piper_moveit_config) by extensions ['ignore', 'ignore_ament_install']
[0.612s] Level 1:colcon.colcon_core.package_identification:_identify(src/piper_ros2/piper_moveit_config) by extension 'ignore'
[0.612s] Level 1:colcon.colcon_core.package_identification:_identify(src/piper_ros2/piper_moveit_config) by extension 'ignore_ament_install'
[0.612s] Level 1:colcon.colcon_core.package_identification:_identify(src/piper_ros2/piper_moveit_config) by extensions ['colcon_pkg']
[0.612s] Level 1:colcon.colcon_core.package_identification:_identify(src/piper_ros2/piper_moveit_config) by extension 'colcon_pkg'
[0.612s] Level 1:colcon.colcon_core.package_identification:_identify(src/piper_ros2/piper_moveit_config) by extensions ['colcon_meta']
[0.612s] Level 1:colcon.colcon_core.package_identification:_identify(src/piper_ros2/piper_moveit_config) by extension 'colcon_meta'
[0.612s] Level 1:colcon.colcon_core.package_identification:_identify(src/piper_ros2/piper_moveit_config) by extensions ['ros']
[0.612s] Level 1:colcon.colcon_core.package_identification:_identify(src/piper_ros2/piper_moveit_config) by extension 'ros'
[0.613s] DEBUG:colcon.colcon_core.package_identification:Package 'src/piper_ros2/piper_moveit_config' with type 'ros.ament_cmake' and name 'piper_moveit_config'
[0.613s] Level 1:colcon.colcon_core.package_identification:_identify(src/scene_graph_interfaces) by extensions ['ignore', 'ignore_ament_install']
[0.614s] Level 1:colcon.colcon_core.package_identification:_identify(src/scene_graph_interfaces) by extension 'ignore'
[0.614s] Level 1:colcon.colcon_core.package_identification:_identify(src/scene_graph_interfaces) by extension 'ignore_ament_install'
[0.614s] Level 1:colcon.colcon_core.package_identification:_identify(src/scene_graph_interfaces) by extensions ['colcon_pkg']
[0.614s] Level 1:colcon.colcon_core.package_identification:_identify(src/scene_graph_interfaces) by extension 'colcon_pkg'
[0.614s] Level 1:colcon.colcon_core.package_identification:_identify(src/scene_graph_interfaces) by extensions ['colcon_meta']
[0.614s] Level 1:colcon.colcon_core.package_identification:_identify(src/scene_graph_interfaces) by extension 'colcon_meta'
[0.614s] Level 1:colcon.colcon_core.package_identification:_identify(src/scene_graph_interfaces) by extensions ['ros']
[0.614s] Level 1:colcon.colcon_core.package_identification:_identify(src/scene_graph_interfaces) by extension 'ros'
[0.617s] DEBUG:colcon.colcon_core.package_identification:Package 'src/scene_graph_interfaces' with type 'ros.ament_cmake' and name 'scene_graph_interfaces'
[0.617s] Level 1:colcon.colcon_core.package_discovery:discover_packages(recursive) using defaults
[0.617s] Level 1:colcon.colcon_core.package_discovery:discover_packages(ignore) discover
[0.617s] Level 1:colcon.colcon_core.package_discovery:discover_packages(ignore) using defaults
[0.617s] Level 1:colcon.colcon_core.package_discovery:discover_packages(path) discover
[0.617s] Level 1:colcon.colcon_core.package_discovery:discover_packages(path) using defaults
[0.662s] Level 1:colcon.colcon_core.package_discovery:discover_packages(prefix_path) check parameters
[0.662s] Level 1:colcon.colcon_core.package_discovery:discover_packages(prefix_path) discover
[0.664s] DEBUG:colcon.colcon_installed_package_information.package_discovery:Found 4 installed packages in /home/dali/ros2_ws/install
[0.666s] DEBUG:colcon.colcon_installed_package_information.package_discovery:Found 413 installed packages in /opt/ros/jazzy
[0.667s] Level 1:colcon.colcon_core.package_discovery:discover_packages(prefix_path) using defaults
[0.807s] Level 5:colcon.colcon_core.verb:set package 'piper_description' build argument 'cmake_args' from command line to 'None'
[0.807s] Level 5:colcon.colcon_core.verb:set package 'piper_description' build argument 'cmake_target' from command line to 'None'
[0.807s] Level 5:colcon.colcon_core.verb:set package 'piper_description' build argument 'cmake_target_skip_unavailable' from command line to 'False'
[0.807s] Level 5:colcon.colcon_core.verb:set package 'piper_description' build argument 'cmake_clean_cache' from command line to 'False'
[0.807s] Level 5:colcon.colcon_core.verb:set package 'piper_description' build argument 'cmake_clean_first' from command line to 'False'
[0.807s] Level 5:colcon.colcon_core.verb:set package 'piper_description' build argument 'cmake_force_configure' from command line to 'False'
[0.807s] Level 5:colcon.colcon_core.verb:set package 'piper_description' build argument 'ament_cmake_args' from command line to 'None'
[0.807s] Level 5:colcon.colcon_core.verb:set package 'piper_description' build argument 'catkin_cmake_args' from command line to 'None'
[0.807s] Level 5:colcon.colcon_core.verb:set package 'piper_description' build argument 'catkin_skip_building_tests' from command line to 'False'
[0.807s] DEBUG:colcon.colcon_core.verb:Building package 'piper_description' with the following arguments: {'ament_cmake_args': None, 'build_base': '/home/dali/ros2_ws/build/piper_description', 'catkin_cmake_args': None, 'catkin_skip_building_tests': False, 'cmake_args': None, 'cmake_clean_cache': False, 'cmake_clean_first': False, 'cmake_force_configure': False, 'cmake_target': None, 'cmake_target_skip_unavailable': False, 'install_base': '/home/dali/ros2_ws/install/piper_description', 'merge_install': False, 'path': '/home/dali/ros2_ws/src/piper_ros2/piper_description', 'symlink_install': False, 'test_result_base': None}
[0.807s] Level 5:colcon.colcon_core.verb:set package 'scene_graph_interfaces' build argument 'cmake_args' from command line to 'None'
[0.807s] Level 5:colcon.colcon_core.verb:set package 'scene_graph_interfaces' build argument 'cmake_target' from command line to 'None'
[0.807s] Level 5:colcon.colcon_core.verb:set package 'scene_graph_interfaces' build argument 'cmake_target_skip_unavailable' from command line to 'False'
[0.807s] Level 5:colcon.colcon_core.verb:set package 'scene_graph_interfaces' build argument 'cmake_clean_cache' from command line to 'False'
[0.807s] Level 5:colcon.colcon_core.verb:set package 'scene_graph_interfaces' build argument 'cmake_clean_first' from command line to 'False'
[0.807s] Level 5:colcon.colcon_core.verb:set package 'scene_graph_interfaces' build argument 'cmake_force_configure' from command line to 'False'
[0.807s] Level 5:colcon.colcon_core.verb:set package 'scene_graph_interfaces' build argument 'ament_cmake_args' from command line to 'None'
[0.807s] Level 5:colcon.colcon_core.verb:set package 'scene_graph_interfaces' build argument 'catkin_cmake_args' from command line to 'None'
[0.807s] Level 5:colcon.colcon_core.verb:set package 'scene_graph_interfaces' build argument 'catkin_skip_building_tests' from command line to 'False'
[0.807s] DEBUG:colcon.colcon_core.verb:Building package 'scene_graph_interfaces' with the following arguments: {'ament_cmake_args': None, 'build_base': '/home/dali/ros2_ws/build/scene_graph_interfaces', 'catkin_cmake_args': None, 'catkin_skip_building_tests': False, 'cmake_args': None, 'cmake_clean_cache': False, 'cmake_clean_first': False, 'cmake_force_configure': False, 'cmake_target': None, 'cmake_target_skip_unavailable': False, 'install_base': '/home/dali/ros2_ws/install/scene_graph_interfaces', 'merge_install': False, 'path': '/home/dali/ros2_ws/src/scene_graph_interfaces', 'symlink_install': False, 'test_result_base': None}
[0.807s] Level 5:colcon.colcon_core.verb:set package 'piper_bringup' build argument 'cmake_args' from command line to 'None'
[0.807s] Level 5:colcon.colcon_core.verb:set package 'piper_bringup' build argument 'cmake_target' from command line to 'None'
[0.808s] Level 5:colcon.colcon_core.verb:set package 'piper_bringup' build argument 'cmake_target_skip_unavailable' from command line to 'False'
[0.808s] Level 5:colcon.colcon_core.verb:set package 'piper_bringup' build argument 'cmake_clean_cache' from command line to 'False'
[0.808s] Level 5:colcon.colcon_core.verb:set package 'piper_bringup' build argument 'cmake_clean_first' from command line to 'False'
[0.808s] Level 5:colcon.colcon_core.verb:set package 'piper_bringup' build argument 'cmake_force_configure' from command line to 'False'
[0.808s] Level 5:colcon.colcon_core.verb:set package 'piper_bringup' build argument 'ament_cmake_args' from command line to 'None'
[0.808s] Level 5:colcon.colcon_core.verb:set package 'piper_bringup' build argument 'catkin_cmake_args' from command line to 'None'
[0.808s] Level 5:colcon.colcon_core.verb:set package 'piper_bringup' build argument 'catkin_skip_building_tests' from command line to 'False'
[0.808s] DEBUG:colcon.colcon_core.verb:Building package 'piper_bringup' with the following arguments: {'ament_cmake_args': None, 'build_base': '/home/dali/ros2_ws/build/piper_bringup', 'catkin_cmake_args': None, 'catkin_skip_building_tests': False, 'cmake_args': None, 'cmake_clean_cache': False, 'cmake_clean_first': False, 'cmake_force_configure': False, 'cmake_target': None, 'cmake_target_skip_unavailable': False, 'install_base': '/home/dali/ros2_ws/install/piper_bringup', 'merge_install': False, 'path': '/home/dali/ros2_ws/src/piper_ros2/piper_bringup', 'symlink_install': False, 'test_result_base': None}
[0.808s] Level 5:colcon.colcon_core.verb:set package 'piper_moveit_config' build argument 'cmake_args' from command line to 'None'
[0.808s] Level 5:colcon.colcon_core.verb:set package 'piper_moveit_config' build argument 'cmake_target' from command line to 'None'
[0.808s] Level 5:colcon.colcon_core.verb:set package 'piper_moveit_config' build argument 'cmake_target_skip_unavailable' from command line to 'False'
[0.808s] Level 5:colcon.colcon_core.verb:set package 'piper_moveit_config' build argument 'cmake_clean_cache' from command line to 'False'
[0.808s] Level 5:colcon.colcon_core.verb:set package 'piper_moveit_config' build argument 'cmake_clean_first' from command line to 'False'
[0.808s] Level 5:colcon.colcon_core.verb:set package 'piper_moveit_config' build argument 'cmake_force_configure' from command line to 'False'
[0.808s] Level 5:colcon.colcon_core.verb:set package 'piper_moveit_config' build argument 'ament_cmake_args' from command line to 'None'
[0.808s] Level 5:colcon.colcon_core.verb:set package 'piper_moveit_config' build argument 'catkin_cmake_args' from command line to 'None'
[0.808s] Level 5:colcon.colcon_core.verb:set package 'piper_moveit_config' build argument 'catkin_skip_building_tests' from command line to 'False'
[0.808s] DEBUG:colcon.colcon_core.verb:Building package 'piper_moveit_config' with the following arguments: {'ament_cmake_args': None, 'build_base': '/home/dali/ros2_ws/build/piper_moveit_config', 'catkin_cmake_args': None, 'catkin_skip_building_tests': False, 'cmake_args': None, 'cmake_clean_cache': False, 'cmake_clean_first': False, 'cmake_force_configure': False, 'cmake_target': None, 'cmake_target_skip_unavailable': False, 'install_base': '/home/dali/ros2_ws/install/piper_moveit_config', 'merge_install': False, 'path': '/home/dali/ros2_ws/src/piper_ros2/piper_moveit_config', 'symlink_install': False, 'test_result_base': None}
[0.808s] INFO:colcon.colcon_core.executor:Executing jobs using 'parallel' executor
[0.809s] DEBUG:colcon.colcon_parallel_executor.executor.parallel:run_until_complete
[0.809s] INFO:colcon.colcon_ros.task.ament_cmake.build:Building ROS package in '/home/dali/ros2_ws/src/piper_ros2/piper_description' with build type 'ament_cmake'
[0.810s] INFO:colcon.colcon_cmake.task.cmake.build:Building CMake package in '/home/dali/ros2_ws/src/piper_ros2/piper_description'
[0.811s] INFO:colcon.colcon_core.plugin_system:Skipping extension 'colcon_core.shell.bat': Not used on non-Windows systems
[0.811s] INFO:colcon.colcon_core.shell:Skip shell extension 'powershell' for command environment: Not usable outside of PowerShell
[0.811s] DEBUG:colcon.colcon_core.shell:Skip shell extension 'dsv' for command environment
[0.837s] INFO:colcon.colcon_ros.task.ament_cmake.build:Building ROS package in '/home/dali/ros2_ws/src/scene_graph_interfaces' with build type 'ament_cmake'
[0.838s] INFO:colcon.colcon_cmake.task.cmake.build:Building CMake package in '/home/dali/ros2_ws/src/scene_graph_interfaces'
[0.838s] INFO:colcon.colcon_core.shell:Skip shell extension 'powershell' for command environment: Not usable outside of PowerShell
[0.838s] DEBUG:colcon.colcon_core.shell:Skip shell extension 'dsv' for command environment
[0.861s] DEBUG:colcon.colcon_core.event_handler.log_command:Invoking command in '/home/dali/ros2_ws/build/scene_graph_interfaces': CMAKE_PREFIX_PATH=${CMAKE_PREFIX_PATH}:/opt/ros/jazzy DEBUGINFOD_URLS=https://debuginfod.ubuntu.com /usr/bin/cmake --build /home/dali/ros2_ws/build/scene_graph_interfaces -- -j4 -l4
[0.890s] DEBUG:colcon.colcon_core.event_handler.log_command:Invoking command in '/home/dali/ros2_ws/build/piper_description': CMAKE_PREFIX_PATH=${CMAKE_PREFIX_PATH}:/opt/ros/jazzy DEBUGINFOD_URLS=https://debuginfod.ubuntu.com /usr/bin/cmake --build /home/dali/ros2_ws/build/piper_description -- -j4 -l4
[1.010s] DEBUG:colcon.colcon_core.event_handler.log_command:Invoked command in '/home/dali/ros2_ws/build/piper_description' returned '0': CMAKE_PREFIX_PATH=${CMAKE_PREFIX_PATH}:/opt/ros/jazzy DEBUGINFOD_URLS=https://debuginfod.ubuntu.com /usr/bin/cmake --build /home/dali/ros2_ws/build/piper_description -- -j4 -l4
[1.038s] DEBUG:colcon.colcon_core.event_handler.log_command:Invoking command in '/home/dali/ros2_ws/build/piper_description': CMAKE_PREFIX_PATH=${CMAKE_PREFIX_PATH}:/opt/ros/jazzy DEBUGINFOD_URLS=https://debuginfod.ubuntu.com /usr/bin/cmake --install /home/dali/ros2_ws/build/piper_description
[1.077s] Level 1:colcon.colcon_core.environment:create_environment_scripts_only(piper_description)
[1.078s] Level 1:colcon.colcon_core.environment:checking '/home/dali/ros2_ws/install/piper_description' for CMake module files
[1.079s] DEBUG:colcon.colcon_core.event_handler.log_command:Invoked command in '/home/dali/ros2_ws/build/piper_description' returned '0': CMAKE_PREFIX_PATH=${CMAKE_PREFIX_PATH}:/opt/ros/jazzy DEBUGINFOD_URLS=https://debuginfod.ubuntu.com /usr/bin/cmake --install /home/dali/ros2_ws/build/piper_description
[1.082s] Level 1:colcon.colcon_core.environment:checking '/home/dali/ros2_ws/install/piper_description' for CMake config files
[1.083s] Level 1:colcon.colcon_core.shell:create_environment_hook('piper_description', 'cmake_prefix_path')
[1.083s] INFO:colcon.colcon_core.shell:Creating environment hook '/home/dali/ros2_ws/install/piper_description/share/piper_description/hook/cmake_prefix_path.ps1'
[1.084s] INFO:colcon.colcon_core.shell:Creating environment descriptor '/home/dali/ros2_ws/install/piper_description/share/piper_description/hook/cmake_prefix_path.dsv'
[1.085s] INFO:colcon.colcon_core.shell:Creating environment hook '/home/dali/ros2_ws/install/piper_description/share/piper_description/hook/cmake_prefix_path.sh'
[1.086s] Level 1:colcon.colcon_core.environment:checking '/home/dali/ros2_ws/install/piper_description/bin'
[1.086s] Level 1:colcon.colcon_core.environment:checking '/home/dali/ros2_ws/install/piper_description/lib/pkgconfig/piper_description.pc'
[1.086s] Level 1:colcon.colcon_core.environment:checking '/home/dali/ros2_ws/install/piper_description/lib/python3.12/site-packages'
[1.089s] Level 1:colcon.colcon_core.environment:checking '/home/dali/ros2_ws/install/piper_description/bin'
[1.089s] INFO:colcon.colcon_core.shell:Creating package script '/home/dali/ros2_ws/install/piper_description/share/piper_description/package.ps1'
[1.090s] INFO:colcon.colcon_core.shell:Creating package descriptor '/home/dali/ros2_ws/install/piper_description/share/piper_description/package.dsv'
[1.095s] INFO:colcon.colcon_core.shell:Creating package script '/home/dali/ros2_ws/install/piper_description/share/piper_description/package.sh'
[1.096s] INFO:colcon.colcon_core.shell:Creating package script '/home/dali/ros2_ws/install/piper_description/share/piper_description/package.bash'
[1.096s] INFO:colcon.colcon_core.shell:Creating package script '/home/dali/ros2_ws/install/piper_description/share/piper_description/package.zsh'
[1.102s] Level 1:colcon.colcon_core.environment:create_file_with_runtime_dependencies(/home/dali/ros2_ws/install/piper_description/share/colcon-core/packages/piper_description)
[1.105s] Level 1:colcon.colcon_core.environment:create_environment_scripts_only(piper_description)
[1.106s] Level 1:colcon.colcon_core.environment:checking '/home/dali/ros2_ws/install/piper_description' for CMake module files
[1.106s] Level 1:colcon.colcon_core.environment:checking '/home/dali/ros2_ws/install/piper_description' for CMake config files
[1.106s] Level 1:colcon.colcon_core.shell:create_environment_hook('piper_description', 'cmake_prefix_path')
[1.106s] INFO:colcon.colcon_core.shell:Creating environment hook '/home/dali/ros2_ws/install/piper_description/share/piper_description/hook/cmake_prefix_path.ps1'
[1.107s] INFO:colcon.colcon_core.shell:Creating environment descriptor '/home/dali/ros2_ws/install/piper_description/share/piper_description/hook/cmake_prefix_path.dsv'
[1.107s] INFO:colcon.colcon_core.shell:Creating environment hook '/home/dali/ros2_ws/install/piper_description/share/piper_description/hook/cmake_prefix_path.sh'
[1.108s] Level 1:colcon.colcon_core.environment:checking '/home/dali/ros2_ws/install/piper_description/bin'
[1.108s] Level 1:colcon.colcon_core.environment:checking '/home/dali/ros2_ws/install/piper_description/lib/pkgconfig/piper_description.pc'
[1.108s] Level 1:colcon.colcon_core.environment:checking '/home/dali/ros2_ws/install/piper_description/lib/python3.12/site-packages'
[1.108s] Level 1:colcon.colcon_core.environment:checking '/home/dali/ros2_ws/install/piper_description/bin'
[1.109s] INFO:colcon.colcon_core.shell:Creating package script '/home/dali/ros2_ws/install/piper_description/share/piper_description/package.ps1'
[1.109s] INFO:colcon.colcon_core.shell:Creating package descriptor '/home/dali/ros2_ws/install/piper_description/share/piper_description/package.dsv'
[1.110s] INFO:colcon.colcon_core.shell:Creating package script '/home/dali/ros2_ws/install/piper_description/share/piper_description/package.sh'
[1.110s] INFO:colcon.colcon_core.shell:Creating package script '/home/dali/ros2_ws/install/piper_description/share/piper_description/package.bash'
[1.110s] INFO:colcon.colcon_core.shell:Creating package script '/home/dali/ros2_ws/install/piper_description/share/piper_description/package.zsh'
[1.111s] Level 1:colcon.colcon_core.environment:create_file_with_runtime_dependencies(/home/dali/ros2_ws/install/piper_description/share/colcon-core/packages/piper_description)
[1.112s] INFO:colcon.colcon_ros.task.ament_cmake.build:Building ROS package in '/home/dali/ros2_ws/src/piper_ros2/piper_moveit_config' with build type 'ament_cmake'
[1.112s] INFO:colcon.colcon_cmake.task.cmake.build:Building CMake package in '/home/dali/ros2_ws/src/piper_ros2/piper_moveit_config'
[1.112s] INFO:colcon.colcon_core.shell:Skip shell extension 'powershell' for command environment: Not usable outside of PowerShell
[1.112s] DEBUG:colcon.colcon_core.shell:Skip shell extension 'dsv' for command environment
[1.129s] DEBUG:colcon.colcon_core.event_handler.log_command:Invoking command in '/home/dali/ros2_ws/build/piper_moveit_config': CMAKE_PREFIX_PATH=/home/dali/ros2_ws/install/piper_description:/home/dali/ros2_ws/install/piper_bringup:/home/dali/ros2_ws/install/scene_graph_interfaces:/home/dali/ros2_ws/install/piper_moveit_config:/opt/ros/jazzy/opt/gz_sim_vendor:/opt/ros/jazzy/opt/gz_sensors_vendor:/opt/ros/jazzy/opt/gz_physics_vendor:/opt/ros/jazzy/opt/sdformat_vendor:/opt/ros/jazzy/opt/gz_gui_vendor:/opt/ros/jazzy/opt/gz_transport_vendor:/opt/ros/jazzy/opt/gz_rendering_vendor:/opt/ros/jazzy/opt/gz_plugin_vendor:/opt/ros/jazzy/opt/gz_fuel_tools_vendor:/opt/ros/jazzy/opt/gz_msgs_vendor:/opt/ros/jazzy/opt/gz_common_vendor:/opt/ros/jazzy/opt/gz_math_vendor:/opt/ros/jazzy/opt/gz_utils_vendor:/opt/ros/jazzy/opt/gz_tools_vendor:/opt/ros/jazzy/opt/gz_ogre_next_vendor:/opt/ros/jazzy/opt/gz_dartsim_vendor:/opt/ros/jazzy/opt/gz_cmake_vendor:/opt/ros/jazzy DEBUGINFOD_URLS=https://debuginfod.ubuntu.com /usr/bin/cmake --build /home/dali/ros2_ws/build/piper_moveit_config -- -j4 -l4
[1.209s] DEBUG:colcon.colcon_core.event_handler.log_command:Invoked command in '/home/dali/ros2_ws/build/piper_moveit_config' returned '0': CMAKE_PREFIX_PATH=/home/dali/ros2_ws/install/piper_description:/home/dali/ros2_ws/install/piper_bringup:/home/dali/ros2_ws/install/scene_graph_interfaces:/home/dali/ros2_ws/install/piper_moveit_config:/opt/ros/jazzy/opt/gz_sim_vendor:/opt/ros/jazzy/opt/gz_sensors_vendor:/opt/ros/jazzy/opt/gz_physics_vendor:/opt/ros/jazzy/opt/sdformat_vendor:/opt/ros/jazzy/opt/gz_gui_vendor:/opt/ros/jazzy/opt/gz_transport_vendor:/opt/ros/jazzy/opt/gz_rendering_vendor:/opt/ros/jazzy/opt/gz_plugin_vendor:/opt/ros/jazzy/opt/gz_fuel_tools_vendor:/opt/ros/jazzy/opt/gz_msgs_vendor:/opt/ros/jazzy/opt/gz_common_vendor:/opt/ros/jazzy/opt/gz_math_vendor:/opt/ros/jazzy/opt/gz_utils_vendor:/opt/ros/jazzy/opt/gz_tools_vendor:/opt/ros/jazzy/opt/gz_ogre_next_vendor:/opt/ros/jazzy/opt/gz_dartsim_vendor:/opt/ros/jazzy/opt/gz_cmake_vendor:/opt/ros/jazzy DEBUGINFOD_URLS=https://debuginfod.ubuntu.com /usr/bin/cmake --build /home/dali/ros2_ws/build/piper_moveit_config -- -j4 -l4
[1.210s] DEBUG:colcon.colcon_core.event_handler.log_command:Invoking command in '/home/dali/ros2_ws/build/piper_moveit_config': CMAKE_PREFIX_PATH=/home/dali/ros2_ws/install/piper_description:/home/dali/ros2_ws/install/piper_bringup:/home/dali/ros2_ws/install/scene_graph_interfaces:/home/dali/ros2_ws/install/piper_moveit_config:/opt/ros/jazzy/opt/gz_sim_vendor:/opt/ros/jazzy/opt/gz_sensors_vendor:/opt/ros/jazzy/opt/gz_physics_vendor:/opt/ros/jazzy/opt/sdformat_vendor:/opt/ros/jazzy/opt/gz_gui_vendor:/opt/ros/jazzy/opt/gz_transport_vendor:/opt/ros/jazzy/opt/gz_rendering_vendor:/opt/ros/jazzy/opt/gz_plugin_vendor:/opt/ros/jazzy/opt/gz_fuel_tools_vendor:/opt/ros/jazzy/opt/gz_msgs_vendor:/opt/ros/jazzy/opt/gz_common_vendor:/opt/ros/jazzy/opt/gz_math_vendor:/opt/ros/jazzy/opt/gz_utils_vendor:/opt/ros/jazzy/opt/gz_tools_vendor:/opt/ros/jazzy/opt/gz_ogre_next_vendor:/opt/ros/jazzy/opt/gz_dartsim_vendor:/opt/ros/jazzy/opt/gz_cmake_vendor:/opt/ros/jazzy DEBUGINFOD_URLS=https://debuginfod.ubuntu.com /usr/bin/cmake --install /home/dali/ros2_ws/build/piper_moveit_config
[1.243s] Level 1:colcon.colcon_core.environment:create_environment_scripts_only(piper_moveit_config)
[1.243s] Level 1:colcon.colcon_core.environment:checking '/home/dali/ros2_ws/install/piper_moveit_config' for CMake module files
[1.244s] DEBUG:colcon.colcon_core.event_handler.log_command:Invoked command in '/home/dali/ros2_ws/build/piper_moveit_config' returned '0': CMAKE_PREFIX_PATH=/home/dali/ros2_ws/install/piper_description:/home/dali/ros2_ws/install/piper_bringup:/home/dali/ros2_ws/install/scene_graph_interfaces:/home/dali/ros2_ws/install/piper_moveit_config:/opt/ros/jazzy/opt/gz_sim_vendor:/opt/ros/jazzy/opt/gz_sensors_vendor:/opt/ros/jazzy/opt/gz_physics_vendor:/opt/ros/jazzy/opt/sdformat_vendor:/opt/ros/jazzy/opt/gz_gui_vendor:/opt/ros/jazzy/opt/gz_transport_vendor:/opt/ros/jazzy/opt/gz_rendering_vendor:/opt/ros/jazzy/opt/gz_plugin_vendor:/opt/ros/jazzy/opt/gz_fuel_tools_vendor:/opt/ros/jazzy/opt/gz_msgs_vendor:/opt/ros/jazzy/opt/gz_common_vendor:/opt/ros/jazzy/opt/gz_math_vendor:/opt/ros/jazzy/opt/gz_utils_vendor:/opt/ros/jazzy/opt/gz_tools_vendor:/opt/ros/jazzy/opt/gz_ogre_next_vendor:/opt/ros/jazzy/opt/gz_dartsim_vendor:/opt/ros/jazzy/opt/gz_cmake_vendor:/opt/ros/jazzy DEBUGINFOD_URLS=https://debuginfod.ubuntu.com /usr/bin/cmake --install /home/dali/ros2_ws/build/piper_moveit_config
[1.244s] Level 1:colcon.colcon_core.environment:checking '/home/dali/ros2_ws/install/piper_moveit_config' for CMake config files
[1.245s] Level 1:colcon.colcon_core.shell:create_environment_hook('piper_moveit_config', 'cmake_prefix_path')
[1.245s] INFO:colcon.colcon_core.shell:Creating environment hook '/home/dali/ros2_ws/install/piper_moveit_config/share/piper_moveit_config/hook/cmake_prefix_path.ps1'
[1.245s] INFO:colcon.colcon_core.shell:Creating environment descriptor '/home/dali/ros2_ws/install/piper_moveit_config/share/piper_moveit_config/hook/cmake_prefix_path.dsv'
[1.246s] INFO:colcon.colcon_core.shell:Creating environment hook '/home/dali/ros2_ws/install/piper_moveit_config/share/piper_moveit_config/hook/cmake_prefix_path.sh'
[1.246s] Level 1:colcon.colcon_core.environment:checking '/home/dali/ros2_ws/install/piper_moveit_config/bin'
[1.246s] Level 1:colcon.colcon_core.environment:checking '/home/dali/ros2_ws/install/piper_moveit_config/lib/pkgconfig/piper_moveit_config.pc'
[1.246s] Level 1:colcon.colcon_core.environment:checking '/home/dali/ros2_ws/install/piper_moveit_config/lib/python3.12/site-packages'
[1.247s] Level 1:colcon.colcon_core.environment:checking '/home/dali/ros2_ws/install/piper_moveit_config/bin'
[1.247s] INFO:colcon.colcon_core.shell:Creating package script '/home/dali/ros2_ws/install/piper_moveit_config/share/piper_moveit_config/package.ps1'
[1.247s] INFO:colcon.colcon_core.shell:Creating package descriptor '/home/dali/ros2_ws/install/piper_moveit_config/share/piper_moveit_config/package.dsv'
[1.247s] INFO:colcon.colcon_core.shell:Creating package script '/home/dali/ros2_ws/install/piper_moveit_config/share/piper_moveit_config/package.sh'
[1.248s] INFO:colcon.colcon_core.shell:Creating package script '/home/dali/ros2_ws/install/piper_moveit_config/share/piper_moveit_config/package.bash'
[1.248s] INFO:colcon.colcon_core.shell:Creating package script '/home/dali/ros2_ws/install/piper_moveit_config/share/piper_moveit_config/package.zsh'
[1.248s] Level 1:colcon.colcon_core.environment:create_file_with_runtime_dependencies(/home/dali/ros2_ws/install/piper_moveit_config/share/colcon-core/packages/piper_moveit_config)
[1.249s] Level 1:colcon.colcon_core.environment:create_environment_scripts_only(piper_moveit_config)
[1.249s] Level 1:colcon.colcon_core.environment:checking '/home/dali/ros2_ws/install/piper_moveit_config' for CMake module files
[1.249s] Level 1:colcon.colcon_core.environment:checking '/home/dali/ros2_ws/install/piper_moveit_config' for CMake config files
[1.249s] Level 1:colcon.colcon_core.shell:create_environment_hook('piper_moveit_config', 'cmake_prefix_path')
[1.249s] INFO:colcon.colcon_core.shell:Creating environment hook '/home/dali/ros2_ws/install/piper_moveit_config/share/piper_moveit_config/hook/cmake_prefix_path.ps1'
[1.250s] INFO:colcon.colcon_core.shell:Creating environment descriptor '/home/dali/ros2_ws/install/piper_moveit_config/share/piper_moveit_config/hook/cmake_prefix_path.dsv'
[1.250s] INFO:colcon.colcon_core.shell:Creating environment hook '/home/dali/ros2_ws/install/piper_moveit_config/share/piper_moveit_config/hook/cmake_prefix_path.sh'
[1.250s] Level 1:colcon.colcon_core.environment:checking '/home/dali/ros2_ws/install/piper_moveit_config/bin'
[1.250s] Level 1:colcon.colcon_core.environment:checking '/home/dali/ros2_ws/install/piper_moveit_config/lib/pkgconfig/piper_moveit_config.pc'
[1.250s] Level 1:colcon.colcon_core.environment:checking '/home/dali/ros2_ws/install/piper_moveit_config/lib/python3.12/site-packages'
[1.251s] Level 1:colcon.colcon_core.environment:checking '/home/dali/ros2_ws/install/piper_moveit_config/bin'
[1.251s] INFO:colcon.colcon_core.shell:Creating package script '/home/dali/ros2_ws/install/piper_moveit_config/share/piper_moveit_config/package.ps1'
[1.251s] INFO:colcon.colcon_core.shell:Creating package descriptor '/home/dali/ros2_ws/install/piper_moveit_config/share/piper_moveit_config/package.dsv'
[1.251s] INFO:colcon.colcon_core.shell:Creating package script '/home/dali/ros2_ws/install/piper_moveit_config/share/piper_moveit_config/package.sh'
[1.251s] INFO:colcon.colcon_core.shell:Creating package script '/home/dali/ros2_ws/install/piper_moveit_config/share/piper_moveit_config/package.bash'
[1.252s] INFO:colcon.colcon_core.shell:Creating package script '/home/dali/ros2_ws/install/piper_moveit_config/share/piper_moveit_config/package.zsh'
[1.252s] Level 1:colcon.colcon_core.environment:create_file_with_runtime_dependencies(/home/dali/ros2_ws/install/piper_moveit_config/share/colcon-core/packages/piper_moveit_config)
[3.122s] DEBUG:colcon.colcon_core.event_handler.log_command:Invoked command in '/home/dali/ros2_ws/build/scene_graph_interfaces' returned '0': CMAKE_PREFIX_PATH=${CMAKE_PREFIX_PATH}:/opt/ros/jazzy DEBUGINFOD_URLS=https://debuginfod.ubuntu.com /usr/bin/cmake --build /home/dali/ros2_ws/build/scene_graph_interfaces -- -j4 -l4
[3.122s] DEBUG:colcon.colcon_core.event_handler.log_command:Invoking command in '/home/dali/ros2_ws/build/scene_graph_interfaces': CMAKE_PREFIX_PATH=${CMAKE_PREFIX_PATH}:/opt/ros/jazzy DEBUGINFOD_URLS=https://debuginfod.ubuntu.com /usr/bin/cmake --install /home/dali/ros2_ws/build/scene_graph_interfaces
[3.313s] Level 1:colcon.colcon_core.environment:create_environment_scripts_only(scene_graph_interfaces)
[3.313s] Level 1:colcon.colcon_core.environment:checking '/home/dali/ros2_ws/install/scene_graph_interfaces' for CMake module files
[3.314s] Level 1:colcon.colcon_core.environment:checking '/home/dali/ros2_ws/install/scene_graph_interfaces' for CMake config files
[3.314s] Level 1:colcon.colcon_core.shell:create_environment_hook('scene_graph_interfaces', 'cmake_prefix_path')
[3.314s] DEBUG:colcon.colcon_core.event_handler.log_command:Invoked command in '/home/dali/ros2_ws/build/scene_graph_interfaces' returned '0': CMAKE_PREFIX_PATH=${CMAKE_PREFIX_PATH}:/opt/ros/jazzy DEBUGINFOD_URLS=https://debuginfod.ubuntu.com /usr/bin/cmake --install /home/dali/ros2_ws/build/scene_graph_interfaces
[3.314s] INFO:colcon.colcon_core.shell:Creating environment hook '/home/dali/ros2_ws/install/scene_graph_interfaces/share/scene_graph_interfaces/hook/cmake_prefix_path.ps1'
[3.315s] INFO:colcon.colcon_core.shell:Creating environment descriptor '/home/dali/ros2_ws/install/scene_graph_interfaces/share/scene_graph_interfaces/hook/cmake_prefix_path.dsv'
[3.315s] INFO:colcon.colcon_core.shell:Creating environment hook '/home/dali/ros2_ws/install/scene_graph_interfaces/share/scene_graph_interfaces/hook/cmake_prefix_path.sh'
[3.317s] Level 1:colcon.colcon_core.environment:checking '/home/dali/ros2_ws/install/scene_graph_interfaces/lib'
[3.317s] Level 1:colcon.colcon_core.shell:create_environment_hook('scene_graph_interfaces', 'ld_library_path_lib')
[3.317s] INFO:colcon.colcon_core.shell:Creating environment hook '/home/dali/ros2_ws/install/scene_graph_interfaces/share/scene_graph_interfaces/hook/ld_library_path_lib.ps1'
[3.318s] INFO:colcon.colcon_core.shell:Creating environment descriptor '/home/dali/ros2_ws/install/scene_graph_interfaces/share/scene_graph_interfaces/hook/ld_library_path_lib.dsv'
[3.319s] INFO:colcon.colcon_core.shell:Creating environment hook '/home/dali/ros2_ws/install/scene_graph_interfaces/share/scene_graph_interfaces/hook/ld_library_path_lib.sh'
[3.319s] Level 1:colcon.colcon_core.environment:checking '/home/dali/ros2_ws/install/scene_graph_interfaces/bin'
[3.319s] Level 1:colcon.colcon_core.environment:checking '/home/dali/ros2_ws/install/scene_graph_interfaces/lib/pkgconfig/scene_graph_interfaces.pc'
[3.319s] Level 1:colcon.colcon_core.environment:checking '/home/dali/ros2_ws/install/scene_graph_interfaces/lib/python3.12/site-packages'
[3.319s] Level 1:colcon.colcon_core.shell:create_environment_hook('scene_graph_interfaces', 'pythonpath')
[3.319s] INFO:colcon.colcon_core.shell:Creating environment hook '/home/dali/ros2_ws/install/scene_graph_interfaces/share/scene_graph_interfaces/hook/pythonpath.ps1'
[3.319s] INFO:colcon.colcon_core.shell:Creating environment descriptor '/home/dali/ros2_ws/install/scene_graph_interfaces/share/scene_graph_interfaces/hook/pythonpath.dsv'
[3.320s] INFO:colcon.colcon_core.shell:Creating environment hook '/home/dali/ros2_ws/install/scene_graph_interfaces/share/scene_graph_interfaces/hook/pythonpath.sh'
[3.322s] Level 1:colcon.colcon_core.environment:checking '/home/dali/ros2_ws/install/scene_graph_interfaces/bin'
[3.322s] INFO:colcon.colcon_core.shell:Creating package script '/home/dali/ros2_ws/install/scene_graph_interfaces/share/scene_graph_interfaces/package.ps1'
[3.323s] INFO:colcon.colcon_core.shell:Creating package descriptor '/home/dali/ros2_ws/install/scene_graph_interfaces/share/scene_graph_interfaces/package.dsv'
[3.323s] INFO:colcon.colcon_core.shell:Creating package script '/home/dali/ros2_ws/install/scene_graph_interfaces/share/scene_graph_interfaces/package.sh'
[3.325s] INFO:colcon.colcon_core.shell:Creating package script '/home/dali/ros2_ws/install/scene_graph_interfaces/share/scene_graph_interfaces/package.bash'
[3.325s] INFO:colcon.colcon_core.shell:Creating package script '/home/dali/ros2_ws/install/scene_graph_interfaces/share/scene_graph_interfaces/package.zsh'
[3.325s] Level 1:colcon.colcon_core.environment:create_file_with_runtime_dependencies(/home/dali/ros2_ws/install/scene_graph_interfaces/share/colcon-core/packages/scene_graph_interfaces)
[3.326s] Level 1:colcon.colcon_core.environment:create_environment_scripts_only(scene_graph_interfaces)
[3.326s] Level 1:colcon.colcon_core.environment:checking '/home/dali/ros2_ws/install/scene_graph_interfaces' for CMake module files
[3.327s] Level 1:colcon.colcon_core.environment:checking '/home/dali/ros2_ws/install/scene_graph_interfaces' for CMake config files
[3.328s] Level 1:colcon.colcon_core.shell:create_environment_hook('scene_graph_interfaces', 'cmake_prefix_path')
[3.328s] INFO:colcon.colcon_core.shell:Creating environment hook '/home/dali/ros2_ws/install/scene_graph_interfaces/share/scene_graph_interfaces/hook/cmake_prefix_path.ps1'
[3.328s] INFO:colcon.colcon_core.shell:Creating environment descriptor '/home/dali/ros2_ws/install/scene_graph_interfaces/share/scene_graph_interfaces/hook/cmake_prefix_path.dsv'
[3.328s] INFO:colcon.colcon_core.shell:Creating environment hook '/home/dali/ros2_ws/install/scene_graph_interfaces/share/scene_graph_interfaces/hook/cmake_prefix_path.sh'
[3.341s] Level 1:colcon.colcon_core.environment:checking '/home/dali/ros2_ws/install/scene_graph_interfaces/lib'
[3.341s] Level 1:colcon.colcon_core.shell:create_environment_hook('scene_graph_interfaces', 'ld_library_path_lib')
[3.341s] INFO:colcon.colcon_core.shell:Creating environment hook '/home/dali/ros2_ws/install/scene_graph_interfaces/share/scene_graph_interfaces/hook/ld_library_path_lib.ps1'
[3.341s] INFO:colcon.colcon_core.shell:Creating environment descriptor '/home/dali/ros2_ws/install/scene_graph_interfaces/share/scene_graph_interfaces/hook/ld_library_path_lib.dsv'
[3.342s] INFO:colcon.colcon_core.shell:Creating environment hook '/home/dali/ros2_ws/install/scene_graph_interfaces/share/scene_graph_interfaces/hook/ld_library_path_lib.sh'
[3.342s] Level 1:colcon.colcon_core.environment:checking '/home/dali/ros2_ws/install/scene_graph_interfaces/bin'
[3.342s] Level 1:colcon.colcon_core.environment:checking '/home/dali/ros2_ws/install/scene_graph_interfaces/lib/pkgconfig/scene_graph_interfaces.pc'
[3.342s] Level 1:colcon.colcon_core.environment:checking '/home/dali/ros2_ws/install/scene_graph_interfaces/lib/python3.12/site-packages'
[3.342s] Level 1:colcon.colcon_core.shell:create_environment_hook('scene_graph_interfaces', 'pythonpath')
[3.342s] INFO:colcon.colcon_core.shell:Creating environment hook '/home/dali/ros2_ws/install/scene_graph_interfaces/share/scene_graph_interfaces/hook/pythonpath.ps1'
[3.343s] INFO:colcon.colcon_core.shell:Creating environment descriptor '/home/dali/ros2_ws/install/scene_graph_interfaces/share/scene_graph_interfaces/hook/pythonpath.dsv'
[3.343s] INFO:colcon.colcon_core.shell:Creating environment hook '/home/dali/ros2_ws/install/scene_graph_interfaces/share/scene_graph_interfaces/hook/pythonpath.sh'
[3.343s] Level 1:colcon.colcon_core.environment:checking '/home/dali/ros2_ws/install/scene_graph_interfaces/bin'
[3.343s] INFO:colcon.colcon_core.shell:Creating package script '/home/dali/ros2_ws/install/scene_graph_interfaces/share/scene_graph_interfaces/package.ps1'
[3.344s] INFO:colcon.colcon_core.shell:Creating package descriptor '/home/dali/ros2_ws/install/scene_graph_interfaces/share/scene_graph_interfaces/package.dsv'
[3.356s] INFO:colcon.colcon_core.shell:Creating package script '/home/dali/ros2_ws/install/scene_graph_interfaces/share/scene_graph_interfaces/package.sh'
[3.357s] INFO:colcon.colcon_core.shell:Creating package script '/home/dali/ros2_ws/install/scene_graph_interfaces/share/scene_graph_interfaces/package.bash'
[3.357s] INFO:colcon.colcon_core.shell:Creating package script '/home/dali/ros2_ws/install/scene_graph_interfaces/share/scene_graph_interfaces/package.zsh'
[3.357s] Level 1:colcon.colcon_core.environment:create_file_with_runtime_dependencies(/home/dali/ros2_ws/install/scene_graph_interfaces/share/colcon-core/packages/scene_graph_interfaces)
[3.357s] INFO:colcon.colcon_ros.task.ament_cmake.build:Building ROS package in '/home/dali/ros2_ws/src/piper_ros2/piper_bringup' with build type 'ament_cmake'
[3.357s] INFO:colcon.colcon_cmake.task.cmake.build:Building CMake package in '/home/dali/ros2_ws/src/piper_ros2/piper_bringup'
[3.357s] INFO:colcon.colcon_core.shell:Skip shell extension 'powershell' for command environment: Not usable outside of PowerShell
[3.357s] DEBUG:colcon.colcon_core.shell:Skip shell extension 'dsv' for command environment
[3.410s] DEBUG:colcon.colcon_core.event_handler.log_command:Invoking command in '/home/dali/ros2_ws/build/piper_bringup': CMAKE_PREFIX_PATH=/home/dali/ros2_ws/install/scene_graph_interfaces:/home/dali/ros2_ws/install/piper_bringup:/home/dali/ros2_ws/install/piper_moveit_config:/home/dali/ros2_ws/install/piper_description:/opt/ros/jazzy/opt/gz_sim_vendor:/opt/ros/jazzy/opt/gz_sensors_vendor:/opt/ros/jazzy/opt/gz_physics_vendor:/opt/ros/jazzy/opt/sdformat_vendor:/opt/ros/jazzy/opt/gz_gui_vendor:/opt/ros/jazzy/opt/gz_transport_vendor:/opt/ros/jazzy/opt/gz_rendering_vendor:/opt/ros/jazzy/opt/gz_plugin_vendor:/opt/ros/jazzy/opt/gz_fuel_tools_vendor:/opt/ros/jazzy/opt/gz_msgs_vendor:/opt/ros/jazzy/opt/gz_common_vendor:/opt/ros/jazzy/opt/gz_math_vendor:/opt/ros/jazzy/opt/gz_utils_vendor:/opt/ros/jazzy/opt/gz_tools_vendor:/opt/ros/jazzy/opt/gz_ogre_next_vendor:/opt/ros/jazzy/opt/gz_dartsim_vendor:/opt/ros/jazzy/opt/gz_cmake_vendor:/opt/ros/jazzy DEBUGINFOD_URLS=https://debuginfod.ubuntu.com /usr/bin/cmake --build /home/dali/ros2_ws/build/piper_bringup -- -j4 -l4
[33.062s] DEBUG:colcon.colcon_core.event_handler.log_command:Invoked command in '/home/dali/ros2_ws/build/piper_bringup' returned '0': CMAKE_PREFIX_PATH=/home/dali/ros2_ws/install/scene_graph_interfaces:/home/dali/ros2_ws/install/piper_bringup:/home/dali/ros2_ws/install/piper_moveit_config:/home/dali/ros2_ws/install/piper_description:/opt/ros/jazzy/opt/gz_sim_vendor:/opt/ros/jazzy/opt/gz_sensors_vendor:/opt/ros/jazzy/opt/gz_physics_vendor:/opt/ros/jazzy/opt/sdformat_vendor:/opt/ros/jazzy/opt/gz_gui_vendor:/opt/ros/jazzy/opt/gz_transport_vendor:/opt/ros/jazzy/opt/gz_rendering_vendor:/opt/ros/jazzy/opt/gz_plugin_vendor:/opt/ros/jazzy/opt/gz_fuel_tools_vendor:/opt/ros/jazzy/opt/gz_msgs_vendor:/opt/ros/jazzy/opt/gz_common_vendor:/opt/ros/jazzy/opt/gz_math_vendor:/opt/ros/jazzy/opt/gz_utils_vendor:/opt/ros/jazzy/opt/gz_tools_vendor:/opt/ros/jazzy/opt/gz_ogre_next_vendor:/opt/ros/jazzy/opt/gz_dartsim_vendor:/opt/ros/jazzy/opt/gz_cmake_vendor:/opt/ros/jazzy DEBUGINFOD_URLS=https://debuginfod.ubuntu.com /usr/bin/cmake --build /home/dali/ros2_ws/build/piper_bringup -- -j4 -l4
[33.071s] DEBUG:colcon.colcon_core.event_handler.log_command:Invoking command in '/home/dali/ros2_ws/build/piper_bringup': CMAKE_PREFIX_PATH=/home/dali/ros2_ws/install/scene_graph_interfaces:/home/dali/ros2_ws/install/piper_bringup:/home/dali/ros2_ws/install/piper_moveit_config:/home/dali/ros2_ws/install/piper_description:/opt/ros/jazzy/opt/gz_sim_vendor:/opt/ros/jazzy/opt/gz_sensors_vendor:/opt/ros/jazzy/opt/gz_physics_vendor:/opt/ros/jazzy/opt/sdformat_vendor:/opt/ros/jazzy/opt/gz_gui_vendor:/opt/ros/jazzy/opt/gz_transport_vendor:/opt/ros/jazzy/opt/gz_rendering_vendor:/opt/ros/jazzy/opt/gz_plugin_vendor:/opt/ros/jazzy/opt/gz_fuel_tools_vendor:/opt/ros/jazzy/opt/gz_msgs_vendor:/opt/ros/jazzy/opt/gz_common_vendor:/opt/ros/jazzy/opt/gz_math_vendor:/opt/ros/jazzy/opt/gz_utils_vendor:/opt/ros/jazzy/opt/gz_tools_vendor:/opt/ros/jazzy/opt/gz_ogre_next_vendor:/opt/ros/jazzy/opt/gz_dartsim_vendor:/opt/ros/jazzy/opt/gz_cmake_vendor:/opt/ros/jazzy DEBUGINFOD_URLS=https://debuginfod.ubuntu.com /usr/bin/cmake --install /home/dali/ros2_ws/build/piper_bringup
[33.123s] Level 1:colcon.colcon_core.environment:create_environment_scripts_only(piper_bringup)
[33.130s] Level 1:colcon.colcon_core.environment:checking '/home/dali/ros2_ws/install/piper_bringup' for CMake module files
[33.135s] DEBUG:colcon.colcon_core.event_handler.log_command:Invoked command in '/home/dali/ros2_ws/build/piper_bringup' returned '0': CMAKE_PREFIX_PATH=/home/dali/ros2_ws/install/scene_graph_interfaces:/home/dali/ros2_ws/install/piper_bringup:/home/dali/ros2_ws/install/piper_moveit_config:/home/dali/ros2_ws/install/piper_description:/opt/ros/jazzy/opt/gz_sim_vendor:/opt/ros/jazzy/opt/gz_sensors_vendor:/opt/ros/jazzy/opt/gz_physics_vendor:/opt/ros/jazzy/opt/sdformat_vendor:/opt/ros/jazzy/opt/gz_gui_vendor:/opt/ros/jazzy/opt/gz_transport_vendor:/opt/ros/jazzy/opt/gz_rendering_vendor:/opt/ros/jazzy/opt/gz_plugin_vendor:/opt/ros/jazzy/opt/gz_fuel_tools_vendor:/opt/ros/jazzy/opt/gz_msgs_vendor:/opt/ros/jazzy/opt/gz_common_vendor:/opt/ros/jazzy/opt/gz_math_vendor:/opt/ros/jazzy/opt/gz_utils_vendor:/opt/ros/jazzy/opt/gz_tools_vendor:/opt/ros/jazzy/opt/gz_ogre_next_vendor:/opt/ros/jazzy/opt/gz_dartsim_vendor:/opt/ros/jazzy/opt/gz_cmake_vendor:/opt/ros/jazzy DEBUGINFOD_URLS=https://debuginfod.ubuntu.com /usr/bin/cmake --install /home/dali/ros2_ws/build/piper_bringup
[33.140s] Level 1:colcon.colcon_core.environment:checking '/home/dali/ros2_ws/install/piper_bringup' for CMake config files
[33.142s] Level 1:colcon.colcon_core.shell:create_environment_hook('piper_bringup', 'cmake_prefix_path')
[33.142s] INFO:colcon.colcon_core.shell:Creating environment hook '/home/dali/ros2_ws/install/piper_bringup/share/piper_bringup/hook/cmake_prefix_path.ps1'
[33.143s] INFO:colcon.colcon_core.shell:Creating environment descriptor '/home/dali/ros2_ws/install/piper_bringup/share/piper_bringup/hook/cmake_prefix_path.dsv'
[33.145s] INFO:colcon.colcon_core.shell:Creating environment hook '/home/dali/ros2_ws/install/piper_bringup/share/piper_bringup/hook/cmake_prefix_path.sh'
[33.147s] Level 1:colcon.colcon_core.environment:checking '/home/dali/ros2_ws/install/piper_bringup/lib'
[33.147s] Level 1:colcon.colcon_core.environment:checking '/home/dali/ros2_ws/install/piper_bringup/bin'
[33.147s] Level 1:colcon.colcon_core.environment:checking '/home/dali/ros2_ws/install/piper_bringup/lib/pkgconfig/piper_bringup.pc'
[33.147s] Level 1:colcon.colcon_core.environment:checking '/home/dali/ros2_ws/install/piper_bringup/lib/python3.12/site-packages'
[33.148s] Level 1:colcon.colcon_core.environment:checking '/home/dali/ros2_ws/install/piper_bringup/bin'
[33.148s] INFO:colcon.colcon_core.shell:Creating package script '/home/dali/ros2_ws/install/piper_bringup/share/piper_bringup/package.ps1'
[33.150s] INFO:colcon.colcon_core.shell:Creating package descriptor '/home/dali/ros2_ws/install/piper_bringup/share/piper_bringup/package.dsv'
[33.151s] INFO:colcon.colcon_core.shell:Creating package script '/home/dali/ros2_ws/install/piper_bringup/share/piper_bringup/package.sh'
[33.152s] INFO:colcon.colcon_core.shell:Creating package script '/home/dali/ros2_ws/install/piper_bringup/share/piper_bringup/package.bash'
[33.153s] INFO:colcon.colcon_core.shell:Creating package script '/home/dali/ros2_ws/install/piper_bringup/share/piper_bringup/package.zsh'
[33.154s] Level 1:colcon.colcon_core.environment:create_file_with_runtime_dependencies(/home/dali/ros2_ws/install/piper_bringup/share/colcon-core/packages/piper_bringup)
[33.154s] Level 1:colcon.colcon_core.environment:create_environment_scripts_only(piper_bringup)
[33.154s] Level 1:colcon.colcon_core.environment:checking '/home/dali/ros2_ws/install/piper_bringup' for CMake module files
[33.155s] Level 1:colcon.colcon_core.environment:checking '/home/dali/ros2_ws/install/piper_bringup' for CMake config files
[33.155s] Level 1:colcon.colcon_core.shell:create_environment_hook('piper_bringup', 'cmake_prefix_path')
[33.155s] INFO:colcon.colcon_core.shell:Creating environment hook '/home/dali/ros2_ws/install/piper_bringup/share/piper_bringup/hook/cmake_prefix_path.ps1'
[33.157s] INFO:colcon.colcon_core.shell:Creating environment descriptor '/home/dali/ros2_ws/install/piper_bringup/share/piper_bringup/hook/cmake_prefix_path.dsv'
[33.158s] INFO:colcon.colcon_core.shell:Creating environment hook '/home/dali/ros2_ws/install/piper_bringup/share/piper_bringup/hook/cmake_prefix_path.sh'
[33.158s] Level 1:colcon.colcon_core.environment:checking '/home/dali/ros2_ws/install/piper_bringup/lib'
[33.158s] Level 1:colcon.colcon_core.environment:checking '/home/dali/ros2_ws/install/piper_bringup/bin'
[33.158s] Level 1:colcon.colcon_core.environment:checking '/home/dali/ros2_ws/install/piper_bringup/lib/pkgconfig/piper_bringup.pc'
[33.158s] Level 1:colcon.colcon_core.environment:checking '/home/dali/ros2_ws/install/piper_bringup/lib/python3.12/site-packages'
[33.159s] Level 1:colcon.colcon_core.environment:checking '/home/dali/ros2_ws/install/piper_bringup/bin'
[33.159s] INFO:colcon.colcon_core.shell:Creating package script '/home/dali/ros2_ws/install/piper_bringup/share/piper_bringup/package.ps1'
[33.159s] INFO:colcon.colcon_core.shell:Creating package descriptor '/home/dali/ros2_ws/install/piper_bringup/share/piper_bringup/package.dsv'
[33.160s] INFO:colcon.colcon_core.shell:Creating package script '/home/dali/ros2_ws/install/piper_bringup/share/piper_bringup/package.sh'
[33.160s] INFO:colcon.colcon_core.shell:Creating package script '/home/dali/ros2_ws/install/piper_bringup/share/piper_bringup/package.bash'
[33.160s] INFO:colcon.colcon_core.shell:Creating package script '/home/dali/ros2_ws/install/piper_bringup/share/piper_bringup/package.zsh'
[33.161s] Level 1:colcon.colcon_core.environment:create_file_with_runtime_dependencies(/home/dali/ros2_ws/install/piper_bringup/share/colcon-core/packages/piper_bringup)
[33.161s] DEBUG:colcon.colcon_parallel_executor.executor.parallel:closing loop
[33.162s] DEBUG:colcon.colcon_parallel_executor.executor.parallel:loop closed
[33.162s] DEBUG:colcon.colcon_parallel_executor.executor.parallel:run_until_complete finished with '0'
[33.162s] DEBUG:colcon.colcon_core.event_reactor:joining thread
[33.237s] INFO:colcon.colcon_core.plugin_system:Skipping extension 'colcon_notification.desktop_notification.terminal_notifier': Not used on non-Darwin systems
[33.239s] INFO:colcon.colcon_core.plugin_system:Skipping extension 'colcon_notification.desktop_notification.win32': Not used on non-Windows systems
[33.239s] INFO:colcon.colcon_notification.desktop_notification:Sending desktop notification using 'notify2'
[33.366s] DEBUG:colcon.colcon_core.event_reactor:joined thread
[33.366s] INFO:colcon.colcon_core.shell:Creating prefix script '/home/dali/ros2_ws/install/local_setup.ps1'
[33.370s] INFO:colcon.colcon_core.shell:Creating prefix util module '/home/dali/ros2_ws/install/_local_setup_util_ps1.py'
[33.378s] INFO:colcon.colcon_core.shell:Creating prefix chain script '/home/dali/ros2_ws/install/setup.ps1'
[33.391s] INFO:colcon.colcon_core.shell:Creating prefix script '/home/dali/ros2_ws/install/local_setup.sh'
[33.396s] INFO:colcon.colcon_core.shell:Creating prefix util module '/home/dali/ros2_ws/install/_local_setup_util_sh.py'
[33.398s] INFO:colcon.colcon_core.shell:Creating prefix chain script '/home/dali/ros2_ws/install/setup.sh'
[33.403s] INFO:colcon.colcon_core.shell:Creating prefix script '/home/dali/ros2_ws/install/local_setup.bash'
[33.407s] INFO:colcon.colcon_core.shell:Creating prefix chain script '/home/dali/ros2_ws/install/setup.bash'
[33.410s] INFO:colcon.colcon_core.shell:Creating prefix script '/home/dali/ros2_ws/install/local_setup.zsh'
[33.411s] INFO:colcon.colcon_core.shell:Creating prefix chain script '/home/dali/ros2_ws/install/setup.zsh'
