[0.148s] DEBUG:colcon:Command line arguments: ['/usr/bin/colcon', 'build']
[0.148s] DEBUG:colcon:Parsed command line arguments: Namespace(log_base=None, log_level=None, verb_name='build', build_base='build', install_base='install', merge_install=False, symlink_install=False, test_result_base=None, continue_on_error=False, executor='parallel', parallel_workers=4, event_handlers=None, ignore_user_meta=False, metas=['./colcon.meta'], base_paths=['.'], packages_ignore=None, packages_ignore_regex=None, paths=None, packages_up_to=None, packages_up_to_regex=None, packages_above=None, packages_above_and_dependencies=None, packages_above_depth=None, packages_select_by_dep=None, packages_skip_by_dep=None, packages_skip_up_to=None, packages_select_build_failed=False, packages_skip_build_finished=False, packages_select_test_failures=False, packages_skip_test_passed=False, packages_select=None, packages_skip=None, packages_select_regex=None, packages_skip_regex=None, packages_start=None, packages_end=None, allow_overriding=[], cmake_args=None, cmake_target=None, cmake_target_skip_unavailable=False, cmake_clean_cache=False, cmake_clean_first=False, cmake_force_configure=False, ament_cmake_args=None, catkin_cmake_args=None, catkin_skip_building_tests=False, mixin_files=None, mixin=None, verb_parser=<colcon_mixin.mixin.mixin_argument.MixinArgumentDecorator object at 0xfafd5b79a780>, verb_extension=<colcon_core.verb.build.BuildVerb object at 0xfafd5b79a300>, main=<bound method BuildVerb.main of <colcon_core.verb.build.BuildVerb object at 0xfafd5b79a300>>, mixin_verb=('build',))
[0.347s] Level 1:colcon.colcon_core.package_discovery:discover_packages(colcon_meta) check parameters
[0.347s] Level 1:colcon.colcon_core.package_discovery:discover_packages(recursive) check parameters
[0.347s] Level 1:colcon.colcon_core.package_discovery:discover_packages(ignore) check parameters
[0.347s] Level 1:colcon.colcon_core.package_discovery:discover_packages(path) check parameters
[0.347s] Level 1:colcon.colcon_core.package_discovery:discover_packages(colcon_meta) discover
[0.347s] Level 1:colcon.colcon_core.package_discovery:discover_packages(recursive) discover
[0.347s] INFO:colcon.colcon_core.package_discovery:Crawling recursively for packages in '/home/dali/ros2_ws'
[0.347s] Level 1:colcon.colcon_core.package_identification:_identify(.) by extensions ['ignore', 'ignore_ament_install']
[0.347s] Level 1:colcon.colcon_core.package_identification:_identify(.) by extension 'ignore'
[0.347s] Level 1:colcon.colcon_core.package_identification:_identify(.) by extension 'ignore_ament_install'
[0.348s] Level 1:colcon.colcon_core.package_identification:_identify(.) by extensions ['colcon_pkg']
[0.348s] Level 1:colcon.colcon_core.package_identification:_identify(.) by extension 'colcon_pkg'
[0.348s] Level 1:colcon.colcon_core.package_identification:_identify(.) by extensions ['colcon_meta']
[0.348s] Level 1:colcon.colcon_core.package_identification:_identify(.) by extension 'colcon_meta'
[0.348s] Level 1:colcon.colcon_core.package_identification:_identify(.) by extensions ['ros']
[0.348s] Level 1:colcon.colcon_core.package_identification:_identify(.) by extension 'ros'
[0.393s] Level 1:colcon.colcon_core.package_identification:_identify(.) by extensions ['cmake', 'python']
[0.393s] Level 1:colcon.colcon_core.package_identification:_identify(.) by extension 'cmake'
[0.393s] Level 1:colcon.colcon_core.package_identification:_identify(.) by extension 'python'
[0.393s] Level 1:colcon.colcon_core.package_identification:_identify(.) by extensions ['python_setup_py']
[0.393s] Level 1:colcon.colcon_core.package_identification:_identify(.) by extension 'python_setup_py'
[0.393s] Level 1:colcon.colcon_core.package_identification:_identify(build) by extensions ['ignore', 'ignore_ament_install']
[0.394s] Level 1:colcon.colcon_core.package_identification:_identify(build) by extension 'ignore'
[0.394s] Level 1:colcon.colcon_core.package_identification:_identify(build) ignored
[0.394s] Level 1:colcon.colcon_core.package_identification:_identify(install) by extensions ['ignore', 'ignore_ament_install']
[0.394s] Level 1:colcon.colcon_core.package_identification:_identify(install) by extension 'ignore'
[0.394s] Level 1:colcon.colcon_core.package_identification:_identify(install) ignored
[0.394s] Level 1:colcon.colcon_core.package_identification:_identify(log) by extensions ['ignore', 'ignore_ament_install']
[0.394s] Level 1:colcon.colcon_core.package_identification:_identify(log) by extension 'ignore'
[0.394s] Level 1:colcon.colcon_core.package_identification:_identify(log) ignored
[0.394s] Level 1:colcon.colcon_core.package_identification:_identify(src) by extensions ['ignore', 'ignore_ament_install']
[0.394s] Level 1:colcon.colcon_core.package_identification:_identify(src) by extension 'ignore'
[0.395s] Level 1:colcon.colcon_core.package_identification:_identify(src) by extension 'ignore_ament_install'
[0.395s] Level 1:colcon.colcon_core.package_identification:_identify(src) by extensions ['colcon_pkg']
[0.395s] Level 1:colcon.colcon_core.package_identification:_identify(src) by extension 'colcon_pkg'
[0.395s] Level 1:colcon.colcon_core.package_identification:_identify(src) by extensions ['colcon_meta']
[0.395s] Level 1:colcon.colcon_core.package_identification:_identify(src) by extension 'colcon_meta'
[0.395s] Level 1:colcon.colcon_core.package_identification:_identify(src) by extensions ['ros']
[0.395s] Level 1:colcon.colcon_core.package_identification:_identify(src) by extension 'ros'
[0.395s] Level 1:colcon.colcon_core.package_identification:_identify(src) by extensions ['cmake', 'python']
[0.395s] Level 1:colcon.colcon_core.package_identification:_identify(src) by extension 'cmake'
[0.395s] Level 1:colcon.colcon_core.package_identification:_identify(src) by extension 'python'
[0.395s] Level 1:colcon.colcon_core.package_identification:_identify(src) by extensions ['python_setup_py']
[0.395s] Level 1:colcon.colcon_core.package_identification:_identify(src) by extension 'python_setup_py'
[0.395s] Level 1:colcon.colcon_core.package_identification:_identify(src/piper_ros2) by extensions ['ignore', 'ignore_ament_install']
[0.395s] Level 1:colcon.colcon_core.package_identification:_identify(src/piper_ros2) by extension 'ignore'
[0.395s] Level 1:colcon.colcon_core.package_identification:_identify(src/piper_ros2) by extension 'ignore_ament_install'
[0.395s] Level 1:colcon.colcon_core.package_identification:_identify(src/piper_ros2) by extensions ['colcon_pkg']
[0.395s] Level 1:colcon.colcon_core.package_identification:_identify(src/piper_ros2) by extension 'colcon_pkg'
[0.395s] Level 1:colcon.colcon_core.package_identification:_identify(src/piper_ros2) by extensions ['colcon_meta']
[0.395s] Level 1:colcon.colcon_core.package_identification:_identify(src/piper_ros2) by extension 'colcon_meta'
[0.395s] Level 1:colcon.colcon_core.package_identification:_identify(src/piper_ros2) by extensions ['ros']
[0.395s] Level 1:colcon.colcon_core.package_identification:_identify(src/piper_ros2) by extension 'ros'
[0.395s] Level 1:colcon.colcon_core.package_identification:_identify(src/piper_ros2) by extensions ['cmake', 'python']
[0.395s] Level 1:colcon.colcon_core.package_identification:_identify(src/piper_ros2) by extension 'cmake'
[0.395s] Level 1:colcon.colcon_core.package_identification:_identify(src/piper_ros2) by extension 'python'
[0.395s] Level 1:colcon.colcon_core.package_identification:_identify(src/piper_ros2) by extensions ['python_setup_py']
[0.395s] Level 1:colcon.colcon_core.package_identification:_identify(src/piper_ros2) by extension 'python_setup_py'
[0.395s] Level 1:colcon.colcon_core.package_identification:_identify(src/piper_ros2/docs) by extensions ['ignore', 'ignore_ament_install']
[0.396s] Level 1:colcon.colcon_core.package_identification:_identify(src/piper_ros2/docs) by extension 'ignore'
[0.396s] Level 1:colcon.colcon_core.package_identification:_identify(src/piper_ros2/docs) by extension 'ignore_ament_install'
[0.396s] Level 1:colcon.colcon_core.package_identification:_identify(src/piper_ros2/docs) by extensions ['colcon_pkg']
[0.396s] Level 1:colcon.colcon_core.package_identification:_identify(src/piper_ros2/docs) by extension 'colcon_pkg'
[0.396s] Level 1:colcon.colcon_core.package_identification:_identify(src/piper_ros2/docs) by extensions ['colcon_meta']
[0.396s] Level 1:colcon.colcon_core.package_identification:_identify(src/piper_ros2/docs) by extension 'colcon_meta'
[0.396s] Level 1:colcon.colcon_core.package_identification:_identify(src/piper_ros2/docs) by extensions ['ros']
[0.396s] Level 1:colcon.colcon_core.package_identification:_identify(src/piper_ros2/docs) by extension 'ros'
[0.396s] Level 1:colcon.colcon_core.package_identification:_identify(src/piper_ros2/docs) by extensions ['cmake', 'python']
[0.396s] Level 1:colcon.colcon_core.package_identification:_identify(src/piper_ros2/docs) by extension 'cmake'
[0.396s] Level 1:colcon.colcon_core.package_identification:_identify(src/piper_ros2/docs) by extension 'python'
[0.396s] Level 1:colcon.colcon_core.package_identification:_identify(src/piper_ros2/docs) by extensions ['python_setup_py']
[0.396s] Level 1:colcon.colcon_core.package_identification:_identify(src/piper_ros2/docs) by extension 'python_setup_py'
[0.396s] Level 1:colcon.colcon_core.package_identification:_identify(src/piper_ros2/piper_bringup) by extensions ['ignore', 'ignore_ament_install']
[0.396s] Level 1:colcon.colcon_core.package_identification:_identify(src/piper_ros2/piper_bringup) by extension 'ignore'
[0.396s] Level 1:colcon.colcon_core.package_identification:_identify(src/piper_ros2/piper_bringup) by extension 'ignore_ament_install'
[0.396s] Level 1:colcon.colcon_core.package_identification:_identify(src/piper_ros2/piper_bringup) by extensions ['colcon_pkg']
[0.396s] Level 1:colcon.colcon_core.package_identification:_identify(src/piper_ros2/piper_bringup) by extension 'colcon_pkg'
[0.396s] Level 1:colcon.colcon_core.package_identification:_identify(src/piper_ros2/piper_bringup) by extensions ['colcon_meta']
[0.396s] Level 1:colcon.colcon_core.package_identification:_identify(src/piper_ros2/piper_bringup) by extension 'colcon_meta'
[0.396s] Level 1:colcon.colcon_core.package_identification:_identify(src/piper_ros2/piper_bringup) by extensions ['ros']
[0.396s] Level 1:colcon.colcon_core.package_identification:_identify(src/piper_ros2/piper_bringup) by extension 'ros'
[0.401s] DEBUG:colcon.colcon_core.package_identification:Package 'src/piper_ros2/piper_bringup' with type 'ros.ament_cmake' and name 'piper_bringup'
[0.401s] Level 1:colcon.colcon_core.package_identification:_identify(src/piper_ros2/piper_description) by extensions ['ignore', 'ignore_ament_install']
[0.401s] Level 1:colcon.colcon_core.package_identification:_identify(src/piper_ros2/piper_description) by extension 'ignore'
[0.401s] Level 1:colcon.colcon_core.package_identification:_identify(src/piper_ros2/piper_description) by extension 'ignore_ament_install'
[0.401s] Level 1:colcon.colcon_core.package_identification:_identify(src/piper_ros2/piper_description) by extensions ['colcon_pkg']
[0.401s] Level 1:colcon.colcon_core.package_identification:_identify(src/piper_ros2/piper_description) by extension 'colcon_pkg'
[0.401s] Level 1:colcon.colcon_core.package_identification:_identify(src/piper_ros2/piper_description) by extensions ['colcon_meta']
[0.401s] Level 1:colcon.colcon_core.package_identification:_identify(src/piper_ros2/piper_description) by extension 'colcon_meta'
[0.401s] Level 1:colcon.colcon_core.package_identification:_identify(src/piper_ros2/piper_description) by extensions ['ros']
[0.401s] Level 1:colcon.colcon_core.package_identification:_identify(src/piper_ros2/piper_description) by extension 'ros'
[0.401s] DEBUG:colcon.colcon_core.package_identification:Package 'src/piper_ros2/piper_description' with type 'ros.ament_cmake' and name 'piper_description'
[0.401s] Level 1:colcon.colcon_core.package_identification:_identify(src/piper_ros2/piper_moveit_config) by extensions ['ignore', 'ignore_ament_install']
[0.401s] Level 1:colcon.colcon_core.package_identification:_identify(src/piper_ros2/piper_moveit_config) by extension 'ignore'
[0.401s] Level 1:colcon.colcon_core.package_identification:_identify(src/piper_ros2/piper_moveit_config) by extension 'ignore_ament_install'
[0.402s] Level 1:colcon.colcon_core.package_identification:_identify(src/piper_ros2/piper_moveit_config) by extensions ['colcon_pkg']
[0.402s] Level 1:colcon.colcon_core.package_identification:_identify(src/piper_ros2/piper_moveit_config) by extension 'colcon_pkg'
[0.402s] Level 1:colcon.colcon_core.package_identification:_identify(src/piper_ros2/piper_moveit_config) by extensions ['colcon_meta']
[0.402s] Level 1:colcon.colcon_core.package_identification:_identify(src/piper_ros2/piper_moveit_config) by extension 'colcon_meta'
[0.402s] Level 1:colcon.colcon_core.package_identification:_identify(src/piper_ros2/piper_moveit_config) by extensions ['ros']
[0.402s] Level 1:colcon.colcon_core.package_identification:_identify(src/piper_ros2/piper_moveit_config) by extension 'ros'
[0.404s] DEBUG:colcon.colcon_core.package_identification:Package 'src/piper_ros2/piper_moveit_config' with type 'ros.ament_cmake' and name 'piper_moveit_config'
[0.404s] Level 1:colcon.colcon_core.package_identification:_identify(src/scene_graph_interfaces) by extensions ['ignore', 'ignore_ament_install']
[0.404s] Level 1:colcon.colcon_core.package_identification:_identify(src/scene_graph_interfaces) by extension 'ignore'
[0.404s] Level 1:colcon.colcon_core.package_identification:_identify(src/scene_graph_interfaces) by extension 'ignore_ament_install'
[0.404s] Level 1:colcon.colcon_core.package_identification:_identify(src/scene_graph_interfaces) by extensions ['colcon_pkg']
[0.404s] Level 1:colcon.colcon_core.package_identification:_identify(src/scene_graph_interfaces) by extension 'colcon_pkg'
[0.404s] Level 1:colcon.colcon_core.package_identification:_identify(src/scene_graph_interfaces) by extensions ['colcon_meta']
[0.404s] Level 1:colcon.colcon_core.package_identification:_identify(src/scene_graph_interfaces) by extension 'colcon_meta'
[0.404s] Level 1:colcon.colcon_core.package_identification:_identify(src/scene_graph_interfaces) by extensions ['ros']
[0.404s] Level 1:colcon.colcon_core.package_identification:_identify(src/scene_graph_interfaces) by extension 'ros'
[0.404s] DEBUG:colcon.colcon_core.package_identification:Package 'src/scene_graph_interfaces' with type 'ros.ament_cmake' and name 'scene_graph_interfaces'
[0.404s] Level 1:colcon.colcon_core.package_discovery:discover_packages(recursive) using defaults
[0.404s] Level 1:colcon.colcon_core.package_discovery:discover_packages(ignore) discover
[0.404s] Level 1:colcon.colcon_core.package_discovery:discover_packages(ignore) using defaults
[0.404s] Level 1:colcon.colcon_core.package_discovery:discover_packages(path) discover
[0.404s] Level 1:colcon.colcon_core.package_discovery:discover_packages(path) using defaults
[0.422s] Level 1:colcon.colcon_core.package_discovery:discover_packages(prefix_path) check parameters
[0.422s] Level 1:colcon.colcon_core.package_discovery:discover_packages(prefix_path) discover
[0.423s] DEBUG:colcon.colcon_installed_package_information.package_discovery:Found 4 installed packages in /home/dali/ros2_ws/install
[0.425s] DEBUG:colcon.colcon_installed_package_information.package_discovery:Found 413 installed packages in /opt/ros/jazzy
[0.425s] Level 1:colcon.colcon_core.package_discovery:discover_packages(prefix_path) using defaults
[0.540s] Level 5:colcon.colcon_core.verb:set package 'piper_description' build argument 'cmake_args' from command line to 'None'
[0.540s] Level 5:colcon.colcon_core.verb:set package 'piper_description' build argument 'cmake_target' from command line to 'None'
[0.540s] Level 5:colcon.colcon_core.verb:set package 'piper_description' build argument 'cmake_target_skip_unavailable' from command line to 'False'
[0.541s] Level 5:colcon.colcon_core.verb:set package 'piper_description' build argument 'cmake_clean_cache' from command line to 'False'
[0.541s] Level 5:colcon.colcon_core.verb:set package 'piper_description' build argument 'cmake_clean_first' from command line to 'False'
[0.541s] Level 5:colcon.colcon_core.verb:set package 'piper_description' build argument 'cmake_force_configure' from command line to 'False'
[0.541s] Level 5:colcon.colcon_core.verb:set package 'piper_description' build argument 'ament_cmake_args' from command line to 'None'
[0.541s] Level 5:colcon.colcon_core.verb:set package 'piper_description' build argument 'catkin_cmake_args' from command line to 'None'
[0.541s] Level 5:colcon.colcon_core.verb:set package 'piper_description' build argument 'catkin_skip_building_tests' from command line to 'False'
[0.541s] DEBUG:colcon.colcon_core.verb:Building package 'piper_description' with the following arguments: {'ament_cmake_args': None, 'build_base': '/home/dali/ros2_ws/build/piper_description', 'catkin_cmake_args': None, 'catkin_skip_building_tests': False, 'cmake_args': None, 'cmake_clean_cache': False, 'cmake_clean_first': False, 'cmake_force_configure': False, 'cmake_target': None, 'cmake_target_skip_unavailable': False, 'install_base': '/home/dali/ros2_ws/install/piper_description', 'merge_install': False, 'path': '/home/dali/ros2_ws/src/piper_ros2/piper_description', 'symlink_install': False, 'test_result_base': None}
[0.542s] Level 5:colcon.colcon_core.verb:set package 'scene_graph_interfaces' build argument 'cmake_args' from command line to 'None'
[0.542s] Level 5:colcon.colcon_core.verb:set package 'scene_graph_interfaces' build argument 'cmake_target' from command line to 'None'
[0.543s] Level 5:colcon.colcon_core.verb:set package 'scene_graph_interfaces' build argument 'cmake_target_skip_unavailable' from command line to 'False'
[0.543s] Level 5:colcon.colcon_core.verb:set package 'scene_graph_interfaces' build argument 'cmake_clean_cache' from command line to 'False'
[0.543s] Level 5:colcon.colcon_core.verb:set package 'scene_graph_interfaces' build argument 'cmake_clean_first' from command line to 'False'
[0.543s] Level 5:colcon.colcon_core.verb:set package 'scene_graph_interfaces' build argument 'cmake_force_configure' from command line to 'False'
[0.543s] Level 5:colcon.colcon_core.verb:set package 'scene_graph_interfaces' build argument 'ament_cmake_args' from command line to 'None'
[0.543s] Level 5:colcon.colcon_core.verb:set package 'scene_graph_interfaces' build argument 'catkin_cmake_args' from command line to 'None'
[0.543s] Level 5:colcon.colcon_core.verb:set package 'scene_graph_interfaces' build argument 'catkin_skip_building_tests' from command line to 'False'
[0.543s] DEBUG:colcon.colcon_core.verb:Building package 'scene_graph_interfaces' with the following arguments: {'ament_cmake_args': None, 'build_base': '/home/dali/ros2_ws/build/scene_graph_interfaces', 'catkin_cmake_args': None, 'catkin_skip_building_tests': False, 'cmake_args': None, 'cmake_clean_cache': False, 'cmake_clean_first': False, 'cmake_force_configure': False, 'cmake_target': None, 'cmake_target_skip_unavailable': False, 'install_base': '/home/dali/ros2_ws/install/scene_graph_interfaces', 'merge_install': False, 'path': '/home/dali/ros2_ws/src/scene_graph_interfaces', 'symlink_install': False, 'test_result_base': None}
[0.543s] Level 5:colcon.colcon_core.verb:set package 'piper_bringup' build argument 'cmake_args' from command line to 'None'
[0.543s] Level 5:colcon.colcon_core.verb:set package 'piper_bringup' build argument 'cmake_target' from command line to 'None'
[0.543s] Level 5:colcon.colcon_core.verb:set package 'piper_bringup' build argument 'cmake_target_skip_unavailable' from command line to 'False'
[0.543s] Level 5:colcon.colcon_core.verb:set package 'piper_bringup' build argument 'cmake_clean_cache' from command line to 'False'
[0.543s] Level 5:colcon.colcon_core.verb:set package 'piper_bringup' build argument 'cmake_clean_first' from command line to 'False'
[0.543s] Level 5:colcon.colcon_core.verb:set package 'piper_bringup' build argument 'cmake_force_configure' from command line to 'False'
[0.543s] Level 5:colcon.colcon_core.verb:set package 'piper_bringup' build argument 'ament_cmake_args' from command line to 'None'
[0.543s] Level 5:colcon.colcon_core.verb:set package 'piper_bringup' build argument 'catkin_cmake_args' from command line to 'None'
[0.543s] Level 5:colcon.colcon_core.verb:set package 'piper_bringup' build argument 'catkin_skip_building_tests' from command line to 'False'
[0.543s] DEBUG:colcon.colcon_core.verb:Building package 'piper_bringup' with the following arguments: {'ament_cmake_args': None, 'build_base': '/home/dali/ros2_ws/build/piper_bringup', 'catkin_cmake_args': None, 'catkin_skip_building_tests': False, 'cmake_args': None, 'cmake_clean_cache': False, 'cmake_clean_first': False, 'cmake_force_configure': False, 'cmake_target': None, 'cmake_target_skip_unavailable': False, 'install_base': '/home/dali/ros2_ws/install/piper_bringup', 'merge_install': False, 'path': '/home/dali/ros2_ws/src/piper_ros2/piper_bringup', 'symlink_install': False, 'test_result_base': None}
[0.544s] Level 5:colcon.colcon_core.verb:set package 'piper_moveit_config' build argument 'cmake_args' from command line to 'None'
[0.544s] Level 5:colcon.colcon_core.verb:set package 'piper_moveit_config' build argument 'cmake_target' from command line to 'None'
[0.544s] Level 5:colcon.colcon_core.verb:set package 'piper_moveit_config' build argument 'cmake_target_skip_unavailable' from command line to 'False'
[0.544s] Level 5:colcon.colcon_core.verb:set package 'piper_moveit_config' build argument 'cmake_clean_cache' from command line to 'False'
[0.544s] Level 5:colcon.colcon_core.verb:set package 'piper_moveit_config' build argument 'cmake_clean_first' from command line to 'False'
[0.544s] Level 5:colcon.colcon_core.verb:set package 'piper_moveit_config' build argument 'cmake_force_configure' from command line to 'False'
[0.544s] Level 5:colcon.colcon_core.verb:set package 'piper_moveit_config' build argument 'ament_cmake_args' from command line to 'None'
[0.544s] Level 5:colcon.colcon_core.verb:set package 'piper_moveit_config' build argument 'catkin_cmake_args' from command line to 'None'
[0.544s] Level 5:colcon.colcon_core.verb:set package 'piper_moveit_config' build argument 'catkin_skip_building_tests' from command line to 'False'
[0.544s] DEBUG:colcon.colcon_core.verb:Building package 'piper_moveit_config' with the following arguments: {'ament_cmake_args': None, 'build_base': '/home/dali/ros2_ws/build/piper_moveit_config', 'catkin_cmake_args': None, 'catkin_skip_building_tests': False, 'cmake_args': None, 'cmake_clean_cache': False, 'cmake_clean_first': False, 'cmake_force_configure': False, 'cmake_target': None, 'cmake_target_skip_unavailable': False, 'install_base': '/home/dali/ros2_ws/install/piper_moveit_config', 'merge_install': False, 'path': '/home/dali/ros2_ws/src/piper_ros2/piper_moveit_config', 'symlink_install': False, 'test_result_base': None}
[0.544s] INFO:colcon.colcon_core.executor:Executing jobs using 'parallel' executor
[0.545s] DEBUG:colcon.colcon_parallel_executor.executor.parallel:run_until_complete
[0.546s] INFO:colcon.colcon_ros.task.ament_cmake.build:Building ROS package in '/home/dali/ros2_ws/src/piper_ros2/piper_description' with build type 'ament_cmake'
[0.546s] INFO:colcon.colcon_cmake.task.cmake.build:Building CMake package in '/home/dali/ros2_ws/src/piper_ros2/piper_description'
[0.550s] INFO:colcon.colcon_core.plugin_system:Skipping extension 'colcon_core.shell.bat': Not used on non-Windows systems
[0.550s] INFO:colcon.colcon_core.shell:Skip shell extension 'powershell' for command environment: Not usable outside of PowerShell
[0.550s] DEBUG:colcon.colcon_core.shell:Skip shell extension 'dsv' for command environment
[0.567s] INFO:colcon.colcon_ros.task.ament_cmake.build:Building ROS package in '/home/dali/ros2_ws/src/scene_graph_interfaces' with build type 'ament_cmake'
[0.567s] INFO:colcon.colcon_cmake.task.cmake.build:Building CMake package in '/home/dali/ros2_ws/src/scene_graph_interfaces'
[0.567s] INFO:colcon.colcon_core.shell:Skip shell extension 'powershell' for command environment: Not usable outside of PowerShell
[0.567s] DEBUG:colcon.colcon_core.shell:Skip shell extension 'dsv' for command environment
[0.585s] DEBUG:colcon.colcon_core.event_handler.log_command:Invoking command in '/home/dali/ros2_ws/build/piper_description': CMAKE_PREFIX_PATH=${CMAKE_PREFIX_PATH}:/opt/ros/jazzy DEBUGINFOD_URLS=https://debuginfod.ubuntu.com /usr/bin/cmake --build /home/dali/ros2_ws/build/piper_description -- -j4 -l4
[0.599s] DEBUG:colcon.colcon_core.event_handler.log_command:Invoking command in '/home/dali/ros2_ws/build/scene_graph_interfaces': CMAKE_PREFIX_PATH=${CMAKE_PREFIX_PATH}:/opt/ros/jazzy DEBUGINFOD_URLS=https://debuginfod.ubuntu.com /usr/bin/cmake --build /home/dali/ros2_ws/build/scene_graph_interfaces -- -j4 -l4
[0.700s] DEBUG:colcon.colcon_core.event_handler.log_command:Invoked command in '/home/dali/ros2_ws/build/piper_description' returned '0': CMAKE_PREFIX_PATH=${CMAKE_PREFIX_PATH}:/opt/ros/jazzy DEBUGINFOD_URLS=https://debuginfod.ubuntu.com /usr/bin/cmake --build /home/dali/ros2_ws/build/piper_description -- -j4 -l4
[0.713s] DEBUG:colcon.colcon_core.event_handler.log_command:Invoking command in '/home/dali/ros2_ws/build/piper_description': CMAKE_PREFIX_PATH=${CMAKE_PREFIX_PATH}:/opt/ros/jazzy DEBUGINFOD_URLS=https://debuginfod.ubuntu.com /usr/bin/cmake --install /home/dali/ros2_ws/build/piper_description
[0.756s] Level 1:colcon.colcon_core.environment:create_environment_scripts_only(piper_description)
[0.760s] DEBUG:colcon.colcon_core.event_handler.log_command:Invoked command in '/home/dali/ros2_ws/build/piper_description' returned '0': CMAKE_PREFIX_PATH=${CMAKE_PREFIX_PATH}:/opt/ros/jazzy DEBUGINFOD_URLS=https://debuginfod.ubuntu.com /usr/bin/cmake --install /home/dali/ros2_ws/build/piper_description
[0.760s] Level 1:colcon.colcon_core.environment:checking '/home/dali/ros2_ws/install/piper_description' for CMake module files
[0.762s] Level 1:colcon.colcon_core.environment:checking '/home/dali/ros2_ws/install/piper_description' for CMake config files
[0.763s] Level 1:colcon.colcon_core.shell:create_environment_hook('piper_description', 'cmake_prefix_path')
[0.764s] INFO:colcon.colcon_core.shell:Creating environment hook '/home/dali/ros2_ws/install/piper_description/share/piper_description/hook/cmake_prefix_path.ps1'
[0.766s] INFO:colcon.colcon_core.shell:Creating environment descriptor '/home/dali/ros2_ws/install/piper_description/share/piper_description/hook/cmake_prefix_path.dsv'
[0.770s] INFO:colcon.colcon_core.shell:Creating environment hook '/home/dali/ros2_ws/install/piper_description/share/piper_description/hook/cmake_prefix_path.sh'
[0.776s] Level 1:colcon.colcon_core.environment:checking '/home/dali/ros2_ws/install/piper_description/bin'
[0.776s] Level 1:colcon.colcon_core.environment:checking '/home/dali/ros2_ws/install/piper_description/lib/pkgconfig/piper_description.pc'
[0.776s] Level 1:colcon.colcon_core.environment:checking '/home/dali/ros2_ws/install/piper_description/lib/python3.12/site-packages'
[0.777s] Level 1:colcon.colcon_core.environment:checking '/home/dali/ros2_ws/install/piper_description/bin'
[0.777s] INFO:colcon.colcon_core.shell:Creating package script '/home/dali/ros2_ws/install/piper_description/share/piper_description/package.ps1'
[0.781s] INFO:colcon.colcon_core.shell:Creating package descriptor '/home/dali/ros2_ws/install/piper_description/share/piper_description/package.dsv'
[0.782s] INFO:colcon.colcon_core.shell:Creating package script '/home/dali/ros2_ws/install/piper_description/share/piper_description/package.sh'
[0.782s] INFO:colcon.colcon_core.shell:Creating package script '/home/dali/ros2_ws/install/piper_description/share/piper_description/package.bash'
[0.787s] INFO:colcon.colcon_core.shell:Creating package script '/home/dali/ros2_ws/install/piper_description/share/piper_description/package.zsh'
[0.788s] Level 1:colcon.colcon_core.environment:create_file_with_runtime_dependencies(/home/dali/ros2_ws/install/piper_description/share/colcon-core/packages/piper_description)
[0.790s] Level 1:colcon.colcon_core.environment:create_environment_scripts_only(piper_description)
[0.790s] Level 1:colcon.colcon_core.environment:checking '/home/dali/ros2_ws/install/piper_description' for CMake module files
[0.791s] Level 1:colcon.colcon_core.environment:checking '/home/dali/ros2_ws/install/piper_description' for CMake config files
[0.791s] Level 1:colcon.colcon_core.shell:create_environment_hook('piper_description', 'cmake_prefix_path')
[0.792s] INFO:colcon.colcon_core.shell:Creating environment hook '/home/dali/ros2_ws/install/piper_description/share/piper_description/hook/cmake_prefix_path.ps1'
[0.792s] INFO:colcon.colcon_core.shell:Creating environment descriptor '/home/dali/ros2_ws/install/piper_description/share/piper_description/hook/cmake_prefix_path.dsv'
[0.792s] INFO:colcon.colcon_core.shell:Creating environment hook '/home/dali/ros2_ws/install/piper_description/share/piper_description/hook/cmake_prefix_path.sh'
[0.793s] Level 1:colcon.colcon_core.environment:checking '/home/dali/ros2_ws/install/piper_description/bin'
[0.793s] Level 1:colcon.colcon_core.environment:checking '/home/dali/ros2_ws/install/piper_description/lib/pkgconfig/piper_description.pc'
[0.794s] Level 1:colcon.colcon_core.environment:checking '/home/dali/ros2_ws/install/piper_description/lib/python3.12/site-packages'
[0.794s] Level 1:colcon.colcon_core.environment:checking '/home/dali/ros2_ws/install/piper_description/bin'
[0.794s] INFO:colcon.colcon_core.shell:Creating package script '/home/dali/ros2_ws/install/piper_description/share/piper_description/package.ps1'
[0.795s] INFO:colcon.colcon_core.shell:Creating package descriptor '/home/dali/ros2_ws/install/piper_description/share/piper_description/package.dsv'
[0.795s] INFO:colcon.colcon_core.shell:Creating package script '/home/dali/ros2_ws/install/piper_description/share/piper_description/package.sh'
[0.795s] INFO:colcon.colcon_core.shell:Creating package script '/home/dali/ros2_ws/install/piper_description/share/piper_description/package.bash'
[0.798s] INFO:colcon.colcon_core.shell:Creating package script '/home/dali/ros2_ws/install/piper_description/share/piper_description/package.zsh'
[0.799s] Level 1:colcon.colcon_core.environment:create_file_with_runtime_dependencies(/home/dali/ros2_ws/install/piper_description/share/colcon-core/packages/piper_description)
[0.801s] INFO:colcon.colcon_ros.task.ament_cmake.build:Building ROS package in '/home/dali/ros2_ws/src/piper_ros2/piper_moveit_config' with build type 'ament_cmake'
[0.801s] INFO:colcon.colcon_cmake.task.cmake.build:Building CMake package in '/home/dali/ros2_ws/src/piper_ros2/piper_moveit_config'
[0.801s] INFO:colcon.colcon_core.shell:Skip shell extension 'powershell' for command environment: Not usable outside of PowerShell
[0.801s] DEBUG:colcon.colcon_core.shell:Skip shell extension 'dsv' for command environment
[0.810s] DEBUG:colcon.colcon_core.event_handler.log_command:Invoking command in '/home/dali/ros2_ws/build/piper_moveit_config': CMAKE_PREFIX_PATH=/home/dali/ros2_ws/install/piper_description:/home/dali/ros2_ws/install/piper_bringup:/home/dali/ros2_ws/install/scene_graph_interfaces:/home/dali/ros2_ws/install/piper_moveit_config:/opt/ros/jazzy/opt/gz_sim_vendor:/opt/ros/jazzy/opt/gz_sensors_vendor:/opt/ros/jazzy/opt/gz_physics_vendor:/opt/ros/jazzy/opt/sdformat_vendor:/opt/ros/jazzy/opt/gz_gui_vendor:/opt/ros/jazzy/opt/gz_transport_vendor:/opt/ros/jazzy/opt/gz_rendering_vendor:/opt/ros/jazzy/opt/gz_plugin_vendor:/opt/ros/jazzy/opt/gz_fuel_tools_vendor:/opt/ros/jazzy/opt/gz_msgs_vendor:/opt/ros/jazzy/opt/gz_common_vendor:/opt/ros/jazzy/opt/gz_math_vendor:/opt/ros/jazzy/opt/gz_utils_vendor:/opt/ros/jazzy/opt/gz_tools_vendor:/opt/ros/jazzy/opt/gz_ogre_next_vendor:/opt/ros/jazzy/opt/gz_dartsim_vendor:/opt/ros/jazzy/opt/gz_cmake_vendor:/opt/ros/jazzy DEBUGINFOD_URLS=https://debuginfod.ubuntu.com /usr/bin/cmake --build /home/dali/ros2_ws/build/piper_moveit_config -- -j4 -l4
[0.939s] DEBUG:colcon.colcon_core.event_handler.log_command:Invoked command in '/home/dali/ros2_ws/build/piper_moveit_config' returned '0': CMAKE_PREFIX_PATH=/home/dali/ros2_ws/install/piper_description:/home/dali/ros2_ws/install/piper_bringup:/home/dali/ros2_ws/install/scene_graph_interfaces:/home/dali/ros2_ws/install/piper_moveit_config:/opt/ros/jazzy/opt/gz_sim_vendor:/opt/ros/jazzy/opt/gz_sensors_vendor:/opt/ros/jazzy/opt/gz_physics_vendor:/opt/ros/jazzy/opt/sdformat_vendor:/opt/ros/jazzy/opt/gz_gui_vendor:/opt/ros/jazzy/opt/gz_transport_vendor:/opt/ros/jazzy/opt/gz_rendering_vendor:/opt/ros/jazzy/opt/gz_plugin_vendor:/opt/ros/jazzy/opt/gz_fuel_tools_vendor:/opt/ros/jazzy/opt/gz_msgs_vendor:/opt/ros/jazzy/opt/gz_common_vendor:/opt/ros/jazzy/opt/gz_math_vendor:/opt/ros/jazzy/opt/gz_utils_vendor:/opt/ros/jazzy/opt/gz_tools_vendor:/opt/ros/jazzy/opt/gz_ogre_next_vendor:/opt/ros/jazzy/opt/gz_dartsim_vendor:/opt/ros/jazzy/opt/gz_cmake_vendor:/opt/ros/jazzy DEBUGINFOD_URLS=https://debuginfod.ubuntu.com /usr/bin/cmake --build /home/dali/ros2_ws/build/piper_moveit_config -- -j4 -l4
[0.939s] DEBUG:colcon.colcon_core.event_handler.log_command:Invoking command in '/home/dali/ros2_ws/build/piper_moveit_config': CMAKE_PREFIX_PATH=/home/dali/ros2_ws/install/piper_description:/home/dali/ros2_ws/install/piper_bringup:/home/dali/ros2_ws/install/scene_graph_interfaces:/home/dali/ros2_ws/install/piper_moveit_config:/opt/ros/jazzy/opt/gz_sim_vendor:/opt/ros/jazzy/opt/gz_sensors_vendor:/opt/ros/jazzy/opt/gz_physics_vendor:/opt/ros/jazzy/opt/sdformat_vendor:/opt/ros/jazzy/opt/gz_gui_vendor:/opt/ros/jazzy/opt/gz_transport_vendor:/opt/ros/jazzy/opt/gz_rendering_vendor:/opt/ros/jazzy/opt/gz_plugin_vendor:/opt/ros/jazzy/opt/gz_fuel_tools_vendor:/opt/ros/jazzy/opt/gz_msgs_vendor:/opt/ros/jazzy/opt/gz_common_vendor:/opt/ros/jazzy/opt/gz_math_vendor:/opt/ros/jazzy/opt/gz_utils_vendor:/opt/ros/jazzy/opt/gz_tools_vendor:/opt/ros/jazzy/opt/gz_ogre_next_vendor:/opt/ros/jazzy/opt/gz_dartsim_vendor:/opt/ros/jazzy/opt/gz_cmake_vendor:/opt/ros/jazzy DEBUGINFOD_URLS=https://debuginfod.ubuntu.com /usr/bin/cmake --install /home/dali/ros2_ws/build/piper_moveit_config
[0.981s] Level 1:colcon.colcon_core.environment:create_environment_scripts_only(piper_moveit_config)
[0.983s] Level 1:colcon.colcon_core.environment:checking '/home/dali/ros2_ws/install/piper_moveit_config' for CMake module files
[0.983s] Level 1:colcon.colcon_core.environment:checking '/home/dali/ros2_ws/install/piper_moveit_config' for CMake config files
[0.983s] Level 1:colcon.colcon_core.shell:create_environment_hook('piper_moveit_config', 'cmake_prefix_path')
[0.983s] INFO:colcon.colcon_core.shell:Creating environment hook '/home/dali/ros2_ws/install/piper_moveit_config/share/piper_moveit_config/hook/cmake_prefix_path.ps1'
[0.984s] DEBUG:colcon.colcon_core.event_handler.log_command:Invoked command in '/home/dali/ros2_ws/build/piper_moveit_config' returned '0': CMAKE_PREFIX_PATH=/home/dali/ros2_ws/install/piper_description:/home/dali/ros2_ws/install/piper_bringup:/home/dali/ros2_ws/install/scene_graph_interfaces:/home/dali/ros2_ws/install/piper_moveit_config:/opt/ros/jazzy/opt/gz_sim_vendor:/opt/ros/jazzy/opt/gz_sensors_vendor:/opt/ros/jazzy/opt/gz_physics_vendor:/opt/ros/jazzy/opt/sdformat_vendor:/opt/ros/jazzy/opt/gz_gui_vendor:/opt/ros/jazzy/opt/gz_transport_vendor:/opt/ros/jazzy/opt/gz_rendering_vendor:/opt/ros/jazzy/opt/gz_plugin_vendor:/opt/ros/jazzy/opt/gz_fuel_tools_vendor:/opt/ros/jazzy/opt/gz_msgs_vendor:/opt/ros/jazzy/opt/gz_common_vendor:/opt/ros/jazzy/opt/gz_math_vendor:/opt/ros/jazzy/opt/gz_utils_vendor:/opt/ros/jazzy/opt/gz_tools_vendor:/opt/ros/jazzy/opt/gz_ogre_next_vendor:/opt/ros/jazzy/opt/gz_dartsim_vendor:/opt/ros/jazzy/opt/gz_cmake_vendor:/opt/ros/jazzy DEBUGINFOD_URLS=https://debuginfod.ubuntu.com /usr/bin/cmake --install /home/dali/ros2_ws/build/piper_moveit_config
[0.988s] INFO:colcon.colcon_core.shell:Creating environment descriptor '/home/dali/ros2_ws/install/piper_moveit_config/share/piper_moveit_config/hook/cmake_prefix_path.dsv'
[0.991s] INFO:colcon.colcon_core.shell:Creating environment hook '/home/dali/ros2_ws/install/piper_moveit_config/share/piper_moveit_config/hook/cmake_prefix_path.sh'
[0.994s] Level 1:colcon.colcon_core.environment:checking '/home/dali/ros2_ws/install/piper_moveit_config/bin'
[0.994s] Level 1:colcon.colcon_core.environment:checking '/home/dali/ros2_ws/install/piper_moveit_config/lib/pkgconfig/piper_moveit_config.pc'
[1.013s] Level 1:colcon.colcon_core.environment:checking '/home/dali/ros2_ws/install/piper_moveit_config/lib/python3.12/site-packages'
[1.014s] Level 1:colcon.colcon_core.environment:checking '/home/dali/ros2_ws/install/piper_moveit_config/bin'
[1.014s] INFO:colcon.colcon_core.shell:Creating package script '/home/dali/ros2_ws/install/piper_moveit_config/share/piper_moveit_config/package.ps1'
[1.014s] INFO:colcon.colcon_core.shell:Creating package descriptor '/home/dali/ros2_ws/install/piper_moveit_config/share/piper_moveit_config/package.dsv'
[1.016s] INFO:colcon.colcon_core.shell:Creating package script '/home/dali/ros2_ws/install/piper_moveit_config/share/piper_moveit_config/package.sh'
[1.017s] INFO:colcon.colcon_core.shell:Creating package script '/home/dali/ros2_ws/install/piper_moveit_config/share/piper_moveit_config/package.bash'
[1.018s] INFO:colcon.colcon_core.shell:Creating package script '/home/dali/ros2_ws/install/piper_moveit_config/share/piper_moveit_config/package.zsh'
[1.019s] Level 1:colcon.colcon_core.environment:create_file_with_runtime_dependencies(/home/dali/ros2_ws/install/piper_moveit_config/share/colcon-core/packages/piper_moveit_config)
[1.036s] Level 1:colcon.colcon_core.environment:create_environment_scripts_only(piper_moveit_config)
[1.036s] Level 1:colcon.colcon_core.environment:checking '/home/dali/ros2_ws/install/piper_moveit_config' for CMake module files
[1.037s] Level 1:colcon.colcon_core.environment:checking '/home/dali/ros2_ws/install/piper_moveit_config' for CMake config files
[1.037s] Level 1:colcon.colcon_core.shell:create_environment_hook('piper_moveit_config', 'cmake_prefix_path')
[1.037s] INFO:colcon.colcon_core.shell:Creating environment hook '/home/dali/ros2_ws/install/piper_moveit_config/share/piper_moveit_config/hook/cmake_prefix_path.ps1'
[1.039s] INFO:colcon.colcon_core.shell:Creating environment descriptor '/home/dali/ros2_ws/install/piper_moveit_config/share/piper_moveit_config/hook/cmake_prefix_path.dsv'
[1.040s] INFO:colcon.colcon_core.shell:Creating environment hook '/home/dali/ros2_ws/install/piper_moveit_config/share/piper_moveit_config/hook/cmake_prefix_path.sh'
[1.042s] Level 1:colcon.colcon_core.environment:checking '/home/dali/ros2_ws/install/piper_moveit_config/bin'
[1.042s] Level 1:colcon.colcon_core.environment:checking '/home/dali/ros2_ws/install/piper_moveit_config/lib/pkgconfig/piper_moveit_config.pc'
[1.042s] Level 1:colcon.colcon_core.environment:checking '/home/dali/ros2_ws/install/piper_moveit_config/lib/python3.12/site-packages'
[1.044s] Level 1:colcon.colcon_core.environment:checking '/home/dali/ros2_ws/install/piper_moveit_config/bin'
[1.044s] INFO:colcon.colcon_core.shell:Creating package script '/home/dali/ros2_ws/install/piper_moveit_config/share/piper_moveit_config/package.ps1'
[1.045s] INFO:colcon.colcon_core.shell:Creating package descriptor '/home/dali/ros2_ws/install/piper_moveit_config/share/piper_moveit_config/package.dsv'
[1.047s] INFO:colcon.colcon_core.shell:Creating package script '/home/dali/ros2_ws/install/piper_moveit_config/share/piper_moveit_config/package.sh'
[1.051s] INFO:colcon.colcon_core.shell:Creating package script '/home/dali/ros2_ws/install/piper_moveit_config/share/piper_moveit_config/package.bash'
[1.052s] INFO:colcon.colcon_core.shell:Creating package script '/home/dali/ros2_ws/install/piper_moveit_config/share/piper_moveit_config/package.zsh'
[1.054s] Level 1:colcon.colcon_core.environment:create_file_with_runtime_dependencies(/home/dali/ros2_ws/install/piper_moveit_config/share/colcon-core/packages/piper_moveit_config)
[2.483s] DEBUG:colcon.colcon_core.event_handler.log_command:Invoked command in '/home/dali/ros2_ws/build/scene_graph_interfaces' returned '0': CMAKE_PREFIX_PATH=${CMAKE_PREFIX_PATH}:/opt/ros/jazzy DEBUGINFOD_URLS=https://debuginfod.ubuntu.com /usr/bin/cmake --build /home/dali/ros2_ws/build/scene_graph_interfaces -- -j4 -l4
[2.483s] DEBUG:colcon.colcon_core.event_handler.log_command:Invoking command in '/home/dali/ros2_ws/build/scene_graph_interfaces': CMAKE_PREFIX_PATH=${CMAKE_PREFIX_PATH}:/opt/ros/jazzy DEBUGINFOD_URLS=https://debuginfod.ubuntu.com /usr/bin/cmake --install /home/dali/ros2_ws/build/scene_graph_interfaces
[2.709s] Level 1:colcon.colcon_core.environment:create_environment_scripts_only(scene_graph_interfaces)
[2.709s] DEBUG:colcon.colcon_core.event_handler.log_command:Invoked command in '/home/dali/ros2_ws/build/scene_graph_interfaces' returned '0': CMAKE_PREFIX_PATH=${CMAKE_PREFIX_PATH}:/opt/ros/jazzy DEBUGINFOD_URLS=https://debuginfod.ubuntu.com /usr/bin/cmake --install /home/dali/ros2_ws/build/scene_graph_interfaces
[2.710s] Level 1:colcon.colcon_core.environment:checking '/home/dali/ros2_ws/install/scene_graph_interfaces' for CMake module files
[2.710s] Level 1:colcon.colcon_core.environment:checking '/home/dali/ros2_ws/install/scene_graph_interfaces' for CMake config files
[2.710s] Level 1:colcon.colcon_core.shell:create_environment_hook('scene_graph_interfaces', 'cmake_prefix_path')
[2.710s] INFO:colcon.colcon_core.shell:Creating environment hook '/home/dali/ros2_ws/install/scene_graph_interfaces/share/scene_graph_interfaces/hook/cmake_prefix_path.ps1'
[2.711s] INFO:colcon.colcon_core.shell:Creating environment descriptor '/home/dali/ros2_ws/install/scene_graph_interfaces/share/scene_graph_interfaces/hook/cmake_prefix_path.dsv'
[2.712s] INFO:colcon.colcon_core.shell:Creating environment hook '/home/dali/ros2_ws/install/scene_graph_interfaces/share/scene_graph_interfaces/hook/cmake_prefix_path.sh'
[2.712s] Level 1:colcon.colcon_core.environment:checking '/home/dali/ros2_ws/install/scene_graph_interfaces/lib'
[2.712s] Level 1:colcon.colcon_core.shell:create_environment_hook('scene_graph_interfaces', 'ld_library_path_lib')
[2.712s] INFO:colcon.colcon_core.shell:Creating environment hook '/home/dali/ros2_ws/install/scene_graph_interfaces/share/scene_graph_interfaces/hook/ld_library_path_lib.ps1'
[2.714s] INFO:colcon.colcon_core.shell:Creating environment descriptor '/home/dali/ros2_ws/install/scene_graph_interfaces/share/scene_graph_interfaces/hook/ld_library_path_lib.dsv'
[2.714s] INFO:colcon.colcon_core.shell:Creating environment hook '/home/dali/ros2_ws/install/scene_graph_interfaces/share/scene_graph_interfaces/hook/ld_library_path_lib.sh'
[2.714s] Level 1:colcon.colcon_core.environment:checking '/home/dali/ros2_ws/install/scene_graph_interfaces/bin'
[2.714s] Level 1:colcon.colcon_core.environment:checking '/home/dali/ros2_ws/install/scene_graph_interfaces/lib/pkgconfig/scene_graph_interfaces.pc'
[2.714s] Level 1:colcon.colcon_core.environment:checking '/home/dali/ros2_ws/install/scene_graph_interfaces/lib/python3.12/site-packages'
[2.714s] Level 1:colcon.colcon_core.shell:create_environment_hook('scene_graph_interfaces', 'pythonpath')
[2.715s] INFO:colcon.colcon_core.shell:Creating environment hook '/home/dali/ros2_ws/install/scene_graph_interfaces/share/scene_graph_interfaces/hook/pythonpath.ps1'
[2.715s] INFO:colcon.colcon_core.shell:Creating environment descriptor '/home/dali/ros2_ws/install/scene_graph_interfaces/share/scene_graph_interfaces/hook/pythonpath.dsv'
[2.716s] INFO:colcon.colcon_core.shell:Creating environment hook '/home/dali/ros2_ws/install/scene_graph_interfaces/share/scene_graph_interfaces/hook/pythonpath.sh'
[2.718s] Level 1:colcon.colcon_core.environment:checking '/home/dali/ros2_ws/install/scene_graph_interfaces/bin'
[2.718s] INFO:colcon.colcon_core.shell:Creating package script '/home/dali/ros2_ws/install/scene_graph_interfaces/share/scene_graph_interfaces/package.ps1'
[2.718s] INFO:colcon.colcon_core.shell:Creating package descriptor '/home/dali/ros2_ws/install/scene_graph_interfaces/share/scene_graph_interfaces/package.dsv'
[2.722s] INFO:colcon.colcon_core.shell:Creating package script '/home/dali/ros2_ws/install/scene_graph_interfaces/share/scene_graph_interfaces/package.sh'
[2.723s] INFO:colcon.colcon_core.shell:Creating package script '/home/dali/ros2_ws/install/scene_graph_interfaces/share/scene_graph_interfaces/package.bash'
[2.723s] INFO:colcon.colcon_core.shell:Creating package script '/home/dali/ros2_ws/install/scene_graph_interfaces/share/scene_graph_interfaces/package.zsh'
[2.725s] Level 1:colcon.colcon_core.environment:create_file_with_runtime_dependencies(/home/dali/ros2_ws/install/scene_graph_interfaces/share/colcon-core/packages/scene_graph_interfaces)
[2.729s] Level 1:colcon.colcon_core.environment:create_environment_scripts_only(scene_graph_interfaces)
[2.729s] Level 1:colcon.colcon_core.environment:checking '/home/dali/ros2_ws/install/scene_graph_interfaces' for CMake module files
[2.730s] Level 1:colcon.colcon_core.environment:checking '/home/dali/ros2_ws/install/scene_graph_interfaces' for CMake config files
[2.730s] Level 1:colcon.colcon_core.shell:create_environment_hook('scene_graph_interfaces', 'cmake_prefix_path')
[2.733s] INFO:colcon.colcon_core.shell:Creating environment hook '/home/dali/ros2_ws/install/scene_graph_interfaces/share/scene_graph_interfaces/hook/cmake_prefix_path.ps1'
[2.734s] INFO:colcon.colcon_core.shell:Creating environment descriptor '/home/dali/ros2_ws/install/scene_graph_interfaces/share/scene_graph_interfaces/hook/cmake_prefix_path.dsv'
[2.736s] INFO:colcon.colcon_core.shell:Creating environment hook '/home/dali/ros2_ws/install/scene_graph_interfaces/share/scene_graph_interfaces/hook/cmake_prefix_path.sh'
[2.737s] Level 1:colcon.colcon_core.environment:checking '/home/dali/ros2_ws/install/scene_graph_interfaces/lib'
[2.737s] Level 1:colcon.colcon_core.shell:create_environment_hook('scene_graph_interfaces', 'ld_library_path_lib')
[2.738s] INFO:colcon.colcon_core.shell:Creating environment hook '/home/dali/ros2_ws/install/scene_graph_interfaces/share/scene_graph_interfaces/hook/ld_library_path_lib.ps1'
[2.738s] INFO:colcon.colcon_core.shell:Creating environment descriptor '/home/dali/ros2_ws/install/scene_graph_interfaces/share/scene_graph_interfaces/hook/ld_library_path_lib.dsv'
[2.739s] INFO:colcon.colcon_core.shell:Creating environment hook '/home/dali/ros2_ws/install/scene_graph_interfaces/share/scene_graph_interfaces/hook/ld_library_path_lib.sh'
[2.739s] Level 1:colcon.colcon_core.environment:checking '/home/dali/ros2_ws/install/scene_graph_interfaces/bin'
[2.739s] Level 1:colcon.colcon_core.environment:checking '/home/dali/ros2_ws/install/scene_graph_interfaces/lib/pkgconfig/scene_graph_interfaces.pc'
[2.743s] Level 1:colcon.colcon_core.environment:checking '/home/dali/ros2_ws/install/scene_graph_interfaces/lib/python3.12/site-packages'
[2.743s] Level 1:colcon.colcon_core.shell:create_environment_hook('scene_graph_interfaces', 'pythonpath')
[2.743s] INFO:colcon.colcon_core.shell:Creating environment hook '/home/dali/ros2_ws/install/scene_graph_interfaces/share/scene_graph_interfaces/hook/pythonpath.ps1'
[2.743s] INFO:colcon.colcon_core.shell:Creating environment descriptor '/home/dali/ros2_ws/install/scene_graph_interfaces/share/scene_graph_interfaces/hook/pythonpath.dsv'
[2.746s] INFO:colcon.colcon_core.shell:Creating environment hook '/home/dali/ros2_ws/install/scene_graph_interfaces/share/scene_graph_interfaces/hook/pythonpath.sh'
[2.747s] Level 1:colcon.colcon_core.environment:checking '/home/dali/ros2_ws/install/scene_graph_interfaces/bin'
[2.747s] INFO:colcon.colcon_core.shell:Creating package script '/home/dali/ros2_ws/install/scene_graph_interfaces/share/scene_graph_interfaces/package.ps1'
[2.747s] INFO:colcon.colcon_core.shell:Creating package descriptor '/home/dali/ros2_ws/install/scene_graph_interfaces/share/scene_graph_interfaces/package.dsv'
[2.748s] INFO:colcon.colcon_core.shell:Creating package script '/home/dali/ros2_ws/install/scene_graph_interfaces/share/scene_graph_interfaces/package.sh'
[2.749s] INFO:colcon.colcon_core.shell:Creating package script '/home/dali/ros2_ws/install/scene_graph_interfaces/share/scene_graph_interfaces/package.bash'
[2.750s] INFO:colcon.colcon_core.shell:Creating package script '/home/dali/ros2_ws/install/scene_graph_interfaces/share/scene_graph_interfaces/package.zsh'
[2.751s] Level 1:colcon.colcon_core.environment:create_file_with_runtime_dependencies(/home/dali/ros2_ws/install/scene_graph_interfaces/share/colcon-core/packages/scene_graph_interfaces)
[2.753s] INFO:colcon.colcon_ros.task.ament_cmake.build:Building ROS package in '/home/dali/ros2_ws/src/piper_ros2/piper_bringup' with build type 'ament_cmake'
[2.753s] INFO:colcon.colcon_cmake.task.cmake.build:Building CMake package in '/home/dali/ros2_ws/src/piper_ros2/piper_bringup'
[2.753s] INFO:colcon.colcon_core.shell:Skip shell extension 'powershell' for command environment: Not usable outside of PowerShell
[2.753s] DEBUG:colcon.colcon_core.shell:Skip shell extension 'dsv' for command environment
[2.778s] DEBUG:colcon.colcon_core.event_handler.log_command:Invoking command in '/home/dali/ros2_ws/build/piper_bringup': CMAKE_PREFIX_PATH=/home/dali/ros2_ws/install/scene_graph_interfaces:/home/dali/ros2_ws/install/piper_bringup:/home/dali/ros2_ws/install/piper_moveit_config:/home/dali/ros2_ws/install/piper_description:/opt/ros/jazzy/opt/gz_sim_vendor:/opt/ros/jazzy/opt/gz_sensors_vendor:/opt/ros/jazzy/opt/gz_physics_vendor:/opt/ros/jazzy/opt/sdformat_vendor:/opt/ros/jazzy/opt/gz_gui_vendor:/opt/ros/jazzy/opt/gz_transport_vendor:/opt/ros/jazzy/opt/gz_rendering_vendor:/opt/ros/jazzy/opt/gz_plugin_vendor:/opt/ros/jazzy/opt/gz_fuel_tools_vendor:/opt/ros/jazzy/opt/gz_msgs_vendor:/opt/ros/jazzy/opt/gz_common_vendor:/opt/ros/jazzy/opt/gz_math_vendor:/opt/ros/jazzy/opt/gz_utils_vendor:/opt/ros/jazzy/opt/gz_tools_vendor:/opt/ros/jazzy/opt/gz_ogre_next_vendor:/opt/ros/jazzy/opt/gz_dartsim_vendor:/opt/ros/jazzy/opt/gz_cmake_vendor:/opt/ros/jazzy DEBUGINFOD_URLS=https://debuginfod.ubuntu.com /usr/bin/cmake --build /home/dali/ros2_ws/build/piper_bringup -- -j4 -l4
[28.258s] DEBUG:colcon.colcon_core.event_handler.log_command:Invoked command in '/home/dali/ros2_ws/build/piper_bringup' returned '0': CMAKE_PREFIX_PATH=/home/dali/ros2_ws/install/scene_graph_interfaces:/home/dali/ros2_ws/install/piper_bringup:/home/dali/ros2_ws/install/piper_moveit_config:/home/dali/ros2_ws/install/piper_description:/opt/ros/jazzy/opt/gz_sim_vendor:/opt/ros/jazzy/opt/gz_sensors_vendor:/opt/ros/jazzy/opt/gz_physics_vendor:/opt/ros/jazzy/opt/sdformat_vendor:/opt/ros/jazzy/opt/gz_gui_vendor:/opt/ros/jazzy/opt/gz_transport_vendor:/opt/ros/jazzy/opt/gz_rendering_vendor:/opt/ros/jazzy/opt/gz_plugin_vendor:/opt/ros/jazzy/opt/gz_fuel_tools_vendor:/opt/ros/jazzy/opt/gz_msgs_vendor:/opt/ros/jazzy/opt/gz_common_vendor:/opt/ros/jazzy/opt/gz_math_vendor:/opt/ros/jazzy/opt/gz_utils_vendor:/opt/ros/jazzy/opt/gz_tools_vendor:/opt/ros/jazzy/opt/gz_ogre_next_vendor:/opt/ros/jazzy/opt/gz_dartsim_vendor:/opt/ros/jazzy/opt/gz_cmake_vendor:/opt/ros/jazzy DEBUGINFOD_URLS=https://debuginfod.ubuntu.com /usr/bin/cmake --build /home/dali/ros2_ws/build/piper_bringup -- -j4 -l4
[28.259s] DEBUG:colcon.colcon_core.event_handler.log_command:Invoking command in '/home/dali/ros2_ws/build/piper_bringup': CMAKE_PREFIX_PATH=/home/dali/ros2_ws/install/scene_graph_interfaces:/home/dali/ros2_ws/install/piper_bringup:/home/dali/ros2_ws/install/piper_moveit_config:/home/dali/ros2_ws/install/piper_description:/opt/ros/jazzy/opt/gz_sim_vendor:/opt/ros/jazzy/opt/gz_sensors_vendor:/opt/ros/jazzy/opt/gz_physics_vendor:/opt/ros/jazzy/opt/sdformat_vendor:/opt/ros/jazzy/opt/gz_gui_vendor:/opt/ros/jazzy/opt/gz_transport_vendor:/opt/ros/jazzy/opt/gz_rendering_vendor:/opt/ros/jazzy/opt/gz_plugin_vendor:/opt/ros/jazzy/opt/gz_fuel_tools_vendor:/opt/ros/jazzy/opt/gz_msgs_vendor:/opt/ros/jazzy/opt/gz_common_vendor:/opt/ros/jazzy/opt/gz_math_vendor:/opt/ros/jazzy/opt/gz_utils_vendor:/opt/ros/jazzy/opt/gz_tools_vendor:/opt/ros/jazzy/opt/gz_ogre_next_vendor:/opt/ros/jazzy/opt/gz_dartsim_vendor:/opt/ros/jazzy/opt/gz_cmake_vendor:/opt/ros/jazzy DEBUGINFOD_URLS=https://debuginfod.ubuntu.com /usr/bin/cmake --install /home/dali/ros2_ws/build/piper_bringup
[28.279s] Level 1:colcon.colcon_core.environment:create_environment_scripts_only(piper_bringup)
[28.280s] Level 1:colcon.colcon_core.environment:checking '/home/dali/ros2_ws/install/piper_bringup' for CMake module files
[28.280s] Level 1:colcon.colcon_core.environment:checking '/home/dali/ros2_ws/install/piper_bringup' for CMake config files
[28.280s] Level 1:colcon.colcon_core.shell:create_environment_hook('piper_bringup', 'cmake_prefix_path')
[28.280s] INFO:colcon.colcon_core.shell:Creating environment hook '/home/dali/ros2_ws/install/piper_bringup/share/piper_bringup/hook/cmake_prefix_path.ps1'
[28.281s] INFO:colcon.colcon_core.shell:Creating environment descriptor '/home/dali/ros2_ws/install/piper_bringup/share/piper_bringup/hook/cmake_prefix_path.dsv'
[28.281s] INFO:colcon.colcon_core.shell:Creating environment hook '/home/dali/ros2_ws/install/piper_bringup/share/piper_bringup/hook/cmake_prefix_path.sh'
[28.282s] Level 1:colcon.colcon_core.environment:checking '/home/dali/ros2_ws/install/piper_bringup/lib'
[28.282s] Level 1:colcon.colcon_core.environment:checking '/home/dali/ros2_ws/install/piper_bringup/bin'
[28.282s] Level 1:colcon.colcon_core.environment:checking '/home/dali/ros2_ws/install/piper_bringup/lib/pkgconfig/piper_bringup.pc'
[28.282s] Level 1:colcon.colcon_core.environment:checking '/home/dali/ros2_ws/install/piper_bringup/lib/python3.12/site-packages'
[28.282s] Level 1:colcon.colcon_core.environment:checking '/home/dali/ros2_ws/install/piper_bringup/bin'
[28.282s] INFO:colcon.colcon_core.shell:Creating package script '/home/dali/ros2_ws/install/piper_bringup/share/piper_bringup/package.ps1'
[28.282s] INFO:colcon.colcon_core.shell:Creating package descriptor '/home/dali/ros2_ws/install/piper_bringup/share/piper_bringup/package.dsv'
[28.293s] DEBUG:colcon.colcon_core.event_handler.log_command:Invoked command in '/home/dali/ros2_ws/build/piper_bringup' returned '0': CMAKE_PREFIX_PATH=/home/dali/ros2_ws/install/scene_graph_interfaces:/home/dali/ros2_ws/install/piper_bringup:/home/dali/ros2_ws/install/piper_moveit_config:/home/dali/ros2_ws/install/piper_description:/opt/ros/jazzy/opt/gz_sim_vendor:/opt/ros/jazzy/opt/gz_sensors_vendor:/opt/ros/jazzy/opt/gz_physics_vendor:/opt/ros/jazzy/opt/sdformat_vendor:/opt/ros/jazzy/opt/gz_gui_vendor:/opt/ros/jazzy/opt/gz_transport_vendor:/opt/ros/jazzy/opt/gz_rendering_vendor:/opt/ros/jazzy/opt/gz_plugin_vendor:/opt/ros/jazzy/opt/gz_fuel_tools_vendor:/opt/ros/jazzy/opt/gz_msgs_vendor:/opt/ros/jazzy/opt/gz_common_vendor:/opt/ros/jazzy/opt/gz_math_vendor:/opt/ros/jazzy/opt/gz_utils_vendor:/opt/ros/jazzy/opt/gz_tools_vendor:/opt/ros/jazzy/opt/gz_ogre_next_vendor:/opt/ros/jazzy/opt/gz_dartsim_vendor:/opt/ros/jazzy/opt/gz_cmake_vendor:/opt/ros/jazzy DEBUGINFOD_URLS=https://debuginfod.ubuntu.com /usr/bin/cmake --install /home/dali/ros2_ws/build/piper_bringup
[28.294s] INFO:colcon.colcon_core.shell:Creating package script '/home/dali/ros2_ws/install/piper_bringup/share/piper_bringup/package.sh'
[28.294s] INFO:colcon.colcon_core.shell:Creating package script '/home/dali/ros2_ws/install/piper_bringup/share/piper_bringup/package.bash'
[28.295s] INFO:colcon.colcon_core.shell:Creating package script '/home/dali/ros2_ws/install/piper_bringup/share/piper_bringup/package.zsh'
[28.295s] Level 1:colcon.colcon_core.environment:create_file_with_runtime_dependencies(/home/dali/ros2_ws/install/piper_bringup/share/colcon-core/packages/piper_bringup)
[28.295s] Level 1:colcon.colcon_core.environment:create_environment_scripts_only(piper_bringup)
[28.295s] Level 1:colcon.colcon_core.environment:checking '/home/dali/ros2_ws/install/piper_bringup' for CMake module files
[28.296s] Level 1:colcon.colcon_core.environment:checking '/home/dali/ros2_ws/install/piper_bringup' for CMake config files
[28.296s] Level 1:colcon.colcon_core.shell:create_environment_hook('piper_bringup', 'cmake_prefix_path')
[28.296s] INFO:colcon.colcon_core.shell:Creating environment hook '/home/dali/ros2_ws/install/piper_bringup/share/piper_bringup/hook/cmake_prefix_path.ps1'
[28.296s] INFO:colcon.colcon_core.shell:Creating environment descriptor '/home/dali/ros2_ws/install/piper_bringup/share/piper_bringup/hook/cmake_prefix_path.dsv'
[28.297s] INFO:colcon.colcon_core.shell:Creating environment hook '/home/dali/ros2_ws/install/piper_bringup/share/piper_bringup/hook/cmake_prefix_path.sh'
[28.298s] Level 1:colcon.colcon_core.environment:checking '/home/dali/ros2_ws/install/piper_bringup/lib'
[28.298s] Level 1:colcon.colcon_core.environment:checking '/home/dali/ros2_ws/install/piper_bringup/bin'
[28.298s] Level 1:colcon.colcon_core.environment:checking '/home/dali/ros2_ws/install/piper_bringup/lib/pkgconfig/piper_bringup.pc'
[28.298s] Level 1:colcon.colcon_core.environment:checking '/home/dali/ros2_ws/install/piper_bringup/lib/python3.12/site-packages'
[28.299s] Level 1:colcon.colcon_core.environment:checking '/home/dali/ros2_ws/install/piper_bringup/bin'
[28.299s] INFO:colcon.colcon_core.shell:Creating package script '/home/dali/ros2_ws/install/piper_bringup/share/piper_bringup/package.ps1'
[28.299s] INFO:colcon.colcon_core.shell:Creating package descriptor '/home/dali/ros2_ws/install/piper_bringup/share/piper_bringup/package.dsv'
[28.299s] INFO:colcon.colcon_core.shell:Creating package script '/home/dali/ros2_ws/install/piper_bringup/share/piper_bringup/package.sh'
[28.299s] INFO:colcon.colcon_core.shell:Creating package script '/home/dali/ros2_ws/install/piper_bringup/share/piper_bringup/package.bash'
[28.300s] INFO:colcon.colcon_core.shell:Creating package script '/home/dali/ros2_ws/install/piper_bringup/share/piper_bringup/package.zsh'
[28.300s] Level 1:colcon.colcon_core.environment:create_file_with_runtime_dependencies(/home/dali/ros2_ws/install/piper_bringup/share/colcon-core/packages/piper_bringup)
[28.300s] DEBUG:colcon.colcon_parallel_executor.executor.parallel:closing loop
[28.301s] DEBUG:colcon.colcon_parallel_executor.executor.parallel:loop closed
[28.301s] DEBUG:colcon.colcon_parallel_executor.executor.parallel:run_until_complete finished with '0'
[28.301s] DEBUG:colcon.colcon_core.event_reactor:joining thread
[28.311s] INFO:colcon.colcon_core.plugin_system:Skipping extension 'colcon_notification.desktop_notification.terminal_notifier': Not used on non-Darwin systems
[28.311s] INFO:colcon.colcon_core.plugin_system:Skipping extension 'colcon_notification.desktop_notification.win32': Not used on non-Windows systems
[28.311s] INFO:colcon.colcon_notification.desktop_notification:Sending desktop notification using 'notify2'
[28.363s] DEBUG:colcon.colcon_core.event_reactor:joined thread
[28.364s] INFO:colcon.colcon_core.shell:Creating prefix script '/home/dali/ros2_ws/install/local_setup.ps1'
[28.364s] INFO:colcon.colcon_core.shell:Creating prefix util module '/home/dali/ros2_ws/install/_local_setup_util_ps1.py'
[28.365s] INFO:colcon.colcon_core.shell:Creating prefix chain script '/home/dali/ros2_ws/install/setup.ps1'
[28.366s] INFO:colcon.colcon_core.shell:Creating prefix script '/home/dali/ros2_ws/install/local_setup.sh'
[28.377s] INFO:colcon.colcon_core.shell:Creating prefix util module '/home/dali/ros2_ws/install/_local_setup_util_sh.py'
[28.377s] INFO:colcon.colcon_core.shell:Creating prefix chain script '/home/dali/ros2_ws/install/setup.sh'
[28.380s] INFO:colcon.colcon_core.shell:Creating prefix script '/home/dali/ros2_ws/install/local_setup.bash'
[28.381s] INFO:colcon.colcon_core.shell:Creating prefix chain script '/home/dali/ros2_ws/install/setup.bash'
[28.382s] INFO:colcon.colcon_core.shell:Creating prefix script '/home/dali/ros2_ws/install/local_setup.zsh'
[28.382s] INFO:colcon.colcon_core.shell:Creating prefix chain script '/home/dali/ros2_ws/install/setup.zsh'
