[01m[K/home/dali/ros2_ws/src/piper_ros2/piper_bringup/src/moveit_pick_and_place.cpp:27:51:[m[K [01;31m[Kerror: [m[K‘[01m[KFun_object3_d_bounding_box_list[m[K’ in namespace ‘[01m[Kscene_graph_interfaces::msg[m[K’ does not name a type; did you mean ‘[01m[KFunObject3DBoundingBoxList[m[K’?
   27 |     using BBoxList = scene_graph_interfaces::msg::[01;31m[KFun_object3_d_bounding_box_list[m[K;
      |                                                   [01;31m[K^~~~~~~~~~~~~~~~~~~~~~~~~~~~~~~[m[K
      |                                                   [32m[KFunObject3DBoundingBoxList[m[K
[01m[K/home/dali/ros2_ws/src/piper_ros2/piper_bringup/src/moveit_pick_and_place.cpp:60:32:[m[K [01;31m[Kerror: [m[K‘[01m[KBBoxList[m[K’ does not name a type
   60 |     void vision_callback(const [01;31m[KBBoxList[m[K::SharedPtr msg) {
      |                                [01;31m[K^~~~~~~~[m[K
[01m[K/home/dali/ros2_ws/src/piper_ros2/piper_bringup/src/moveit_pick_and_place.cpp:60:52:[m[K [01;31m[Kerror: [m[Kexpected unqualified-id before ‘[01m[Kmsg[m[K’
   60 |     void vision_callback(const BBoxList::SharedPtr [01;31m[Kmsg[m[K) {
      |                                                    [01;31m[K^~~[m[K
[01m[K/home/dali/ros2_ws/src/piper_ros2/piper_bringup/src/moveit_pick_and_place.cpp:60:51:[m[K [01;31m[Kerror: [m[Kexpected ‘[01m[K)[m[K’ before ‘[01m[Kmsg[m[K’
   60 |     void vision_callback[34m[K([m[Kconst BBoxList::SharedPtr[01;31m[K [m[K[32m[Kmsg[m[K) {
      |                         [34m[K~[m[K                         [01;31m[K^[m[K[32m[K~~~[m[K
      |                                                   [32m[K)[m[K
[01m[K/home/dali/ros2_ws/src/piper_ros2/piper_bringup/src/moveit_pick_and_place.cpp:60:42:[m[K [01;31m[Kerror: [m[Kexpected ‘[01m[K;[m[K’ at end of member declaration
   60 |     void vision_callback(const BBoxList::[01;31m[KSharedPtr[m[K msg) {
      |                                          [01;31m[K^~~~~~~~~[m[K
      |                                                   [32m[K;[m[K
[01m[K/home/dali/ros2_ws/src/piper_ros2/piper_bringup/src/moveit_pick_and_place.cpp:60:52:[m[K [01;31m[Kerror: [m[K‘[01m[Kmsg[m[K’ does not name a type
   60 |     void vision_callback(const BBoxList::SharedPtr [01;31m[Kmsg[m[K) {
      |                                                    [01;31m[K^~~[m[K
[01m[K/home/dali/ros2_ws/src/piper_ros2/piper_bringup/src/moveit_pick_and_place.cpp:190:26:[m[K [01;31m[Kerror: [m[K‘[01m[KBBoxList[m[K’ was not declared in this scope
  190 |     rclcpp::Subscription<[01;31m[KBBoxList[m[K>::SharedPtr obj_sub_;
      |                          [01;31m[K^~~~~~~~[m[K
[01m[K/home/dali/ros2_ws/src/piper_ros2/piper_bringup/src/moveit_pick_and_place.cpp:190:34:[m[K [01;31m[Kerror: [m[Ktemplate argument 1 is invalid
  190 |     rclcpp::Subscription<BBoxList[01;31m[K>[m[K::SharedPtr obj_sub_;
      |                                  [01;31m[K^[m[K
[01m[K/home/dali/ros2_ws/src/piper_ros2/piper_bringup/src/moveit_pick_and_place.cpp:190:34:[m[K [01;31m[Kerror: [m[Ktemplate argument 3 is invalid
[01m[K/home/dali/ros2_ws/src/piper_ros2/piper_bringup/src/moveit_pick_and_place.cpp:190:34:[m[K [01;31m[Kerror: [m[Ktemplate argument 4 is invalid
[01m[K/home/dali/ros2_ws/src/piper_ros2/piper_bringup/src/moveit_pick_and_place.cpp:190:34:[m[K [01;31m[Kerror: [m[Ktemplate argument 5 is invalid
[01m[K/home/dali/ros2_ws/src/piper_ros2/piper_bringup/src/moveit_pick_and_place.cpp:190:37:[m[K [01;31m[Kerror: [m[Kexpected ‘[01m[K;[m[K’ at end of member declaration
  190 |     rclcpp::Subscription<BBoxList>::[01;31m[KSharedPtr[m[K obj_sub_;
      |                                     [01;31m[K^~~~~~~~~[m[K
      |                                              [32m[K;[m[K
[01m[K/home/dali/ros2_ws/src/piper_ros2/piper_bringup/src/moveit_pick_and_place.cpp:190:47:[m[K [01;31m[Kerror: [m[K‘[01m[Kobj_sub_[m[K’ does not name a type
  190 |     rclcpp::Subscription<BBoxList>::SharedPtr [01;31m[Kobj_sub_[m[K;
      |                                               [01;31m[K^~~~~~~~[m[K
[01m[K/home/dali/ros2_ws/src/piper_ros2/piper_bringup/src/moveit_pick_and_place.cpp:[m[K In constructor ‘[01m[KPiperDynamicNode::[01;32m[KPiperDynamicNode[m[K()[m[K’:
[01m[K/home/dali/ros2_ws/src/piper_ros2/piper_bringup/src/moveit_pick_and_place.cpp:39:15:[m[K [01;31m[Kerror: [m[K‘[01m[Kclass PiperDynamicNode[m[K’ has no member named ‘[01m[Kobj_sub_[m[K’
   39 |         this->[01;31m[Kobj_sub_[m[K = this->create_subscription<BBoxList>("/bounding_boxes_3d/rtdetr", 10,
      |               [01;31m[K^~~~~~~~[m[K
[01m[K/home/dali/ros2_ws/src/piper_ros2/piper_bringup/src/moveit_pick_and_place.cpp:39:52:[m[K [01;31m[Kerror: [m[K‘[01m[KBBoxList[m[K’ was not declared in this scope
   39 |         this->obj_sub_ = this->create_subscription<[01;31m[KBBoxList[m[K>("/bounding_boxes_3d/rtdetr", 10,
      |                                                    [01;31m[K^~~~~~~~[m[K
[01m[K/home/dali/ros2_ws/src/piper_ros2/piper_bringup/src/moveit_pick_and_place.cpp:39:61:[m[K [01;31m[Kerror: [m[Kno matching function for call to ‘[01m[KPiperDynamicNode::create_subscription<<expression error> >(const char [26], int, std::_Bind_helper<false, void (PiperDynamicNode::*)(...), PiperDynamicNode*, const std::_Placeholder<1>&>::type, rclcpp::SubscriptionOptionsWithAllocator<std::allocator<void> >&)[m[K’
   39 |         this->obj_sub_ = [01;31m[Kthis->create_subscription<BBoxList>("/bounding_boxes_3d/rtdetr", 10,[m[K
      |                          [01;31m[K~~~~~~~~~~~~~~~~~~~~~~~~~~~~~~~~~~~^~~~~~~~~~~~~~~~~~~~~~~~~~~~~~~~~[m[K
   40 | [01;31m[K            std::bind(&PiperDynamicNode::vision_callback, this, std::placeholders::_1), sub_options)[m[K;
      |             [01;31m[K~~~~~~~~~~~~~~~~~~~~~~~~~~~~~~~~~~~~~~~~~~~~~~~~~~~~~~~~~~~~~~~~~~~~~~~~~~~~~~~~~~~~~~~~[m[K
In file included from [01m[K/opt/ros/jazzy/include/rclcpp/rclcpp/executors/single_threaded_executor.hpp:28[m[K,
                 from [01m[K/opt/ros/jazzy/include/rclcpp/rclcpp/executors.hpp:22[m[K,
                 from [01m[K/opt/ros/jazzy/include/rclcpp/rclcpp/rclcpp.hpp:172[m[K,
                 from [01m[K/home/dali/ros2_ws/src/piper_ros2/piper_bringup/src/moveit_pick_and_place.cpp:1[m[K:
[01m[K/opt/ros/jazzy/include/rclcpp/rclcpp/node.hpp:221:3:[m[K [01;36m[Knote: [m[Kcandidate: ‘[01m[Ktemplate<class MessageT, class CallbackT, class AllocatorT, class SubscriptionT, class MessageMemoryStrategyT> std::shared_ptr<ROSMessageT> rclcpp::Node::[01;32m[Kcreate_subscription[m[K(const std::string&, const rclcpp::QoS&, CallbackT&&, const rclcpp::SubscriptionOptionsWithAllocator<AllocatorT>&, typename MessageMemoryStrategyT::SharedPtr)[m[K’
  221 |   [01;36m[Kcreate_subscription[m[K(
      |   [01;36m[K^~~~~~~~~~~~~~~~~~~[m[K
[01m[K/opt/ros/jazzy/include/rclcpp/rclcpp/node.hpp:221:3:[m[K [01;36m[Knote: [m[K  template argument deduction/substitution failed:
[01m[K/home/dali/ros2_ws/src/piper_ros2/piper_bringup/src/moveit_pick_and_place.cpp:39:61:[m[K [01;31m[Kerror: [m[Ktemplate argument 1 is invalid
   39 |         this->obj_sub_ = [01;31m[Kthis->create_subscription<BBoxList>("/bounding_boxes_3d/rtdetr", 10,[m[K
      |                          [01;31m[K~~~~~~~~~~~~~~~~~~~~~~~~~~~~~~~~~~~^~~~~~~~~~~~~~~~~~~~~~~~~~~~~~~~~[m[K
   40 | [01;31m[K            std::bind(&PiperDynamicNode::vision_callback, this, std::placeholders::_1), sub_options)[m[K;
      |             [01;31m[K~~~~~~~~~~~~~~~~~~~~~~~~~~~~~~~~~~~~~~~~~~~~~~~~~~~~~~~~~~~~~~~~~~~~~~~~~~~~~~~~~~~~~~~~[m[K
gmake[2]: *** [CMakeFiles/moveit_pick_and_place_cpp.dir/build.make:76: CMakeFiles/moveit_pick_and_place_cpp.dir/src/moveit_pick_and_place.cpp.o] Error 1
gmake[1]: *** [CMakeFiles/Makefile2:137: CMakeFiles/moveit_pick_and_place_cpp.dir/all] Error 2
gmake: *** [Makefile:146: all] Error 2
