[0.005s] Invoking command in '/home/dali/ros2_ws/build/piper_bringup': CMAKE_PREFIX_PATH=/home/dali/ros2_ws/install/scene_graph_interfaces:/home/dali/ros2_ws/install/piper_bringup:/home/dali/ros2_ws/install/piper_moveit_config:/home/dali/ros2_ws/install/piper_description:/opt/ros/jazzy/opt/gz_sim_vendor:/opt/ros/jazzy/opt/gz_sensors_vendor:/opt/ros/jazzy/opt/gz_physics_vendor:/opt/ros/jazzy/opt/sdformat_vendor:/opt/ros/jazzy/opt/gz_gui_vendor:/opt/ros/jazzy/opt/gz_transport_vendor:/opt/ros/jazzy/opt/gz_rendering_vendor:/opt/ros/jazzy/opt/gz_plugin_vendor:/opt/ros/jazzy/opt/gz_fuel_tools_vendor:/opt/ros/jazzy/opt/gz_msgs_vendor:/opt/ros/jazzy/opt/gz_common_vendor:/opt/ros/jazzy/opt/gz_math_vendor:/opt/ros/jazzy/opt/gz_utils_vendor:/opt/ros/jazzy/opt/gz_tools_vendor:/opt/ros/jazzy/opt/gz_ogre_next_vendor:/opt/ros/jazzy/opt/gz_dartsim_vendor:/opt/ros/jazzy/opt/gz_cmake_vendor:/opt/ros/jazzy DEBUGINFOD_URLS=https://debuginfod.ubuntu.com /usr/bin/cmake --build /home/dali/ros2_ws/build/piper_bringup -- -j4 -l4
[0.043s] [ 50%] [32mBuilding CXX object CMakeFiles/moveit_pick_and_place_cpp.dir/src/moveit_pick_and_place.cpp.o[0m
[2.315s] [01m[K/home/dali/ros2_ws/src/piper_ros2/piper_bringup/src/moveit_pick_and_place.cpp:27:51:[m[K [01;31m[Kerror: [m[K‘[01m[KFun_object3_d_bounding_box_list[m[K’ in namespace ‘[01m[Kscene_graph_interfaces::msg[m[K’ does not name a type; did you mean ‘[01m[KFunObject3DBoundingBoxList[m[K’?
[2.315s]    27 |     using BBoxList = scene_graph_interfaces::msg::[01;31m[KFun_object3_d_bounding_box_list[m[K;
[2.315s]       |                                                   [01;31m[K^~~~~~~~~~~~~~~~~~~~~~~~~~~~~~~[m[K
[2.315s]       |                                                   [32m[KFunObject3DBoundingBoxList[m[K
[2.316s] [01m[K/home/dali/ros2_ws/src/piper_ros2/piper_bringup/src/moveit_pick_and_place.cpp:60:32:[m[K [01;31m[Kerror: [m[K‘[01m[KBBoxList[m[K’ does not name a type
[2.316s]    60 |     void vision_callback(const [01;31m[KBBoxList[m[K::SharedPtr msg) {
[2.316s]       |                                [01;31m[K^~~~~~~~[m[K
[2.316s] [01m[K/home/dali/ros2_ws/src/piper_ros2/piper_bringup/src/moveit_pick_and_place.cpp:60:52:[m[K [01;31m[Kerror: [m[Kexpected unqualified-id before ‘[01m[Kmsg[m[K’
[2.316s]    60 |     void vision_callback(const BBoxList::SharedPtr [01;31m[Kmsg[m[K) {
[2.316s]       |                                                    [01;31m[K^~~[m[K
[2.316s] [01m[K/home/dali/ros2_ws/src/piper_ros2/piper_bringup/src/moveit_pick_and_place.cpp:60:51:[m[K [01;31m[Kerror: [m[Kexpected ‘[01m[K)[m[K’ before ‘[01m[Kmsg[m[K’
[2.316s]    60 |     void vision_callback[34m[K([m[Kconst BBoxList::SharedPtr[01;31m[K [m[K[32m[Kmsg[m[K) {
[2.316s]       |                         [34m[K~[m[K                         [01;31m[K^[m[K[32m[K~~~[m[K
[2.316s]       |                                                   [32m[K)[m[K
[2.316s] [01m[K/home/dali/ros2_ws/src/piper_ros2/piper_bringup/src/moveit_pick_and_place.cpp:60:42:[m[K [01;31m[Kerror: [m[Kexpected ‘[01m[K;[m[K’ at end of member declaration
[2.316s]    60 |     void vision_callback(const BBoxList::[01;31m[KSharedPtr[m[K msg) {
[2.316s]       |                                          [01;31m[K^~~~~~~~~[m[K
[2.316s]       |                                                   [32m[K;[m[K
[2.317s] [01m[K/home/dali/ros2_ws/src/piper_ros2/piper_bringup/src/moveit_pick_and_place.cpp:60:52:[m[K [01;31m[Kerror: [m[K‘[01m[Kmsg[m[K’ does not name a type
[2.317s]    60 |     void vision_callback(const BBoxList::SharedPtr [01;31m[Kmsg[m[K) {
[2.317s]       |                                                    [01;31m[K^~~[m[K
[2.335s] [01m[K/home/dali/ros2_ws/src/piper_ros2/piper_bringup/src/moveit_pick_and_place.cpp:190:26:[m[K [01;31m[Kerror: [m[K‘[01m[KBBoxList[m[K’ was not declared in this scope
[2.335s]   190 |     rclcpp::Subscription<[01;31m[KBBoxList[m[K>::SharedPtr obj_sub_;
[2.335s]       |                          [01;31m[K^~~~~~~~[m[K
[2.335s] [01m[K/home/dali/ros2_ws/src/piper_ros2/piper_bringup/src/moveit_pick_and_place.cpp:190:34:[m[K [01;31m[Kerror: [m[Ktemplate argument 1 is invalid
[2.335s]   190 |     rclcpp::Subscription<BBoxList[01;31m[K>[m[K::SharedPtr obj_sub_;
[2.335s]       |                                  [01;31m[K^[m[K
[2.335s] [01m[K/home/dali/ros2_ws/src/piper_ros2/piper_bringup/src/moveit_pick_and_place.cpp:190:34:[m[K [01;31m[Kerror: [m[Ktemplate argument 3 is invalid
[2.336s] [01m[K/home/dali/ros2_ws/src/piper_ros2/piper_bringup/src/moveit_pick_and_place.cpp:190:34:[m[K [01;31m[Kerror: [m[Ktemplate argument 4 is invalid
[2.336s] [01m[K/home/dali/ros2_ws/src/piper_ros2/piper_bringup/src/moveit_pick_and_place.cpp:190:34:[m[K [01;31m[Kerror: [m[Ktemplate argument 5 is invalid
[2.336s] [01m[K/home/dali/ros2_ws/src/piper_ros2/piper_bringup/src/moveit_pick_and_place.cpp:190:37:[m[K [01;31m[Kerror: [m[Kexpected ‘[01m[K;[m[K’ at end of member declaration
[2.336s]   190 |     rclcpp::Subscription<BBoxList>::[01;31m[KSharedPtr[m[K obj_sub_;
[2.336s]       |                                     [01;31m[K^~~~~~~~~[m[K
[2.336s]       |                                              [32m[K;[m[K
[2.337s] [01m[K/home/dali/ros2_ws/src/piper_ros2/piper_bringup/src/moveit_pick_and_place.cpp:190:47:[m[K [01;31m[Kerror: [m[K‘[01m[Kobj_sub_[m[K’ does not name a type
[2.337s]   190 |     rclcpp::Subscription<BBoxList>::SharedPtr [01;31m[Kobj_sub_[m[K;
[2.337s]       |                                               [01;31m[K^~~~~~~~[m[K
[2.340s] [01m[K/home/dali/ros2_ws/src/piper_ros2/piper_bringup/src/moveit_pick_and_place.cpp:[m[K In constructor ‘[01m[KPiperDynamicNode::[01;32m[KPiperDynamicNode[m[K()[m[K’:
[2.340s] [01m[K/home/dali/ros2_ws/src/piper_ros2/piper_bringup/src/moveit_pick_and_place.cpp:39:15:[m[K [01;31m[Kerror: [m[K‘[01m[Kclass PiperDynamicNode[m[K’ has no member named ‘[01m[Kobj_sub_[m[K’
[2.340s]    39 |         this->[01;31m[Kobj_sub_[m[K = this->create_subscription<BBoxList>("/bounding_boxes_3d/rtdetr", 10,
[2.340s]       |               [01;31m[K^~~~~~~~[m[K
[2.348s] [01m[K/home/dali/ros2_ws/src/piper_ros2/piper_bringup/src/moveit_pick_and_place.cpp:39:52:[m[K [01;31m[Kerror: [m[K‘[01m[KBBoxList[m[K’ was not declared in this scope
[2.348s]    39 |         this->obj_sub_ = this->create_subscription<[01;31m[KBBoxList[m[K>("/bounding_boxes_3d/rtdetr", 10,
[2.348s]       |                                                    [01;31m[K^~~~~~~~[m[K
[2.352s] [01m[K/home/dali/ros2_ws/src/piper_ros2/piper_bringup/src/moveit_pick_and_place.cpp:39:61:[m[K [01;31m[Kerror: [m[Kno matching function for call to ‘[01m[KPiperDynamicNode::create_subscription<<expression error> >(const char [26], int, std::_Bind_helper<false, void (PiperDynamicNode::*)(...), PiperDynamicNode*, const std::_Placeholder<1>&>::type, rclcpp::SubscriptionOptionsWithAllocator<std::allocator<void> >&)[m[K’
[2.352s]    39 |         this->obj_sub_ = [01;31m[Kthis->create_subscription<BBoxList>("/bounding_boxes_3d/rtdetr", 10,[m[K
[2.352s]       |                          [01;31m[K~~~~~~~~~~~~~~~~~~~~~~~~~~~~~~~~~~~^~~~~~~~~~~~~~~~~~~~~~~~~~~~~~~~~[m[K
[2.352s]    40 | [01;31m[K            std::bind(&PiperDynamicNode::vision_callback, this, std::placeholders::_1), sub_options)[m[K;
[2.352s]       |             [01;31m[K~~~~~~~~~~~~~~~~~~~~~~~~~~~~~~~~~~~~~~~~~~~~~~~~~~~~~~~~~~~~~~~~~~~~~~~~~~~~~~~~~~~~~~~~[m[K
[2.352s] In file included from [01m[K/opt/ros/jazzy/include/rclcpp/rclcpp/executors/single_threaded_executor.hpp:28[m[K,
[2.352s]                  from [01m[K/opt/ros/jazzy/include/rclcpp/rclcpp/executors.hpp:22[m[K,
[2.352s]                  from [01m[K/opt/ros/jazzy/include/rclcpp/rclcpp/rclcpp.hpp:172[m[K,
[2.352s]                  from [01m[K/home/dali/ros2_ws/src/piper_ros2/piper_bringup/src/moveit_pick_and_place.cpp:1[m[K:
[2.352s] [01m[K/opt/ros/jazzy/include/rclcpp/rclcpp/node.hpp:221:3:[m[K [01;36m[Knote: [m[Kcandidate: ‘[01m[Ktemplate<class MessageT, class CallbackT, class AllocatorT, class SubscriptionT, class MessageMemoryStrategyT> std::shared_ptr<ROSMessageT> rclcpp::Node::[01;32m[Kcreate_subscription[m[K(const std::string&, const rclcpp::QoS&, CallbackT&&, const rclcpp::SubscriptionOptionsWithAllocator<AllocatorT>&, typename MessageMemoryStrategyT::SharedPtr)[m[K’
[2.352s]   221 |   [01;36m[Kcreate_subscription[m[K(
[2.352s]       |   [01;36m[K^~~~~~~~~~~~~~~~~~~[m[K
[2.352s] [01m[K/opt/ros/jazzy/include/rclcpp/rclcpp/node.hpp:221:3:[m[K [01;36m[Knote: [m[K  template argument deduction/substitution failed:
[2.352s] [01m[K/home/dali/ros2_ws/src/piper_ros2/piper_bringup/src/moveit_pick_and_place.cpp:39:61:[m[K [01;31m[Kerror: [m[Ktemplate argument 1 is invalid
[2.352s]    39 |         this->obj_sub_ = [01;31m[Kthis->create_subscription<BBoxList>("/bounding_boxes_3d/rtdetr", 10,[m[K
[2.352s]       |                          [01;31m[K~~~~~~~~~~~~~~~~~~~~~~~~~~~~~~~~~~~^~~~~~~~~~~~~~~~~~~~~~~~~~~~~~~~~[m[K
[2.352s]    40 | [01;31m[K            std::bind(&PiperDynamicNode::vision_callback, this, std::placeholders::_1), sub_options)[m[K;
[2.352s]       |             [01;31m[K~~~~~~~~~~~~~~~~~~~~~~~~~~~~~~~~~~~~~~~~~~~~~~~~~~~~~~~~~~~~~~~~~~~~~~~~~~~~~~~~~~~~~~~~[m[K
[3.876s] gmake[2]: *** [CMakeFiles/moveit_pick_and_place_cpp.dir/build.make:76: CMakeFiles/moveit_pick_and_place_cpp.dir/src/moveit_pick_and_place.cpp.o] Error 1
[3.876s] gmake[1]: *** [CMakeFiles/Makefile2:137: CMakeFiles/moveit_pick_and_place_cpp.dir/all] Error 2
[3.876s] gmake: *** [Makefile:146: all] Error 2
[3.878s] Invoked command in '/home/dali/ros2_ws/build/piper_bringup' returned '2': CMAKE_PREFIX_PATH=/home/dali/ros2_ws/install/scene_graph_interfaces:/home/dali/ros2_ws/install/piper_bringup:/home/dali/ros2_ws/install/piper_moveit_config:/home/dali/ros2_ws/install/piper_description:/opt/ros/jazzy/opt/gz_sim_vendor:/opt/ros/jazzy/opt/gz_sensors_vendor:/opt/ros/jazzy/opt/gz_physics_vendor:/opt/ros/jazzy/opt/sdformat_vendor:/opt/ros/jazzy/opt/gz_gui_vendor:/opt/ros/jazzy/opt/gz_transport_vendor:/opt/ros/jazzy/opt/gz_rendering_vendor:/opt/ros/jazzy/opt/gz_plugin_vendor:/opt/ros/jazzy/opt/gz_fuel_tools_vendor:/opt/ros/jazzy/opt/gz_msgs_vendor:/opt/ros/jazzy/opt/gz_common_vendor:/opt/ros/jazzy/opt/gz_math_vendor:/opt/ros/jazzy/opt/gz_utils_vendor:/opt/ros/jazzy/opt/gz_tools_vendor:/opt/ros/jazzy/opt/gz_ogre_next_vendor:/opt/ros/jazzy/opt/gz_dartsim_vendor:/opt/ros/jazzy/opt/gz_cmake_vendor:/opt/ros/jazzy DEBUGINFOD_URLS=https://debuginfod.ubuntu.com /usr/bin/cmake --build /home/dali/ros2_ws/build/piper_bringup -- -j4 -l4
