[0.189s] DEBUG:colcon:Command line arguments: ['/usr/bin/colcon', 'build']
[0.189s] DEBUG:colcon:Parsed command line arguments: Namespace(log_base=None, log_level=None, verb_name='build', build_base='build', install_base='install', merge_install=False, symlink_install=False, test_result_base=None, continue_on_error=False, executor='parallel', parallel_workers=4, event_handlers=None, ignore_user_meta=False, metas=['./colcon.meta'], base_paths=['.'], packages_ignore=None, packages_ignore_regex=None, paths=None, packages_up_to=None, packages_up_to_regex=None, packages_above=None, packages_above_and_dependencies=None, packages_above_depth=None, packages_select_by_dep=None, packages_skip_by_dep=None, packages_skip_up_to=None, packages_select_build_failed=False, packages_skip_build_finished=False, packages_select_test_failures=False, packages_skip_test_passed=False, packages_select=None, packages_skip=None, packages_select_regex=None, packages_skip_regex=None, packages_start=None, packages_end=None, allow_overriding=[], cmake_args=None, cmake_target=None, cmake_target_skip_unavailable=False, cmake_clean_cache=False, cmake_clean_first=False, cmake_force_configure=False, ament_cmake_args=None, catkin_cmake_args=None, catkin_skip_building_tests=False, mixin_files=None, mixin=None, verb_parser=<colcon_mixin.mixin.mixin_argument.MixinArgumentDecorator object at 0xf282862063c0>, verb_extension=<colcon_core.verb.build.BuildVerb object at 0xf28286205d60>, main=<bound method BuildVerb.main of <colcon_core.verb.build.BuildVerb object at 0xf28286205d60>>, mixin_verb=('build',))
[0.452s] Level 1:colcon.colcon_core.package_discovery:discover_packages(colcon_meta) check parameters
[0.455s] Level 1:colcon.colcon_core.package_discovery:discover_packages(recursive) check parameters
[0.455s] Level 1:colcon.colcon_core.package_discovery:discover_packages(ignore) check parameters
[0.455s] Level 1:colcon.colcon_core.package_discovery:discover_packages(path) check parameters
[0.455s] Level 1:colcon.colcon_core.package_discovery:discover_packages(colcon_meta) discover
[0.455s] Level 1:colcon.colcon_core.package_discovery:discover_packages(recursive) discover
[0.455s] INFO:colcon.colcon_core.package_discovery:Crawling recursively for packages in '/home/dali/ros2_ws'
[0.455s] Level 1:colcon.colcon_core.package_identification:_identify(.) by extensions ['ignore', 'ignore_ament_install']
[0.455s] Level 1:colcon.colcon_core.package_identification:_identify(.) by extension 'ignore'
[0.455s] Level 1:colcon.colcon_core.package_identification:_identify(.) by extension 'ignore_ament_install'
[0.455s] Level 1:colcon.colcon_core.package_identification:_identify(.) by extensions ['colcon_pkg']
[0.455s] Level 1:colcon.colcon_core.package_identification:_identify(.) by extension 'colcon_pkg'
[0.455s] Level 1:colcon.colcon_core.package_identification:_identify(.) by extensions ['colcon_meta']
[0.455s] Level 1:colcon.colcon_core.package_identification:_identify(.) by extension 'colcon_meta'
[0.455s] Level 1:colcon.colcon_core.package_identification:_identify(.) by extensions ['ros']
[0.455s] Level 1:colcon.colcon_core.package_identification:_identify(.) by extension 'ros'
[0.505s] Level 1:colcon.colcon_core.package_identification:_identify(.) by extensions ['cmake', 'python']
[0.505s] Level 1:colcon.colcon_core.package_identification:_identify(.) by extension 'cmake'
[0.505s] Level 1:colcon.colcon_core.package_identification:_identify(.) by extension 'python'
[0.505s] Level 1:colcon.colcon_core.package_identification:_identify(.) by extensions ['python_setup_py']
[0.505s] Level 1:colcon.colcon_core.package_identification:_identify(.) by extension 'python_setup_py'
[0.505s] Level 1:colcon.colcon_core.package_identification:_identify(build) by extensions ['ignore', 'ignore_ament_install']
[0.505s] Level 1:colcon.colcon_core.package_identification:_identify(build) by extension 'ignore'
[0.505s] Level 1:colcon.colcon_core.package_identification:_identify(build) ignored
[0.505s] Level 1:colcon.colcon_core.package_identification:_identify(install) by extensions ['ignore', 'ignore_ament_install']
[0.505s] Level 1:colcon.colcon_core.package_identification:_identify(install) by extension 'ignore'
[0.505s] Level 1:colcon.colcon_core.package_identification:_identify(install) ignored
[0.505s] Level 1:colcon.colcon_core.package_identification:_identify(log) by extensions ['ignore', 'ignore_ament_install']
[0.506s] Level 1:colcon.colcon_core.package_identification:_identify(log) by extension 'ignore'
[0.506s] Level 1:colcon.colcon_core.package_identification:_identify(log) ignored
[0.506s] Level 1:colcon.colcon_core.package_identification:_identify(src) by extensions ['ignore', 'ignore_ament_install']
[0.506s] Level 1:colcon.colcon_core.package_identification:_identify(src) by extension 'ignore'
[0.506s] Level 1:colcon.colcon_core.package_identification:_identify(src) by extension 'ignore_ament_install'
[0.506s] Level 1:colcon.colcon_core.package_identification:_identify(src) by extensions ['colcon_pkg']
[0.506s] Level 1:colcon.colcon_core.package_identification:_identify(src) by extension 'colcon_pkg'
[0.506s] Level 1:colcon.colcon_core.package_identification:_identify(src) by extensions ['colcon_meta']
[0.506s] Level 1:colcon.colcon_core.package_identification:_identify(src) by extension 'colcon_meta'
[0.506s] Level 1:colcon.colcon_core.package_identification:_identify(src) by extensions ['ros']
[0.506s] Level 1:colcon.colcon_core.package_identification:_identify(src) by extension 'ros'
[0.506s] Level 1:colcon.colcon_core.package_identification:_identify(src) by extensions ['cmake', 'python']
[0.506s] Level 1:colcon.colcon_core.package_identification:_identify(src) by extension 'cmake'
[0.506s] Level 1:colcon.colcon_core.package_identification:_identify(src) by extension 'python'
[0.506s] Level 1:colcon.colcon_core.package_identification:_identify(src) by extensions ['python_setup_py']
[0.506s] Level 1:colcon.colcon_core.package_identification:_identify(src) by extension 'python_setup_py'
[0.506s] Level 1:colcon.colcon_core.package_identification:_identify(src/piper_ros2) by extensions ['ignore', 'ignore_ament_install']
[0.507s] Level 1:colcon.colcon_core.package_identification:_identify(src/piper_ros2) by extension 'ignore'
[0.507s] Level 1:colcon.colcon_core.package_identification:_identify(src/piper_ros2) by extension 'ignore_ament_install'
[0.507s] Level 1:colcon.colcon_core.package_identification:_identify(src/piper_ros2) by extensions ['colcon_pkg']
[0.507s] Level 1:colcon.colcon_core.package_identification:_identify(src/piper_ros2) by extension 'colcon_pkg'
[0.507s] Level 1:colcon.colcon_core.package_identification:_identify(src/piper_ros2) by extensions ['colcon_meta']
[0.507s] Level 1:colcon.colcon_core.package_identification:_identify(src/piper_ros2) by extension 'colcon_meta'
[0.507s] Level 1:colcon.colcon_core.package_identification:_identify(src/piper_ros2) by extensions ['ros']
[0.507s] Level 1:colcon.colcon_core.package_identification:_identify(src/piper_ros2) by extension 'ros'
[0.507s] Level 1:colcon.colcon_core.package_identification:_identify(src/piper_ros2) by extensions ['cmake', 'python']
[0.507s] Level 1:colcon.colcon_core.package_identification:_identify(src/piper_ros2) by extension 'cmake'
[0.507s] Level 1:colcon.colcon_core.package_identification:_identify(src/piper_ros2) by extension 'python'
[0.507s] Level 1:colcon.colcon_core.package_identification:_identify(src/piper_ros2) by extensions ['python_setup_py']
[0.507s] Level 1:colcon.colcon_core.package_identification:_identify(src/piper_ros2) by extension 'python_setup_py'
[0.507s] Level 1:colcon.colcon_core.package_identification:_identify(src/piper_ros2/docs) by extensions ['ignore', 'ignore_ament_install']
[0.507s] Level 1:colcon.colcon_core.package_identification:_identify(src/piper_ros2/docs) by extension 'ignore'
[0.507s] Level 1:colcon.colcon_core.package_identification:_identify(src/piper_ros2/docs) by extension 'ignore_ament_install'
[0.507s] Level 1:colcon.colcon_core.package_identification:_identify(src/piper_ros2/docs) by extensions ['colcon_pkg']
[0.507s] Level 1:colcon.colcon_core.package_identification:_identify(src/piper_ros2/docs) by extension 'colcon_pkg'
[0.507s] Level 1:colcon.colcon_core.package_identification:_identify(src/piper_ros2/docs) by extensions ['colcon_meta']
[0.507s] Level 1:colcon.colcon_core.package_identification:_identify(src/piper_ros2/docs) by extension 'colcon_meta'
[0.507s] Level 1:colcon.colcon_core.package_identification:_identify(src/piper_ros2/docs) by extensions ['ros']
[0.507s] Level 1:colcon.colcon_core.package_identification:_identify(src/piper_ros2/docs) by extension 'ros'
[0.507s] Level 1:colcon.colcon_core.package_identification:_identify(src/piper_ros2/docs) by extensions ['cmake', 'python']
[0.507s] Level 1:colcon.colcon_core.package_identification:_identify(src/piper_ros2/docs) by extension 'cmake'
[0.507s] Level 1:colcon.colcon_core.package_identification:_identify(src/piper_ros2/docs) by extension 'python'
[0.507s] Level 1:colcon.colcon_core.package_identification:_identify(src/piper_ros2/docs) by extensions ['python_setup_py']
[0.507s] Level 1:colcon.colcon_core.package_identification:_identify(src/piper_ros2/docs) by extension 'python_setup_py'
[0.507s] Level 1:colcon.colcon_core.package_identification:_identify(src/piper_ros2/piper_bringup) by extensions ['ignore', 'ignore_ament_install']
[0.507s] Level 1:colcon.colcon_core.package_identification:_identify(src/piper_ros2/piper_bringup) by extension 'ignore'
[0.507s] Level 1:colcon.colcon_core.package_identification:_identify(src/piper_ros2/piper_bringup) by extension 'ignore_ament_install'
[0.507s] Level 1:colcon.colcon_core.package_identification:_identify(src/piper_ros2/piper_bringup) by extensions ['colcon_pkg']
[0.507s] Level 1:colcon.colcon_core.package_identification:_identify(src/piper_ros2/piper_bringup) by extension 'colcon_pkg'
[0.507s] Level 1:colcon.colcon_core.package_identification:_identify(src/piper_ros2/piper_bringup) by extensions ['colcon_meta']
[0.507s] Level 1:colcon.colcon_core.package_identification:_identify(src/piper_ros2/piper_bringup) by extension 'colcon_meta'
[0.507s] Level 1:colcon.colcon_core.package_identification:_identify(src/piper_ros2/piper_bringup) by extensions ['ros']
[0.507s] Level 1:colcon.colcon_core.package_identification:_identify(src/piper_ros2/piper_bringup) by extension 'ros'
[0.510s] DEBUG:colcon.colcon_core.package_identification:Package 'src/piper_ros2/piper_bringup' with type 'ros.ament_cmake' and name 'piper_bringup'
[0.510s] Level 1:colcon.colcon_core.package_identification:_identify(src/piper_ros2/piper_description) by extensions ['ignore', 'ignore_ament_install']
[0.510s] Level 1:colcon.colcon_core.package_identification:_identify(src/piper_ros2/piper_description) by extension 'ignore'
[0.510s] Level 1:colcon.colcon_core.package_identification:_identify(src/piper_ros2/piper_description) by extension 'ignore_ament_install'
[0.510s] Level 1:colcon.colcon_core.package_identification:_identify(src/piper_ros2/piper_description) by extensions ['colcon_pkg']
[0.510s] Level 1:colcon.colcon_core.package_identification:_identify(src/piper_ros2/piper_description) by extension 'colcon_pkg'
[0.510s] Level 1:colcon.colcon_core.package_identification:_identify(src/piper_ros2/piper_description) by extensions ['colcon_meta']
[0.510s] Level 1:colcon.colcon_core.package_identification:_identify(src/piper_ros2/piper_description) by extension 'colcon_meta'
[0.510s] Level 1:colcon.colcon_core.package_identification:_identify(src/piper_ros2/piper_description) by extensions ['ros']
[0.510s] Level 1:colcon.colcon_core.package_identification:_identify(src/piper_ros2/piper_description) by extension 'ros'
[0.510s] DEBUG:colcon.colcon_core.package_identification:Package 'src/piper_ros2/piper_description' with type 'ros.ament_cmake' and name 'piper_description'
[0.510s] Level 1:colcon.colcon_core.package_identification:_identify(src/piper_ros2/piper_moveit_config) by extensions ['ignore', 'ignore_ament_install']
[0.510s] Level 1:colcon.colcon_core.package_identification:_identify(src/piper_ros2/piper_moveit_config) by extension 'ignore'
[0.510s] Level 1:colcon.colcon_core.package_identification:_identify(src/piper_ros2/piper_moveit_config) by extension 'ignore_ament_install'
[0.511s] Level 1:colcon.colcon_core.package_identification:_identify(src/piper_ros2/piper_moveit_config) by extensions ['colcon_pkg']
[0.511s] Level 1:colcon.colcon_core.package_identification:_identify(src/piper_ros2/piper_moveit_config) by extension 'colcon_pkg'
[0.511s] Level 1:colcon.colcon_core.package_identification:_identify(src/piper_ros2/piper_moveit_config) by extensions ['colcon_meta']
[0.511s] Level 1:colcon.colcon_core.package_identification:_identify(src/piper_ros2/piper_moveit_config) by extension 'colcon_meta'
[0.511s] Level 1:colcon.colcon_core.package_identification:_identify(src/piper_ros2/piper_moveit_config) by extensions ['ros']
[0.511s] Level 1:colcon.colcon_core.package_identification:_identify(src/piper_ros2/piper_moveit_config) by extension 'ros'
[0.512s] DEBUG:colcon.colcon_core.package_identification:Package 'src/piper_ros2/piper_moveit_config' with type 'ros.ament_cmake' and name 'piper_moveit_config'
[0.512s] Level 1:colcon.colcon_core.package_identification:_identify(src/scene_graph_interfaces) by extensions ['ignore', 'ignore_ament_install']
[0.512s] Level 1:colcon.colcon_core.package_identification:_identify(src/scene_graph_interfaces) by extension 'ignore'
[0.513s] Level 1:colcon.colcon_core.package_identification:_identify(src/scene_graph_interfaces) by extension 'ignore_ament_install'
[0.513s] Level 1:colcon.colcon_core.package_identification:_identify(src/scene_graph_interfaces) by extensions ['colcon_pkg']
[0.513s] Level 1:colcon.colcon_core.package_identification:_identify(src/scene_graph_interfaces) by extension 'colcon_pkg'
[0.513s] Level 1:colcon.colcon_core.package_identification:_identify(src/scene_graph_interfaces) by extensions ['colcon_meta']
[0.513s] Level 1:colcon.colcon_core.package_identification:_identify(src/scene_graph_interfaces) by extension 'colcon_meta'
[0.513s] Level 1:colcon.colcon_core.package_identification:_identify(src/scene_graph_interfaces) by extensions ['ros']
[0.513s] Level 1:colcon.colcon_core.package_identification:_identify(src/scene_graph_interfaces) by extension 'ros'
[0.513s] DEBUG:colcon.colcon_core.package_identification:Package 'src/scene_graph_interfaces' with type 'ros.ament_cmake' and name 'scene_graph_interfaces'
[0.513s] Level 1:colcon.colcon_core.package_discovery:discover_packages(recursive) using defaults
[0.513s] Level 1:colcon.colcon_core.package_discovery:discover_packages(ignore) discover
[0.513s] Level 1:colcon.colcon_core.package_discovery:discover_packages(ignore) using defaults
[0.513s] Level 1:colcon.colcon_core.package_discovery:discover_packages(path) discover
[0.513s] Level 1:colcon.colcon_core.package_discovery:discover_packages(path) using defaults
[0.592s] Level 1:colcon.colcon_core.package_discovery:discover_packages(prefix_path) check parameters
[0.592s] Level 1:colcon.colcon_core.package_discovery:discover_packages(prefix_path) discover
[0.608s] DEBUG:colcon.colcon_installed_package_information.package_discovery:Found 4 installed packages in /home/dali/ros2_ws/install
[0.620s] DEBUG:colcon.colcon_installed_package_information.package_discovery:Found 413 installed packages in /opt/ros/jazzy
[0.628s] Level 1:colcon.colcon_core.package_discovery:discover_packages(prefix_path) using defaults
[0.761s] Level 5:colcon.colcon_core.verb:set package 'piper_description' build argument 'cmake_args' from command line to 'None'
[0.761s] Level 5:colcon.colcon_core.verb:set package 'piper_description' build argument 'cmake_target' from command line to 'None'
[0.761s] Level 5:colcon.colcon_core.verb:set package 'piper_description' build argument 'cmake_target_skip_unavailable' from command line to 'False'
[0.761s] Level 5:colcon.colcon_core.verb:set package 'piper_description' build argument 'cmake_clean_cache' from command line to 'False'
[0.761s] Level 5:colcon.colcon_core.verb:set package 'piper_description' build argument 'cmake_clean_first' from command line to 'False'
[0.761s] Level 5:colcon.colcon_core.verb:set package 'piper_description' build argument 'cmake_force_configure' from command line to 'False'
[0.761s] Level 5:colcon.colcon_core.verb:set package 'piper_description' build argument 'ament_cmake_args' from command line to 'None'
[0.761s] Level 5:colcon.colcon_core.verb:set package 'piper_description' build argument 'catkin_cmake_args' from command line to 'None'
[0.761s] Level 5:colcon.colcon_core.verb:set package 'piper_description' build argument 'catkin_skip_building_tests' from command line to 'False'
[0.762s] DEBUG:colcon.colcon_core.verb:Building package 'piper_description' with the following arguments: {'ament_cmake_args': None, 'build_base': '/home/dali/ros2_ws/build/piper_description', 'catkin_cmake_args': None, 'catkin_skip_building_tests': False, 'cmake_args': None, 'cmake_clean_cache': False, 'cmake_clean_first': False, 'cmake_force_configure': False, 'cmake_target': None, 'cmake_target_skip_unavailable': False, 'install_base': '/home/dali/ros2_ws/install/piper_description', 'merge_install': False, 'path': '/home/dali/ros2_ws/src/piper_ros2/piper_description', 'symlink_install': False, 'test_result_base': None}
[0.763s] Level 5:colcon.colcon_core.verb:set package 'scene_graph_interfaces' build argument 'cmake_args' from command line to 'None'
[0.763s] Level 5:colcon.colcon_core.verb:set package 'scene_graph_interfaces' build argument 'cmake_target' from command line to 'None'
[0.763s] Level 5:colcon.colcon_core.verb:set package 'scene_graph_interfaces' build argument 'cmake_target_skip_unavailable' from command line to 'False'
[0.763s] Level 5:colcon.colcon_core.verb:set package 'scene_graph_interfaces' build argument 'cmake_clean_cache' from command line to 'False'
[0.763s] Level 5:colcon.colcon_core.verb:set package 'scene_graph_interfaces' build argument 'cmake_clean_first' from command line to 'False'
[0.763s] Level 5:colcon.colcon_core.verb:set package 'scene_graph_interfaces' build argument 'cmake_force_configure' from command line to 'False'
[0.763s] Level 5:colcon.colcon_core.verb:set package 'scene_graph_interfaces' build argument 'ament_cmake_args' from command line to 'None'
[0.763s] Level 5:colcon.colcon_core.verb:set package 'scene_graph_interfaces' build argument 'catkin_cmake_args' from command line to 'None'
[0.763s] Level 5:colcon.colcon_core.verb:set package 'scene_graph_interfaces' build argument 'catkin_skip_building_tests' from command line to 'False'
[0.763s] DEBUG:colcon.colcon_core.verb:Building package 'scene_graph_interfaces' with the following arguments: {'ament_cmake_args': None, 'build_base': '/home/dali/ros2_ws/build/scene_graph_interfaces', 'catkin_cmake_args': None, 'catkin_skip_building_tests': False, 'cmake_args': None, 'cmake_clean_cache': False, 'cmake_clean_first': False, 'cmake_force_configure': False, 'cmake_target': None, 'cmake_target_skip_unavailable': False, 'install_base': '/home/dali/ros2_ws/install/scene_graph_interfaces', 'merge_install': False, 'path': '/home/dali/ros2_ws/src/scene_graph_interfaces', 'symlink_install': False, 'test_result_base': None}
[0.764s] Level 5:colcon.colcon_core.verb:set package 'piper_bringup' build argument 'cmake_args' from command line to 'None'
[0.764s] Level 5:colcon.colcon_core.verb:set package 'piper_bringup' build argument 'cmake_target' from command line to 'None'
[0.764s] Level 5:colcon.colcon_core.verb:set package 'piper_bringup' build argument 'cmake_target_skip_unavailable' from command line to 'False'
[0.764s] Level 5:colcon.colcon_core.verb:set package 'piper_bringup' build argument 'cmake_clean_cache' from command line to 'False'
[0.764s] Level 5:colcon.colcon_core.verb:set package 'piper_bringup' build argument 'cmake_clean_first' from command line to 'False'
[0.764s] Level 5:colcon.colcon_core.verb:set package 'piper_bringup' build argument 'cmake_force_configure' from command line to 'False'
[0.764s] Level 5:colcon.colcon_core.verb:set package 'piper_bringup' build argument 'ament_cmake_args' from command line to 'None'
[0.764s] Level 5:colcon.colcon_core.verb:set package 'piper_bringup' build argument 'catkin_cmake_args' from command line to 'None'
[0.764s] Level 5:colcon.colcon_core.verb:set package 'piper_bringup' build argument 'catkin_skip_building_tests' from command line to 'False'
[0.764s] DEBUG:colcon.colcon_core.verb:Building package 'piper_bringup' with the following arguments: {'ament_cmake_args': None, 'build_base': '/home/dali/ros2_ws/build/piper_bringup', 'catkin_cmake_args': None, 'catkin_skip_building_tests': False, 'cmake_args': None, 'cmake_clean_cache': False, 'cmake_clean_first': False, 'cmake_force_configure': False, 'cmake_target': None, 'cmake_target_skip_unavailable': False, 'install_base': '/home/dali/ros2_ws/install/piper_bringup', 'merge_install': False, 'path': '/home/dali/ros2_ws/src/piper_ros2/piper_bringup', 'symlink_install': False, 'test_result_base': None}
[0.765s] Level 5:colcon.colcon_core.verb:set package 'piper_moveit_config' build argument 'cmake_args' from command line to 'None'
[0.765s] Level 5:colcon.colcon_core.verb:set package 'piper_moveit_config' build argument 'cmake_target' from command line to 'None'
[0.765s] Level 5:colcon.colcon_core.verb:set package 'piper_moveit_config' build argument 'cmake_target_skip_unavailable' from command line to 'False'
[0.765s] Level 5:colcon.colcon_core.verb:set package 'piper_moveit_config' build argument 'cmake_clean_cache' from command line to 'False'
[0.765s] Level 5:colcon.colcon_core.verb:set package 'piper_moveit_config' build argument 'cmake_clean_first' from command line to 'False'
[0.765s] Level 5:colcon.colcon_core.verb:set package 'piper_moveit_config' build argument 'cmake_force_configure' from command line to 'False'
[0.765s] Level 5:colcon.colcon_core.verb:set package 'piper_moveit_config' build argument 'ament_cmake_args' from command line to 'None'
[0.765s] Level 5:colcon.colcon_core.verb:set package 'piper_moveit_config' build argument 'catkin_cmake_args' from command line to 'None'
[0.765s] Level 5:colcon.colcon_core.verb:set package 'piper_moveit_config' build argument 'catkin_skip_building_tests' from command line to 'False'
[0.765s] DEBUG:colcon.colcon_core.verb:Building package 'piper_moveit_config' with the following arguments: {'ament_cmake_args': None, 'build_base': '/home/dali/ros2_ws/build/piper_moveit_config', 'catkin_cmake_args': None, 'catkin_skip_building_tests': False, 'cmake_args': None, 'cmake_clean_cache': False, 'cmake_clean_first': False, 'cmake_force_configure': False, 'cmake_target': None, 'cmake_target_skip_unavailable': False, 'install_base': '/home/dali/ros2_ws/install/piper_moveit_config', 'merge_install': False, 'path': '/home/dali/ros2_ws/src/piper_ros2/piper_moveit_config', 'symlink_install': False, 'test_result_base': None}
[0.766s] INFO:colcon.colcon_core.executor:Executing jobs using 'parallel' executor
[0.773s] DEBUG:colcon.colcon_parallel_executor.executor.parallel:run_until_complete
[0.773s] INFO:colcon.colcon_ros.task.ament_cmake.build:Building ROS package in '/home/dali/ros2_ws/src/piper_ros2/piper_description' with build type 'ament_cmake'
[0.773s] INFO:colcon.colcon_cmake.task.cmake.build:Building CMake package in '/home/dali/ros2_ws/src/piper_ros2/piper_description'
[0.777s] INFO:colcon.colcon_core.plugin_system:Skipping extension 'colcon_core.shell.bat': Not used on non-Windows systems
[0.778s] INFO:colcon.colcon_core.shell:Skip shell extension 'powershell' for command environment: Not usable outside of PowerShell
[0.778s] DEBUG:colcon.colcon_core.shell:Skip shell extension 'dsv' for command environment
[0.782s] INFO:colcon.colcon_ros.task.ament_cmake.build:Building ROS package in '/home/dali/ros2_ws/src/scene_graph_interfaces' with build type 'ament_cmake'
[0.782s] INFO:colcon.colcon_cmake.task.cmake.build:Building CMake package in '/home/dali/ros2_ws/src/scene_graph_interfaces'
[0.782s] INFO:colcon.colcon_core.shell:Skip shell extension 'powershell' for command environment: Not usable outside of PowerShell
[0.782s] DEBUG:colcon.colcon_core.shell:Skip shell extension 'dsv' for command environment
[0.797s] DEBUG:colcon.colcon_core.event_handler.log_command:Invoking command in '/home/dali/ros2_ws/build/piper_description': CMAKE_PREFIX_PATH=${CMAKE_PREFIX_PATH}:/opt/ros/jazzy DEBUGINFOD_URLS=https://debuginfod.ubuntu.com /usr/bin/cmake --build /home/dali/ros2_ws/build/piper_description -- -j4 -l4
[0.828s] DEBUG:colcon.colcon_core.event_handler.log_command:Invoking command in '/home/dali/ros2_ws/build/scene_graph_interfaces': CMAKE_PREFIX_PATH=${CMAKE_PREFIX_PATH}:/opt/ros/jazzy DEBUGINFOD_URLS=https://debuginfod.ubuntu.com /usr/bin/cmake --build /home/dali/ros2_ws/build/scene_graph_interfaces -- -j4 -l4
[0.914s] DEBUG:colcon.colcon_core.event_handler.log_command:Invoked command in '/home/dali/ros2_ws/build/piper_description' returned '0': CMAKE_PREFIX_PATH=${CMAKE_PREFIX_PATH}:/opt/ros/jazzy DEBUGINFOD_URLS=https://debuginfod.ubuntu.com /usr/bin/cmake --build /home/dali/ros2_ws/build/piper_description -- -j4 -l4
[0.947s] DEBUG:colcon.colcon_core.event_handler.log_command:Invoking command in '/home/dali/ros2_ws/build/piper_description': CMAKE_PREFIX_PATH=${CMAKE_PREFIX_PATH}:/opt/ros/jazzy DEBUGINFOD_URLS=https://debuginfod.ubuntu.com /usr/bin/cmake --install /home/dali/ros2_ws/build/piper_description
[0.973s] Level 1:colcon.colcon_core.environment:create_environment_scripts_only(piper_description)
[0.975s] Level 1:colcon.colcon_core.environment:checking '/home/dali/ros2_ws/install/piper_description' for CMake module files
[0.975s] Level 1:colcon.colcon_core.environment:checking '/home/dali/ros2_ws/install/piper_description' for CMake config files
[0.975s] Level 1:colcon.colcon_core.shell:create_environment_hook('piper_description', 'cmake_prefix_path')
[0.975s] INFO:colcon.colcon_core.shell:Creating environment hook '/home/dali/ros2_ws/install/piper_description/share/piper_description/hook/cmake_prefix_path.ps1'
[0.990s] DEBUG:colcon.colcon_core.event_handler.log_command:Invoked command in '/home/dali/ros2_ws/build/piper_description' returned '0': CMAKE_PREFIX_PATH=${CMAKE_PREFIX_PATH}:/opt/ros/jazzy DEBUGINFOD_URLS=https://debuginfod.ubuntu.com /usr/bin/cmake --install /home/dali/ros2_ws/build/piper_description
[0.991s] INFO:colcon.colcon_core.shell:Creating environment descriptor '/home/dali/ros2_ws/install/piper_description/share/piper_description/hook/cmake_prefix_path.dsv'
[0.991s] INFO:colcon.colcon_core.shell:Creating environment hook '/home/dali/ros2_ws/install/piper_description/share/piper_description/hook/cmake_prefix_path.sh'
[0.992s] Level 1:colcon.colcon_core.environment:checking '/home/dali/ros2_ws/install/piper_description/bin'
[0.992s] Level 1:colcon.colcon_core.environment:checking '/home/dali/ros2_ws/install/piper_description/lib/pkgconfig/piper_description.pc'
[0.992s] Level 1:colcon.colcon_core.environment:checking '/home/dali/ros2_ws/install/piper_description/lib/python3.12/site-packages'
[0.992s] Level 1:colcon.colcon_core.environment:checking '/home/dali/ros2_ws/install/piper_description/bin'
[0.992s] INFO:colcon.colcon_core.shell:Creating package script '/home/dali/ros2_ws/install/piper_description/share/piper_description/package.ps1'
[0.993s] INFO:colcon.colcon_core.shell:Creating package descriptor '/home/dali/ros2_ws/install/piper_description/share/piper_description/package.dsv'
[1.001s] INFO:colcon.colcon_core.shell:Creating package script '/home/dali/ros2_ws/install/piper_description/share/piper_description/package.sh'
[1.001s] INFO:colcon.colcon_core.shell:Creating package script '/home/dali/ros2_ws/install/piper_description/share/piper_description/package.bash'
[1.001s] INFO:colcon.colcon_core.shell:Creating package script '/home/dali/ros2_ws/install/piper_description/share/piper_description/package.zsh'
[1.002s] Level 1:colcon.colcon_core.environment:create_file_with_runtime_dependencies(/home/dali/ros2_ws/install/piper_description/share/colcon-core/packages/piper_description)
[1.014s] Level 1:colcon.colcon_core.environment:create_environment_scripts_only(piper_description)
[1.014s] Level 1:colcon.colcon_core.environment:checking '/home/dali/ros2_ws/install/piper_description' for CMake module files
[1.014s] Level 1:colcon.colcon_core.environment:checking '/home/dali/ros2_ws/install/piper_description' for CMake config files
[1.014s] Level 1:colcon.colcon_core.shell:create_environment_hook('piper_description', 'cmake_prefix_path')
[1.014s] INFO:colcon.colcon_core.shell:Creating environment hook '/home/dali/ros2_ws/install/piper_description/share/piper_description/hook/cmake_prefix_path.ps1'
[1.020s] INFO:colcon.colcon_core.shell:Creating environment descriptor '/home/dali/ros2_ws/install/piper_description/share/piper_description/hook/cmake_prefix_path.dsv'
[1.020s] INFO:colcon.colcon_core.shell:Creating environment hook '/home/dali/ros2_ws/install/piper_description/share/piper_description/hook/cmake_prefix_path.sh'
[1.021s] Level 1:colcon.colcon_core.environment:checking '/home/dali/ros2_ws/install/piper_description/bin'
[1.021s] Level 1:colcon.colcon_core.environment:checking '/home/dali/ros2_ws/install/piper_description/lib/pkgconfig/piper_description.pc'
[1.021s] Level 1:colcon.colcon_core.environment:checking '/home/dali/ros2_ws/install/piper_description/lib/python3.12/site-packages'
[1.021s] Level 1:colcon.colcon_core.environment:checking '/home/dali/ros2_ws/install/piper_description/bin'
[1.021s] INFO:colcon.colcon_core.shell:Creating package script '/home/dali/ros2_ws/install/piper_description/share/piper_description/package.ps1'
[1.022s] INFO:colcon.colcon_core.shell:Creating package descriptor '/home/dali/ros2_ws/install/piper_description/share/piper_description/package.dsv'
[1.028s] INFO:colcon.colcon_core.shell:Creating package script '/home/dali/ros2_ws/install/piper_description/share/piper_description/package.sh'
[1.029s] INFO:colcon.colcon_core.shell:Creating package script '/home/dali/ros2_ws/install/piper_description/share/piper_description/package.bash'
[1.031s] INFO:colcon.colcon_core.shell:Creating package script '/home/dali/ros2_ws/install/piper_description/share/piper_description/package.zsh'
[1.032s] Level 1:colcon.colcon_core.environment:create_file_with_runtime_dependencies(/home/dali/ros2_ws/install/piper_description/share/colcon-core/packages/piper_description)
[1.036s] INFO:colcon.colcon_ros.task.ament_cmake.build:Building ROS package in '/home/dali/ros2_ws/src/piper_ros2/piper_moveit_config' with build type 'ament_cmake'
[1.036s] INFO:colcon.colcon_cmake.task.cmake.build:Building CMake package in '/home/dali/ros2_ws/src/piper_ros2/piper_moveit_config'
[1.036s] INFO:colcon.colcon_core.shell:Skip shell extension 'powershell' for command environment: Not usable outside of PowerShell
[1.036s] DEBUG:colcon.colcon_core.shell:Skip shell extension 'dsv' for command environment
[1.073s] DEBUG:colcon.colcon_core.event_handler.log_command:Invoking command in '/home/dali/ros2_ws/build/piper_moveit_config': CMAKE_PREFIX_PATH=/home/dali/ros2_ws/install/piper_description:/home/dali/ros2_ws/install/piper_bringup:/home/dali/ros2_ws/install/scene_graph_interfaces:/home/dali/ros2_ws/install/piper_moveit_config:/opt/ros/jazzy/opt/gz_sim_vendor:/opt/ros/jazzy/opt/gz_sensors_vendor:/opt/ros/jazzy/opt/gz_physics_vendor:/opt/ros/jazzy/opt/sdformat_vendor:/opt/ros/jazzy/opt/gz_gui_vendor:/opt/ros/jazzy/opt/gz_transport_vendor:/opt/ros/jazzy/opt/gz_rendering_vendor:/opt/ros/jazzy/opt/gz_plugin_vendor:/opt/ros/jazzy/opt/gz_fuel_tools_vendor:/opt/ros/jazzy/opt/gz_msgs_vendor:/opt/ros/jazzy/opt/gz_common_vendor:/opt/ros/jazzy/opt/gz_math_vendor:/opt/ros/jazzy/opt/gz_utils_vendor:/opt/ros/jazzy/opt/gz_tools_vendor:/opt/ros/jazzy/opt/gz_ogre_next_vendor:/opt/ros/jazzy/opt/gz_dartsim_vendor:/opt/ros/jazzy/opt/gz_cmake_vendor:/opt/ros/jazzy DEBUGINFOD_URLS=https://debuginfod.ubuntu.com /usr/bin/cmake --build /home/dali/ros2_ws/build/piper_moveit_config -- -j4 -l4
[1.157s] DEBUG:colcon.colcon_core.event_handler.log_command:Invoked command in '/home/dali/ros2_ws/build/piper_moveit_config' returned '0': CMAKE_PREFIX_PATH=/home/dali/ros2_ws/install/piper_description:/home/dali/ros2_ws/install/piper_bringup:/home/dali/ros2_ws/install/scene_graph_interfaces:/home/dali/ros2_ws/install/piper_moveit_config:/opt/ros/jazzy/opt/gz_sim_vendor:/opt/ros/jazzy/opt/gz_sensors_vendor:/opt/ros/jazzy/opt/gz_physics_vendor:/opt/ros/jazzy/opt/sdformat_vendor:/opt/ros/jazzy/opt/gz_gui_vendor:/opt/ros/jazzy/opt/gz_transport_vendor:/opt/ros/jazzy/opt/gz_rendering_vendor:/opt/ros/jazzy/opt/gz_plugin_vendor:/opt/ros/jazzy/opt/gz_fuel_tools_vendor:/opt/ros/jazzy/opt/gz_msgs_vendor:/opt/ros/jazzy/opt/gz_common_vendor:/opt/ros/jazzy/opt/gz_math_vendor:/opt/ros/jazzy/opt/gz_utils_vendor:/opt/ros/jazzy/opt/gz_tools_vendor:/opt/ros/jazzy/opt/gz_ogre_next_vendor:/opt/ros/jazzy/opt/gz_dartsim_vendor:/opt/ros/jazzy/opt/gz_cmake_vendor:/opt/ros/jazzy DEBUGINFOD_URLS=https://debuginfod.ubuntu.com /usr/bin/cmake --build /home/dali/ros2_ws/build/piper_moveit_config -- -j4 -l4
[1.157s] DEBUG:colcon.colcon_core.event_handler.log_command:Invoking command in '/home/dali/ros2_ws/build/piper_moveit_config': CMAKE_PREFIX_PATH=/home/dali/ros2_ws/install/piper_description:/home/dali/ros2_ws/install/piper_bringup:/home/dali/ros2_ws/install/scene_graph_interfaces:/home/dali/ros2_ws/install/piper_moveit_config:/opt/ros/jazzy/opt/gz_sim_vendor:/opt/ros/jazzy/opt/gz_sensors_vendor:/opt/ros/jazzy/opt/gz_physics_vendor:/opt/ros/jazzy/opt/sdformat_vendor:/opt/ros/jazzy/opt/gz_gui_vendor:/opt/ros/jazzy/opt/gz_transport_vendor:/opt/ros/jazzy/opt/gz_rendering_vendor:/opt/ros/jazzy/opt/gz_plugin_vendor:/opt/ros/jazzy/opt/gz_fuel_tools_vendor:/opt/ros/jazzy/opt/gz_msgs_vendor:/opt/ros/jazzy/opt/gz_common_vendor:/opt/ros/jazzy/opt/gz_math_vendor:/opt/ros/jazzy/opt/gz_utils_vendor:/opt/ros/jazzy/opt/gz_tools_vendor:/opt/ros/jazzy/opt/gz_ogre_next_vendor:/opt/ros/jazzy/opt/gz_dartsim_vendor:/opt/ros/jazzy/opt/gz_cmake_vendor:/opt/ros/jazzy DEBUGINFOD_URLS=https://debuginfod.ubuntu.com /usr/bin/cmake --install /home/dali/ros2_ws/build/piper_moveit_config
[1.214s] Level 1:colcon.colcon_core.environment:create_environment_scripts_only(piper_moveit_config)
[1.214s] Level 1:colcon.colcon_core.environment:checking '/home/dali/ros2_ws/install/piper_moveit_config' for CMake module files
[1.214s] Level 1:colcon.colcon_core.environment:checking '/home/dali/ros2_ws/install/piper_moveit_config' for CMake config files
[1.214s] Level 1:colcon.colcon_core.shell:create_environment_hook('piper_moveit_config', 'cmake_prefix_path')
[1.214s] INFO:colcon.colcon_core.shell:Creating environment hook '/home/dali/ros2_ws/install/piper_moveit_config/share/piper_moveit_config/hook/cmake_prefix_path.ps1'
[1.215s] INFO:colcon.colcon_core.shell:Creating environment descriptor '/home/dali/ros2_ws/install/piper_moveit_config/share/piper_moveit_config/hook/cmake_prefix_path.dsv'
[1.216s] DEBUG:colcon.colcon_core.event_handler.log_command:Invoked command in '/home/dali/ros2_ws/build/piper_moveit_config' returned '0': CMAKE_PREFIX_PATH=/home/dali/ros2_ws/install/piper_description:/home/dali/ros2_ws/install/piper_bringup:/home/dali/ros2_ws/install/scene_graph_interfaces:/home/dali/ros2_ws/install/piper_moveit_config:/opt/ros/jazzy/opt/gz_sim_vendor:/opt/ros/jazzy/opt/gz_sensors_vendor:/opt/ros/jazzy/opt/gz_physics_vendor:/opt/ros/jazzy/opt/sdformat_vendor:/opt/ros/jazzy/opt/gz_gui_vendor:/opt/ros/jazzy/opt/gz_transport_vendor:/opt/ros/jazzy/opt/gz_rendering_vendor:/opt/ros/jazzy/opt/gz_plugin_vendor:/opt/ros/jazzy/opt/gz_fuel_tools_vendor:/opt/ros/jazzy/opt/gz_msgs_vendor:/opt/ros/jazzy/opt/gz_common_vendor:/opt/ros/jazzy/opt/gz_math_vendor:/opt/ros/jazzy/opt/gz_utils_vendor:/opt/ros/jazzy/opt/gz_tools_vendor:/opt/ros/jazzy/opt/gz_ogre_next_vendor:/opt/ros/jazzy/opt/gz_dartsim_vendor:/opt/ros/jazzy/opt/gz_cmake_vendor:/opt/ros/jazzy DEBUGINFOD_URLS=https://debuginfod.ubuntu.com /usr/bin/cmake --install /home/dali/ros2_ws/build/piper_moveit_config
[1.217s] INFO:colcon.colcon_core.shell:Creating environment hook '/home/dali/ros2_ws/install/piper_moveit_config/share/piper_moveit_config/hook/cmake_prefix_path.sh'
[1.219s] Level 1:colcon.colcon_core.environment:checking '/home/dali/ros2_ws/install/piper_moveit_config/bin'
[1.219s] Level 1:colcon.colcon_core.environment:checking '/home/dali/ros2_ws/install/piper_moveit_config/lib/pkgconfig/piper_moveit_config.pc'
[1.219s] Level 1:colcon.colcon_core.environment:checking '/home/dali/ros2_ws/install/piper_moveit_config/lib/python3.12/site-packages'
[1.223s] Level 1:colcon.colcon_core.environment:checking '/home/dali/ros2_ws/install/piper_moveit_config/bin'
[1.224s] INFO:colcon.colcon_core.shell:Creating package script '/home/dali/ros2_ws/install/piper_moveit_config/share/piper_moveit_config/package.ps1'
[1.229s] INFO:colcon.colcon_core.shell:Creating package descriptor '/home/dali/ros2_ws/install/piper_moveit_config/share/piper_moveit_config/package.dsv'
[1.229s] INFO:colcon.colcon_core.shell:Creating package script '/home/dali/ros2_ws/install/piper_moveit_config/share/piper_moveit_config/package.sh'
[1.231s] INFO:colcon.colcon_core.shell:Creating package script '/home/dali/ros2_ws/install/piper_moveit_config/share/piper_moveit_config/package.bash'
[1.233s] INFO:colcon.colcon_core.shell:Creating package script '/home/dali/ros2_ws/install/piper_moveit_config/share/piper_moveit_config/package.zsh'
[1.235s] Level 1:colcon.colcon_core.environment:create_file_with_runtime_dependencies(/home/dali/ros2_ws/install/piper_moveit_config/share/colcon-core/packages/piper_moveit_config)
[1.239s] Level 1:colcon.colcon_core.environment:create_environment_scripts_only(piper_moveit_config)
[1.239s] Level 1:colcon.colcon_core.environment:checking '/home/dali/ros2_ws/install/piper_moveit_config' for CMake module files
[1.242s] Level 1:colcon.colcon_core.environment:checking '/home/dali/ros2_ws/install/piper_moveit_config' for CMake config files
[1.244s] Level 1:colcon.colcon_core.shell:create_environment_hook('piper_moveit_config', 'cmake_prefix_path')
[1.244s] INFO:colcon.colcon_core.shell:Creating environment hook '/home/dali/ros2_ws/install/piper_moveit_config/share/piper_moveit_config/hook/cmake_prefix_path.ps1'
[1.245s] INFO:colcon.colcon_core.shell:Creating environment descriptor '/home/dali/ros2_ws/install/piper_moveit_config/share/piper_moveit_config/hook/cmake_prefix_path.dsv'
[1.246s] INFO:colcon.colcon_core.shell:Creating environment hook '/home/dali/ros2_ws/install/piper_moveit_config/share/piper_moveit_config/hook/cmake_prefix_path.sh'
[1.248s] Level 1:colcon.colcon_core.environment:checking '/home/dali/ros2_ws/install/piper_moveit_config/bin'
[1.248s] Level 1:colcon.colcon_core.environment:checking '/home/dali/ros2_ws/install/piper_moveit_config/lib/pkgconfig/piper_moveit_config.pc'
[1.248s] Level 1:colcon.colcon_core.environment:checking '/home/dali/ros2_ws/install/piper_moveit_config/lib/python3.12/site-packages'
[1.248s] Level 1:colcon.colcon_core.environment:checking '/home/dali/ros2_ws/install/piper_moveit_config/bin'
[1.249s] INFO:colcon.colcon_core.shell:Creating package script '/home/dali/ros2_ws/install/piper_moveit_config/share/piper_moveit_config/package.ps1'
[1.249s] INFO:colcon.colcon_core.shell:Creating package descriptor '/home/dali/ros2_ws/install/piper_moveit_config/share/piper_moveit_config/package.dsv'
[1.249s] INFO:colcon.colcon_core.shell:Creating package script '/home/dali/ros2_ws/install/piper_moveit_config/share/piper_moveit_config/package.sh'
[1.249s] INFO:colcon.colcon_core.shell:Creating package script '/home/dali/ros2_ws/install/piper_moveit_config/share/piper_moveit_config/package.bash'
[1.250s] INFO:colcon.colcon_core.shell:Creating package script '/home/dali/ros2_ws/install/piper_moveit_config/share/piper_moveit_config/package.zsh'
[1.250s] Level 1:colcon.colcon_core.environment:create_file_with_runtime_dependencies(/home/dali/ros2_ws/install/piper_moveit_config/share/colcon-core/packages/piper_moveit_config)
[2.943s] DEBUG:colcon.colcon_core.event_handler.log_command:Invoked command in '/home/dali/ros2_ws/build/scene_graph_interfaces' returned '0': CMAKE_PREFIX_PATH=${CMAKE_PREFIX_PATH}:/opt/ros/jazzy DEBUGINFOD_URLS=https://debuginfod.ubuntu.com /usr/bin/cmake --build /home/dali/ros2_ws/build/scene_graph_interfaces -- -j4 -l4
[2.947s] DEBUG:colcon.colcon_core.event_handler.log_command:Invoking command in '/home/dali/ros2_ws/build/scene_graph_interfaces': CMAKE_PREFIX_PATH=${CMAKE_PREFIX_PATH}:/opt/ros/jazzy DEBUGINFOD_URLS=https://debuginfod.ubuntu.com /usr/bin/cmake --install /home/dali/ros2_ws/build/scene_graph_interfaces
[3.027s] Level 1:colcon.colcon_core.environment:create_environment_scripts_only(scene_graph_interfaces)
[3.028s] DEBUG:colcon.colcon_core.event_handler.log_command:Invoked command in '/home/dali/ros2_ws/build/scene_graph_interfaces' returned '0': CMAKE_PREFIX_PATH=${CMAKE_PREFIX_PATH}:/opt/ros/jazzy DEBUGINFOD_URLS=https://debuginfod.ubuntu.com /usr/bin/cmake --install /home/dali/ros2_ws/build/scene_graph_interfaces
[3.031s] Level 1:colcon.colcon_core.environment:checking '/home/dali/ros2_ws/install/scene_graph_interfaces' for CMake module files
[3.033s] Level 1:colcon.colcon_core.environment:checking '/home/dali/ros2_ws/install/scene_graph_interfaces' for CMake config files
[3.033s] Level 1:colcon.colcon_core.shell:create_environment_hook('scene_graph_interfaces', 'cmake_prefix_path')
[3.033s] INFO:colcon.colcon_core.shell:Creating environment hook '/home/dali/ros2_ws/install/scene_graph_interfaces/share/scene_graph_interfaces/hook/cmake_prefix_path.ps1'
[3.037s] INFO:colcon.colcon_core.shell:Creating environment descriptor '/home/dali/ros2_ws/install/scene_graph_interfaces/share/scene_graph_interfaces/hook/cmake_prefix_path.dsv'
[3.042s] INFO:colcon.colcon_core.shell:Creating environment hook '/home/dali/ros2_ws/install/scene_graph_interfaces/share/scene_graph_interfaces/hook/cmake_prefix_path.sh'
[3.049s] Level 1:colcon.colcon_core.environment:checking '/home/dali/ros2_ws/install/scene_graph_interfaces/lib'
[3.049s] Level 1:colcon.colcon_core.shell:create_environment_hook('scene_graph_interfaces', 'ld_library_path_lib')
[3.050s] INFO:colcon.colcon_core.shell:Creating environment hook '/home/dali/ros2_ws/install/scene_graph_interfaces/share/scene_graph_interfaces/hook/ld_library_path_lib.ps1'
[3.050s] INFO:colcon.colcon_core.shell:Creating environment descriptor '/home/dali/ros2_ws/install/scene_graph_interfaces/share/scene_graph_interfaces/hook/ld_library_path_lib.dsv'
[3.050s] INFO:colcon.colcon_core.shell:Creating environment hook '/home/dali/ros2_ws/install/scene_graph_interfaces/share/scene_graph_interfaces/hook/ld_library_path_lib.sh'
[3.050s] Level 1:colcon.colcon_core.environment:checking '/home/dali/ros2_ws/install/scene_graph_interfaces/bin'
[3.050s] Level 1:colcon.colcon_core.environment:checking '/home/dali/ros2_ws/install/scene_graph_interfaces/lib/pkgconfig/scene_graph_interfaces.pc'
[3.050s] Level 1:colcon.colcon_core.environment:checking '/home/dali/ros2_ws/install/scene_graph_interfaces/lib/python3.12/site-packages'
[3.050s] Level 1:colcon.colcon_core.shell:create_environment_hook('scene_graph_interfaces', 'pythonpath')
[3.051s] INFO:colcon.colcon_core.shell:Creating environment hook '/home/dali/ros2_ws/install/scene_graph_interfaces/share/scene_graph_interfaces/hook/pythonpath.ps1'
[3.051s] INFO:colcon.colcon_core.shell:Creating environment descriptor '/home/dali/ros2_ws/install/scene_graph_interfaces/share/scene_graph_interfaces/hook/pythonpath.dsv'
[3.054s] INFO:colcon.colcon_core.shell:Creating environment hook '/home/dali/ros2_ws/install/scene_graph_interfaces/share/scene_graph_interfaces/hook/pythonpath.sh'
[3.054s] Level 1:colcon.colcon_core.environment:checking '/home/dali/ros2_ws/install/scene_graph_interfaces/bin'
[3.054s] INFO:colcon.colcon_core.shell:Creating package script '/home/dali/ros2_ws/install/scene_graph_interfaces/share/scene_graph_interfaces/package.ps1'
[3.055s] INFO:colcon.colcon_core.shell:Creating package descriptor '/home/dali/ros2_ws/install/scene_graph_interfaces/share/scene_graph_interfaces/package.dsv'
[3.055s] INFO:colcon.colcon_core.shell:Creating package script '/home/dali/ros2_ws/install/scene_graph_interfaces/share/scene_graph_interfaces/package.sh'
[3.055s] INFO:colcon.colcon_core.shell:Creating package script '/home/dali/ros2_ws/install/scene_graph_interfaces/share/scene_graph_interfaces/package.bash'
[3.056s] INFO:colcon.colcon_core.shell:Creating package script '/home/dali/ros2_ws/install/scene_graph_interfaces/share/scene_graph_interfaces/package.zsh'
[3.056s] Level 1:colcon.colcon_core.environment:create_file_with_runtime_dependencies(/home/dali/ros2_ws/install/scene_graph_interfaces/share/colcon-core/packages/scene_graph_interfaces)
[3.057s] Level 1:colcon.colcon_core.environment:create_environment_scripts_only(scene_graph_interfaces)
[3.057s] Level 1:colcon.colcon_core.environment:checking '/home/dali/ros2_ws/install/scene_graph_interfaces' for CMake module files
[3.057s] Level 1:colcon.colcon_core.environment:checking '/home/dali/ros2_ws/install/scene_graph_interfaces' for CMake config files
[3.058s] Level 1:colcon.colcon_core.shell:create_environment_hook('scene_graph_interfaces', 'cmake_prefix_path')
[3.058s] INFO:colcon.colcon_core.shell:Creating environment hook '/home/dali/ros2_ws/install/scene_graph_interfaces/share/scene_graph_interfaces/hook/cmake_prefix_path.ps1'
[3.058s] INFO:colcon.colcon_core.shell:Creating environment descriptor '/home/dali/ros2_ws/install/scene_graph_interfaces/share/scene_graph_interfaces/hook/cmake_prefix_path.dsv'
[3.061s] INFO:colcon.colcon_core.shell:Creating environment hook '/home/dali/ros2_ws/install/scene_graph_interfaces/share/scene_graph_interfaces/hook/cmake_prefix_path.sh'
[3.067s] Level 1:colcon.colcon_core.environment:checking '/home/dali/ros2_ws/install/scene_graph_interfaces/lib'
[3.074s] Level 1:colcon.colcon_core.shell:create_environment_hook('scene_graph_interfaces', 'ld_library_path_lib')
[3.074s] INFO:colcon.colcon_core.shell:Creating environment hook '/home/dali/ros2_ws/install/scene_graph_interfaces/share/scene_graph_interfaces/hook/ld_library_path_lib.ps1'
[3.076s] INFO:colcon.colcon_core.shell:Creating environment descriptor '/home/dali/ros2_ws/install/scene_graph_interfaces/share/scene_graph_interfaces/hook/ld_library_path_lib.dsv'
[3.076s] INFO:colcon.colcon_core.shell:Creating environment hook '/home/dali/ros2_ws/install/scene_graph_interfaces/share/scene_graph_interfaces/hook/ld_library_path_lib.sh'
[3.077s] Level 1:colcon.colcon_core.environment:checking '/home/dali/ros2_ws/install/scene_graph_interfaces/bin'
[3.077s] Level 1:colcon.colcon_core.environment:checking '/home/dali/ros2_ws/install/scene_graph_interfaces/lib/pkgconfig/scene_graph_interfaces.pc'
[3.077s] Level 1:colcon.colcon_core.environment:checking '/home/dali/ros2_ws/install/scene_graph_interfaces/lib/python3.12/site-packages'
[3.077s] Level 1:colcon.colcon_core.shell:create_environment_hook('scene_graph_interfaces', 'pythonpath')
[3.078s] INFO:colcon.colcon_core.shell:Creating environment hook '/home/dali/ros2_ws/install/scene_graph_interfaces/share/scene_graph_interfaces/hook/pythonpath.ps1'
[3.078s] INFO:colcon.colcon_core.shell:Creating environment descriptor '/home/dali/ros2_ws/install/scene_graph_interfaces/share/scene_graph_interfaces/hook/pythonpath.dsv'
[3.078s] INFO:colcon.colcon_core.shell:Creating environment hook '/home/dali/ros2_ws/install/scene_graph_interfaces/share/scene_graph_interfaces/hook/pythonpath.sh'
[3.079s] Level 1:colcon.colcon_core.environment:checking '/home/dali/ros2_ws/install/scene_graph_interfaces/bin'
[3.079s] INFO:colcon.colcon_core.shell:Creating package script '/home/dali/ros2_ws/install/scene_graph_interfaces/share/scene_graph_interfaces/package.ps1'
[3.079s] INFO:colcon.colcon_core.shell:Creating package descriptor '/home/dali/ros2_ws/install/scene_graph_interfaces/share/scene_graph_interfaces/package.dsv'
[3.081s] INFO:colcon.colcon_core.shell:Creating package script '/home/dali/ros2_ws/install/scene_graph_interfaces/share/scene_graph_interfaces/package.sh'
[3.084s] INFO:colcon.colcon_core.shell:Creating package script '/home/dali/ros2_ws/install/scene_graph_interfaces/share/scene_graph_interfaces/package.bash'
[3.085s] INFO:colcon.colcon_core.shell:Creating package script '/home/dali/ros2_ws/install/scene_graph_interfaces/share/scene_graph_interfaces/package.zsh'
[3.085s] Level 1:colcon.colcon_core.environment:create_file_with_runtime_dependencies(/home/dali/ros2_ws/install/scene_graph_interfaces/share/colcon-core/packages/scene_graph_interfaces)
[3.085s] INFO:colcon.colcon_ros.task.ament_cmake.build:Building ROS package in '/home/dali/ros2_ws/src/piper_ros2/piper_bringup' with build type 'ament_cmake'
[3.086s] INFO:colcon.colcon_cmake.task.cmake.build:Building CMake package in '/home/dali/ros2_ws/src/piper_ros2/piper_bringup'
[3.086s] INFO:colcon.colcon_core.shell:Skip shell extension 'powershell' for command environment: Not usable outside of PowerShell
[3.086s] DEBUG:colcon.colcon_core.shell:Skip shell extension 'dsv' for command environment
[3.132s] DEBUG:colcon.colcon_core.event_handler.log_command:Invoking command in '/home/dali/ros2_ws/build/piper_bringup': CMAKE_PREFIX_PATH=/home/dali/ros2_ws/install/scene_graph_interfaces:/home/dali/ros2_ws/install/piper_bringup:/home/dali/ros2_ws/install/piper_moveit_config:/home/dali/ros2_ws/install/piper_description:/opt/ros/jazzy/opt/gz_sim_vendor:/opt/ros/jazzy/opt/gz_sensors_vendor:/opt/ros/jazzy/opt/gz_physics_vendor:/opt/ros/jazzy/opt/sdformat_vendor:/opt/ros/jazzy/opt/gz_gui_vendor:/opt/ros/jazzy/opt/gz_transport_vendor:/opt/ros/jazzy/opt/gz_rendering_vendor:/opt/ros/jazzy/opt/gz_plugin_vendor:/opt/ros/jazzy/opt/gz_fuel_tools_vendor:/opt/ros/jazzy/opt/gz_msgs_vendor:/opt/ros/jazzy/opt/gz_common_vendor:/opt/ros/jazzy/opt/gz_math_vendor:/opt/ros/jazzy/opt/gz_utils_vendor:/opt/ros/jazzy/opt/gz_tools_vendor:/opt/ros/jazzy/opt/gz_ogre_next_vendor:/opt/ros/jazzy/opt/gz_dartsim_vendor:/opt/ros/jazzy/opt/gz_cmake_vendor:/opt/ros/jazzy DEBUGINFOD_URLS=https://debuginfod.ubuntu.com /usr/bin/cmake --build /home/dali/ros2_ws/build/piper_bringup -- -j4 -l4
[32.612s] DEBUG:colcon.colcon_core.event_handler.log_command:Invoked command in '/home/dali/ros2_ws/build/piper_bringup' returned '0': CMAKE_PREFIX_PATH=/home/dali/ros2_ws/install/scene_graph_interfaces:/home/dali/ros2_ws/install/piper_bringup:/home/dali/ros2_ws/install/piper_moveit_config:/home/dali/ros2_ws/install/piper_description:/opt/ros/jazzy/opt/gz_sim_vendor:/opt/ros/jazzy/opt/gz_sensors_vendor:/opt/ros/jazzy/opt/gz_physics_vendor:/opt/ros/jazzy/opt/sdformat_vendor:/opt/ros/jazzy/opt/gz_gui_vendor:/opt/ros/jazzy/opt/gz_transport_vendor:/opt/ros/jazzy/opt/gz_rendering_vendor:/opt/ros/jazzy/opt/gz_plugin_vendor:/opt/ros/jazzy/opt/gz_fuel_tools_vendor:/opt/ros/jazzy/opt/gz_msgs_vendor:/opt/ros/jazzy/opt/gz_common_vendor:/opt/ros/jazzy/opt/gz_math_vendor:/opt/ros/jazzy/opt/gz_utils_vendor:/opt/ros/jazzy/opt/gz_tools_vendor:/opt/ros/jazzy/opt/gz_ogre_next_vendor:/opt/ros/jazzy/opt/gz_dartsim_vendor:/opt/ros/jazzy/opt/gz_cmake_vendor:/opt/ros/jazzy DEBUGINFOD_URLS=https://debuginfod.ubuntu.com /usr/bin/cmake --build /home/dali/ros2_ws/build/piper_bringup -- -j4 -l4
[32.613s] DEBUG:colcon.colcon_core.event_handler.log_command:Invoking command in '/home/dali/ros2_ws/build/piper_bringup': CMAKE_PREFIX_PATH=/home/dali/ros2_ws/install/scene_graph_interfaces:/home/dali/ros2_ws/install/piper_bringup:/home/dali/ros2_ws/install/piper_moveit_config:/home/dali/ros2_ws/install/piper_description:/opt/ros/jazzy/opt/gz_sim_vendor:/opt/ros/jazzy/opt/gz_sensors_vendor:/opt/ros/jazzy/opt/gz_physics_vendor:/opt/ros/jazzy/opt/sdformat_vendor:/opt/ros/jazzy/opt/gz_gui_vendor:/opt/ros/jazzy/opt/gz_transport_vendor:/opt/ros/jazzy/opt/gz_rendering_vendor:/opt/ros/jazzy/opt/gz_plugin_vendor:/opt/ros/jazzy/opt/gz_fuel_tools_vendor:/opt/ros/jazzy/opt/gz_msgs_vendor:/opt/ros/jazzy/opt/gz_common_vendor:/opt/ros/jazzy/opt/gz_math_vendor:/opt/ros/jazzy/opt/gz_utils_vendor:/opt/ros/jazzy/opt/gz_tools_vendor:/opt/ros/jazzy/opt/gz_ogre_next_vendor:/opt/ros/jazzy/opt/gz_dartsim_vendor:/opt/ros/jazzy/opt/gz_cmake_vendor:/opt/ros/jazzy DEBUGINFOD_URLS=https://debuginfod.ubuntu.com /usr/bin/cmake --install /home/dali/ros2_ws/build/piper_bringup
[32.646s] Level 1:colcon.colcon_core.environment:create_environment_scripts_only(piper_bringup)
[32.648s] Level 1:colcon.colcon_core.environment:checking '/home/dali/ros2_ws/install/piper_bringup' for CMake module files
[32.648s] DEBUG:colcon.colcon_core.event_handler.log_command:Invoked command in '/home/dali/ros2_ws/build/piper_bringup' returned '0': CMAKE_PREFIX_PATH=/home/dali/ros2_ws/install/scene_graph_interfaces:/home/dali/ros2_ws/install/piper_bringup:/home/dali/ros2_ws/install/piper_moveit_config:/home/dali/ros2_ws/install/piper_description:/opt/ros/jazzy/opt/gz_sim_vendor:/opt/ros/jazzy/opt/gz_sensors_vendor:/opt/ros/jazzy/opt/gz_physics_vendor:/opt/ros/jazzy/opt/sdformat_vendor:/opt/ros/jazzy/opt/gz_gui_vendor:/opt/ros/jazzy/opt/gz_transport_vendor:/opt/ros/jazzy/opt/gz_rendering_vendor:/opt/ros/jazzy/opt/gz_plugin_vendor:/opt/ros/jazzy/opt/gz_fuel_tools_vendor:/opt/ros/jazzy/opt/gz_msgs_vendor:/opt/ros/jazzy/opt/gz_common_vendor:/opt/ros/jazzy/opt/gz_math_vendor:/opt/ros/jazzy/opt/gz_utils_vendor:/opt/ros/jazzy/opt/gz_tools_vendor:/opt/ros/jazzy/opt/gz_ogre_next_vendor:/opt/ros/jazzy/opt/gz_dartsim_vendor:/opt/ros/jazzy/opt/gz_cmake_vendor:/opt/ros/jazzy DEBUGINFOD_URLS=https://debuginfod.ubuntu.com /usr/bin/cmake --install /home/dali/ros2_ws/build/piper_bringup
[32.649s] Level 1:colcon.colcon_core.environment:checking '/home/dali/ros2_ws/install/piper_bringup' for CMake config files
[32.651s] Level 1:colcon.colcon_core.shell:create_environment_hook('piper_bringup', 'cmake_prefix_path')
[32.651s] INFO:colcon.colcon_core.shell:Creating environment hook '/home/dali/ros2_ws/install/piper_bringup/share/piper_bringup/hook/cmake_prefix_path.ps1'
[32.654s] INFO:colcon.colcon_core.shell:Creating environment descriptor '/home/dali/ros2_ws/install/piper_bringup/share/piper_bringup/hook/cmake_prefix_path.dsv'
[32.654s] INFO:colcon.colcon_core.shell:Creating environment hook '/home/dali/ros2_ws/install/piper_bringup/share/piper_bringup/hook/cmake_prefix_path.sh'
[32.657s] Level 1:colcon.colcon_core.environment:checking '/home/dali/ros2_ws/install/piper_bringup/lib'
[32.657s] Level 1:colcon.colcon_core.environment:checking '/home/dali/ros2_ws/install/piper_bringup/bin'
[32.657s] Level 1:colcon.colcon_core.environment:checking '/home/dali/ros2_ws/install/piper_bringup/lib/pkgconfig/piper_bringup.pc'
[32.658s] Level 1:colcon.colcon_core.environment:checking '/home/dali/ros2_ws/install/piper_bringup/lib/python3.12/site-packages'
[32.658s] Level 1:colcon.colcon_core.environment:checking '/home/dali/ros2_ws/install/piper_bringup/bin'
[32.658s] INFO:colcon.colcon_core.shell:Creating package script '/home/dali/ros2_ws/install/piper_bringup/share/piper_bringup/package.ps1'
[32.658s] INFO:colcon.colcon_core.shell:Creating package descriptor '/home/dali/ros2_ws/install/piper_bringup/share/piper_bringup/package.dsv'
[32.659s] INFO:colcon.colcon_core.shell:Creating package script '/home/dali/ros2_ws/install/piper_bringup/share/piper_bringup/package.sh'
[32.659s] INFO:colcon.colcon_core.shell:Creating package script '/home/dali/ros2_ws/install/piper_bringup/share/piper_bringup/package.bash'
[32.660s] INFO:colcon.colcon_core.shell:Creating package script '/home/dali/ros2_ws/install/piper_bringup/share/piper_bringup/package.zsh'
[32.660s] Level 1:colcon.colcon_core.environment:create_file_with_runtime_dependencies(/home/dali/ros2_ws/install/piper_bringup/share/colcon-core/packages/piper_bringup)
[32.661s] Level 1:colcon.colcon_core.environment:create_environment_scripts_only(piper_bringup)
[32.661s] Level 1:colcon.colcon_core.environment:checking '/home/dali/ros2_ws/install/piper_bringup' for CMake module files
[32.662s] Level 1:colcon.colcon_core.environment:checking '/home/dali/ros2_ws/install/piper_bringup' for CMake config files
[32.662s] Level 1:colcon.colcon_core.shell:create_environment_hook('piper_bringup', 'cmake_prefix_path')
[32.662s] INFO:colcon.colcon_core.shell:Creating environment hook '/home/dali/ros2_ws/install/piper_bringup/share/piper_bringup/hook/cmake_prefix_path.ps1'
[32.663s] INFO:colcon.colcon_core.shell:Creating environment descriptor '/home/dali/ros2_ws/install/piper_bringup/share/piper_bringup/hook/cmake_prefix_path.dsv'
[32.663s] INFO:colcon.colcon_core.shell:Creating environment hook '/home/dali/ros2_ws/install/piper_bringup/share/piper_bringup/hook/cmake_prefix_path.sh'
[32.663s] Level 1:colcon.colcon_core.environment:checking '/home/dali/ros2_ws/install/piper_bringup/lib'
[32.663s] Level 1:colcon.colcon_core.environment:checking '/home/dali/ros2_ws/install/piper_bringup/bin'
[32.663s] Level 1:colcon.colcon_core.environment:checking '/home/dali/ros2_ws/install/piper_bringup/lib/pkgconfig/piper_bringup.pc'
[32.664s] Level 1:colcon.colcon_core.environment:checking '/home/dali/ros2_ws/install/piper_bringup/lib/python3.12/site-packages'
[32.664s] Level 1:colcon.colcon_core.environment:checking '/home/dali/ros2_ws/install/piper_bringup/bin'
[32.664s] INFO:colcon.colcon_core.shell:Creating package script '/home/dali/ros2_ws/install/piper_bringup/share/piper_bringup/package.ps1'
[32.665s] INFO:colcon.colcon_core.shell:Creating package descriptor '/home/dali/ros2_ws/install/piper_bringup/share/piper_bringup/package.dsv'
[32.665s] INFO:colcon.colcon_core.shell:Creating package script '/home/dali/ros2_ws/install/piper_bringup/share/piper_bringup/package.sh'
[32.665s] INFO:colcon.colcon_core.shell:Creating package script '/home/dali/ros2_ws/install/piper_bringup/share/piper_bringup/package.bash'
[32.666s] INFO:colcon.colcon_core.shell:Creating package script '/home/dali/ros2_ws/install/piper_bringup/share/piper_bringup/package.zsh'
[32.666s] Level 1:colcon.colcon_core.environment:create_file_with_runtime_dependencies(/home/dali/ros2_ws/install/piper_bringup/share/colcon-core/packages/piper_bringup)
[32.669s] DEBUG:colcon.colcon_parallel_executor.executor.parallel:closing loop
[32.672s] DEBUG:colcon.colcon_parallel_executor.executor.parallel:loop closed
[32.672s] DEBUG:colcon.colcon_parallel_executor.executor.parallel:run_until_complete finished with '0'
[32.672s] DEBUG:colcon.colcon_core.event_reactor:joining thread
[32.683s] INFO:colcon.colcon_core.plugin_system:Skipping extension 'colcon_notification.desktop_notification.terminal_notifier': Not used on non-Darwin systems
[32.683s] INFO:colcon.colcon_core.plugin_system:Skipping extension 'colcon_notification.desktop_notification.win32': Not used on non-Windows systems
[32.683s] INFO:colcon.colcon_notification.desktop_notification:Sending desktop notification using 'notify2'
[32.727s] DEBUG:colcon.colcon_core.event_reactor:joined thread
[32.727s] INFO:colcon.colcon_core.shell:Creating prefix script '/home/dali/ros2_ws/install/local_setup.ps1'
[32.729s] INFO:colcon.colcon_core.shell:Creating prefix util module '/home/dali/ros2_ws/install/_local_setup_util_ps1.py'
[32.735s] INFO:colcon.colcon_core.shell:Creating prefix chain script '/home/dali/ros2_ws/install/setup.ps1'
[32.742s] INFO:colcon.colcon_core.shell:Creating prefix script '/home/dali/ros2_ws/install/local_setup.sh'
[32.744s] INFO:colcon.colcon_core.shell:Creating prefix util module '/home/dali/ros2_ws/install/_local_setup_util_sh.py'
[32.745s] INFO:colcon.colcon_core.shell:Creating prefix chain script '/home/dali/ros2_ws/install/setup.sh'
[32.750s] INFO:colcon.colcon_core.shell:Creating prefix script '/home/dali/ros2_ws/install/local_setup.bash'
[32.752s] INFO:colcon.colcon_core.shell:Creating prefix chain script '/home/dali/ros2_ws/install/setup.bash'
[32.756s] INFO:colcon.colcon_core.shell:Creating prefix script '/home/dali/ros2_ws/install/local_setup.zsh'
[32.758s] INFO:colcon.colcon_core.shell:Creating prefix chain script '/home/dali/ros2_ws/install/setup.zsh'
