[0.026s] Invoking command in '/home/dali/ros2_ws/build/piper_bringup': CMAKE_PREFIX_PATH=/home/dali/ros2_ws/install/scene_graph_interfaces:/home/dali/ros2_ws/install/piper_bringup:/home/dali/ros2_ws/install/piper_moveit_config:/home/dali/ros2_ws/install/piper_description:/opt/ros/jazzy/opt/gz_sim_vendor:/opt/ros/jazzy/opt/gz_sensors_vendor:/opt/ros/jazzy/opt/gz_physics_vendor:/opt/ros/jazzy/opt/sdformat_vendor:/opt/ros/jazzy/opt/gz_gui_vendor:/opt/ros/jazzy/opt/gz_transport_vendor:/opt/ros/jazzy/opt/gz_rendering_vendor:/opt/ros/jazzy/opt/gz_plugin_vendor:/opt/ros/jazzy/opt/gz_fuel_tools_vendor:/opt/ros/jazzy/opt/gz_msgs_vendor:/opt/ros/jazzy/opt/gz_common_vendor:/opt/ros/jazzy/opt/gz_math_vendor:/opt/ros/jazzy/opt/gz_utils_vendor:/opt/ros/jazzy/opt/gz_tools_vendor:/opt/ros/jazzy/opt/gz_ogre_next_vendor:/opt/ros/jazzy/opt/gz_dartsim_vendor:/opt/ros/jazzy/opt/gz_cmake_vendor:/opt/ros/jazzy DEBUGINFOD_URLS=https://debuginfod.ubuntu.com /usr/bin/cmake --build /home/dali/ros2_ws/build/piper_bringup -- -j4 -l4
[0.158s] [ 50%] [32mBuilding CXX object CMakeFiles/moveit_pick_and_place_cpp.dir/src/moveit_pick_and_place.cpp.o[0m
[5.885s] [01m[K/home/dali/ros2_ws/src/piper_ros2/piper_bringup/src/moveit_pick_and_place.cpp:43:51:[m[K [01;31m[Kerror: [m[K‘[01m[KFun_Object3D_BoundingBoxList[m[K’ in namespace ‘[01m[Kscene_graph_interfaces::msg[m[K’ does not name a type; did you mean ‘[01m[KFunObject3DBoundingBoxList[m[K’?
[5.885s]    43 |     using BBoxList = scene_graph_interfaces::msg::[01;31m[KFun_Object3D_BoundingBoxList[m[K; // Corrected naming if necessary
[5.885s]       |                                                   [01;31m[K^~~~~~~~~~~~~~~~~~~~~~~~~~~~[m[K
[5.885s]       |                                                   [32m[KFunObject3DBoundingBoxList[m[K
[5.939s] [01m[K/home/dali/ros2_ws/src/piper_ros2/piper_bringup/src/moveit_pick_and_place.cpp:[m[K In member function ‘[01m[Kvoid PiperDynamicNode::[01;32m[Kperform_linear_move[m[K(moveit::planning_interface::MoveGroupInterface&, double, double, double, std::string, GraspType)[m[K’:
[5.939s] [01m[K/home/dali/ros2_ws/src/piper_ros2/piper_bringup/src/moveit_pick_and_place.cpp:169:127:[m[K [01;35m[Kwarning: [m[Kunused parameter ‘[01m[Klabel[m[K’ [[01;35m[K]8;;https://gcc.gnu.org/onlinedocs/gcc/Warning-Options.html#index-Wunused-parameter-Wunused-parameter]8;;[m[K]
[5.939s]   169 | Interface& group, double x, double y, double z, [01;35m[Kstd::string label[m[K, GraspType type) {
[5.939s]       |                                                 [01;35m[K~~~~~~~~~~~~^~~~~[m[K
[5.939s] 
[5.941s] [01m[K/home/dali/ros2_ws/src/piper_ros2/piper_bringup/src/moveit_pick_and_place.cpp:[m[K In member function ‘[01m[Kbool PiperDynamicNode::[01;32m[Kplan_and_execute_standard[m[K(moveit::planning_interface::MoveGroupInterface&, double, double, double, std::string)[m[K’:
[5.941s] [01m[K/home/dali/ros2_ws/src/piper_ros2/piper_bringup/src/moveit_pick_and_place.cpp:177:133:[m[K [01;35m[Kwarning: [m[Kunused parameter ‘[01m[Klabel[m[K’ [[01;35m[K]8;;https://gcc.gnu.org/onlinedocs/gcc/Warning-Options.html#index-Wunused-parameter-Wunused-parameter]8;;[m[K]
[5.941s]   177 | oupInterface& group, double x, double y, double z, [01;35m[Kstd::string label[m[K) {
[5.941s]       |                                                    [01;35m[K~~~~~~~~~~~~^~~~~[m[K
[5.941s] 
[12.177s] gmake[2]: *** [CMakeFiles/moveit_pick_and_place_cpp.dir/build.make:76: CMakeFiles/moveit_pick_and_place_cpp.dir/src/moveit_pick_and_place.cpp.o] Error 1
[12.178s] gmake[1]: *** [CMakeFiles/Makefile2:137: CMakeFiles/moveit_pick_and_place_cpp.dir/all] Error 2
[12.179s] gmake: *** [Makefile:146: all] Error 2
[12.180s] Invoked command in '/home/dali/ros2_ws/build/piper_bringup' returned '2': CMAKE_PREFIX_PATH=/home/dali/ros2_ws/install/scene_graph_interfaces:/home/dali/ros2_ws/install/piper_bringup:/home/dali/ros2_ws/install/piper_moveit_config:/home/dali/ros2_ws/install/piper_description:/opt/ros/jazzy/opt/gz_sim_vendor:/opt/ros/jazzy/opt/gz_sensors_vendor:/opt/ros/jazzy/opt/gz_physics_vendor:/opt/ros/jazzy/opt/sdformat_vendor:/opt/ros/jazzy/opt/gz_gui_vendor:/opt/ros/jazzy/opt/gz_transport_vendor:/opt/ros/jazzy/opt/gz_rendering_vendor:/opt/ros/jazzy/opt/gz_plugin_vendor:/opt/ros/jazzy/opt/gz_fuel_tools_vendor:/opt/ros/jazzy/opt/gz_msgs_vendor:/opt/ros/jazzy/opt/gz_common_vendor:/opt/ros/jazzy/opt/gz_math_vendor:/opt/ros/jazzy/opt/gz_utils_vendor:/opt/ros/jazzy/opt/gz_tools_vendor:/opt/ros/jazzy/opt/gz_ogre_next_vendor:/opt/ros/jazzy/opt/gz_dartsim_vendor:/opt/ros/jazzy/opt/gz_cmake_vendor:/opt/ros/jazzy DEBUGINFOD_URLS=https://debuginfod.ubuntu.com /usr/bin/cmake --build /home/dali/ros2_ws/build/piper_bringup -- -j4 -l4
