[0.063s] Invoking command in '/home/dali/ros2_ws/build/scene_graph_interfaces': CMAKE_PREFIX_PATH=${CMAKE_PREFIX_PATH}:/opt/ros/jazzy DEBUGINFOD_URLS=https://debuginfod.ubuntu.com /usr/bin/cmake --build /home/dali/ros2_ws/build/scene_graph_interfaces -- -j4 -l4
[0.229s] [  2%] Built target scene_graph_interfaces__rosidl_generator_type_description
[0.271s] [  2%] Built target ament_cmake_python_copy_scene_graph_interfaces
[0.344s] [ 20%] Built target scene_graph_interfaces__rosidl_generator_c
[0.888s] running egg_info
[0.905s] writing scene_graph_interfaces.egg-info/PKG-INFO
[0.905s] writing dependency_links to scene_graph_interfaces.egg-info/dependency_links.txt
[0.905s] writing top-level names to scene_graph_interfaces.egg-info/top_level.txt
[0.977s] reading manifest file 'scene_graph_interfaces.egg-info/SOURCES.txt'
[0.977s] writing manifest file 'scene_graph_interfaces.egg-info/SOURCES.txt'
[1.011s] [ 20%] Built target ament_cmake_python_build_scene_graph_interfaces_egg
[1.050s] [ 29%] Built target scene_graph_interfaces__rosidl_typesupport_introspection_c
[1.118s] [ 38%] Built target scene_graph_interfaces__rosidl_typesupport_c
[1.183s] [ 47%] Built target scene_graph_interfaces__rosidl_typesupport_fastrtps_c
[1.223s] [ 50%] Built target scene_graph_interfaces__cpp
[1.256s] [ 59%] Built target scene_graph_interfaces__rosidl_typesupport_introspection_cpp
[1.301s] [ 68%] Built target scene_graph_interfaces__rosidl_typesupport_fastrtps_cpp
[1.370s] [ 77%] Built target scene_graph_interfaces__rosidl_typesupport_cpp
[1.408s] [ 77%] Built target scene_graph_interfaces
[1.463s] [ 79%] Built target scene_graph_interfaces__py
[1.496s] [ 86%] Built target scene_graph_interfaces__rosidl_generator_py
[1.564s] [ 90%] Built target scene_graph_interfaces_s__rosidl_typesupport_fastrtps_c
[1.617s] [ 95%] Built target scene_graph_interfaces_s__rosidl_typesupport_c
[1.650s] [100%] Built target scene_graph_interfaces_s__rosidl_typesupport_introspection_c
[1.673s] Invoked command in '/home/dali/ros2_ws/build/scene_graph_interfaces' returned '0': CMAKE_PREFIX_PATH=${CMAKE_PREFIX_PATH}:/opt/ros/jazzy DEBUGINFOD_URLS=https://debuginfod.ubuntu.com /usr/bin/cmake --build /home/dali/ros2_ws/build/scene_graph_interfaces -- -j4 -l4
[1.674s] Invoking command in '/home/dali/ros2_ws/build/scene_graph_interfaces': CMAKE_PREFIX_PATH=${CMAKE_PREFIX_PATH}:/opt/ros/jazzy DEBUGINFOD_URLS=https://debuginfod.ubuntu.com /usr/bin/cmake --install /home/dali/ros2_ws/build/scene_graph_interfaces
[1.685s] -- Install configuration: ""
[1.686s] -- Up-to-date: /home/dali/ros2_ws/install/scene_graph_interfaces/share/ament_index/resource_index/rosidl_interfaces/scene_graph_interfaces
[1.686s] -- Up-to-date: /home/dali/ros2_ws/install/scene_graph_interfaces/share/scene_graph_interfaces/msg/FunObject3DBoundingBox.json
[1.686s] -- Up-to-date: /home/dali/ros2_ws/install/scene_graph_interfaces/share/scene_graph_interfaces/msg/FunObject3DBoundingBoxList.json
[1.686s] -- Up-to-date: /home/dali/ros2_ws/install/scene_graph_interfaces/include/scene_graph_interfaces/scene_graph_interfaces
[1.686s] -- Up-to-date: /home/dali/ros2_ws/install/scene_graph_interfaces/include/scene_graph_interfaces/scene_graph_interfaces/msg
[1.686s] -- Up-to-date: /home/dali/ros2_ws/install/scene_graph_interfaces/include/scene_graph_interfaces/scene_graph_interfaces/msg/rosidl_generator_c__visibility_control.h
[1.686s] -- Up-to-date: /home/dali/ros2_ws/install/scene_graph_interfaces/include/scene_graph_interfaces/scene_graph_interfaces/msg/fun_object3_d_bounding_box.h
[1.686s] -- Up-to-date: /home/dali/ros2_ws/install/scene_graph_interfaces/include/scene_graph_interfaces/scene_graph_interfaces/msg/fun_object3_d_bounding_box_list.h
[1.686s] -- Up-to-date: /home/dali/ros2_ws/install/scene_graph_interfaces/include/scene_graph_interfaces/scene_graph_interfaces/msg/detail
[1.686s] -- Up-to-date: /home/dali/ros2_ws/install/scene_graph_interfaces/include/scene_graph_interfaces/scene_graph_interfaces/msg/detail/fun_object3_d_bounding_box_list__description.c
[1.687s] -- Up-to-date: /home/dali/ros2_ws/install/scene_graph_interfaces/include/scene_graph_interfaces/scene_graph_interfaces/msg/detail/fun_object3_d_bounding_box_list__functions.h
[1.687s] -- Up-to-date: /home/dali/ros2_ws/install/scene_graph_interfaces/include/scene_graph_interfaces/scene_graph_interfaces/msg/detail/fun_object3_d_bounding_box_list__functions.c
[1.687s] -- Up-to-date: /home/dali/ros2_ws/install/scene_graph_interfaces/include/scene_graph_interfaces/scene_graph_interfaces/msg/detail/fun_object3_d_bounding_box_list__struct.h
[1.687s] -- Up-to-date: /home/dali/ros2_ws/install/scene_graph_interfaces/include/scene_graph_interfaces/scene_graph_interfaces/msg/detail/fun_object3_d_bounding_box__functions.c
[1.688s] -- Installing: /home/dali/ros2_ws/install/scene_graph_interfaces/include/scene_graph_interfaces/scene_graph_interfaces/msg/detail/fun_object3_d_bounding_box_list__type_support.c
[1.688s] -- Up-to-date: /home/dali/ros2_ws/install/scene_graph_interfaces/include/scene_graph_interfaces/scene_graph_interfaces/msg/detail/fun_object3_d_bounding_box__struct.h
[1.688s] -- Installing: /home/dali/ros2_ws/install/scene_graph_interfaces/include/scene_graph_interfaces/scene_graph_interfaces/msg/detail/fun_object3_d_bounding_box__type_support.c
[1.688s] -- Up-to-date: /home/dali/ros2_ws/install/scene_graph_interfaces/include/scene_graph_interfaces/scene_graph_interfaces/msg/detail/fun_object3_d_bounding_box__description.c
[1.689s] -- Up-to-date: /home/dali/ros2_ws/install/scene_graph_interfaces/include/scene_graph_interfaces/scene_graph_interfaces/msg/detail/fun_object3_d_bounding_box__type_support.h
[1.689s] -- Up-to-date: /home/dali/ros2_ws/install/scene_graph_interfaces/include/scene_graph_interfaces/scene_graph_interfaces/msg/detail/fun_object3_d_bounding_box_list__type_support.h
[1.689s] -- Up-to-date: /home/dali/ros2_ws/install/scene_graph_interfaces/include/scene_graph_interfaces/scene_graph_interfaces/msg/detail/fun_object3_d_bounding_box__functions.h
[1.689s] -- Up-to-date: /home/dali/ros2_ws/install/scene_graph_interfaces/share/scene_graph_interfaces/environment/library_path.sh
[1.689s] -- Up-to-date: /home/dali/ros2_ws/install/scene_graph_interfaces/share/scene_graph_interfaces/environment/library_path.dsv
[1.689s] -- Up-to-date: /home/dali/ros2_ws/install/scene_graph_interfaces/lib/libscene_graph_interfaces__rosidl_generator_c.so
[1.689s] -- Up-to-date: /home/dali/ros2_ws/install/scene_graph_interfaces/include/scene_graph_interfaces/scene_graph_interfaces
[1.690s] -- Up-to-date: /home/dali/ros2_ws/install/scene_graph_interfaces/include/scene_graph_interfaces/scene_graph_interfaces/msg
[1.690s] -- Up-to-date: /home/dali/ros2_ws/install/scene_graph_interfaces/include/scene_graph_interfaces/scene_graph_interfaces/msg/rosidl_typesupport_fastrtps_c__visibility_control.h
[1.690s] -- Up-to-date: /home/dali/ros2_ws/install/scene_graph_interfaces/include/scene_graph_interfaces/scene_graph_interfaces/msg/detail
[1.690s] -- Up-to-date: /home/dali/ros2_ws/install/scene_graph_interfaces/include/scene_graph_interfaces/scene_graph_interfaces/msg/detail/fun_object3_d_bounding_box_list__rosidl_typesupport_fastrtps_c.h
[1.690s] -- Up-to-date: /home/dali/ros2_ws/install/scene_graph_interfaces/include/scene_graph_interfaces/scene_graph_interfaces/msg/detail/fun_object3_d_bounding_box__rosidl_typesupport_fastrtps_c.h
[1.690s] -- Up-to-date: /home/dali/ros2_ws/install/scene_graph_interfaces/lib/libscene_graph_interfaces__rosidl_typesupport_fastrtps_c.so
[1.690s] -- Up-to-date: /home/dali/ros2_ws/install/scene_graph_interfaces/include/scene_graph_interfaces/scene_graph_interfaces
[1.690s] -- Up-to-date: /home/dali/ros2_ws/install/scene_graph_interfaces/include/scene_graph_interfaces/scene_graph_interfaces/msg
[1.690s] -- Up-to-date: /home/dali/ros2_ws/install/scene_graph_interfaces/include/scene_graph_interfaces/scene_graph_interfaces/msg/rosidl_typesupport_introspection_c__visibility_control.h
[1.690s] -- Up-to-date: /home/dali/ros2_ws/install/scene_graph_interfaces/include/scene_graph_interfaces/scene_graph_interfaces/msg/detail
[1.690s] -- Up-to-date: /home/dali/ros2_ws/install/scene_graph_interfaces/include/scene_graph_interfaces/scene_graph_interfaces/msg/detail/fun_object3_d_bounding_box_list__rosidl_typesupport_introspection_c.h
[1.691s] -- Up-to-date: /home/dali/ros2_ws/install/scene_graph_interfaces/include/scene_graph_interfaces/scene_graph_interfaces/msg/detail/fun_object3_d_bounding_box__rosidl_typesupport_introspection_c.h
[1.691s] -- Installing: /home/dali/ros2_ws/install/scene_graph_interfaces/include/scene_graph_interfaces/scene_graph_interfaces/msg/detail/fun_object3_d_bounding_box_list__type_support.c
[1.691s] -- Installing: /home/dali/ros2_ws/install/scene_graph_interfaces/include/scene_graph_interfaces/scene_graph_interfaces/msg/detail/fun_object3_d_bounding_box__type_support.c
[1.692s] -- Up-to-date: /home/dali/ros2_ws/install/scene_graph_interfaces/lib/libscene_graph_interfaces__rosidl_typesupport_introspection_c.so
[1.692s] -- Up-to-date: /home/dali/ros2_ws/install/scene_graph_interfaces/lib/libscene_graph_interfaces__rosidl_typesupport_c.so
[1.692s] -- Up-to-date: /home/dali/ros2_ws/install/scene_graph_interfaces/include/scene_graph_interfaces/scene_graph_interfaces
[1.692s] -- Up-to-date: /home/dali/ros2_ws/install/scene_graph_interfaces/include/scene_graph_interfaces/scene_graph_interfaces/msg
[1.692s] -- Up-to-date: /home/dali/ros2_ws/install/scene_graph_interfaces/include/scene_graph_interfaces/scene_graph_interfaces/msg/rosidl_generator_cpp__visibility_control.hpp
[1.692s] -- Up-to-date: /home/dali/ros2_ws/install/scene_graph_interfaces/include/scene_graph_interfaces/scene_graph_interfaces/msg/fun_object3_d_bounding_box.hpp
[1.692s] -- Up-to-date: /home/dali/ros2_ws/install/scene_graph_interfaces/include/scene_graph_interfaces/scene_graph_interfaces/msg/fun_object3_d_bounding_box_list.hpp
[1.692s] -- Up-to-date: /home/dali/ros2_ws/install/scene_graph_interfaces/include/scene_graph_interfaces/scene_graph_interfaces/msg/detail
[1.692s] -- Up-to-date: /home/dali/ros2_ws/install/scene_graph_interfaces/include/scene_graph_interfaces/scene_graph_interfaces/msg/detail/fun_object3_d_bounding_box_list__builder.hpp
[1.692s] -- Up-to-date: /home/dali/ros2_ws/install/scene_graph_interfaces/include/scene_graph_interfaces/scene_graph_interfaces/msg/detail/fun_object3_d_bounding_box__type_support.hpp
[1.692s] -- Up-to-date: /home/dali/ros2_ws/install/scene_graph_interfaces/include/scene_graph_interfaces/scene_graph_interfaces/msg/detail/fun_object3_d_bounding_box_list__traits.hpp
[1.694s] -- Up-to-date: /home/dali/ros2_ws/install/scene_graph_interfaces/include/scene_graph_interfaces/scene_graph_interfaces/msg/detail/fun_object3_d_bounding_box__traits.hpp
[1.694s] -- Up-to-date: /home/dali/ros2_ws/install/scene_graph_interfaces/include/scene_graph_interfaces/scene_graph_interfaces/msg/detail/fun_object3_d_bounding_box_list__struct.hpp
[1.694s] -- Up-to-date: /home/dali/ros2_ws/install/scene_graph_interfaces/include/scene_graph_interfaces/scene_graph_interfaces/msg/detail/fun_object3_d_bounding_box__builder.hpp
[1.694s] -- Up-to-date: /home/dali/ros2_ws/install/scene_graph_interfaces/include/scene_graph_interfaces/scene_graph_interfaces/msg/detail/fun_object3_d_bounding_box__struct.hpp
[1.695s] -- Up-to-date: /home/dali/ros2_ws/install/scene_graph_interfaces/include/scene_graph_interfaces/scene_graph_interfaces/msg/detail/fun_object3_d_bounding_box_list__type_support.hpp
[1.695s] -- Up-to-date: /home/dali/ros2_ws/install/scene_graph_interfaces/include/scene_graph_interfaces/scene_graph_interfaces
[1.695s] -- Up-to-date: /home/dali/ros2_ws/install/scene_graph_interfaces/include/scene_graph_interfaces/scene_graph_interfaces/msg
[1.695s] -- Up-to-date: /home/dali/ros2_ws/install/scene_graph_interfaces/include/scene_graph_interfaces/scene_graph_interfaces/msg/rosidl_typesupport_fastrtps_cpp__visibility_control.h
[1.695s] -- Up-to-date: /home/dali/ros2_ws/install/scene_graph_interfaces/include/scene_graph_interfaces/scene_graph_interfaces/msg/detail
[1.696s] -- Up-to-date: /home/dali/ros2_ws/install/scene_graph_interfaces/include/scene_graph_interfaces/scene_graph_interfaces/msg/detail/fun_object3_d_bounding_box_list__rosidl_typesupport_fastrtps_cpp.hpp
[1.696s] -- Up-to-date: /home/dali/ros2_ws/install/scene_graph_interfaces/include/scene_graph_interfaces/scene_graph_interfaces/msg/detail/dds_fastrtps
[1.696s] -- Up-to-date: /home/dali/ros2_ws/install/scene_graph_interfaces/include/scene_graph_interfaces/scene_graph_interfaces/msg/detail/fun_object3_d_bounding_box__rosidl_typesupport_fastrtps_cpp.hpp
[1.696s] -- Up-to-date: /home/dali/ros2_ws/install/scene_graph_interfaces/lib/libscene_graph_interfaces__rosidl_typesupport_fastrtps_cpp.so
[1.696s] -- Up-to-date: /home/dali/ros2_ws/install/scene_graph_interfaces/include/scene_graph_interfaces/scene_graph_interfaces
[1.696s] -- Up-to-date: /home/dali/ros2_ws/install/scene_graph_interfaces/include/scene_graph_interfaces/scene_graph_interfaces/msg
[1.696s] -- Up-to-date: /home/dali/ros2_ws/install/scene_graph_interfaces/include/scene_graph_interfaces/scene_graph_interfaces/msg/detail
[1.696s] -- Up-to-date: /home/dali/ros2_ws/install/scene_graph_interfaces/include/scene_graph_interfaces/scene_graph_interfaces/msg/detail/fun_object3_d_bounding_box_list__rosidl_typesupport_introspection_cpp.hpp
[1.697s] -- Up-to-date: /home/dali/ros2_ws/install/scene_graph_interfaces/include/scene_graph_interfaces/scene_graph_interfaces/msg/detail/fun_object3_d_bounding_box__type_support.cpp
[1.697s] -- Up-to-date: /home/dali/ros2_ws/install/scene_graph_interfaces/include/scene_graph_interfaces/scene_graph_interfaces/msg/detail/fun_object3_d_bounding_box__rosidl_typesupport_introspection_cpp.hpp
[1.697s] -- Up-to-date: /home/dali/ros2_ws/install/scene_graph_interfaces/include/scene_graph_interfaces/scene_graph_interfaces/msg/detail/fun_object3_d_bounding_box_list__type_support.cpp
[1.697s] -- Up-to-date: /home/dali/ros2_ws/install/scene_graph_interfaces/lib/libscene_graph_interfaces__rosidl_typesupport_introspection_cpp.so
[1.697s] -- Up-to-date: /home/dali/ros2_ws/install/scene_graph_interfaces/lib/libscene_graph_interfaces__rosidl_typesupport_cpp.so
[1.697s] -- Up-to-date: /home/dali/ros2_ws/install/scene_graph_interfaces/share/scene_graph_interfaces/environment/pythonpath.sh
[1.697s] -- Up-to-date: /home/dali/ros2_ws/install/scene_graph_interfaces/share/scene_graph_interfaces/environment/pythonpath.dsv
[1.699s] -- Up-to-date: /home/dali/ros2_ws/install/scene_graph_interfaces/lib/python3.12/site-packages/scene_graph_interfaces-0.0.0-py3.12.egg-info
[1.699s] -- Installing: /home/dali/ros2_ws/install/scene_graph_interfaces/lib/python3.12/site-packages/scene_graph_interfaces-0.0.0-py3.12.egg-info/SOURCES.txt
[1.699s] -- Installing: /home/dali/ros2_ws/install/scene_graph_interfaces/lib/python3.12/site-packages/scene_graph_interfaces-0.0.0-py3.12.egg-info/top_level.txt
[1.699s] -- Installing: /home/dali/ros2_ws/install/scene_graph_interfaces/lib/python3.12/site-packages/scene_graph_interfaces-0.0.0-py3.12.egg-info/dependency_links.txt
[1.699s] -- Installing: /home/dali/ros2_ws/install/scene_graph_interfaces/lib/python3.12/site-packages/scene_graph_interfaces-0.0.0-py3.12.egg-info/PKG-INFO
[1.699s] -- Up-to-date: /home/dali/ros2_ws/install/scene_graph_interfaces/lib/python3.12/site-packages/scene_graph_interfaces
[1.699s] -- Up-to-date: /home/dali/ros2_ws/install/scene_graph_interfaces/lib/python3.12/site-packages/scene_graph_interfaces/__init__.py
[1.699s] -- Up-to-date: /home/dali/ros2_ws/install/scene_graph_interfaces/lib/python3.12/site-packages/scene_graph_interfaces/scene_graph_interfaces_s__rosidl_typesupport_fastrtps_c.so
[1.699s] -- Up-to-date: /home/dali/ros2_ws/install/scene_graph_interfaces/lib/python3.12/site-packages/scene_graph_interfaces/_scene_graph_interfaces_s.ep.rosidl_typesupport_fastrtps_c.c
[1.699s] -- Up-to-date: /home/dali/ros2_ws/install/scene_graph_interfaces/lib/python3.12/site-packages/scene_graph_interfaces/_scene_graph_interfaces_s.ep.rosidl_typesupport_c.c
[1.699s] -- Up-to-date: /home/dali/ros2_ws/install/scene_graph_interfaces/lib/python3.12/site-packages/scene_graph_interfaces/msg
[1.699s] -- Up-to-date: /home/dali/ros2_ws/install/scene_graph_interfaces/lib/python3.12/site-packages/scene_graph_interfaces/msg/_fun_object3_d_bounding_box_list_s.c
[1.699s] -- Up-to-date: /home/dali/ros2_ws/install/scene_graph_interfaces/lib/python3.12/site-packages/scene_graph_interfaces/msg/_fun_object3_d_bounding_box_list.py
[1.700s] -- Up-to-date: /home/dali/ros2_ws/install/scene_graph_interfaces/lib/python3.12/site-packages/scene_graph_interfaces/msg/__init__.py
[1.700s] -- Up-to-date: /home/dali/ros2_ws/install/scene_graph_interfaces/lib/python3.12/site-packages/scene_graph_interfaces/msg/_fun_object3_d_bounding_box_s.c
[1.700s] -- Up-to-date: /home/dali/ros2_ws/install/scene_graph_interfaces/lib/python3.12/site-packages/scene_graph_interfaces/msg/_fun_object3_d_bounding_box.py
[1.700s] -- Up-to-date: /home/dali/ros2_ws/install/scene_graph_interfaces/lib/python3.12/site-packages/scene_graph_interfaces/scene_graph_interfaces_s__rosidl_typesupport_introspection_c.so
[1.700s] -- Up-to-date: /home/dali/ros2_ws/install/scene_graph_interfaces/lib/python3.12/site-packages/scene_graph_interfaces/_scene_graph_interfaces_s.ep.rosidl_typesupport_introspection_c.c
[1.700s] -- Up-to-date: /home/dali/ros2_ws/install/scene_graph_interfaces/lib/python3.12/site-packages/scene_graph_interfaces/scene_graph_interfaces_s__rosidl_typesupport_c.so
[1.769s] Listing '/home/dali/ros2_ws/install/scene_graph_interfaces/lib/python3.12/site-packages/scene_graph_interfaces'...
[1.769s] Listing '/home/dali/ros2_ws/install/scene_graph_interfaces/lib/python3.12/site-packages/scene_graph_interfaces/msg'...
[1.809s] -- Up-to-date: /home/dali/ros2_ws/install/scene_graph_interfaces/lib/python3.12/site-packages/scene_graph_interfaces/scene_graph_interfaces_s__rosidl_typesupport_fastrtps_c.so
[1.809s] -- Up-to-date: /home/dali/ros2_ws/install/scene_graph_interfaces/lib/python3.12/site-packages/scene_graph_interfaces/scene_graph_interfaces_s__rosidl_typesupport_introspection_c.so
[1.809s] -- Up-to-date: /home/dali/ros2_ws/install/scene_graph_interfaces/lib/python3.12/site-packages/scene_graph_interfaces/scene_graph_interfaces_s__rosidl_typesupport_c.so
[1.811s] -- Up-to-date: /home/dali/ros2_ws/install/scene_graph_interfaces/lib/libscene_graph_interfaces__rosidl_generator_py.so
[1.811s] -- Up-to-date: /home/dali/ros2_ws/install/scene_graph_interfaces/share/scene_graph_interfaces/msg/FunObject3DBoundingBox.idl
[1.811s] -- Up-to-date: /home/dali/ros2_ws/install/scene_graph_interfaces/share/scene_graph_interfaces/msg/FunObject3DBoundingBoxList.idl
[1.811s] -- Up-to-date: /home/dali/ros2_ws/install/scene_graph_interfaces/share/scene_graph_interfaces/msg/FunObject3DBoundingBox.msg
[1.811s] -- Up-to-date: /home/dali/ros2_ws/install/scene_graph_interfaces/share/scene_graph_interfaces/msg/FunObject3DBoundingBoxList.msg
[1.811s] -- Up-to-date: /home/dali/ros2_ws/install/scene_graph_interfaces/share/ament_index/resource_index/package_run_dependencies/scene_graph_interfaces
[1.811s] -- Up-to-date: /home/dali/ros2_ws/install/scene_graph_interfaces/share/ament_index/resource_index/parent_prefix_path/scene_graph_interfaces
[1.811s] -- Up-to-date: /home/dali/ros2_ws/install/scene_graph_interfaces/share/scene_graph_interfaces/environment/ament_prefix_path.sh
[1.811s] -- Up-to-date: /home/dali/ros2_ws/install/scene_graph_interfaces/share/scene_graph_interfaces/environment/ament_prefix_path.dsv
[1.811s] -- Up-to-date: /home/dali/ros2_ws/install/scene_graph_interfaces/share/scene_graph_interfaces/environment/path.sh
[1.812s] -- Up-to-date: /home/dali/ros2_ws/install/scene_graph_interfaces/share/scene_graph_interfaces/environment/path.dsv
[1.812s] -- Up-to-date: /home/dali/ros2_ws/install/scene_graph_interfaces/share/scene_graph_interfaces/local_setup.bash
[1.812s] -- Up-to-date: /home/dali/ros2_ws/install/scene_graph_interfaces/share/scene_graph_interfaces/local_setup.sh
[1.812s] -- Up-to-date: /home/dali/ros2_ws/install/scene_graph_interfaces/share/scene_graph_interfaces/local_setup.zsh
[1.812s] -- Up-to-date: /home/dali/ros2_ws/install/scene_graph_interfaces/share/scene_graph_interfaces/local_setup.dsv
[1.812s] -- Installing: /home/dali/ros2_ws/install/scene_graph_interfaces/share/scene_graph_interfaces/package.dsv
[1.814s] -- Up-to-date: /home/dali/ros2_ws/install/scene_graph_interfaces/share/ament_index/resource_index/packages/scene_graph_interfaces
[1.814s] -- Up-to-date: /home/dali/ros2_ws/install/scene_graph_interfaces/share/scene_graph_interfaces/cmake/export_scene_graph_interfaces__rosidl_generator_cExport.cmake
[1.814s] -- Up-to-date: /home/dali/ros2_ws/install/scene_graph_interfaces/share/scene_graph_interfaces/cmake/export_scene_graph_interfaces__rosidl_generator_cExport-noconfig.cmake
[1.814s] -- Up-to-date: /home/dali/ros2_ws/install/scene_graph_interfaces/share/scene_graph_interfaces/cmake/export_scene_graph_interfaces__rosidl_typesupport_fastrtps_cExport.cmake
[1.818s] -- Up-to-date: /home/dali/ros2_ws/install/scene_graph_interfaces/share/scene_graph_interfaces/cmake/export_scene_graph_interfaces__rosidl_typesupport_fastrtps_cExport-noconfig.cmake
[1.818s] -- Up-to-date: /home/dali/ros2_ws/install/scene_graph_interfaces/share/scene_graph_interfaces/cmake/scene_graph_interfaces__rosidl_typesupport_introspection_cExport.cmake
[1.818s] -- Up-to-date: /home/dali/ros2_ws/install/scene_graph_interfaces/share/scene_graph_interfaces/cmake/scene_graph_interfaces__rosidl_typesupport_introspection_cExport-noconfig.cmake
[1.818s] -- Up-to-date: /home/dali/ros2_ws/install/scene_graph_interfaces/share/scene_graph_interfaces/cmake/scene_graph_interfaces__rosidl_typesupport_cExport.cmake
[1.818s] -- Up-to-date: /home/dali/ros2_ws/install/scene_graph_interfaces/share/scene_graph_interfaces/cmake/scene_graph_interfaces__rosidl_typesupport_cExport-noconfig.cmake
[1.818s] -- Up-to-date: /home/dali/ros2_ws/install/scene_graph_interfaces/share/scene_graph_interfaces/cmake/export_scene_graph_interfaces__rosidl_generator_cppExport.cmake
[1.818s] -- Up-to-date: /home/dali/ros2_ws/install/scene_graph_interfaces/share/scene_graph_interfaces/cmake/export_scene_graph_interfaces__rosidl_typesupport_fastrtps_cppExport.cmake
[1.818s] -- Up-to-date: /home/dali/ros2_ws/install/scene_graph_interfaces/share/scene_graph_interfaces/cmake/export_scene_graph_interfaces__rosidl_typesupport_fastrtps_cppExport-noconfig.cmake
[1.820s] -- Up-to-date: /home/dali/ros2_ws/install/scene_graph_interfaces/share/scene_graph_interfaces/cmake/scene_graph_interfaces__rosidl_typesupport_introspection_cppExport.cmake
[1.821s] -- Up-to-date: /home/dali/ros2_ws/install/scene_graph_interfaces/share/scene_graph_interfaces/cmake/scene_graph_interfaces__rosidl_typesupport_introspection_cppExport-noconfig.cmake
[1.821s] -- Up-to-date: /home/dali/ros2_ws/install/scene_graph_interfaces/share/scene_graph_interfaces/cmake/scene_graph_interfaces__rosidl_typesupport_cppExport.cmake
[1.821s] -- Up-to-date: /home/dali/ros2_ws/install/scene_graph_interfaces/share/scene_graph_interfaces/cmake/scene_graph_interfaces__rosidl_typesupport_cppExport-noconfig.cmake
[1.821s] -- Up-to-date: /home/dali/ros2_ws/install/scene_graph_interfaces/share/scene_graph_interfaces/cmake/export_scene_graph_interfaces__rosidl_generator_pyExport.cmake
[1.821s] -- Up-to-date: /home/dali/ros2_ws/install/scene_graph_interfaces/share/scene_graph_interfaces/cmake/export_scene_graph_interfaces__rosidl_generator_pyExport-noconfig.cmake
[1.821s] -- Up-to-date: /home/dali/ros2_ws/install/scene_graph_interfaces/share/scene_graph_interfaces/cmake/rosidl_cmake-extras.cmake
[1.822s] -- Up-to-date: /home/dali/ros2_ws/install/scene_graph_interfaces/share/scene_graph_interfaces/cmake/ament_cmake_export_dependencies-extras.cmake
[1.822s] -- Up-to-date: /home/dali/ros2_ws/install/scene_graph_interfaces/share/scene_graph_interfaces/cmake/ament_cmake_export_include_directories-extras.cmake
[1.825s] -- Up-to-date: /home/dali/ros2_ws/install/scene_graph_interfaces/share/scene_graph_interfaces/cmake/ament_cmake_export_libraries-extras.cmake
[1.829s] -- Up-to-date: /home/dali/ros2_ws/install/scene_graph_interfaces/share/scene_graph_interfaces/cmake/ament_cmake_export_targets-extras.cmake
[1.829s] -- Up-to-date: /home/dali/ros2_ws/install/scene_graph_interfaces/share/scene_graph_interfaces/cmake/rosidl_cmake_export_typesupport_targets-extras.cmake
[1.829s] -- Up-to-date: /home/dali/ros2_ws/install/scene_graph_interfaces/share/scene_graph_interfaces/cmake/rosidl_cmake_export_typesupport_libraries-extras.cmake
[1.829s] -- Up-to-date: /home/dali/ros2_ws/install/scene_graph_interfaces/share/scene_graph_interfaces/cmake/scene_graph_interfacesConfig.cmake
[1.829s] -- Up-to-date: /home/dali/ros2_ws/install/scene_graph_interfaces/share/scene_graph_interfaces/cmake/scene_graph_interfacesConfig-version.cmake
[1.837s] -- Up-to-date: /home/dali/ros2_ws/install/scene_graph_interfaces/share/scene_graph_interfaces/package.xml
[1.839s] Invoked command in '/home/dali/ros2_ws/build/scene_graph_interfaces' returned '0': CMAKE_PREFIX_PATH=${CMAKE_PREFIX_PATH}:/opt/ros/jazzy DEBUGINFOD_URLS=https://debuginfod.ubuntu.com /usr/bin/cmake --install /home/dali/ros2_ws/build/scene_graph_interfaces
