[0.017s] Invoking command in '/home/dali/ros2_ws/build/piper_description': CMAKE_PREFIX_PATH=${CMAKE_PREFIX_PATH}:/opt/ros/jazzy DEBUGINFOD_URLS=https://debuginfod.ubuntu.com /usr/bin/cmake --build /home/dali/ros2_ws/build/piper_description -- -j4 -l4
[0.118s] Invoked command in '/home/dali/ros2_ws/build/piper_description' returned '0': CMAKE_PREFIX_PATH=${CMAKE_PREFIX_PATH}:/opt/ros/jazzy DEBUGINFOD_URLS=https://debuginfod.ubuntu.com /usr/bin/cmake --build /home/dali/ros2_ws/build/piper_description -- -j4 -l4
[0.162s] Invoking command in '/home/dali/ros2_ws/build/piper_description': CMAKE_PREFIX_PATH=${CMAKE_PREFIX_PATH}:/opt/ros/jazzy DEBUGINFOD_URLS=https://debuginfod.ubuntu.com /usr/bin/cmake --install /home/dali/ros2_ws/build/piper_description
[0.178s] -- Install configuration: ""
[0.178s] -- Up-to-date: /home/dali/ros2_ws/install/piper_description/share/piper_description//config
[0.178s] -- Up-to-date: /home/dali/ros2_ws/install/piper_description/share/piper_description//config/mock_controllers.yaml
[0.178s] -- Up-to-date: /home/dali/ros2_ws/install/piper_description/share/piper_description//config/initial_positions.yaml
[0.182s] -- Up-to-date: /home/dali/ros2_ws/install/piper_description/share/piper_description//config/gz_controllers.yaml
[0.182s] -- Up-to-date: /home/dali/ros2_ws/install/piper_description/share/piper_description//launch
[0.182s] -- Up-to-date: /home/dali/ros2_ws/install/piper_description/share/piper_description//launch/view_urdf.launch.xml
[0.182s] -- Up-to-date: /home/dali/ros2_ws/install/piper_description/share/piper_description//meshes
[0.182s] -- Up-to-date: /home/dali/ros2_ws/install/piper_description/share/piper_description//meshes/right_finger.dae
[0.182s] -- Up-to-date: /home/dali/ros2_ws/install/piper_description/share/piper_description//meshes/gripper_base_link.dae
[0.185s] -- Up-to-date: /home/dali/ros2_ws/install/piper_description/share/piper_description//meshes/link5.dae
[0.185s] -- Up-to-date: /home/dali/ros2_ws/install/piper_description/share/piper_description//meshes/link2.dae
[0.185s] -- Up-to-date: /home/dali/ros2_ws/install/piper_description/share/piper_description//meshes/link3.dae
[0.185s] -- Up-to-date: /home/dali/ros2_ws/install/piper_description/share/piper_description//meshes/left_finger.dae
[0.190s] -- Up-to-date: /home/dali/ros2_ws/install/piper_description/share/piper_description//meshes/link4.dae
[0.190s] -- Up-to-date: /home/dali/ros2_ws/install/piper_description/share/piper_description//meshes/base_link.dae
[0.190s] -- Up-to-date: /home/dali/ros2_ws/install/piper_description/share/piper_description//meshes/link1.dae
[0.190s] -- Up-to-date: /home/dali/ros2_ws/install/piper_description/share/piper_description//meshes/MESH_LICENSE
[0.190s] -- Up-to-date: /home/dali/ros2_ws/install/piper_description/share/piper_description//urdf
[0.190s] -- Up-to-date: /home/dali/ros2_ws/install/piper_description/share/piper_description//urdf/piper_gripper_macro.xacro
[0.190s] -- Up-to-date: /home/dali/ros2_ws/install/piper_description/share/piper_description//urdf/piper_arm_macro.xacro
[0.190s] -- Up-to-date: /home/dali/ros2_ws/install/piper_description/share/piper_description//urdf/piper.ros2_control.xacro
[0.190s] -- Up-to-date: /home/dali/ros2_ws/install/piper_description/share/piper_description//urdf/piper.gazebo.xacro
[0.190s] -- Up-to-date: /home/dali/ros2_ws/install/piper_description/share/piper_description//urdf/piper_macro.xacro
[0.190s] -- Up-to-date: /home/dali/ros2_ws/install/piper_description/share/piper_description//urdf/piper.urdf.xacro
[0.190s] -- Up-to-date: /home/dali/ros2_ws/install/piper_description/share/piper_description//rviz
[0.190s] -- Up-to-date: /home/dali/ros2_ws/install/piper_description/share/piper_description//rviz/robot_urdf.rviz
[0.190s] -- Up-to-date: /home/dali/ros2_ws/install/piper_description/share/ament_index/resource_index/package_run_dependencies/piper_description
[0.190s] -- Up-to-date: /home/dali/ros2_ws/install/piper_description/share/ament_index/resource_index/parent_prefix_path/piper_description
[0.190s] -- Up-to-date: /home/dali/ros2_ws/install/piper_description/share/piper_description/environment/ament_prefix_path.sh
[0.190s] -- Up-to-date: /home/dali/ros2_ws/install/piper_description/share/piper_description/environment/ament_prefix_path.dsv
[0.190s] -- Up-to-date: /home/dali/ros2_ws/install/piper_description/share/piper_description/environment/path.sh
[0.190s] -- Up-to-date: /home/dali/ros2_ws/install/piper_description/share/piper_description/environment/path.dsv
[0.190s] -- Up-to-date: /home/dali/ros2_ws/install/piper_description/share/piper_description/local_setup.bash
[0.190s] -- Up-to-date: /home/dali/ros2_ws/install/piper_description/share/piper_description/local_setup.sh
[0.190s] -- Up-to-date: /home/dali/ros2_ws/install/piper_description/share/piper_description/local_setup.zsh
[0.190s] -- Up-to-date: /home/dali/ros2_ws/install/piper_description/share/piper_description/local_setup.dsv
[0.190s] -- Installing: /home/dali/ros2_ws/install/piper_description/share/piper_description/package.dsv
[0.202s] -- Up-to-date: /home/dali/ros2_ws/install/piper_description/share/ament_index/resource_index/packages/piper_description
[0.203s] -- Up-to-date: /home/dali/ros2_ws/install/piper_description/share/piper_description/cmake/piper_descriptionConfig.cmake
[0.203s] -- Up-to-date: /home/dali/ros2_ws/install/piper_description/share/piper_description/cmake/piper_descriptionConfig-version.cmake
[0.203s] -- Up-to-date: /home/dali/ros2_ws/install/piper_description/share/piper_description/package.xml
[0.205s] Invoked command in '/home/dali/ros2_ws/build/piper_description' returned '0': CMAKE_PREFIX_PATH=${CMAKE_PREFIX_PATH}:/opt/ros/jazzy DEBUGINFOD_URLS=https://debuginfod.ubuntu.com /usr/bin/cmake --install /home/dali/ros2_ws/build/piper_description
