[0.023s] Invoking command in '/home/dali/ros2_ws/build/scene_graph_interfaces': CMAKE_PREFIX_PATH=${CMAKE_PREFIX_PATH}:/opt/ros/jazzy DEBUGINFOD_URLS=https://debuginfod.ubuntu.com /usr/bin/cmake --build /home/dali/ros2_ws/build/scene_graph_interfaces -- -j4 -l4
[0.214s] [  2%] Built target scene_graph_interfaces__rosidl_generator_type_description
[0.258s] [  2%] Built target ament_cmake_python_copy_scene_graph_interfaces
[0.341s] [ 20%] Built target scene_graph_interfaces__rosidl_generator_c
[1.157s] running egg_info
[1.204s] writing scene_graph_interfaces.egg-info/PKG-INFO
[1.206s] writing dependency_links to scene_graph_interfaces.egg-info/dependency_links.txt
[1.206s] writing top-level names to scene_graph_interfaces.egg-info/top_level.txt
[1.384s] reading manifest file 'scene_graph_interfaces.egg-info/SOURCES.txt'
[1.387s] writing manifest file 'scene_graph_interfaces.egg-info/SOURCES.txt'
[1.502s] [ 20%] Built target ament_cmake_python_build_scene_graph_interfaces_egg
[1.549s] [ 29%] Built target scene_graph_interfaces__rosidl_typesupport_introspection_c
[1.609s] [ 38%] Built target scene_graph_interfaces__rosidl_typesupport_c
[1.650s] [ 47%] Built target scene_graph_interfaces__rosidl_typesupport_fastrtps_c
[1.697s] [ 50%] Built target scene_graph_interfaces__cpp
[1.726s] [ 59%] Built target scene_graph_interfaces__rosidl_typesupport_introspection_cpp
[1.775s] [ 68%] Built target scene_graph_interfaces__rosidl_typesupport_fastrtps_cpp
[1.863s] [ 77%] Built target scene_graph_interfaces__rosidl_typesupport_cpp
[1.913s] [ 77%] Built target scene_graph_interfaces
[1.968s] [ 79%] Built target scene_graph_interfaces__py
[2.060s] [ 86%] Built target scene_graph_interfaces__rosidl_generator_py
[2.152s] [ 90%] Built target scene_graph_interfaces_s__rosidl_typesupport_fastrtps_c
[2.185s] [ 95%] Built target scene_graph_interfaces_s__rosidl_typesupport_c
[2.264s] [100%] Built target scene_graph_interfaces_s__rosidl_typesupport_introspection_c
[2.284s] Invoked command in '/home/dali/ros2_ws/build/scene_graph_interfaces' returned '0': CMAKE_PREFIX_PATH=${CMAKE_PREFIX_PATH}:/opt/ros/jazzy DEBUGINFOD_URLS=https://debuginfod.ubuntu.com /usr/bin/cmake --build /home/dali/ros2_ws/build/scene_graph_interfaces -- -j4 -l4
[2.284s] Invoking command in '/home/dali/ros2_ws/build/scene_graph_interfaces': CMAKE_PREFIX_PATH=${CMAKE_PREFIX_PATH}:/opt/ros/jazzy DEBUGINFOD_URLS=https://debuginfod.ubuntu.com /usr/bin/cmake --install /home/dali/ros2_ws/build/scene_graph_interfaces
[2.299s] -- Install configuration: ""
[2.299s] -- Up-to-date: /home/dali/ros2_ws/install/scene_graph_interfaces/share/ament_index/resource_index/rosidl_interfaces/scene_graph_interfaces
[2.299s] -- Up-to-date: /home/dali/ros2_ws/install/scene_graph_interfaces/share/scene_graph_interfaces/msg/FunObject3DBoundingBox.json
[2.299s] -- Up-to-date: /home/dali/ros2_ws/install/scene_graph_interfaces/share/scene_graph_interfaces/msg/FunObject3DBoundingBoxList.json
[2.299s] -- Up-to-date: /home/dali/ros2_ws/install/scene_graph_interfaces/include/scene_graph_interfaces/scene_graph_interfaces
[2.299s] -- Up-to-date: /home/dali/ros2_ws/install/scene_graph_interfaces/include/scene_graph_interfaces/scene_graph_interfaces/msg
[2.299s] -- Up-to-date: /home/dali/ros2_ws/install/scene_graph_interfaces/include/scene_graph_interfaces/scene_graph_interfaces/msg/rosidl_generator_c__visibility_control.h
[2.299s] -- Up-to-date: /home/dali/ros2_ws/install/scene_graph_interfaces/include/scene_graph_interfaces/scene_graph_interfaces/msg/fun_object3_d_bounding_box.h
[2.299s] -- Up-to-date: /home/dali/ros2_ws/install/scene_graph_interfaces/include/scene_graph_interfaces/scene_graph_interfaces/msg/fun_object3_d_bounding_box_list.h
[2.299s] -- Up-to-date: /home/dali/ros2_ws/install/scene_graph_interfaces/include/scene_graph_interfaces/scene_graph_interfaces/msg/detail
[2.299s] -- Up-to-date: /home/dali/ros2_ws/install/scene_graph_interfaces/include/scene_graph_interfaces/scene_graph_interfaces/msg/detail/fun_object3_d_bounding_box_list__description.c
[2.299s] -- Up-to-date: /home/dali/ros2_ws/install/scene_graph_interfaces/include/scene_graph_interfaces/scene_graph_interfaces/msg/detail/fun_object3_d_bounding_box_list__functions.h
[2.300s] -- Up-to-date: /home/dali/ros2_ws/install/scene_graph_interfaces/include/scene_graph_interfaces/scene_graph_interfaces/msg/detail/fun_object3_d_bounding_box_list__functions.c
[2.300s] -- Up-to-date: /home/dali/ros2_ws/install/scene_graph_interfaces/include/scene_graph_interfaces/scene_graph_interfaces/msg/detail/fun_object3_d_bounding_box_list__struct.h
[2.300s] -- Up-to-date: /home/dali/ros2_ws/install/scene_graph_interfaces/include/scene_graph_interfaces/scene_graph_interfaces/msg/detail/fun_object3_d_bounding_box__functions.c
[2.300s] -- Installing: /home/dali/ros2_ws/install/scene_graph_interfaces/include/scene_graph_interfaces/scene_graph_interfaces/msg/detail/fun_object3_d_bounding_box_list__type_support.c
[2.304s] -- Up-to-date: /home/dali/ros2_ws/install/scene_graph_interfaces/include/scene_graph_interfaces/scene_graph_interfaces/msg/detail/fun_object3_d_bounding_box__struct.h
[2.304s] -- Installing: /home/dali/ros2_ws/install/scene_graph_interfaces/include/scene_graph_interfaces/scene_graph_interfaces/msg/detail/fun_object3_d_bounding_box__type_support.c
[2.305s] -- Up-to-date: /home/dali/ros2_ws/install/scene_graph_interfaces/include/scene_graph_interfaces/scene_graph_interfaces/msg/detail/fun_object3_d_bounding_box__description.c
[2.305s] -- Up-to-date: /home/dali/ros2_ws/install/scene_graph_interfaces/include/scene_graph_interfaces/scene_graph_interfaces/msg/detail/fun_object3_d_bounding_box__type_support.h
[2.305s] -- Up-to-date: /home/dali/ros2_ws/install/scene_graph_interfaces/include/scene_graph_interfaces/scene_graph_interfaces/msg/detail/fun_object3_d_bounding_box_list__type_support.h
[2.305s] -- Up-to-date: /home/dali/ros2_ws/install/scene_graph_interfaces/include/scene_graph_interfaces/scene_graph_interfaces/msg/detail/fun_object3_d_bounding_box__functions.h
[2.305s] -- Up-to-date: /home/dali/ros2_ws/install/scene_graph_interfaces/share/scene_graph_interfaces/environment/library_path.sh
[2.309s] -- Up-to-date: /home/dali/ros2_ws/install/scene_graph_interfaces/share/scene_graph_interfaces/environment/library_path.dsv
[2.309s] -- Up-to-date: /home/dali/ros2_ws/install/scene_graph_interfaces/lib/libscene_graph_interfaces__rosidl_generator_c.so
[2.309s] -- Up-to-date: /home/dali/ros2_ws/install/scene_graph_interfaces/include/scene_graph_interfaces/scene_graph_interfaces
[2.309s] -- Up-to-date: /home/dali/ros2_ws/install/scene_graph_interfaces/include/scene_graph_interfaces/scene_graph_interfaces/msg
[2.309s] -- Up-to-date: /home/dali/ros2_ws/install/scene_graph_interfaces/include/scene_graph_interfaces/scene_graph_interfaces/msg/rosidl_typesupport_fastrtps_c__visibility_control.h
[2.309s] -- Up-to-date: /home/dali/ros2_ws/install/scene_graph_interfaces/include/scene_graph_interfaces/scene_graph_interfaces/msg/detail
[2.309s] -- Up-to-date: /home/dali/ros2_ws/install/scene_graph_interfaces/include/scene_graph_interfaces/scene_graph_interfaces/msg/detail/fun_object3_d_bounding_box_list__rosidl_typesupport_fastrtps_c.h
[2.309s] -- Up-to-date: /home/dali/ros2_ws/install/scene_graph_interfaces/include/scene_graph_interfaces/scene_graph_interfaces/msg/detail/fun_object3_d_bounding_box__rosidl_typesupport_fastrtps_c.h
[2.309s] -- Up-to-date: /home/dali/ros2_ws/install/scene_graph_interfaces/lib/libscene_graph_interfaces__rosidl_typesupport_fastrtps_c.so
[2.309s] -- Up-to-date: /home/dali/ros2_ws/install/scene_graph_interfaces/include/scene_graph_interfaces/scene_graph_interfaces
[2.314s] -- Up-to-date: /home/dali/ros2_ws/install/scene_graph_interfaces/include/scene_graph_interfaces/scene_graph_interfaces/msg
[2.314s] -- Up-to-date: /home/dali/ros2_ws/install/scene_graph_interfaces/include/scene_graph_interfaces/scene_graph_interfaces/msg/rosidl_typesupport_introspection_c__visibility_control.h
[2.314s] -- Up-to-date: /home/dali/ros2_ws/install/scene_graph_interfaces/include/scene_graph_interfaces/scene_graph_interfaces/msg/detail
[2.314s] -- Up-to-date: /home/dali/ros2_ws/install/scene_graph_interfaces/include/scene_graph_interfaces/scene_graph_interfaces/msg/detail/fun_object3_d_bounding_box_list__rosidl_typesupport_introspection_c.h
[2.314s] -- Up-to-date: /home/dali/ros2_ws/install/scene_graph_interfaces/include/scene_graph_interfaces/scene_graph_interfaces/msg/detail/fun_object3_d_bounding_box__rosidl_typesupport_introspection_c.h
[2.314s] -- Installing: /home/dali/ros2_ws/install/scene_graph_interfaces/include/scene_graph_interfaces/scene_graph_interfaces/msg/detail/fun_object3_d_bounding_box_list__type_support.c
[2.314s] -- Installing: /home/dali/ros2_ws/install/scene_graph_interfaces/include/scene_graph_interfaces/scene_graph_interfaces/msg/detail/fun_object3_d_bounding_box__type_support.c
[2.314s] -- Up-to-date: /home/dali/ros2_ws/install/scene_graph_interfaces/lib/libscene_graph_interfaces__rosidl_typesupport_introspection_c.so
[2.314s] -- Up-to-date: /home/dali/ros2_ws/install/scene_graph_interfaces/lib/libscene_graph_interfaces__rosidl_typesupport_c.so
[2.314s] -- Up-to-date: /home/dali/ros2_ws/install/scene_graph_interfaces/include/scene_graph_interfaces/scene_graph_interfaces
[2.314s] -- Up-to-date: /home/dali/ros2_ws/install/scene_graph_interfaces/include/scene_graph_interfaces/scene_graph_interfaces/msg
[2.314s] -- Up-to-date: /home/dali/ros2_ws/install/scene_graph_interfaces/include/scene_graph_interfaces/scene_graph_interfaces/msg/rosidl_generator_cpp__visibility_control.hpp
[2.314s] -- Up-to-date: /home/dali/ros2_ws/install/scene_graph_interfaces/include/scene_graph_interfaces/scene_graph_interfaces/msg/fun_object3_d_bounding_box.hpp
[2.314s] -- Up-to-date: /home/dali/ros2_ws/install/scene_graph_interfaces/include/scene_graph_interfaces/scene_graph_interfaces/msg/fun_object3_d_bounding_box_list.hpp
[2.315s] -- Up-to-date: /home/dali/ros2_ws/install/scene_graph_interfaces/include/scene_graph_interfaces/scene_graph_interfaces/msg/detail
[2.315s] -- Up-to-date: /home/dali/ros2_ws/install/scene_graph_interfaces/include/scene_graph_interfaces/scene_graph_interfaces/msg/detail/fun_object3_d_bounding_box_list__builder.hpp
[2.315s] -- Up-to-date: /home/dali/ros2_ws/install/scene_graph_interfaces/include/scene_graph_interfaces/scene_graph_interfaces/msg/detail/fun_object3_d_bounding_box__type_support.hpp
[2.315s] -- Up-to-date: /home/dali/ros2_ws/install/scene_graph_interfaces/include/scene_graph_interfaces/scene_graph_interfaces/msg/detail/fun_object3_d_bounding_box_list__traits.hpp
[2.315s] -- Up-to-date: /home/dali/ros2_ws/install/scene_graph_interfaces/include/scene_graph_interfaces/scene_graph_interfaces/msg/detail/fun_object3_d_bounding_box__traits.hpp
[2.315s] -- Up-to-date: /home/dali/ros2_ws/install/scene_graph_interfaces/include/scene_graph_interfaces/scene_graph_interfaces/msg/detail/fun_object3_d_bounding_box_list__struct.hpp
[2.315s] -- Up-to-date: /home/dali/ros2_ws/install/scene_graph_interfaces/include/scene_graph_interfaces/scene_graph_interfaces/msg/detail/fun_object3_d_bounding_box__builder.hpp
[2.315s] -- Up-to-date: /home/dali/ros2_ws/install/scene_graph_interfaces/include/scene_graph_interfaces/scene_graph_interfaces/msg/detail/fun_object3_d_bounding_box__struct.hpp
[2.315s] -- Up-to-date: /home/dali/ros2_ws/install/scene_graph_interfaces/include/scene_graph_interfaces/scene_graph_interfaces/msg/detail/fun_object3_d_bounding_box_list__type_support.hpp
[2.315s] -- Up-to-date: /home/dali/ros2_ws/install/scene_graph_interfaces/include/scene_graph_interfaces/scene_graph_interfaces
[2.327s] -- Up-to-date: /home/dali/ros2_ws/install/scene_graph_interfaces/include/scene_graph_interfaces/scene_graph_interfaces/msg
[2.327s] -- Up-to-date: /home/dali/ros2_ws/install/scene_graph_interfaces/include/scene_graph_interfaces/scene_graph_interfaces/msg/rosidl_typesupport_fastrtps_cpp__visibility_control.h
[2.327s] -- Up-to-date: /home/dali/ros2_ws/install/scene_graph_interfaces/include/scene_graph_interfaces/scene_graph_interfaces/msg/detail
[2.327s] -- Up-to-date: /home/dali/ros2_ws/install/scene_graph_interfaces/include/scene_graph_interfaces/scene_graph_interfaces/msg/detail/fun_object3_d_bounding_box_list__rosidl_typesupport_fastrtps_cpp.hpp
[2.327s] -- Up-to-date: /home/dali/ros2_ws/install/scene_graph_interfaces/include/scene_graph_interfaces/scene_graph_interfaces/msg/detail/dds_fastrtps
[2.327s] -- Up-to-date: /home/dali/ros2_ws/install/scene_graph_interfaces/include/scene_graph_interfaces/scene_graph_interfaces/msg/detail/fun_object3_d_bounding_box__rosidl_typesupport_fastrtps_cpp.hpp
[2.327s] -- Up-to-date: /home/dali/ros2_ws/install/scene_graph_interfaces/lib/libscene_graph_interfaces__rosidl_typesupport_fastrtps_cpp.so
[2.327s] -- Up-to-date: /home/dali/ros2_ws/install/scene_graph_interfaces/include/scene_graph_interfaces/scene_graph_interfaces
[2.327s] -- Up-to-date: /home/dali/ros2_ws/install/scene_graph_interfaces/include/scene_graph_interfaces/scene_graph_interfaces/msg
[2.327s] -- Up-to-date: /home/dali/ros2_ws/install/scene_graph_interfaces/include/scene_graph_interfaces/scene_graph_interfaces/msg/detail
[2.328s] -- Up-to-date: /home/dali/ros2_ws/install/scene_graph_interfaces/include/scene_graph_interfaces/scene_graph_interfaces/msg/detail/fun_object3_d_bounding_box_list__rosidl_typesupport_introspection_cpp.hpp
[2.328s] -- Up-to-date: /home/dali/ros2_ws/install/scene_graph_interfaces/include/scene_graph_interfaces/scene_graph_interfaces/msg/detail/fun_object3_d_bounding_box__type_support.cpp
[2.328s] -- Up-to-date: /home/dali/ros2_ws/install/scene_graph_interfaces/include/scene_graph_interfaces/scene_graph_interfaces/msg/detail/fun_object3_d_bounding_box__rosidl_typesupport_introspection_cpp.hpp
[2.328s] -- Up-to-date: /home/dali/ros2_ws/install/scene_graph_interfaces/include/scene_graph_interfaces/scene_graph_interfaces/msg/detail/fun_object3_d_bounding_box_list__type_support.cpp
[2.328s] -- Up-to-date: /home/dali/ros2_ws/install/scene_graph_interfaces/lib/libscene_graph_interfaces__rosidl_typesupport_introspection_cpp.so
[2.328s] -- Up-to-date: /home/dali/ros2_ws/install/scene_graph_interfaces/lib/libscene_graph_interfaces__rosidl_typesupport_cpp.so
[2.328s] -- Up-to-date: /home/dali/ros2_ws/install/scene_graph_interfaces/share/scene_graph_interfaces/environment/pythonpath.sh
[2.328s] -- Up-to-date: /home/dali/ros2_ws/install/scene_graph_interfaces/share/scene_graph_interfaces/environment/pythonpath.dsv
[2.328s] -- Up-to-date: /home/dali/ros2_ws/install/scene_graph_interfaces/lib/python3.12/site-packages/scene_graph_interfaces-0.0.0-py3.12.egg-info
[2.328s] -- Installing: /home/dali/ros2_ws/install/scene_graph_interfaces/lib/python3.12/site-packages/scene_graph_interfaces-0.0.0-py3.12.egg-info/SOURCES.txt
[2.328s] -- Installing: /home/dali/ros2_ws/install/scene_graph_interfaces/lib/python3.12/site-packages/scene_graph_interfaces-0.0.0-py3.12.egg-info/top_level.txt
[2.328s] -- Installing: /home/dali/ros2_ws/install/scene_graph_interfaces/lib/python3.12/site-packages/scene_graph_interfaces-0.0.0-py3.12.egg-info/dependency_links.txt
[2.328s] -- Installing: /home/dali/ros2_ws/install/scene_graph_interfaces/lib/python3.12/site-packages/scene_graph_interfaces-0.0.0-py3.12.egg-info/PKG-INFO
[2.328s] -- Up-to-date: /home/dali/ros2_ws/install/scene_graph_interfaces/lib/python3.12/site-packages/scene_graph_interfaces
[2.328s] -- Up-to-date: /home/dali/ros2_ws/install/scene_graph_interfaces/lib/python3.12/site-packages/scene_graph_interfaces/__init__.py
[2.328s] -- Up-to-date: /home/dali/ros2_ws/install/scene_graph_interfaces/lib/python3.12/site-packages/scene_graph_interfaces/scene_graph_interfaces_s__rosidl_typesupport_fastrtps_c.so
[2.328s] -- Up-to-date: /home/dali/ros2_ws/install/scene_graph_interfaces/lib/python3.12/site-packages/scene_graph_interfaces/_scene_graph_interfaces_s.ep.rosidl_typesupport_fastrtps_c.c
[2.328s] -- Up-to-date: /home/dali/ros2_ws/install/scene_graph_interfaces/lib/python3.12/site-packages/scene_graph_interfaces/_scene_graph_interfaces_s.ep.rosidl_typesupport_c.c
[2.328s] -- Up-to-date: /home/dali/ros2_ws/install/scene_graph_interfaces/lib/python3.12/site-packages/scene_graph_interfaces/msg
[2.328s] -- Up-to-date: /home/dali/ros2_ws/install/scene_graph_interfaces/lib/python3.12/site-packages/scene_graph_interfaces/msg/_fun_object3_d_bounding_box_list_s.c
[2.354s] -- Up-to-date: /home/dali/ros2_ws/install/scene_graph_interfaces/lib/python3.12/site-packages/scene_graph_interfaces/msg/_fun_object3_d_bounding_box_list.py
[2.354s] -- Up-to-date: /home/dali/ros2_ws/install/scene_graph_interfaces/lib/python3.12/site-packages/scene_graph_interfaces/msg/__init__.py
[2.354s] -- Up-to-date: /home/dali/ros2_ws/install/scene_graph_interfaces/lib/python3.12/site-packages/scene_graph_interfaces/msg/_fun_object3_d_bounding_box_s.c
[2.354s] -- Up-to-date: /home/dali/ros2_ws/install/scene_graph_interfaces/lib/python3.12/site-packages/scene_graph_interfaces/msg/_fun_object3_d_bounding_box.py
[2.354s] -- Up-to-date: /home/dali/ros2_ws/install/scene_graph_interfaces/lib/python3.12/site-packages/scene_graph_interfaces/scene_graph_interfaces_s__rosidl_typesupport_introspection_c.so
[2.354s] -- Up-to-date: /home/dali/ros2_ws/install/scene_graph_interfaces/lib/python3.12/site-packages/scene_graph_interfaces/_scene_graph_interfaces_s.ep.rosidl_typesupport_introspection_c.c
[2.354s] -- Up-to-date: /home/dali/ros2_ws/install/scene_graph_interfaces/lib/python3.12/site-packages/scene_graph_interfaces/scene_graph_interfaces_s__rosidl_typesupport_c.so
[2.459s] Listing '/home/dali/ros2_ws/install/scene_graph_interfaces/lib/python3.12/site-packages/scene_graph_interfaces'...
[2.459s] Listing '/home/dali/ros2_ws/install/scene_graph_interfaces/lib/python3.12/site-packages/scene_graph_interfaces/msg'...
[2.468s] -- Up-to-date: /home/dali/ros2_ws/install/scene_graph_interfaces/lib/python3.12/site-packages/scene_graph_interfaces/scene_graph_interfaces_s__rosidl_typesupport_fastrtps_c.so
[2.469s] -- Up-to-date: /home/dali/ros2_ws/install/scene_graph_interfaces/lib/python3.12/site-packages/scene_graph_interfaces/scene_graph_interfaces_s__rosidl_typesupport_introspection_c.so
[2.469s] -- Up-to-date: /home/dali/ros2_ws/install/scene_graph_interfaces/lib/python3.12/site-packages/scene_graph_interfaces/scene_graph_interfaces_s__rosidl_typesupport_c.so
[2.469s] -- Up-to-date: /home/dali/ros2_ws/install/scene_graph_interfaces/lib/libscene_graph_interfaces__rosidl_generator_py.so
[2.469s] -- Up-to-date: /home/dali/ros2_ws/install/scene_graph_interfaces/share/scene_graph_interfaces/msg/FunObject3DBoundingBox.idl
[2.469s] -- Up-to-date: /home/dali/ros2_ws/install/scene_graph_interfaces/share/scene_graph_interfaces/msg/FunObject3DBoundingBoxList.idl
[2.469s] -- Up-to-date: /home/dali/ros2_ws/install/scene_graph_interfaces/share/scene_graph_interfaces/msg/FunObject3DBoundingBox.msg
[2.469s] -- Up-to-date: /home/dali/ros2_ws/install/scene_graph_interfaces/share/scene_graph_interfaces/msg/FunObject3DBoundingBoxList.msg
[2.469s] -- Up-to-date: /home/dali/ros2_ws/install/scene_graph_interfaces/share/ament_index/resource_index/package_run_dependencies/scene_graph_interfaces
[2.470s] -- Up-to-date: /home/dali/ros2_ws/install/scene_graph_interfaces/share/ament_index/resource_index/parent_prefix_path/scene_graph_interfaces
[2.470s] -- Up-to-date: /home/dali/ros2_ws/install/scene_graph_interfaces/share/scene_graph_interfaces/environment/ament_prefix_path.sh
[2.470s] -- Up-to-date: /home/dali/ros2_ws/install/scene_graph_interfaces/share/scene_graph_interfaces/environment/ament_prefix_path.dsv
[2.470s] -- Up-to-date: /home/dali/ros2_ws/install/scene_graph_interfaces/share/scene_graph_interfaces/environment/path.sh
[2.470s] -- Up-to-date: /home/dali/ros2_ws/install/scene_graph_interfaces/share/scene_graph_interfaces/environment/path.dsv
[2.471s] -- Up-to-date: /home/dali/ros2_ws/install/scene_graph_interfaces/share/scene_graph_interfaces/local_setup.bash
[2.471s] -- Up-to-date: /home/dali/ros2_ws/install/scene_graph_interfaces/share/scene_graph_interfaces/local_setup.sh
[2.471s] -- Up-to-date: /home/dali/ros2_ws/install/scene_graph_interfaces/share/scene_graph_interfaces/local_setup.zsh
[2.471s] -- Up-to-date: /home/dali/ros2_ws/install/scene_graph_interfaces/share/scene_graph_interfaces/local_setup.dsv
[2.471s] -- Installing: /home/dali/ros2_ws/install/scene_graph_interfaces/share/scene_graph_interfaces/package.dsv
[2.471s] -- Up-to-date: /home/dali/ros2_ws/install/scene_graph_interfaces/share/ament_index/resource_index/packages/scene_graph_interfaces
[2.471s] -- Up-to-date: /home/dali/ros2_ws/install/scene_graph_interfaces/share/scene_graph_interfaces/cmake/export_scene_graph_interfaces__rosidl_generator_cExport.cmake
[2.471s] -- Up-to-date: /home/dali/ros2_ws/install/scene_graph_interfaces/share/scene_graph_interfaces/cmake/export_scene_graph_interfaces__rosidl_generator_cExport-noconfig.cmake
[2.471s] -- Up-to-date: /home/dali/ros2_ws/install/scene_graph_interfaces/share/scene_graph_interfaces/cmake/export_scene_graph_interfaces__rosidl_typesupport_fastrtps_cExport.cmake
[2.471s] -- Up-to-date: /home/dali/ros2_ws/install/scene_graph_interfaces/share/scene_graph_interfaces/cmake/export_scene_graph_interfaces__rosidl_typesupport_fastrtps_cExport-noconfig.cmake
[2.471s] -- Up-to-date: /home/dali/ros2_ws/install/scene_graph_interfaces/share/scene_graph_interfaces/cmake/scene_graph_interfaces__rosidl_typesupport_introspection_cExport.cmake
[2.472s] -- Up-to-date: /home/dali/ros2_ws/install/scene_graph_interfaces/share/scene_graph_interfaces/cmake/scene_graph_interfaces__rosidl_typesupport_introspection_cExport-noconfig.cmake
[2.472s] -- Up-to-date: /home/dali/ros2_ws/install/scene_graph_interfaces/share/scene_graph_interfaces/cmake/scene_graph_interfaces__rosidl_typesupport_cExport.cmake
[2.472s] -- Up-to-date: /home/dali/ros2_ws/install/scene_graph_interfaces/share/scene_graph_interfaces/cmake/scene_graph_interfaces__rosidl_typesupport_cExport-noconfig.cmake
[2.472s] -- Up-to-date: /home/dali/ros2_ws/install/scene_graph_interfaces/share/scene_graph_interfaces/cmake/export_scene_graph_interfaces__rosidl_generator_cppExport.cmake
[2.472s] -- Up-to-date: /home/dali/ros2_ws/install/scene_graph_interfaces/share/scene_graph_interfaces/cmake/export_scene_graph_interfaces__rosidl_typesupport_fastrtps_cppExport.cmake
[2.472s] -- Up-to-date: /home/dali/ros2_ws/install/scene_graph_interfaces/share/scene_graph_interfaces/cmake/export_scene_graph_interfaces__rosidl_typesupport_fastrtps_cppExport-noconfig.cmake
[2.472s] -- Up-to-date: /home/dali/ros2_ws/install/scene_graph_interfaces/share/scene_graph_interfaces/cmake/scene_graph_interfaces__rosidl_typesupport_introspection_cppExport.cmake
[2.474s] -- Up-to-date: /home/dali/ros2_ws/install/scene_graph_interfaces/share/scene_graph_interfaces/cmake/scene_graph_interfaces__rosidl_typesupport_introspection_cppExport-noconfig.cmake
[2.474s] -- Up-to-date: /home/dali/ros2_ws/install/scene_graph_interfaces/share/scene_graph_interfaces/cmake/scene_graph_interfaces__rosidl_typesupport_cppExport.cmake
[2.474s] -- Up-to-date: /home/dali/ros2_ws/install/scene_graph_interfaces/share/scene_graph_interfaces/cmake/scene_graph_interfaces__rosidl_typesupport_cppExport-noconfig.cmake
[2.474s] -- Up-to-date: /home/dali/ros2_ws/install/scene_graph_interfaces/share/scene_graph_interfaces/cmake/export_scene_graph_interfaces__rosidl_generator_pyExport.cmake
[2.474s] -- Up-to-date: /home/dali/ros2_ws/install/scene_graph_interfaces/share/scene_graph_interfaces/cmake/export_scene_graph_interfaces__rosidl_generator_pyExport-noconfig.cmake
[2.474s] -- Up-to-date: /home/dali/ros2_ws/install/scene_graph_interfaces/share/scene_graph_interfaces/cmake/rosidl_cmake-extras.cmake
[2.474s] -- Up-to-date: /home/dali/ros2_ws/install/scene_graph_interfaces/share/scene_graph_interfaces/cmake/ament_cmake_export_dependencies-extras.cmake
[2.475s] -- Up-to-date: /home/dali/ros2_ws/install/scene_graph_interfaces/share/scene_graph_interfaces/cmake/ament_cmake_export_include_directories-extras.cmake
[2.475s] -- Up-to-date: /home/dali/ros2_ws/install/scene_graph_interfaces/share/scene_graph_interfaces/cmake/ament_cmake_export_libraries-extras.cmake
[2.475s] -- Up-to-date: /home/dali/ros2_ws/install/scene_graph_interfaces/share/scene_graph_interfaces/cmake/ament_cmake_export_targets-extras.cmake
[2.475s] -- Up-to-date: /home/dali/ros2_ws/install/scene_graph_interfaces/share/scene_graph_interfaces/cmake/rosidl_cmake_export_typesupport_targets-extras.cmake
[2.475s] -- Up-to-date: /home/dali/ros2_ws/install/scene_graph_interfaces/share/scene_graph_interfaces/cmake/rosidl_cmake_export_typesupport_libraries-extras.cmake
[2.475s] -- Up-to-date: /home/dali/ros2_ws/install/scene_graph_interfaces/share/scene_graph_interfaces/cmake/scene_graph_interfacesConfig.cmake
[2.475s] -- Up-to-date: /home/dali/ros2_ws/install/scene_graph_interfaces/share/scene_graph_interfaces/cmake/scene_graph_interfacesConfig-version.cmake
[2.475s] -- Up-to-date: /home/dali/ros2_ws/install/scene_graph_interfaces/share/scene_graph_interfaces/package.xml
[2.476s] Invoked command in '/home/dali/ros2_ws/build/scene_graph_interfaces' returned '0': CMAKE_PREFIX_PATH=${CMAKE_PREFIX_PATH}:/opt/ros/jazzy DEBUGINFOD_URLS=https://debuginfod.ubuntu.com /usr/bin/cmake --install /home/dali/ros2_ws/build/scene_graph_interfaces
