[0.259s] DEBUG:colcon:Command line arguments: ['/usr/bin/colcon', 'build']
[0.259s] DEBUG:colcon:Parsed command line arguments: Namespace(log_base=None, log_level=None, verb_name='build', build_base='build', install_base='install', merge_install=False, symlink_install=False, test_result_base=None, continue_on_error=False, executor='parallel', parallel_workers=4, event_handlers=None, ignore_user_meta=False, metas=['./colcon.meta'], base_paths=['.'], packages_ignore=None, packages_ignore_regex=None, paths=None, packages_up_to=None, packages_up_to_regex=None, packages_above=None, packages_above_and_dependencies=None, packages_above_depth=None, packages_select_by_dep=None, packages_skip_by_dep=None, packages_skip_up_to=None, packages_select_build_failed=False, packages_skip_build_finished=False, packages_select_test_failures=False, packages_skip_test_passed=False, packages_select=None, packages_skip=None, packages_select_regex=None, packages_skip_regex=None, packages_start=None, packages_end=None, allow_overriding=[], cmake_args=None, cmake_target=None, cmake_target_skip_unavailable=False, cmake_clean_cache=False, cmake_clean_first=False, cmake_force_configure=False, ament_cmake_args=None, catkin_cmake_args=None, catkin_skip_building_tests=False, mixin_files=None, mixin=None, verb_parser=<colcon_mixin.mixin.mixin_argument.MixinArgumentDecorator object at 0xf0a06c86a840>, verb_extension=<colcon_core.verb.build.BuildVerb object at 0xf0a06c86a240>, main=<bound method BuildVerb.main of <colcon_core.verb.build.BuildVerb object at 0xf0a06c86a240>>, mixin_verb=('build',))
[0.587s] Level 1:colcon.colcon_core.package_discovery:discover_packages(colcon_meta) check parameters
[0.587s] Level 1:colcon.colcon_core.package_discovery:discover_packages(recursive) check parameters
[0.587s] Level 1:colcon.colcon_core.package_discovery:discover_packages(ignore) check parameters
[0.587s] Level 1:colcon.colcon_core.package_discovery:discover_packages(path) check parameters
[0.587s] Level 1:colcon.colcon_core.package_discovery:discover_packages(colcon_meta) discover
[0.587s] Level 1:colcon.colcon_core.package_discovery:discover_packages(recursive) discover
[0.587s] INFO:colcon.colcon_core.package_discovery:Crawling recursively for packages in '/home/dali/ros2_ws'
[0.588s] Level 1:colcon.colcon_core.package_identification:_identify(.) by extensions ['ignore', 'ignore_ament_install']
[0.588s] Level 1:colcon.colcon_core.package_identification:_identify(.) by extension 'ignore'
[0.588s] Level 1:colcon.colcon_core.package_identification:_identify(.) by extension 'ignore_ament_install'
[0.588s] Level 1:colcon.colcon_core.package_identification:_identify(.) by extensions ['colcon_pkg']
[0.588s] Level 1:colcon.colcon_core.package_identification:_identify(.) by extension 'colcon_pkg'
[0.588s] Level 1:colcon.colcon_core.package_identification:_identify(.) by extensions ['colcon_meta']
[0.588s] Level 1:colcon.colcon_core.package_identification:_identify(.) by extension 'colcon_meta'
[0.588s] Level 1:colcon.colcon_core.package_identification:_identify(.) by extensions ['ros']
[0.588s] Level 1:colcon.colcon_core.package_identification:_identify(.) by extension 'ros'
[0.626s] Level 1:colcon.colcon_core.package_identification:_identify(.) by extensions ['cmake', 'python']
[0.626s] Level 1:colcon.colcon_core.package_identification:_identify(.) by extension 'cmake'
[0.626s] Level 1:colcon.colcon_core.package_identification:_identify(.) by extension 'python'
[0.626s] Level 1:colcon.colcon_core.package_identification:_identify(.) by extensions ['python_setup_py']
[0.626s] Level 1:colcon.colcon_core.package_identification:_identify(.) by extension 'python_setup_py'
[0.626s] Level 1:colcon.colcon_core.package_identification:_identify(build) by extensions ['ignore', 'ignore_ament_install']
[0.627s] Level 1:colcon.colcon_core.package_identification:_identify(build) by extension 'ignore'
[0.627s] Level 1:colcon.colcon_core.package_identification:_identify(build) ignored
[0.627s] Level 1:colcon.colcon_core.package_identification:_identify(install) by extensions ['ignore', 'ignore_ament_install']
[0.627s] Level 1:colcon.colcon_core.package_identification:_identify(install) by extension 'ignore'
[0.627s] Level 1:colcon.colcon_core.package_identification:_identify(install) ignored
[0.627s] Level 1:colcon.colcon_core.package_identification:_identify(log) by extensions ['ignore', 'ignore_ament_install']
[0.627s] Level 1:colcon.colcon_core.package_identification:_identify(log) by extension 'ignore'
[0.627s] Level 1:colcon.colcon_core.package_identification:_identify(log) ignored
[0.627s] Level 1:colcon.colcon_core.package_identification:_identify(src) by extensions ['ignore', 'ignore_ament_install']
[0.628s] Level 1:colcon.colcon_core.package_identification:_identify(src) by extension 'ignore'
[0.628s] Level 1:colcon.colcon_core.package_identification:_identify(src) by extension 'ignore_ament_install'
[0.628s] Level 1:colcon.colcon_core.package_identification:_identify(src) by extensions ['colcon_pkg']
[0.628s] Level 1:colcon.colcon_core.package_identification:_identify(src) by extension 'colcon_pkg'
[0.628s] Level 1:colcon.colcon_core.package_identification:_identify(src) by extensions ['colcon_meta']
[0.628s] Level 1:colcon.colcon_core.package_identification:_identify(src) by extension 'colcon_meta'
[0.628s] Level 1:colcon.colcon_core.package_identification:_identify(src) by extensions ['ros']
[0.628s] Level 1:colcon.colcon_core.package_identification:_identify(src) by extension 'ros'
[0.628s] Level 1:colcon.colcon_core.package_identification:_identify(src) by extensions ['cmake', 'python']
[0.628s] Level 1:colcon.colcon_core.package_identification:_identify(src) by extension 'cmake'
[0.628s] Level 1:colcon.colcon_core.package_identification:_identify(src) by extension 'python'
[0.628s] Level 1:colcon.colcon_core.package_identification:_identify(src) by extensions ['python_setup_py']
[0.628s] Level 1:colcon.colcon_core.package_identification:_identify(src) by extension 'python_setup_py'
[0.628s] Level 1:colcon.colcon_core.package_identification:_identify(src/piper_ros2) by extensions ['ignore', 'ignore_ament_install']
[0.628s] Level 1:colcon.colcon_core.package_identification:_identify(src/piper_ros2) by extension 'ignore'
[0.628s] Level 1:colcon.colcon_core.package_identification:_identify(src/piper_ros2) by extension 'ignore_ament_install'
[0.628s] Level 1:colcon.colcon_core.package_identification:_identify(src/piper_ros2) by extensions ['colcon_pkg']
[0.628s] Level 1:colcon.colcon_core.package_identification:_identify(src/piper_ros2) by extension 'colcon_pkg'
[0.628s] Level 1:colcon.colcon_core.package_identification:_identify(src/piper_ros2) by extensions ['colcon_meta']
[0.628s] Level 1:colcon.colcon_core.package_identification:_identify(src/piper_ros2) by extension 'colcon_meta'
[0.628s] Level 1:colcon.colcon_core.package_identification:_identify(src/piper_ros2) by extensions ['ros']
[0.628s] Level 1:colcon.colcon_core.package_identification:_identify(src/piper_ros2) by extension 'ros'
[0.629s] Level 1:colcon.colcon_core.package_identification:_identify(src/piper_ros2) by extensions ['cmake', 'python']
[0.629s] Level 1:colcon.colcon_core.package_identification:_identify(src/piper_ros2) by extension 'cmake'
[0.629s] Level 1:colcon.colcon_core.package_identification:_identify(src/piper_ros2) by extension 'python'
[0.629s] Level 1:colcon.colcon_core.package_identification:_identify(src/piper_ros2) by extensions ['python_setup_py']
[0.629s] Level 1:colcon.colcon_core.package_identification:_identify(src/piper_ros2) by extension 'python_setup_py'
[0.629s] Level 1:colcon.colcon_core.package_identification:_identify(src/piper_ros2/docs) by extensions ['ignore', 'ignore_ament_install']
[0.629s] Level 1:colcon.colcon_core.package_identification:_identify(src/piper_ros2/docs) by extension 'ignore'
[0.629s] Level 1:colcon.colcon_core.package_identification:_identify(src/piper_ros2/docs) by extension 'ignore_ament_install'
[0.629s] Level 1:colcon.colcon_core.package_identification:_identify(src/piper_ros2/docs) by extensions ['colcon_pkg']
[0.629s] Level 1:colcon.colcon_core.package_identification:_identify(src/piper_ros2/docs) by extension 'colcon_pkg'
[0.629s] Level 1:colcon.colcon_core.package_identification:_identify(src/piper_ros2/docs) by extensions ['colcon_meta']
[0.629s] Level 1:colcon.colcon_core.package_identification:_identify(src/piper_ros2/docs) by extension 'colcon_meta'
[0.629s] Level 1:colcon.colcon_core.package_identification:_identify(src/piper_ros2/docs) by extensions ['ros']
[0.629s] Level 1:colcon.colcon_core.package_identification:_identify(src/piper_ros2/docs) by extension 'ros'
[0.629s] Level 1:colcon.colcon_core.package_identification:_identify(src/piper_ros2/docs) by extensions ['cmake', 'python']
[0.629s] Level 1:colcon.colcon_core.package_identification:_identify(src/piper_ros2/docs) by extension 'cmake'
[0.629s] Level 1:colcon.colcon_core.package_identification:_identify(src/piper_ros2/docs) by extension 'python'
[0.629s] Level 1:colcon.colcon_core.package_identification:_identify(src/piper_ros2/docs) by extensions ['python_setup_py']
[0.629s] Level 1:colcon.colcon_core.package_identification:_identify(src/piper_ros2/docs) by extension 'python_setup_py'
[0.629s] Level 1:colcon.colcon_core.package_identification:_identify(src/piper_ros2/piper_bringup) by extensions ['ignore', 'ignore_ament_install']
[0.629s] Level 1:colcon.colcon_core.package_identification:_identify(src/piper_ros2/piper_bringup) by extension 'ignore'
[0.629s] Level 1:colcon.colcon_core.package_identification:_identify(src/piper_ros2/piper_bringup) by extension 'ignore_ament_install'
[0.629s] Level 1:colcon.colcon_core.package_identification:_identify(src/piper_ros2/piper_bringup) by extensions ['colcon_pkg']
[0.629s] Level 1:colcon.colcon_core.package_identification:_identify(src/piper_ros2/piper_bringup) by extension 'colcon_pkg'
[0.629s] Level 1:colcon.colcon_core.package_identification:_identify(src/piper_ros2/piper_bringup) by extensions ['colcon_meta']
[0.629s] Level 1:colcon.colcon_core.package_identification:_identify(src/piper_ros2/piper_bringup) by extension 'colcon_meta'
[0.629s] Level 1:colcon.colcon_core.package_identification:_identify(src/piper_ros2/piper_bringup) by extensions ['ros']
[0.629s] Level 1:colcon.colcon_core.package_identification:_identify(src/piper_ros2/piper_bringup) by extension 'ros'
[0.639s] DEBUG:colcon.colcon_core.package_identification:Package 'src/piper_ros2/piper_bringup' with type 'ros.ament_cmake' and name 'piper_bringup'
[0.639s] Level 1:colcon.colcon_core.package_identification:_identify(src/piper_ros2/piper_description) by extensions ['ignore', 'ignore_ament_install']
[0.639s] Level 1:colcon.colcon_core.package_identification:_identify(src/piper_ros2/piper_description) by extension 'ignore'
[0.640s] Level 1:colcon.colcon_core.package_identification:_identify(src/piper_ros2/piper_description) by extension 'ignore_ament_install'
[0.640s] Level 1:colcon.colcon_core.package_identification:_identify(src/piper_ros2/piper_description) by extensions ['colcon_pkg']
[0.640s] Level 1:colcon.colcon_core.package_identification:_identify(src/piper_ros2/piper_description) by extension 'colcon_pkg'
[0.640s] Level 1:colcon.colcon_core.package_identification:_identify(src/piper_ros2/piper_description) by extensions ['colcon_meta']
[0.640s] Level 1:colcon.colcon_core.package_identification:_identify(src/piper_ros2/piper_description) by extension 'colcon_meta'
[0.640s] Level 1:colcon.colcon_core.package_identification:_identify(src/piper_ros2/piper_description) by extensions ['ros']
[0.640s] Level 1:colcon.colcon_core.package_identification:_identify(src/piper_ros2/piper_description) by extension 'ros'
[0.641s] DEBUG:colcon.colcon_core.package_identification:Package 'src/piper_ros2/piper_description' with type 'ros.ament_cmake' and name 'piper_description'
[0.641s] Level 1:colcon.colcon_core.package_identification:_identify(src/piper_ros2/piper_moveit_config) by extensions ['ignore', 'ignore_ament_install']
[0.642s] Level 1:colcon.colcon_core.package_identification:_identify(src/piper_ros2/piper_moveit_config) by extension 'ignore'
[0.642s] Level 1:colcon.colcon_core.package_identification:_identify(src/piper_ros2/piper_moveit_config) by extension 'ignore_ament_install'
[0.642s] Level 1:colcon.colcon_core.package_identification:_identify(src/piper_ros2/piper_moveit_config) by extensions ['colcon_pkg']
[0.642s] Level 1:colcon.colcon_core.package_identification:_identify(src/piper_ros2/piper_moveit_config) by extension 'colcon_pkg'
[0.642s] Level 1:colcon.colcon_core.package_identification:_identify(src/piper_ros2/piper_moveit_config) by extensions ['colcon_meta']
[0.642s] Level 1:colcon.colcon_core.package_identification:_identify(src/piper_ros2/piper_moveit_config) by extension 'colcon_meta'
[0.643s] Level 1:colcon.colcon_core.package_identification:_identify(src/piper_ros2/piper_moveit_config) by extensions ['ros']
[0.643s] Level 1:colcon.colcon_core.package_identification:_identify(src/piper_ros2/piper_moveit_config) by extension 'ros'
[0.646s] DEBUG:colcon.colcon_core.package_identification:Package 'src/piper_ros2/piper_moveit_config' with type 'ros.ament_cmake' and name 'piper_moveit_config'
[0.646s] Level 1:colcon.colcon_core.package_identification:_identify(src/scene_graph_interfaces) by extensions ['ignore', 'ignore_ament_install']
[0.646s] Level 1:colcon.colcon_core.package_identification:_identify(src/scene_graph_interfaces) by extension 'ignore'
[0.646s] Level 1:colcon.colcon_core.package_identification:_identify(src/scene_graph_interfaces) by extension 'ignore_ament_install'
[0.648s] Level 1:colcon.colcon_core.package_identification:_identify(src/scene_graph_interfaces) by extensions ['colcon_pkg']
[0.648s] Level 1:colcon.colcon_core.package_identification:_identify(src/scene_graph_interfaces) by extension 'colcon_pkg'
[0.648s] Level 1:colcon.colcon_core.package_identification:_identify(src/scene_graph_interfaces) by extensions ['colcon_meta']
[0.648s] Level 1:colcon.colcon_core.package_identification:_identify(src/scene_graph_interfaces) by extension 'colcon_meta'
[0.648s] Level 1:colcon.colcon_core.package_identification:_identify(src/scene_graph_interfaces) by extensions ['ros']
[0.648s] Level 1:colcon.colcon_core.package_identification:_identify(src/scene_graph_interfaces) by extension 'ros'
[0.651s] DEBUG:colcon.colcon_core.package_identification:Package 'src/scene_graph_interfaces' with type 'ros.ament_cmake' and name 'scene_graph_interfaces'
[0.652s] Level 1:colcon.colcon_core.package_discovery:discover_packages(recursive) using defaults
[0.652s] Level 1:colcon.colcon_core.package_discovery:discover_packages(ignore) discover
[0.652s] Level 1:colcon.colcon_core.package_discovery:discover_packages(ignore) using defaults
[0.652s] Level 1:colcon.colcon_core.package_discovery:discover_packages(path) discover
[0.652s] Level 1:colcon.colcon_core.package_discovery:discover_packages(path) using defaults
[0.683s] Level 1:colcon.colcon_core.package_discovery:discover_packages(prefix_path) check parameters
[0.683s] Level 1:colcon.colcon_core.package_discovery:discover_packages(prefix_path) discover
[0.686s] DEBUG:colcon.colcon_installed_package_information.package_discovery:Found 4 installed packages in /home/dali/ros2_ws/install
[0.689s] DEBUG:colcon.colcon_installed_package_information.package_discovery:Found 413 installed packages in /opt/ros/jazzy
[0.690s] Level 1:colcon.colcon_core.package_discovery:discover_packages(prefix_path) using defaults
[0.754s] Level 5:colcon.colcon_core.verb:set package 'piper_description' build argument 'cmake_args' from command line to 'None'
[0.754s] Level 5:colcon.colcon_core.verb:set package 'piper_description' build argument 'cmake_target' from command line to 'None'
[0.754s] Level 5:colcon.colcon_core.verb:set package 'piper_description' build argument 'cmake_target_skip_unavailable' from command line to 'False'
[0.754s] Level 5:colcon.colcon_core.verb:set package 'piper_description' build argument 'cmake_clean_cache' from command line to 'False'
[0.754s] Level 5:colcon.colcon_core.verb:set package 'piper_description' build argument 'cmake_clean_first' from command line to 'False'
[0.754s] Level 5:colcon.colcon_core.verb:set package 'piper_description' build argument 'cmake_force_configure' from command line to 'False'
[0.754s] Level 5:colcon.colcon_core.verb:set package 'piper_description' build argument 'ament_cmake_args' from command line to 'None'
[0.754s] Level 5:colcon.colcon_core.verb:set package 'piper_description' build argument 'catkin_cmake_args' from command line to 'None'
[0.754s] Level 5:colcon.colcon_core.verb:set package 'piper_description' build argument 'catkin_skip_building_tests' from command line to 'False'
[0.754s] DEBUG:colcon.colcon_core.verb:Building package 'piper_description' with the following arguments: {'ament_cmake_args': None, 'build_base': '/home/dali/ros2_ws/build/piper_description', 'catkin_cmake_args': None, 'catkin_skip_building_tests': False, 'cmake_args': None, 'cmake_clean_cache': False, 'cmake_clean_first': False, 'cmake_force_configure': False, 'cmake_target': None, 'cmake_target_skip_unavailable': False, 'install_base': '/home/dali/ros2_ws/install/piper_description', 'merge_install': False, 'path': '/home/dali/ros2_ws/src/piper_ros2/piper_description', 'symlink_install': False, 'test_result_base': None}
[0.754s] Level 5:colcon.colcon_core.verb:set package 'scene_graph_interfaces' build argument 'cmake_args' from command line to 'None'
[0.754s] Level 5:colcon.colcon_core.verb:set package 'scene_graph_interfaces' build argument 'cmake_target' from command line to 'None'
[0.755s] Level 5:colcon.colcon_core.verb:set package 'scene_graph_interfaces' build argument 'cmake_target_skip_unavailable' from command line to 'False'
[0.755s] Level 5:colcon.colcon_core.verb:set package 'scene_graph_interfaces' build argument 'cmake_clean_cache' from command line to 'False'
[0.755s] Level 5:colcon.colcon_core.verb:set package 'scene_graph_interfaces' build argument 'cmake_clean_first' from command line to 'False'
[0.755s] Level 5:colcon.colcon_core.verb:set package 'scene_graph_interfaces' build argument 'cmake_force_configure' from command line to 'False'
[0.755s] Level 5:colcon.colcon_core.verb:set package 'scene_graph_interfaces' build argument 'ament_cmake_args' from command line to 'None'
[0.755s] Level 5:colcon.colcon_core.verb:set package 'scene_graph_interfaces' build argument 'catkin_cmake_args' from command line to 'None'
[0.755s] Level 5:colcon.colcon_core.verb:set package 'scene_graph_interfaces' build argument 'catkin_skip_building_tests' from command line to 'False'
[0.755s] DEBUG:colcon.colcon_core.verb:Building package 'scene_graph_interfaces' with the following arguments: {'ament_cmake_args': None, 'build_base': '/home/dali/ros2_ws/build/scene_graph_interfaces', 'catkin_cmake_args': None, 'catkin_skip_building_tests': False, 'cmake_args': None, 'cmake_clean_cache': False, 'cmake_clean_first': False, 'cmake_force_configure': False, 'cmake_target': None, 'cmake_target_skip_unavailable': False, 'install_base': '/home/dali/ros2_ws/install/scene_graph_interfaces', 'merge_install': False, 'path': '/home/dali/ros2_ws/src/scene_graph_interfaces', 'symlink_install': False, 'test_result_base': None}
[0.755s] Level 5:colcon.colcon_core.verb:set package 'piper_bringup' build argument 'cmake_args' from command line to 'None'
[0.755s] Level 5:colcon.colcon_core.verb:set package 'piper_bringup' build argument 'cmake_target' from command line to 'None'
[0.755s] Level 5:colcon.colcon_core.verb:set package 'piper_bringup' build argument 'cmake_target_skip_unavailable' from command line to 'False'
[0.755s] Level 5:colcon.colcon_core.verb:set package 'piper_bringup' build argument 'cmake_clean_cache' from command line to 'False'
[0.755s] Level 5:colcon.colcon_core.verb:set package 'piper_bringup' build argument 'cmake_clean_first' from command line to 'False'
[0.755s] Level 5:colcon.colcon_core.verb:set package 'piper_bringup' build argument 'cmake_force_configure' from command line to 'False'
[0.755s] Level 5:colcon.colcon_core.verb:set package 'piper_bringup' build argument 'ament_cmake_args' from command line to 'None'
[0.755s] Level 5:colcon.colcon_core.verb:set package 'piper_bringup' build argument 'catkin_cmake_args' from command line to 'None'
[0.755s] Level 5:colcon.colcon_core.verb:set package 'piper_bringup' build argument 'catkin_skip_building_tests' from command line to 'False'
[0.755s] DEBUG:colcon.colcon_core.verb:Building package 'piper_bringup' with the following arguments: {'ament_cmake_args': None, 'build_base': '/home/dali/ros2_ws/build/piper_bringup', 'catkin_cmake_args': None, 'catkin_skip_building_tests': False, 'cmake_args': None, 'cmake_clean_cache': False, 'cmake_clean_first': False, 'cmake_force_configure': False, 'cmake_target': None, 'cmake_target_skip_unavailable': False, 'install_base': '/home/dali/ros2_ws/install/piper_bringup', 'merge_install': False, 'path': '/home/dali/ros2_ws/src/piper_ros2/piper_bringup', 'symlink_install': False, 'test_result_base': None}
[0.756s] Level 5:colcon.colcon_core.verb:set package 'piper_moveit_config' build argument 'cmake_args' from command line to 'None'
[0.756s] Level 5:colcon.colcon_core.verb:set package 'piper_moveit_config' build argument 'cmake_target' from command line to 'None'
[0.756s] Level 5:colcon.colcon_core.verb:set package 'piper_moveit_config' build argument 'cmake_target_skip_unavailable' from command line to 'False'
[0.756s] Level 5:colcon.colcon_core.verb:set package 'piper_moveit_config' build argument 'cmake_clean_cache' from command line to 'False'
[0.756s] Level 5:colcon.colcon_core.verb:set package 'piper_moveit_config' build argument 'cmake_clean_first' from command line to 'False'
[0.756s] Level 5:colcon.colcon_core.verb:set package 'piper_moveit_config' build argument 'cmake_force_configure' from command line to 'False'
[0.756s] Level 5:colcon.colcon_core.verb:set package 'piper_moveit_config' build argument 'ament_cmake_args' from command line to 'None'
[0.756s] Level 5:colcon.colcon_core.verb:set package 'piper_moveit_config' build argument 'catkin_cmake_args' from command line to 'None'
[0.756s] Level 5:colcon.colcon_core.verb:set package 'piper_moveit_config' build argument 'catkin_skip_building_tests' from command line to 'False'
[0.756s] DEBUG:colcon.colcon_core.verb:Building package 'piper_moveit_config' with the following arguments: {'ament_cmake_args': None, 'build_base': '/home/dali/ros2_ws/build/piper_moveit_config', 'catkin_cmake_args': None, 'catkin_skip_building_tests': False, 'cmake_args': None, 'cmake_clean_cache': False, 'cmake_clean_first': False, 'cmake_force_configure': False, 'cmake_target': None, 'cmake_target_skip_unavailable': False, 'install_base': '/home/dali/ros2_ws/install/piper_moveit_config', 'merge_install': False, 'path': '/home/dali/ros2_ws/src/piper_ros2/piper_moveit_config', 'symlink_install': False, 'test_result_base': None}
[0.756s] INFO:colcon.colcon_core.executor:Executing jobs using 'parallel' executor
[0.757s] DEBUG:colcon.colcon_parallel_executor.executor.parallel:run_until_complete
[0.757s] INFO:colcon.colcon_ros.task.ament_cmake.build:Building ROS package in '/home/dali/ros2_ws/src/piper_ros2/piper_description' with build type 'ament_cmake'
[0.758s] INFO:colcon.colcon_cmake.task.cmake.build:Building CMake package in '/home/dali/ros2_ws/src/piper_ros2/piper_description'
[0.762s] INFO:colcon.colcon_core.plugin_system:Skipping extension 'colcon_core.shell.bat': Not used on non-Windows systems
[0.763s] INFO:colcon.colcon_core.shell:Skip shell extension 'powershell' for command environment: Not usable outside of PowerShell
[0.763s] DEBUG:colcon.colcon_core.shell:Skip shell extension 'dsv' for command environment
[0.767s] INFO:colcon.colcon_ros.task.ament_cmake.build:Building ROS package in '/home/dali/ros2_ws/src/scene_graph_interfaces' with build type 'ament_cmake'
[0.767s] INFO:colcon.colcon_cmake.task.cmake.build:Building CMake package in '/home/dali/ros2_ws/src/scene_graph_interfaces'
[0.768s] INFO:colcon.colcon_core.shell:Skip shell extension 'powershell' for command environment: Not usable outside of PowerShell
[0.768s] DEBUG:colcon.colcon_core.shell:Skip shell extension 'dsv' for command environment
[0.789s] DEBUG:colcon.colcon_core.event_handler.log_command:Invoking command in '/home/dali/ros2_ws/build/piper_description': CMAKE_PREFIX_PATH=${CMAKE_PREFIX_PATH}:/opt/ros/jazzy DEBUGINFOD_URLS=https://debuginfod.ubuntu.com /usr/bin/cmake --build /home/dali/ros2_ws/build/piper_description -- -j4 -l4
[0.806s] DEBUG:colcon.colcon_core.event_handler.log_command:Invoking command in '/home/dali/ros2_ws/build/scene_graph_interfaces': CMAKE_PREFIX_PATH=${CMAKE_PREFIX_PATH}:/opt/ros/jazzy DEBUGINFOD_URLS=https://debuginfod.ubuntu.com /usr/bin/cmake --build /home/dali/ros2_ws/build/scene_graph_interfaces -- -j4 -l4
[0.871s] DEBUG:colcon.colcon_core.event_handler.log_command:Invoked command in '/home/dali/ros2_ws/build/piper_description' returned '0': CMAKE_PREFIX_PATH=${CMAKE_PREFIX_PATH}:/opt/ros/jazzy DEBUGINFOD_URLS=https://debuginfod.ubuntu.com /usr/bin/cmake --build /home/dali/ros2_ws/build/piper_description -- -j4 -l4
[0.911s] DEBUG:colcon.colcon_core.event_handler.log_command:Invoking command in '/home/dali/ros2_ws/build/piper_description': CMAKE_PREFIX_PATH=${CMAKE_PREFIX_PATH}:/opt/ros/jazzy DEBUGINFOD_URLS=https://debuginfod.ubuntu.com /usr/bin/cmake --install /home/dali/ros2_ws/build/piper_description
[0.938s] Level 1:colcon.colcon_core.environment:create_environment_scripts_only(piper_description)
[0.943s] Level 1:colcon.colcon_core.environment:checking '/home/dali/ros2_ws/install/piper_description' for CMake module files
[0.943s] DEBUG:colcon.colcon_core.event_handler.log_command:Invoked command in '/home/dali/ros2_ws/build/piper_description' returned '0': CMAKE_PREFIX_PATH=${CMAKE_PREFIX_PATH}:/opt/ros/jazzy DEBUGINFOD_URLS=https://debuginfod.ubuntu.com /usr/bin/cmake --install /home/dali/ros2_ws/build/piper_description
[0.944s] Level 1:colcon.colcon_core.environment:checking '/home/dali/ros2_ws/install/piper_description' for CMake config files
[0.945s] Level 1:colcon.colcon_core.shell:create_environment_hook('piper_description', 'cmake_prefix_path')
[0.945s] INFO:colcon.colcon_core.shell:Creating environment hook '/home/dali/ros2_ws/install/piper_description/share/piper_description/hook/cmake_prefix_path.ps1'
[0.946s] INFO:colcon.colcon_core.shell:Creating environment descriptor '/home/dali/ros2_ws/install/piper_description/share/piper_description/hook/cmake_prefix_path.dsv'
[0.946s] INFO:colcon.colcon_core.shell:Creating environment hook '/home/dali/ros2_ws/install/piper_description/share/piper_description/hook/cmake_prefix_path.sh'
[0.947s] Level 1:colcon.colcon_core.environment:checking '/home/dali/ros2_ws/install/piper_description/bin'
[0.947s] Level 1:colcon.colcon_core.environment:checking '/home/dali/ros2_ws/install/piper_description/lib/pkgconfig/piper_description.pc'
[0.947s] Level 1:colcon.colcon_core.environment:checking '/home/dali/ros2_ws/install/piper_description/lib/python3.12/site-packages'
[0.947s] Level 1:colcon.colcon_core.environment:checking '/home/dali/ros2_ws/install/piper_description/bin'
[0.947s] INFO:colcon.colcon_core.shell:Creating package script '/home/dali/ros2_ws/install/piper_description/share/piper_description/package.ps1'
[0.948s] INFO:colcon.colcon_core.shell:Creating package descriptor '/home/dali/ros2_ws/install/piper_description/share/piper_description/package.dsv'
[0.948s] INFO:colcon.colcon_core.shell:Creating package script '/home/dali/ros2_ws/install/piper_description/share/piper_description/package.sh'
[0.948s] INFO:colcon.colcon_core.shell:Creating package script '/home/dali/ros2_ws/install/piper_description/share/piper_description/package.bash'
[0.949s] INFO:colcon.colcon_core.shell:Creating package script '/home/dali/ros2_ws/install/piper_description/share/piper_description/package.zsh'
[0.949s] Level 1:colcon.colcon_core.environment:create_file_with_runtime_dependencies(/home/dali/ros2_ws/install/piper_description/share/colcon-core/packages/piper_description)
[0.950s] Level 1:colcon.colcon_core.environment:create_environment_scripts_only(piper_description)
[0.950s] Level 1:colcon.colcon_core.environment:checking '/home/dali/ros2_ws/install/piper_description' for CMake module files
[0.950s] Level 1:colcon.colcon_core.environment:checking '/home/dali/ros2_ws/install/piper_description' for CMake config files
[0.950s] Level 1:colcon.colcon_core.shell:create_environment_hook('piper_description', 'cmake_prefix_path')
[0.950s] INFO:colcon.colcon_core.shell:Creating environment hook '/home/dali/ros2_ws/install/piper_description/share/piper_description/hook/cmake_prefix_path.ps1'
[0.950s] INFO:colcon.colcon_core.shell:Creating environment descriptor '/home/dali/ros2_ws/install/piper_description/share/piper_description/hook/cmake_prefix_path.dsv'
[0.951s] INFO:colcon.colcon_core.shell:Creating environment hook '/home/dali/ros2_ws/install/piper_description/share/piper_description/hook/cmake_prefix_path.sh'
[0.951s] Level 1:colcon.colcon_core.environment:checking '/home/dali/ros2_ws/install/piper_description/bin'
[0.951s] Level 1:colcon.colcon_core.environment:checking '/home/dali/ros2_ws/install/piper_description/lib/pkgconfig/piper_description.pc'
[0.951s] Level 1:colcon.colcon_core.environment:checking '/home/dali/ros2_ws/install/piper_description/lib/python3.12/site-packages'
[0.951s] Level 1:colcon.colcon_core.environment:checking '/home/dali/ros2_ws/install/piper_description/bin'
[0.952s] INFO:colcon.colcon_core.shell:Creating package script '/home/dali/ros2_ws/install/piper_description/share/piper_description/package.ps1'
[0.952s] INFO:colcon.colcon_core.shell:Creating package descriptor '/home/dali/ros2_ws/install/piper_description/share/piper_description/package.dsv'
[0.955s] INFO:colcon.colcon_core.shell:Creating package script '/home/dali/ros2_ws/install/piper_description/share/piper_description/package.sh'
[0.956s] INFO:colcon.colcon_core.shell:Creating package script '/home/dali/ros2_ws/install/piper_description/share/piper_description/package.bash'
[0.956s] INFO:colcon.colcon_core.shell:Creating package script '/home/dali/ros2_ws/install/piper_description/share/piper_description/package.zsh'
[0.956s] Level 1:colcon.colcon_core.environment:create_file_with_runtime_dependencies(/home/dali/ros2_ws/install/piper_description/share/colcon-core/packages/piper_description)
[0.959s] INFO:colcon.colcon_ros.task.ament_cmake.build:Building ROS package in '/home/dali/ros2_ws/src/piper_ros2/piper_moveit_config' with build type 'ament_cmake'
[0.959s] INFO:colcon.colcon_cmake.task.cmake.build:Building CMake package in '/home/dali/ros2_ws/src/piper_ros2/piper_moveit_config'
[0.959s] INFO:colcon.colcon_core.shell:Skip shell extension 'powershell' for command environment: Not usable outside of PowerShell
[0.959s] DEBUG:colcon.colcon_core.shell:Skip shell extension 'dsv' for command environment
[0.989s] DEBUG:colcon.colcon_core.event_handler.log_command:Invoking command in '/home/dali/ros2_ws/build/piper_moveit_config': CMAKE_PREFIX_PATH=/home/dali/ros2_ws/install/piper_description:/home/dali/ros2_ws/install/piper_bringup:/home/dali/ros2_ws/install/scene_graph_interfaces:/home/dali/ros2_ws/install/piper_moveit_config:/opt/ros/jazzy/opt/gz_sim_vendor:/opt/ros/jazzy/opt/gz_sensors_vendor:/opt/ros/jazzy/opt/gz_physics_vendor:/opt/ros/jazzy/opt/sdformat_vendor:/opt/ros/jazzy/opt/gz_gui_vendor:/opt/ros/jazzy/opt/gz_transport_vendor:/opt/ros/jazzy/opt/gz_rendering_vendor:/opt/ros/jazzy/opt/gz_plugin_vendor:/opt/ros/jazzy/opt/gz_fuel_tools_vendor:/opt/ros/jazzy/opt/gz_msgs_vendor:/opt/ros/jazzy/opt/gz_common_vendor:/opt/ros/jazzy/opt/gz_math_vendor:/opt/ros/jazzy/opt/gz_utils_vendor:/opt/ros/jazzy/opt/gz_tools_vendor:/opt/ros/jazzy/opt/gz_ogre_next_vendor:/opt/ros/jazzy/opt/gz_dartsim_vendor:/opt/ros/jazzy/opt/gz_cmake_vendor:/opt/ros/jazzy DEBUGINFOD_URLS=https://debuginfod.ubuntu.com /usr/bin/cmake --build /home/dali/ros2_ws/build/piper_moveit_config -- -j4 -l4
[1.057s] DEBUG:colcon.colcon_core.event_handler.log_command:Invoked command in '/home/dali/ros2_ws/build/piper_moveit_config' returned '0': CMAKE_PREFIX_PATH=/home/dali/ros2_ws/install/piper_description:/home/dali/ros2_ws/install/piper_bringup:/home/dali/ros2_ws/install/scene_graph_interfaces:/home/dali/ros2_ws/install/piper_moveit_config:/opt/ros/jazzy/opt/gz_sim_vendor:/opt/ros/jazzy/opt/gz_sensors_vendor:/opt/ros/jazzy/opt/gz_physics_vendor:/opt/ros/jazzy/opt/sdformat_vendor:/opt/ros/jazzy/opt/gz_gui_vendor:/opt/ros/jazzy/opt/gz_transport_vendor:/opt/ros/jazzy/opt/gz_rendering_vendor:/opt/ros/jazzy/opt/gz_plugin_vendor:/opt/ros/jazzy/opt/gz_fuel_tools_vendor:/opt/ros/jazzy/opt/gz_msgs_vendor:/opt/ros/jazzy/opt/gz_common_vendor:/opt/ros/jazzy/opt/gz_math_vendor:/opt/ros/jazzy/opt/gz_utils_vendor:/opt/ros/jazzy/opt/gz_tools_vendor:/opt/ros/jazzy/opt/gz_ogre_next_vendor:/opt/ros/jazzy/opt/gz_dartsim_vendor:/opt/ros/jazzy/opt/gz_cmake_vendor:/opt/ros/jazzy DEBUGINFOD_URLS=https://debuginfod.ubuntu.com /usr/bin/cmake --build /home/dali/ros2_ws/build/piper_moveit_config -- -j4 -l4
[1.059s] DEBUG:colcon.colcon_core.event_handler.log_command:Invoking command in '/home/dali/ros2_ws/build/piper_moveit_config': CMAKE_PREFIX_PATH=/home/dali/ros2_ws/install/piper_description:/home/dali/ros2_ws/install/piper_bringup:/home/dali/ros2_ws/install/scene_graph_interfaces:/home/dali/ros2_ws/install/piper_moveit_config:/opt/ros/jazzy/opt/gz_sim_vendor:/opt/ros/jazzy/opt/gz_sensors_vendor:/opt/ros/jazzy/opt/gz_physics_vendor:/opt/ros/jazzy/opt/sdformat_vendor:/opt/ros/jazzy/opt/gz_gui_vendor:/opt/ros/jazzy/opt/gz_transport_vendor:/opt/ros/jazzy/opt/gz_rendering_vendor:/opt/ros/jazzy/opt/gz_plugin_vendor:/opt/ros/jazzy/opt/gz_fuel_tools_vendor:/opt/ros/jazzy/opt/gz_msgs_vendor:/opt/ros/jazzy/opt/gz_common_vendor:/opt/ros/jazzy/opt/gz_math_vendor:/opt/ros/jazzy/opt/gz_utils_vendor:/opt/ros/jazzy/opt/gz_tools_vendor:/opt/ros/jazzy/opt/gz_ogre_next_vendor:/opt/ros/jazzy/opt/gz_dartsim_vendor:/opt/ros/jazzy/opt/gz_cmake_vendor:/opt/ros/jazzy DEBUGINFOD_URLS=https://debuginfod.ubuntu.com /usr/bin/cmake --install /home/dali/ros2_ws/build/piper_moveit_config
[1.073s] Level 1:colcon.colcon_core.environment:create_environment_scripts_only(piper_moveit_config)
[1.074s] Level 1:colcon.colcon_core.environment:checking '/home/dali/ros2_ws/install/piper_moveit_config' for CMake module files
[1.074s] DEBUG:colcon.colcon_core.event_handler.log_command:Invoked command in '/home/dali/ros2_ws/build/piper_moveit_config' returned '0': CMAKE_PREFIX_PATH=/home/dali/ros2_ws/install/piper_description:/home/dali/ros2_ws/install/piper_bringup:/home/dali/ros2_ws/install/scene_graph_interfaces:/home/dali/ros2_ws/install/piper_moveit_config:/opt/ros/jazzy/opt/gz_sim_vendor:/opt/ros/jazzy/opt/gz_sensors_vendor:/opt/ros/jazzy/opt/gz_physics_vendor:/opt/ros/jazzy/opt/sdformat_vendor:/opt/ros/jazzy/opt/gz_gui_vendor:/opt/ros/jazzy/opt/gz_transport_vendor:/opt/ros/jazzy/opt/gz_rendering_vendor:/opt/ros/jazzy/opt/gz_plugin_vendor:/opt/ros/jazzy/opt/gz_fuel_tools_vendor:/opt/ros/jazzy/opt/gz_msgs_vendor:/opt/ros/jazzy/opt/gz_common_vendor:/opt/ros/jazzy/opt/gz_math_vendor:/opt/ros/jazzy/opt/gz_utils_vendor:/opt/ros/jazzy/opt/gz_tools_vendor:/opt/ros/jazzy/opt/gz_ogre_next_vendor:/opt/ros/jazzy/opt/gz_dartsim_vendor:/opt/ros/jazzy/opt/gz_cmake_vendor:/opt/ros/jazzy DEBUGINFOD_URLS=https://debuginfod.ubuntu.com /usr/bin/cmake --install /home/dali/ros2_ws/build/piper_moveit_config
[1.076s] Level 1:colcon.colcon_core.environment:checking '/home/dali/ros2_ws/install/piper_moveit_config' for CMake config files
[1.077s] Level 1:colcon.colcon_core.shell:create_environment_hook('piper_moveit_config', 'cmake_prefix_path')
[1.077s] INFO:colcon.colcon_core.shell:Creating environment hook '/home/dali/ros2_ws/install/piper_moveit_config/share/piper_moveit_config/hook/cmake_prefix_path.ps1'
[1.078s] INFO:colcon.colcon_core.shell:Creating environment descriptor '/home/dali/ros2_ws/install/piper_moveit_config/share/piper_moveit_config/hook/cmake_prefix_path.dsv'
[1.078s] INFO:colcon.colcon_core.shell:Creating environment hook '/home/dali/ros2_ws/install/piper_moveit_config/share/piper_moveit_config/hook/cmake_prefix_path.sh'
[1.079s] Level 1:colcon.colcon_core.environment:checking '/home/dali/ros2_ws/install/piper_moveit_config/bin'
[1.079s] Level 1:colcon.colcon_core.environment:checking '/home/dali/ros2_ws/install/piper_moveit_config/lib/pkgconfig/piper_moveit_config.pc'
[1.079s] Level 1:colcon.colcon_core.environment:checking '/home/dali/ros2_ws/install/piper_moveit_config/lib/python3.12/site-packages'
[1.079s] Level 1:colcon.colcon_core.environment:checking '/home/dali/ros2_ws/install/piper_moveit_config/bin'
[1.079s] INFO:colcon.colcon_core.shell:Creating package script '/home/dali/ros2_ws/install/piper_moveit_config/share/piper_moveit_config/package.ps1'
[1.081s] INFO:colcon.colcon_core.shell:Creating package descriptor '/home/dali/ros2_ws/install/piper_moveit_config/share/piper_moveit_config/package.dsv'
[1.082s] INFO:colcon.colcon_core.shell:Creating package script '/home/dali/ros2_ws/install/piper_moveit_config/share/piper_moveit_config/package.sh'
[1.082s] INFO:colcon.colcon_core.shell:Creating package script '/home/dali/ros2_ws/install/piper_moveit_config/share/piper_moveit_config/package.bash'
[1.082s] INFO:colcon.colcon_core.shell:Creating package script '/home/dali/ros2_ws/install/piper_moveit_config/share/piper_moveit_config/package.zsh'
[1.082s] Level 1:colcon.colcon_core.environment:create_file_with_runtime_dependencies(/home/dali/ros2_ws/install/piper_moveit_config/share/colcon-core/packages/piper_moveit_config)
[1.083s] Level 1:colcon.colcon_core.environment:create_environment_scripts_only(piper_moveit_config)
[1.083s] Level 1:colcon.colcon_core.environment:checking '/home/dali/ros2_ws/install/piper_moveit_config' for CMake module files
[1.083s] Level 1:colcon.colcon_core.environment:checking '/home/dali/ros2_ws/install/piper_moveit_config' for CMake config files
[1.083s] Level 1:colcon.colcon_core.shell:create_environment_hook('piper_moveit_config', 'cmake_prefix_path')
[1.083s] INFO:colcon.colcon_core.shell:Creating environment hook '/home/dali/ros2_ws/install/piper_moveit_config/share/piper_moveit_config/hook/cmake_prefix_path.ps1'
[1.083s] INFO:colcon.colcon_core.shell:Creating environment descriptor '/home/dali/ros2_ws/install/piper_moveit_config/share/piper_moveit_config/hook/cmake_prefix_path.dsv'
[1.084s] INFO:colcon.colcon_core.shell:Creating environment hook '/home/dali/ros2_ws/install/piper_moveit_config/share/piper_moveit_config/hook/cmake_prefix_path.sh'
[1.084s] Level 1:colcon.colcon_core.environment:checking '/home/dali/ros2_ws/install/piper_moveit_config/bin'
[1.084s] Level 1:colcon.colcon_core.environment:checking '/home/dali/ros2_ws/install/piper_moveit_config/lib/pkgconfig/piper_moveit_config.pc'
[1.084s] Level 1:colcon.colcon_core.environment:checking '/home/dali/ros2_ws/install/piper_moveit_config/lib/python3.12/site-packages'
[1.084s] Level 1:colcon.colcon_core.environment:checking '/home/dali/ros2_ws/install/piper_moveit_config/bin'
[1.085s] INFO:colcon.colcon_core.shell:Creating package script '/home/dali/ros2_ws/install/piper_moveit_config/share/piper_moveit_config/package.ps1'
[1.085s] INFO:colcon.colcon_core.shell:Creating package descriptor '/home/dali/ros2_ws/install/piper_moveit_config/share/piper_moveit_config/package.dsv'
[1.085s] INFO:colcon.colcon_core.shell:Creating package script '/home/dali/ros2_ws/install/piper_moveit_config/share/piper_moveit_config/package.sh'
[1.085s] INFO:colcon.colcon_core.shell:Creating package script '/home/dali/ros2_ws/install/piper_moveit_config/share/piper_moveit_config/package.bash'
[1.086s] INFO:colcon.colcon_core.shell:Creating package script '/home/dali/ros2_ws/install/piper_moveit_config/share/piper_moveit_config/package.zsh'
[1.086s] Level 1:colcon.colcon_core.environment:create_file_with_runtime_dependencies(/home/dali/ros2_ws/install/piper_moveit_config/share/colcon-core/packages/piper_moveit_config)
[2.346s] DEBUG:colcon.colcon_core.event_handler.log_command:Invoked command in '/home/dali/ros2_ws/build/scene_graph_interfaces' returned '0': CMAKE_PREFIX_PATH=${CMAKE_PREFIX_PATH}:/opt/ros/jazzy DEBUGINFOD_URLS=https://debuginfod.ubuntu.com /usr/bin/cmake --build /home/dali/ros2_ws/build/scene_graph_interfaces -- -j4 -l4
[2.348s] DEBUG:colcon.colcon_core.event_handler.log_command:Invoking command in '/home/dali/ros2_ws/build/scene_graph_interfaces': CMAKE_PREFIX_PATH=${CMAKE_PREFIX_PATH}:/opt/ros/jazzy DEBUGINFOD_URLS=https://debuginfod.ubuntu.com /usr/bin/cmake --install /home/dali/ros2_ws/build/scene_graph_interfaces
[2.473s] Level 1:colcon.colcon_core.environment:create_environment_scripts_only(scene_graph_interfaces)
[2.473s] Level 1:colcon.colcon_core.environment:checking '/home/dali/ros2_ws/install/scene_graph_interfaces' for CMake module files
[2.474s] Level 1:colcon.colcon_core.environment:checking '/home/dali/ros2_ws/install/scene_graph_interfaces' for CMake config files
[2.475s] Level 1:colcon.colcon_core.shell:create_environment_hook('scene_graph_interfaces', 'cmake_prefix_path')
[2.475s] INFO:colcon.colcon_core.shell:Creating environment hook '/home/dali/ros2_ws/install/scene_graph_interfaces/share/scene_graph_interfaces/hook/cmake_prefix_path.ps1'
[2.477s] INFO:colcon.colcon_core.shell:Creating environment descriptor '/home/dali/ros2_ws/install/scene_graph_interfaces/share/scene_graph_interfaces/hook/cmake_prefix_path.dsv'
[2.477s] INFO:colcon.colcon_core.shell:Creating environment hook '/home/dali/ros2_ws/install/scene_graph_interfaces/share/scene_graph_interfaces/hook/cmake_prefix_path.sh'
[2.478s] Level 1:colcon.colcon_core.environment:checking '/home/dali/ros2_ws/install/scene_graph_interfaces/lib'
[2.478s] Level 1:colcon.colcon_core.shell:create_environment_hook('scene_graph_interfaces', 'ld_library_path_lib')
[2.478s] INFO:colcon.colcon_core.shell:Creating environment hook '/home/dali/ros2_ws/install/scene_graph_interfaces/share/scene_graph_interfaces/hook/ld_library_path_lib.ps1'
[2.478s] INFO:colcon.colcon_core.shell:Creating environment descriptor '/home/dali/ros2_ws/install/scene_graph_interfaces/share/scene_graph_interfaces/hook/ld_library_path_lib.dsv'
[2.479s] DEBUG:colcon.colcon_core.event_handler.log_command:Invoked command in '/home/dali/ros2_ws/build/scene_graph_interfaces' returned '0': CMAKE_PREFIX_PATH=${CMAKE_PREFIX_PATH}:/opt/ros/jazzy DEBUGINFOD_URLS=https://debuginfod.ubuntu.com /usr/bin/cmake --install /home/dali/ros2_ws/build/scene_graph_interfaces
[2.479s] INFO:colcon.colcon_core.shell:Creating environment hook '/home/dali/ros2_ws/install/scene_graph_interfaces/share/scene_graph_interfaces/hook/ld_library_path_lib.sh'
[2.479s] Level 1:colcon.colcon_core.environment:checking '/home/dali/ros2_ws/install/scene_graph_interfaces/bin'
[2.479s] Level 1:colcon.colcon_core.environment:checking '/home/dali/ros2_ws/install/scene_graph_interfaces/lib/pkgconfig/scene_graph_interfaces.pc'
[2.479s] Level 1:colcon.colcon_core.environment:checking '/home/dali/ros2_ws/install/scene_graph_interfaces/lib/python3.12/site-packages'
[2.480s] Level 1:colcon.colcon_core.shell:create_environment_hook('scene_graph_interfaces', 'pythonpath')
[2.480s] INFO:colcon.colcon_core.shell:Creating environment hook '/home/dali/ros2_ws/install/scene_graph_interfaces/share/scene_graph_interfaces/hook/pythonpath.ps1'
[2.480s] INFO:colcon.colcon_core.shell:Creating environment descriptor '/home/dali/ros2_ws/install/scene_graph_interfaces/share/scene_graph_interfaces/hook/pythonpath.dsv'
[2.480s] INFO:colcon.colcon_core.shell:Creating environment hook '/home/dali/ros2_ws/install/scene_graph_interfaces/share/scene_graph_interfaces/hook/pythonpath.sh'
[2.481s] Level 1:colcon.colcon_core.environment:checking '/home/dali/ros2_ws/install/scene_graph_interfaces/bin'
[2.481s] INFO:colcon.colcon_core.shell:Creating package script '/home/dali/ros2_ws/install/scene_graph_interfaces/share/scene_graph_interfaces/package.ps1'
[2.481s] INFO:colcon.colcon_core.shell:Creating package descriptor '/home/dali/ros2_ws/install/scene_graph_interfaces/share/scene_graph_interfaces/package.dsv'
[2.481s] INFO:colcon.colcon_core.shell:Creating package script '/home/dali/ros2_ws/install/scene_graph_interfaces/share/scene_graph_interfaces/package.sh'
[2.482s] INFO:colcon.colcon_core.shell:Creating package script '/home/dali/ros2_ws/install/scene_graph_interfaces/share/scene_graph_interfaces/package.bash'
[2.482s] INFO:colcon.colcon_core.shell:Creating package script '/home/dali/ros2_ws/install/scene_graph_interfaces/share/scene_graph_interfaces/package.zsh'
[2.482s] Level 1:colcon.colcon_core.environment:create_file_with_runtime_dependencies(/home/dali/ros2_ws/install/scene_graph_interfaces/share/colcon-core/packages/scene_graph_interfaces)
[2.483s] Level 1:colcon.colcon_core.environment:create_environment_scripts_only(scene_graph_interfaces)
[2.483s] Level 1:colcon.colcon_core.environment:checking '/home/dali/ros2_ws/install/scene_graph_interfaces' for CMake module files
[2.483s] Level 1:colcon.colcon_core.environment:checking '/home/dali/ros2_ws/install/scene_graph_interfaces' for CMake config files
[2.484s] Level 1:colcon.colcon_core.shell:create_environment_hook('scene_graph_interfaces', 'cmake_prefix_path')
[2.484s] INFO:colcon.colcon_core.shell:Creating environment hook '/home/dali/ros2_ws/install/scene_graph_interfaces/share/scene_graph_interfaces/hook/cmake_prefix_path.ps1'
[2.484s] INFO:colcon.colcon_core.shell:Creating environment descriptor '/home/dali/ros2_ws/install/scene_graph_interfaces/share/scene_graph_interfaces/hook/cmake_prefix_path.dsv'
[2.484s] INFO:colcon.colcon_core.shell:Creating environment hook '/home/dali/ros2_ws/install/scene_graph_interfaces/share/scene_graph_interfaces/hook/cmake_prefix_path.sh'
[2.485s] Level 1:colcon.colcon_core.environment:checking '/home/dali/ros2_ws/install/scene_graph_interfaces/lib'
[2.485s] Level 1:colcon.colcon_core.shell:create_environment_hook('scene_graph_interfaces', 'ld_library_path_lib')
[2.485s] INFO:colcon.colcon_core.shell:Creating environment hook '/home/dali/ros2_ws/install/scene_graph_interfaces/share/scene_graph_interfaces/hook/ld_library_path_lib.ps1'
[2.485s] INFO:colcon.colcon_core.shell:Creating environment descriptor '/home/dali/ros2_ws/install/scene_graph_interfaces/share/scene_graph_interfaces/hook/ld_library_path_lib.dsv'
[2.485s] INFO:colcon.colcon_core.shell:Creating environment hook '/home/dali/ros2_ws/install/scene_graph_interfaces/share/scene_graph_interfaces/hook/ld_library_path_lib.sh'
[2.486s] Level 1:colcon.colcon_core.environment:checking '/home/dali/ros2_ws/install/scene_graph_interfaces/bin'
[2.486s] Level 1:colcon.colcon_core.environment:checking '/home/dali/ros2_ws/install/scene_graph_interfaces/lib/pkgconfig/scene_graph_interfaces.pc'
[2.486s] Level 1:colcon.colcon_core.environment:checking '/home/dali/ros2_ws/install/scene_graph_interfaces/lib/python3.12/site-packages'
[2.486s] Level 1:colcon.colcon_core.shell:create_environment_hook('scene_graph_interfaces', 'pythonpath')
[2.486s] INFO:colcon.colcon_core.shell:Creating environment hook '/home/dali/ros2_ws/install/scene_graph_interfaces/share/scene_graph_interfaces/hook/pythonpath.ps1'
[2.486s] INFO:colcon.colcon_core.shell:Creating environment descriptor '/home/dali/ros2_ws/install/scene_graph_interfaces/share/scene_graph_interfaces/hook/pythonpath.dsv'
[2.486s] INFO:colcon.colcon_core.shell:Creating environment hook '/home/dali/ros2_ws/install/scene_graph_interfaces/share/scene_graph_interfaces/hook/pythonpath.sh'
[2.487s] Level 1:colcon.colcon_core.environment:checking '/home/dali/ros2_ws/install/scene_graph_interfaces/bin'
[2.487s] INFO:colcon.colcon_core.shell:Creating package script '/home/dali/ros2_ws/install/scene_graph_interfaces/share/scene_graph_interfaces/package.ps1'
[2.488s] INFO:colcon.colcon_core.shell:Creating package descriptor '/home/dali/ros2_ws/install/scene_graph_interfaces/share/scene_graph_interfaces/package.dsv'
[2.488s] INFO:colcon.colcon_core.shell:Creating package script '/home/dali/ros2_ws/install/scene_graph_interfaces/share/scene_graph_interfaces/package.sh'
[2.488s] INFO:colcon.colcon_core.shell:Creating package script '/home/dali/ros2_ws/install/scene_graph_interfaces/share/scene_graph_interfaces/package.bash'
[2.489s] INFO:colcon.colcon_core.shell:Creating package script '/home/dali/ros2_ws/install/scene_graph_interfaces/share/scene_graph_interfaces/package.zsh'
[2.489s] Level 1:colcon.colcon_core.environment:create_file_with_runtime_dependencies(/home/dali/ros2_ws/install/scene_graph_interfaces/share/colcon-core/packages/scene_graph_interfaces)
[2.490s] INFO:colcon.colcon_ros.task.ament_cmake.build:Building ROS package in '/home/dali/ros2_ws/src/piper_ros2/piper_bringup' with build type 'ament_cmake'
[2.490s] INFO:colcon.colcon_cmake.task.cmake.build:Building CMake package in '/home/dali/ros2_ws/src/piper_ros2/piper_bringup'
[2.490s] INFO:colcon.colcon_core.shell:Skip shell extension 'powershell' for command environment: Not usable outside of PowerShell
[2.490s] DEBUG:colcon.colcon_core.shell:Skip shell extension 'dsv' for command environment
[2.504s] DEBUG:colcon.colcon_core.event_handler.log_command:Invoking command in '/home/dali/ros2_ws/build/piper_bringup': CMAKE_PREFIX_PATH=/home/dali/ros2_ws/install/scene_graph_interfaces:/home/dali/ros2_ws/install/piper_bringup:/home/dali/ros2_ws/install/piper_moveit_config:/home/dali/ros2_ws/install/piper_description:/opt/ros/jazzy/opt/gz_sim_vendor:/opt/ros/jazzy/opt/gz_sensors_vendor:/opt/ros/jazzy/opt/gz_physics_vendor:/opt/ros/jazzy/opt/sdformat_vendor:/opt/ros/jazzy/opt/gz_gui_vendor:/opt/ros/jazzy/opt/gz_transport_vendor:/opt/ros/jazzy/opt/gz_rendering_vendor:/opt/ros/jazzy/opt/gz_plugin_vendor:/opt/ros/jazzy/opt/gz_fuel_tools_vendor:/opt/ros/jazzy/opt/gz_msgs_vendor:/opt/ros/jazzy/opt/gz_common_vendor:/opt/ros/jazzy/opt/gz_math_vendor:/opt/ros/jazzy/opt/gz_utils_vendor:/opt/ros/jazzy/opt/gz_tools_vendor:/opt/ros/jazzy/opt/gz_ogre_next_vendor:/opt/ros/jazzy/opt/gz_dartsim_vendor:/opt/ros/jazzy/opt/gz_cmake_vendor:/opt/ros/jazzy DEBUGINFOD_URLS=https://debuginfod.ubuntu.com /usr/bin/cmake --build /home/dali/ros2_ws/build/piper_bringup -- -j4 -l4
[29.367s] DEBUG:colcon.colcon_core.event_handler.log_command:Invoked command in '/home/dali/ros2_ws/build/piper_bringup' returned '0': CMAKE_PREFIX_PATH=/home/dali/ros2_ws/install/scene_graph_interfaces:/home/dali/ros2_ws/install/piper_bringup:/home/dali/ros2_ws/install/piper_moveit_config:/home/dali/ros2_ws/install/piper_description:/opt/ros/jazzy/opt/gz_sim_vendor:/opt/ros/jazzy/opt/gz_sensors_vendor:/opt/ros/jazzy/opt/gz_physics_vendor:/opt/ros/jazzy/opt/sdformat_vendor:/opt/ros/jazzy/opt/gz_gui_vendor:/opt/ros/jazzy/opt/gz_transport_vendor:/opt/ros/jazzy/opt/gz_rendering_vendor:/opt/ros/jazzy/opt/gz_plugin_vendor:/opt/ros/jazzy/opt/gz_fuel_tools_vendor:/opt/ros/jazzy/opt/gz_msgs_vendor:/opt/ros/jazzy/opt/gz_common_vendor:/opt/ros/jazzy/opt/gz_math_vendor:/opt/ros/jazzy/opt/gz_utils_vendor:/opt/ros/jazzy/opt/gz_tools_vendor:/opt/ros/jazzy/opt/gz_ogre_next_vendor:/opt/ros/jazzy/opt/gz_dartsim_vendor:/opt/ros/jazzy/opt/gz_cmake_vendor:/opt/ros/jazzy DEBUGINFOD_URLS=https://debuginfod.ubuntu.com /usr/bin/cmake --build /home/dali/ros2_ws/build/piper_bringup -- -j4 -l4
[29.371s] DEBUG:colcon.colcon_core.event_handler.log_command:Invoking command in '/home/dali/ros2_ws/build/piper_bringup': CMAKE_PREFIX_PATH=/home/dali/ros2_ws/install/scene_graph_interfaces:/home/dali/ros2_ws/install/piper_bringup:/home/dali/ros2_ws/install/piper_moveit_config:/home/dali/ros2_ws/install/piper_description:/opt/ros/jazzy/opt/gz_sim_vendor:/opt/ros/jazzy/opt/gz_sensors_vendor:/opt/ros/jazzy/opt/gz_physics_vendor:/opt/ros/jazzy/opt/sdformat_vendor:/opt/ros/jazzy/opt/gz_gui_vendor:/opt/ros/jazzy/opt/gz_transport_vendor:/opt/ros/jazzy/opt/gz_rendering_vendor:/opt/ros/jazzy/opt/gz_plugin_vendor:/opt/ros/jazzy/opt/gz_fuel_tools_vendor:/opt/ros/jazzy/opt/gz_msgs_vendor:/opt/ros/jazzy/opt/gz_common_vendor:/opt/ros/jazzy/opt/gz_math_vendor:/opt/ros/jazzy/opt/gz_utils_vendor:/opt/ros/jazzy/opt/gz_tools_vendor:/opt/ros/jazzy/opt/gz_ogre_next_vendor:/opt/ros/jazzy/opt/gz_dartsim_vendor:/opt/ros/jazzy/opt/gz_cmake_vendor:/opt/ros/jazzy DEBUGINFOD_URLS=https://debuginfod.ubuntu.com /usr/bin/cmake --install /home/dali/ros2_ws/build/piper_bringup
[29.399s] Level 1:colcon.colcon_core.environment:create_environment_scripts_only(piper_bringup)
[29.399s] Level 1:colcon.colcon_core.environment:checking '/home/dali/ros2_ws/install/piper_bringup' for CMake module files
[29.400s] Level 1:colcon.colcon_core.environment:checking '/home/dali/ros2_ws/install/piper_bringup' for CMake config files
[29.400s] Level 1:colcon.colcon_core.shell:create_environment_hook('piper_bringup', 'cmake_prefix_path')
[29.400s] INFO:colcon.colcon_core.shell:Creating environment hook '/home/dali/ros2_ws/install/piper_bringup/share/piper_bringup/hook/cmake_prefix_path.ps1'
[29.401s] INFO:colcon.colcon_core.shell:Creating environment descriptor '/home/dali/ros2_ws/install/piper_bringup/share/piper_bringup/hook/cmake_prefix_path.dsv'
[29.406s] DEBUG:colcon.colcon_core.event_handler.log_command:Invoked command in '/home/dali/ros2_ws/build/piper_bringup' returned '0': CMAKE_PREFIX_PATH=/home/dali/ros2_ws/install/scene_graph_interfaces:/home/dali/ros2_ws/install/piper_bringup:/home/dali/ros2_ws/install/piper_moveit_config:/home/dali/ros2_ws/install/piper_description:/opt/ros/jazzy/opt/gz_sim_vendor:/opt/ros/jazzy/opt/gz_sensors_vendor:/opt/ros/jazzy/opt/gz_physics_vendor:/opt/ros/jazzy/opt/sdformat_vendor:/opt/ros/jazzy/opt/gz_gui_vendor:/opt/ros/jazzy/opt/gz_transport_vendor:/opt/ros/jazzy/opt/gz_rendering_vendor:/opt/ros/jazzy/opt/gz_plugin_vendor:/opt/ros/jazzy/opt/gz_fuel_tools_vendor:/opt/ros/jazzy/opt/gz_msgs_vendor:/opt/ros/jazzy/opt/gz_common_vendor:/opt/ros/jazzy/opt/gz_math_vendor:/opt/ros/jazzy/opt/gz_utils_vendor:/opt/ros/jazzy/opt/gz_tools_vendor:/opt/ros/jazzy/opt/gz_ogre_next_vendor:/opt/ros/jazzy/opt/gz_dartsim_vendor:/opt/ros/jazzy/opt/gz_cmake_vendor:/opt/ros/jazzy DEBUGINFOD_URLS=https://debuginfod.ubuntu.com /usr/bin/cmake --install /home/dali/ros2_ws/build/piper_bringup
[29.407s] INFO:colcon.colcon_core.shell:Creating environment hook '/home/dali/ros2_ws/install/piper_bringup/share/piper_bringup/hook/cmake_prefix_path.sh'
[29.418s] Level 1:colcon.colcon_core.environment:checking '/home/dali/ros2_ws/install/piper_bringup/lib'
[29.418s] Level 1:colcon.colcon_core.environment:checking '/home/dali/ros2_ws/install/piper_bringup/bin'
[29.418s] Level 1:colcon.colcon_core.environment:checking '/home/dali/ros2_ws/install/piper_bringup/lib/pkgconfig/piper_bringup.pc'
[29.418s] Level 1:colcon.colcon_core.environment:checking '/home/dali/ros2_ws/install/piper_bringup/lib/python3.12/site-packages'
[29.418s] Level 1:colcon.colcon_core.environment:checking '/home/dali/ros2_ws/install/piper_bringup/bin'
[29.419s] INFO:colcon.colcon_core.shell:Creating package script '/home/dali/ros2_ws/install/piper_bringup/share/piper_bringup/package.ps1'
[29.419s] INFO:colcon.colcon_core.shell:Creating package descriptor '/home/dali/ros2_ws/install/piper_bringup/share/piper_bringup/package.dsv'
[29.423s] INFO:colcon.colcon_core.shell:Creating package script '/home/dali/ros2_ws/install/piper_bringup/share/piper_bringup/package.sh'
[29.430s] INFO:colcon.colcon_core.shell:Creating package script '/home/dali/ros2_ws/install/piper_bringup/share/piper_bringup/package.bash'
[29.430s] INFO:colcon.colcon_core.shell:Creating package script '/home/dali/ros2_ws/install/piper_bringup/share/piper_bringup/package.zsh'
[29.431s] Level 1:colcon.colcon_core.environment:create_file_with_runtime_dependencies(/home/dali/ros2_ws/install/piper_bringup/share/colcon-core/packages/piper_bringup)
[29.436s] Level 1:colcon.colcon_core.environment:create_environment_scripts_only(piper_bringup)
[29.437s] Level 1:colcon.colcon_core.environment:checking '/home/dali/ros2_ws/install/piper_bringup' for CMake module files
[29.438s] Level 1:colcon.colcon_core.environment:checking '/home/dali/ros2_ws/install/piper_bringup' for CMake config files
[29.439s] Level 1:colcon.colcon_core.shell:create_environment_hook('piper_bringup', 'cmake_prefix_path')
[29.439s] INFO:colcon.colcon_core.shell:Creating environment hook '/home/dali/ros2_ws/install/piper_bringup/share/piper_bringup/hook/cmake_prefix_path.ps1'
[29.448s] INFO:colcon.colcon_core.shell:Creating environment descriptor '/home/dali/ros2_ws/install/piper_bringup/share/piper_bringup/hook/cmake_prefix_path.dsv'
[29.448s] INFO:colcon.colcon_core.shell:Creating environment hook '/home/dali/ros2_ws/install/piper_bringup/share/piper_bringup/hook/cmake_prefix_path.sh'
[29.449s] Level 1:colcon.colcon_core.environment:checking '/home/dali/ros2_ws/install/piper_bringup/lib'
[29.449s] Level 1:colcon.colcon_core.environment:checking '/home/dali/ros2_ws/install/piper_bringup/bin'
[29.449s] Level 1:colcon.colcon_core.environment:checking '/home/dali/ros2_ws/install/piper_bringup/lib/pkgconfig/piper_bringup.pc'
[29.451s] Level 1:colcon.colcon_core.environment:checking '/home/dali/ros2_ws/install/piper_bringup/lib/python3.12/site-packages'
[29.451s] Level 1:colcon.colcon_core.environment:checking '/home/dali/ros2_ws/install/piper_bringup/bin'
[29.456s] INFO:colcon.colcon_core.shell:Creating package script '/home/dali/ros2_ws/install/piper_bringup/share/piper_bringup/package.ps1'
[29.459s] INFO:colcon.colcon_core.shell:Creating package descriptor '/home/dali/ros2_ws/install/piper_bringup/share/piper_bringup/package.dsv'
[29.459s] INFO:colcon.colcon_core.shell:Creating package script '/home/dali/ros2_ws/install/piper_bringup/share/piper_bringup/package.sh'
[29.467s] INFO:colcon.colcon_core.shell:Creating package script '/home/dali/ros2_ws/install/piper_bringup/share/piper_bringup/package.bash'
[29.470s] INFO:colcon.colcon_core.shell:Creating package script '/home/dali/ros2_ws/install/piper_bringup/share/piper_bringup/package.zsh'
[29.471s] Level 1:colcon.colcon_core.environment:create_file_with_runtime_dependencies(/home/dali/ros2_ws/install/piper_bringup/share/colcon-core/packages/piper_bringup)
[29.472s] DEBUG:colcon.colcon_parallel_executor.executor.parallel:closing loop
[29.473s] DEBUG:colcon.colcon_parallel_executor.executor.parallel:loop closed
[29.473s] DEBUG:colcon.colcon_parallel_executor.executor.parallel:run_until_complete finished with '0'
[29.474s] DEBUG:colcon.colcon_core.event_reactor:joining thread
[29.510s] INFO:colcon.colcon_core.plugin_system:Skipping extension 'colcon_notification.desktop_notification.terminal_notifier': Not used on non-Darwin systems
[29.510s] INFO:colcon.colcon_core.plugin_system:Skipping extension 'colcon_notification.desktop_notification.win32': Not used on non-Windows systems
[29.510s] INFO:colcon.colcon_notification.desktop_notification:Sending desktop notification using 'notify2'
[29.546s] DEBUG:colcon.colcon_core.event_reactor:joined thread
[29.546s] INFO:colcon.colcon_core.shell:Creating prefix script '/home/dali/ros2_ws/install/local_setup.ps1'
[29.547s] INFO:colcon.colcon_core.shell:Creating prefix util module '/home/dali/ros2_ws/install/_local_setup_util_ps1.py'
[29.549s] INFO:colcon.colcon_core.shell:Creating prefix chain script '/home/dali/ros2_ws/install/setup.ps1'
[29.556s] INFO:colcon.colcon_core.shell:Creating prefix script '/home/dali/ros2_ws/install/local_setup.sh'
[29.556s] INFO:colcon.colcon_core.shell:Creating prefix util module '/home/dali/ros2_ws/install/_local_setup_util_sh.py'
[29.557s] INFO:colcon.colcon_core.shell:Creating prefix chain script '/home/dali/ros2_ws/install/setup.sh'
[29.559s] INFO:colcon.colcon_core.shell:Creating prefix script '/home/dali/ros2_ws/install/local_setup.bash'
[29.560s] INFO:colcon.colcon_core.shell:Creating prefix chain script '/home/dali/ros2_ws/install/setup.bash'
[29.561s] INFO:colcon.colcon_core.shell:Creating prefix script '/home/dali/ros2_ws/install/local_setup.zsh'
[29.562s] INFO:colcon.colcon_core.shell:Creating prefix chain script '/home/dali/ros2_ws/install/setup.zsh'
