[0.005s] Invoking command in '/home/dali/ros2_ws/build/piper_bringup': CMAKE_PREFIX_PATH=/home/dali/ros2_ws/install/scene_graph_interfaces:/home/dali/ros2_ws/install/piper_bringup:/home/dali/ros2_ws/install/piper_moveit_config:/home/dali/ros2_ws/install/piper_description:/opt/ros/jazzy/opt/gz_sim_vendor:/opt/ros/jazzy/opt/gz_sensors_vendor:/opt/ros/jazzy/opt/gz_physics_vendor:/opt/ros/jazzy/opt/sdformat_vendor:/opt/ros/jazzy/opt/gz_gui_vendor:/opt/ros/jazzy/opt/gz_transport_vendor:/opt/ros/jazzy/opt/gz_rendering_vendor:/opt/ros/jazzy/opt/gz_plugin_vendor:/opt/ros/jazzy/opt/gz_fuel_tools_vendor:/opt/ros/jazzy/opt/gz_msgs_vendor:/opt/ros/jazzy/opt/gz_common_vendor:/opt/ros/jazzy/opt/gz_math_vendor:/opt/ros/jazzy/opt/gz_utils_vendor:/opt/ros/jazzy/opt/gz_tools_vendor:/opt/ros/jazzy/opt/gz_ogre_next_vendor:/opt/ros/jazzy/opt/gz_dartsim_vendor:/opt/ros/jazzy/opt/gz_cmake_vendor:/opt/ros/jazzy DEBUGINFOD_URLS=https://debuginfod.ubuntu.com /usr/bin/cmake --build /home/dali/ros2_ws/build/piper_bringup -- -j4 -l4
[0.153s] [ 50%] [32mBuilding CXX object CMakeFiles/moveit_pick_and_place_cpp.dir/src/moveit_pick_and_place.cpp.o[0m
[28.607s] [100%] [32m[1mLinking CXX executable moveit_pick_and_place_cpp[0m
[30.036s] [100%] Built target moveit_pick_and_place_cpp
[30.066s] Invoked command in '/home/dali/ros2_ws/build/piper_bringup' returned '0': CMAKE_PREFIX_PATH=/home/dali/ros2_ws/install/scene_graph_interfaces:/home/dali/ros2_ws/install/piper_bringup:/home/dali/ros2_ws/install/piper_moveit_config:/home/dali/ros2_ws/install/piper_description:/opt/ros/jazzy/opt/gz_sim_vendor:/opt/ros/jazzy/opt/gz_sensors_vendor:/opt/ros/jazzy/opt/gz_physics_vendor:/opt/ros/jazzy/opt/sdformat_vendor:/opt/ros/jazzy/opt/gz_gui_vendor:/opt/ros/jazzy/opt/gz_transport_vendor:/opt/ros/jazzy/opt/gz_rendering_vendor:/opt/ros/jazzy/opt/gz_plugin_vendor:/opt/ros/jazzy/opt/gz_fuel_tools_vendor:/opt/ros/jazzy/opt/gz_msgs_vendor:/opt/ros/jazzy/opt/gz_common_vendor:/opt/ros/jazzy/opt/gz_math_vendor:/opt/ros/jazzy/opt/gz_utils_vendor:/opt/ros/jazzy/opt/gz_tools_vendor:/opt/ros/jazzy/opt/gz_ogre_next_vendor:/opt/ros/jazzy/opt/gz_dartsim_vendor:/opt/ros/jazzy/opt/gz_cmake_vendor:/opt/ros/jazzy DEBUGINFOD_URLS=https://debuginfod.ubuntu.com /usr/bin/cmake --build /home/dali/ros2_ws/build/piper_bringup -- -j4 -l4
[30.076s] Invoking command in '/home/dali/ros2_ws/build/piper_bringup': CMAKE_PREFIX_PATH=/home/dali/ros2_ws/install/scene_graph_interfaces:/home/dali/ros2_ws/install/piper_bringup:/home/dali/ros2_ws/install/piper_moveit_config:/home/dali/ros2_ws/install/piper_description:/opt/ros/jazzy/opt/gz_sim_vendor:/opt/ros/jazzy/opt/gz_sensors_vendor:/opt/ros/jazzy/opt/gz_physics_vendor:/opt/ros/jazzy/opt/sdformat_vendor:/opt/ros/jazzy/opt/gz_gui_vendor:/opt/ros/jazzy/opt/gz_transport_vendor:/opt/ros/jazzy/opt/gz_rendering_vendor:/opt/ros/jazzy/opt/gz_plugin_vendor:/opt/ros/jazzy/opt/gz_fuel_tools_vendor:/opt/ros/jazzy/opt/gz_msgs_vendor:/opt/ros/jazzy/opt/gz_common_vendor:/opt/ros/jazzy/opt/gz_math_vendor:/opt/ros/jazzy/opt/gz_utils_vendor:/opt/ros/jazzy/opt/gz_tools_vendor:/opt/ros/jazzy/opt/gz_ogre_next_vendor:/opt/ros/jazzy/opt/gz_dartsim_vendor:/opt/ros/jazzy/opt/gz_cmake_vendor:/opt/ros/jazzy DEBUGINFOD_URLS=https://debuginfod.ubuntu.com /usr/bin/cmake --install /home/dali/ros2_ws/build/piper_bringup
[30.101s] -- Install configuration: ""
[30.101s] -- Up-to-date: /home/dali/ros2_ws/install/piper_bringup/share/piper_bringup/launch
[30.101s] -- Up-to-date: /home/dali/ros2_ws/install/piper_bringup/share/piper_bringup/launch/piper.launch.xml
[30.101s] -- Up-to-date: /home/dali/ros2_ws/install/piper_bringup/share/piper_bringup/launch/pick_place_launch.py
[30.101s] -- Up-to-date: /home/dali/ros2_ws/install/piper_bringup/share/piper_bringup/launch/gazebo_piper.launch.py
[30.101s] -- Up-to-date: /home/dali/ros2_ws/install/piper_bringup/share/piper_bringup/rviz
[30.101s] -- Up-to-date: /home/dali/ros2_ws/install/piper_bringup/share/piper_bringup/rviz/robotmodel.rviz
[30.101s] -- Up-to-date: /home/dali/ros2_ws/install/piper_bringup/share/piper_bringup/worlds
[30.101s] -- Up-to-date: /home/dali/ros2_ws/install/piper_bringup/share/piper_bringup/worlds/empty_world.sdf
[30.101s] -- Up-to-date: /home/dali/ros2_ws/install/piper_bringup/share/piper_bringup/models
[30.102s] -- Up-to-date: /home/dali/ros2_ws/install/piper_bringup/share/piper_bringup/models/cylinder
[30.102s] -- Up-to-date: /home/dali/ros2_ws/install/piper_bringup/share/piper_bringup/models/cylinder/model.sdf
[30.104s] -- Up-to-date: /home/dali/ros2_ws/install/piper_bringup/share/piper_bringup/models/cylinder/model.config
[30.104s] -- Up-to-date: /home/dali/ros2_ws/install/piper_bringup/share/piper_bringup/models/cube
[30.104s] -- Up-to-date: /home/dali/ros2_ws/install/piper_bringup/share/piper_bringup/models/cube/model.sdf
[30.104s] -- Up-to-date: /home/dali/ros2_ws/install/piper_bringup/share/piper_bringup/models/cube/model.config
[30.104s] -- Up-to-date: /home/dali/ros2_ws/install/piper_bringup/lib/piper_bringup/pick_and_place.py
[30.104s] -- Up-to-date: /home/dali/ros2_ws/install/piper_bringup/lib/piper_bringup/ik_pick_and_place.py
[30.104s] -- Up-to-date: /home/dali/ros2_ws/install/piper_bringup/lib/piper_bringup/detection_node.py
[30.104s] -- Installing: /home/dali/ros2_ws/install/piper_bringup/lib/piper_bringup/moveit_pick_and_place_cpp
[30.130s] -- Set non-toolchain portion of runtime path of "/home/dali/ros2_ws/install/piper_bringup/lib/piper_bringup/moveit_pick_and_place_cpp" to ""
[30.130s] -- Up-to-date: /home/dali/ros2_ws/install/piper_bringup/share/ament_index/resource_index/package_run_dependencies/piper_bringup
[30.130s] -- Up-to-date: /home/dali/ros2_ws/install/piper_bringup/share/ament_index/resource_index/parent_prefix_path/piper_bringup
[30.130s] -- Up-to-date: /home/dali/ros2_ws/install/piper_bringup/share/piper_bringup/environment/ament_prefix_path.sh
[30.130s] -- Up-to-date: /home/dali/ros2_ws/install/piper_bringup/share/piper_bringup/environment/ament_prefix_path.dsv
[30.130s] -- Up-to-date: /home/dali/ros2_ws/install/piper_bringup/share/piper_bringup/environment/path.sh
[30.130s] -- Up-to-date: /home/dali/ros2_ws/install/piper_bringup/share/piper_bringup/environment/path.dsv
[30.131s] -- Up-to-date: /home/dali/ros2_ws/install/piper_bringup/share/piper_bringup/local_setup.bash
[30.131s] -- Up-to-date: /home/dali/ros2_ws/install/piper_bringup/share/piper_bringup/local_setup.sh
[30.131s] -- Up-to-date: /home/dali/ros2_ws/install/piper_bringup/share/piper_bringup/local_setup.zsh
[30.131s] -- Up-to-date: /home/dali/ros2_ws/install/piper_bringup/share/piper_bringup/local_setup.dsv
[30.131s] -- Installing: /home/dali/ros2_ws/install/piper_bringup/share/piper_bringup/package.dsv
[30.131s] -- Up-to-date: /home/dali/ros2_ws/install/piper_bringup/share/ament_index/resource_index/packages/piper_bringup
[30.131s] -- Up-to-date: /home/dali/ros2_ws/install/piper_bringup/share/piper_bringup/cmake/ament_cmake_export_dependencies-extras.cmake
[30.142s] -- Up-to-date: /home/dali/ros2_ws/install/piper_bringup/share/piper_bringup/cmake/piper_bringupConfig.cmake
[30.142s] -- Up-to-date: /home/dali/ros2_ws/install/piper_bringup/share/piper_bringup/cmake/piper_bringupConfig-version.cmake
[30.142s] -- Up-to-date: /home/dali/ros2_ws/install/piper_bringup/share/piper_bringup/package.xml
[30.156s] Invoked command in '/home/dali/ros2_ws/build/piper_bringup' returned '0': CMAKE_PREFIX_PATH=/home/dali/ros2_ws/install/scene_graph_interfaces:/home/dali/ros2_ws/install/piper_bringup:/home/dali/ros2_ws/install/piper_moveit_config:/home/dali/ros2_ws/install/piper_description:/opt/ros/jazzy/opt/gz_sim_vendor:/opt/ros/jazzy/opt/gz_sensors_vendor:/opt/ros/jazzy/opt/gz_physics_vendor:/opt/ros/jazzy/opt/sdformat_vendor:/opt/ros/jazzy/opt/gz_gui_vendor:/opt/ros/jazzy/opt/gz_transport_vendor:/opt/ros/jazzy/opt/gz_rendering_vendor:/opt/ros/jazzy/opt/gz_plugin_vendor:/opt/ros/jazzy/opt/gz_fuel_tools_vendor:/opt/ros/jazzy/opt/gz_msgs_vendor:/opt/ros/jazzy/opt/gz_common_vendor:/opt/ros/jazzy/opt/gz_math_vendor:/opt/ros/jazzy/opt/gz_utils_vendor:/opt/ros/jazzy/opt/gz_tools_vendor:/opt/ros/jazzy/opt/gz_ogre_next_vendor:/opt/ros/jazzy/opt/gz_dartsim_vendor:/opt/ros/jazzy/opt/gz_cmake_vendor:/opt/ros/jazzy DEBUGINFOD_URLS=https://debuginfod.ubuntu.com /usr/bin/cmake --install /home/dali/ros2_ws/build/piper_bringup
