[0.012s] Invoking command in '/home/dali/ros2_ws/build/piper_moveit_config': CMAKE_PREFIX_PATH=/home/dali/ros2_ws/install/piper_description:/home/dali/install/piper_bringup:/home/dali/install/scene_graph_interfaces:/home/dali/install/piper_moveit_config:/home/dali/install/piper_description:/home/dali/ros2_ws/install/piper_bringup:/home/dali/ros2_ws/install/scene_graph_interfaces:/home/dali/ros2_ws/install/piper_moveit_config:/opt/ros/jazzy/opt/gz_sim_vendor:/opt/ros/jazzy/opt/gz_sensors_vendor:/opt/ros/jazzy/opt/gz_physics_vendor:/opt/ros/jazzy/opt/sdformat_vendor:/opt/ros/jazzy/opt/gz_gui_vendor:/opt/ros/jazzy/opt/gz_transport_vendor:/opt/ros/jazzy/opt/gz_rendering_vendor:/opt/ros/jazzy/opt/gz_plugin_vendor:/opt/ros/jazzy/opt/gz_fuel_tools_vendor:/opt/ros/jazzy/opt/gz_msgs_vendor:/opt/ros/jazzy/opt/gz_common_vendor:/opt/ros/jazzy/opt/gz_math_vendor:/opt/ros/jazzy/opt/gz_utils_vendor:/opt/ros/jazzy/opt/gz_tools_vendor:/opt/ros/jazzy/opt/gz_ogre_next_vendor:/opt/ros/jazzy/opt/gz_dartsim_vendor:/opt/ros/jazzy/opt/gz_cmake_vendor:/opt/ros/jazzy DEBUGINFOD_URLS=https://debuginfod.ubuntu.com /usr/bin/cmake /home/dali/ros2_ws/src/piper_ros2/piper_moveit_config -DCMAKE_INSTALL_PREFIX=/home/dali/ros2_ws/install/piper_moveit_config
[0.102s] -- The C compiler identification is GNU 13.3.0
[0.173s] -- The CXX compiler identification is GNU 13.3.0
[0.192s] -- Detecting C compiler ABI info
[0.319s] -- Detecting C compiler ABI info - done
[0.338s] -- Check for working C compiler: /usr/bin/cc - skipped
[0.338s] -- Detecting C compile features
[0.339s] -- Detecting C compile features - done
[0.360s] -- Detecting CXX compiler ABI info
[0.550s] -- Detecting CXX compiler ABI info - done
[0.571s] -- Check for working CXX compiler: /usr/bin/c++ - skipped
[0.578s] -- Detecting CXX compile features
[0.578s] -- Detecting CXX compile features - done
[0.591s] -- Found ament_cmake: 2.5.4 (/opt/ros/jazzy/share/ament_cmake/cmake)
[0.755s] -- Found Python3: /usr/bin/python3 (found version "3.12.3") found components: Interpreter 
[0.976s] -- Configuring done (0.9s)
[0.982s] -- Generating done (0.0s)
[0.982s] -- Build files have been written to: /home/dali/ros2_ws/build/piper_moveit_config
[0.998s] Invoked command in '/home/dali/ros2_ws/build/piper_moveit_config' returned '0': CMAKE_PREFIX_PATH=/home/dali/ros2_ws/install/piper_description:/home/dali/install/piper_bringup:/home/dali/install/scene_graph_interfaces:/home/dali/install/piper_moveit_config:/home/dali/install/piper_description:/home/dali/ros2_ws/install/piper_bringup:/home/dali/ros2_ws/install/scene_graph_interfaces:/home/dali/ros2_ws/install/piper_moveit_config:/opt/ros/jazzy/opt/gz_sim_vendor:/opt/ros/jazzy/opt/gz_sensors_vendor:/opt/ros/jazzy/opt/gz_physics_vendor:/opt/ros/jazzy/opt/sdformat_vendor:/opt/ros/jazzy/opt/gz_gui_vendor:/opt/ros/jazzy/opt/gz_transport_vendor:/opt/ros/jazzy/opt/gz_rendering_vendor:/opt/ros/jazzy/opt/gz_plugin_vendor:/opt/ros/jazzy/opt/gz_fuel_tools_vendor:/opt/ros/jazzy/opt/gz_msgs_vendor:/opt/ros/jazzy/opt/gz_common_vendor:/opt/ros/jazzy/opt/gz_math_vendor:/opt/ros/jazzy/opt/gz_utils_vendor:/opt/ros/jazzy/opt/gz_tools_vendor:/opt/ros/jazzy/opt/gz_ogre_next_vendor:/opt/ros/jazzy/opt/gz_dartsim_vendor:/opt/ros/jazzy/opt/gz_cmake_vendor:/opt/ros/jazzy DEBUGINFOD_URLS=https://debuginfod.ubuntu.com /usr/bin/cmake /home/dali/ros2_ws/src/piper_ros2/piper_moveit_config -DCMAKE_INSTALL_PREFIX=/home/dali/ros2_ws/install/piper_moveit_config
[0.999s] Invoking command in '/home/dali/ros2_ws/build/piper_moveit_config': CMAKE_PREFIX_PATH=/home/dali/ros2_ws/install/piper_description:/home/dali/install/piper_bringup:/home/dali/install/scene_graph_interfaces:/home/dali/install/piper_moveit_config:/home/dali/install/piper_description:/home/dali/ros2_ws/install/piper_bringup:/home/dali/ros2_ws/install/scene_graph_interfaces:/home/dali/ros2_ws/install/piper_moveit_config:/opt/ros/jazzy/opt/gz_sim_vendor:/opt/ros/jazzy/opt/gz_sensors_vendor:/opt/ros/jazzy/opt/gz_physics_vendor:/opt/ros/jazzy/opt/sdformat_vendor:/opt/ros/jazzy/opt/gz_gui_vendor:/opt/ros/jazzy/opt/gz_transport_vendor:/opt/ros/jazzy/opt/gz_rendering_vendor:/opt/ros/jazzy/opt/gz_plugin_vendor:/opt/ros/jazzy/opt/gz_fuel_tools_vendor:/opt/ros/jazzy/opt/gz_msgs_vendor:/opt/ros/jazzy/opt/gz_common_vendor:/opt/ros/jazzy/opt/gz_math_vendor:/opt/ros/jazzy/opt/gz_utils_vendor:/opt/ros/jazzy/opt/gz_tools_vendor:/opt/ros/jazzy/opt/gz_ogre_next_vendor:/opt/ros/jazzy/opt/gz_dartsim_vendor:/opt/ros/jazzy/opt/gz_cmake_vendor:/opt/ros/jazzy DEBUGINFOD_URLS=https://debuginfod.ubuntu.com /usr/bin/cmake --build /home/dali/ros2_ws/build/piper_moveit_config -- -j4 -l4
[1.068s] Invoked command in '/home/dali/ros2_ws/build/piper_moveit_config' returned '0': CMAKE_PREFIX_PATH=/home/dali/ros2_ws/install/piper_description:/home/dali/install/piper_bringup:/home/dali/install/scene_graph_interfaces:/home/dali/install/piper_moveit_config:/home/dali/install/piper_description:/home/dali/ros2_ws/install/piper_bringup:/home/dali/ros2_ws/install/scene_graph_interfaces:/home/dali/ros2_ws/install/piper_moveit_config:/opt/ros/jazzy/opt/gz_sim_vendor:/opt/ros/jazzy/opt/gz_sensors_vendor:/opt/ros/jazzy/opt/gz_physics_vendor:/opt/ros/jazzy/opt/sdformat_vendor:/opt/ros/jazzy/opt/gz_gui_vendor:/opt/ros/jazzy/opt/gz_transport_vendor:/opt/ros/jazzy/opt/gz_rendering_vendor:/opt/ros/jazzy/opt/gz_plugin_vendor:/opt/ros/jazzy/opt/gz_fuel_tools_vendor:/opt/ros/jazzy/opt/gz_msgs_vendor:/opt/ros/jazzy/opt/gz_common_vendor:/opt/ros/jazzy/opt/gz_math_vendor:/opt/ros/jazzy/opt/gz_utils_vendor:/opt/ros/jazzy/opt/gz_tools_vendor:/opt/ros/jazzy/opt/gz_ogre_next_vendor:/opt/ros/jazzy/opt/gz_dartsim_vendor:/opt/ros/jazzy/opt/gz_cmake_vendor:/opt/ros/jazzy DEBUGINFOD_URLS=https://debuginfod.ubuntu.com /usr/bin/cmake --build /home/dali/ros2_ws/build/piper_moveit_config -- -j4 -l4
[1.068s] Invoking command in '/home/dali/ros2_ws/build/piper_moveit_config': CMAKE_PREFIX_PATH=/home/dali/ros2_ws/install/piper_description:/home/dali/install/piper_bringup:/home/dali/install/scene_graph_interfaces:/home/dali/install/piper_moveit_config:/home/dali/install/piper_description:/home/dali/ros2_ws/install/piper_bringup:/home/dali/ros2_ws/install/scene_graph_interfaces:/home/dali/ros2_ws/install/piper_moveit_config:/opt/ros/jazzy/opt/gz_sim_vendor:/opt/ros/jazzy/opt/gz_sensors_vendor:/opt/ros/jazzy/opt/gz_physics_vendor:/opt/ros/jazzy/opt/sdformat_vendor:/opt/ros/jazzy/opt/gz_gui_vendor:/opt/ros/jazzy/opt/gz_transport_vendor:/opt/ros/jazzy/opt/gz_rendering_vendor:/opt/ros/jazzy/opt/gz_plugin_vendor:/opt/ros/jazzy/opt/gz_fuel_tools_vendor:/opt/ros/jazzy/opt/gz_msgs_vendor:/opt/ros/jazzy/opt/gz_common_vendor:/opt/ros/jazzy/opt/gz_math_vendor:/opt/ros/jazzy/opt/gz_utils_vendor:/opt/ros/jazzy/opt/gz_tools_vendor:/opt/ros/jazzy/opt/gz_ogre_next_vendor:/opt/ros/jazzy/opt/gz_dartsim_vendor:/opt/ros/jazzy/opt/gz_cmake_vendor:/opt/ros/jazzy DEBUGINFOD_URLS=https://debuginfod.ubuntu.com /usr/bin/cmake --install /home/dali/ros2_ws/build/piper_moveit_config
[1.085s] -- Install configuration: ""
[1.085s] -- Installing: /home/dali/ros2_ws/install/piper_moveit_config/share/piper_moveit_config//config
[1.085s] -- Installing: /home/dali/ros2_ws/install/piper_moveit_config/share/piper_moveit_config//config/moveit.rviz
[1.086s] -- Installing: /home/dali/ros2_ws/install/piper_moveit_config/share/piper_moveit_config//config/joint_limits.yaml
[1.086s] -- Installing: /home/dali/ros2_ws/install/piper_moveit_config/share/piper_moveit_config//config/kinematics_ros2.yaml
[1.086s] -- Installing: /home/dali/ros2_ws/install/piper_moveit_config/share/piper_moveit_config//config/ompl_planning.yaml
[1.087s] -- Installing: /home/dali/ros2_ws/install/piper_moveit_config/share/piper_moveit_config//config/kinematics.yaml
[1.088s] -- Installing: /home/dali/ros2_ws/install/piper_moveit_config/share/piper_moveit_config//config/move_group.yaml
[1.091s] -- Installing: /home/dali/ros2_ws/install/piper_moveit_config/share/piper_moveit_config//config/piper.srdf.xacro
[1.091s] -- Installing: /home/dali/ros2_ws/install/piper_moveit_config/share/piper_moveit_config//config/moveit_controllers.yaml
[1.091s] -- Installing: /home/dali/ros2_ws/install/piper_moveit_config/share/piper_moveit_config//launch
[1.091s] -- Installing: /home/dali/ros2_ws/install/piper_moveit_config/share/piper_moveit_config//launch/demo.launch.xml
[1.096s] -- Installing: /home/dali/ros2_ws/install/piper_moveit_config/share/ament_index/resource_index/package_run_dependencies/piper_moveit_config
[1.097s] -- Installing: /home/dali/ros2_ws/install/piper_moveit_config/share/ament_index/resource_index/parent_prefix_path/piper_moveit_config
[1.097s] -- Installing: /home/dali/ros2_ws/install/piper_moveit_config/share/piper_moveit_config/environment/ament_prefix_path.sh
[1.097s] -- Installing: /home/dali/ros2_ws/install/piper_moveit_config/share/piper_moveit_config/environment/ament_prefix_path.dsv
[1.097s] -- Installing: /home/dali/ros2_ws/install/piper_moveit_config/share/piper_moveit_config/environment/path.sh
[1.097s] -- Installing: /home/dali/ros2_ws/install/piper_moveit_config/share/piper_moveit_config/environment/path.dsv
[1.097s] -- Installing: /home/dali/ros2_ws/install/piper_moveit_config/share/piper_moveit_config/local_setup.bash
[1.097s] -- Installing: /home/dali/ros2_ws/install/piper_moveit_config/share/piper_moveit_config/local_setup.sh
[1.097s] -- Installing: /home/dali/ros2_ws/install/piper_moveit_config/share/piper_moveit_config/local_setup.zsh
[1.097s] -- Installing: /home/dali/ros2_ws/install/piper_moveit_config/share/piper_moveit_config/local_setup.dsv
[1.097s] -- Installing: /home/dali/ros2_ws/install/piper_moveit_config/share/piper_moveit_config/package.dsv
[1.097s] -- Installing: /home/dali/ros2_ws/install/piper_moveit_config/share/ament_index/resource_index/packages/piper_moveit_config
[1.097s] -- Installing: /home/dali/ros2_ws/install/piper_moveit_config/share/piper_moveit_config/cmake/piper_moveit_configConfig.cmake
[1.097s] -- Installing: /home/dali/ros2_ws/install/piper_moveit_config/share/piper_moveit_config/cmake/piper_moveit_configConfig-version.cmake
[1.097s] -- Installing: /home/dali/ros2_ws/install/piper_moveit_config/share/piper_moveit_config/package.xml
[1.102s] Invoked command in '/home/dali/ros2_ws/build/piper_moveit_config' returned '0': CMAKE_PREFIX_PATH=/home/dali/ros2_ws/install/piper_description:/home/dali/install/piper_bringup:/home/dali/install/scene_graph_interfaces:/home/dali/install/piper_moveit_config:/home/dali/install/piper_description:/home/dali/ros2_ws/install/piper_bringup:/home/dali/ros2_ws/install/scene_graph_interfaces:/home/dali/ros2_ws/install/piper_moveit_config:/opt/ros/jazzy/opt/gz_sim_vendor:/opt/ros/jazzy/opt/gz_sensors_vendor:/opt/ros/jazzy/opt/gz_physics_vendor:/opt/ros/jazzy/opt/sdformat_vendor:/opt/ros/jazzy/opt/gz_gui_vendor:/opt/ros/jazzy/opt/gz_transport_vendor:/opt/ros/jazzy/opt/gz_rendering_vendor:/opt/ros/jazzy/opt/gz_plugin_vendor:/opt/ros/jazzy/opt/gz_fuel_tools_vendor:/opt/ros/jazzy/opt/gz_msgs_vendor:/opt/ros/jazzy/opt/gz_common_vendor:/opt/ros/jazzy/opt/gz_math_vendor:/opt/ros/jazzy/opt/gz_utils_vendor:/opt/ros/jazzy/opt/gz_tools_vendor:/opt/ros/jazzy/opt/gz_ogre_next_vendor:/opt/ros/jazzy/opt/gz_dartsim_vendor:/opt/ros/jazzy/opt/gz_cmake_vendor:/opt/ros/jazzy DEBUGINFOD_URLS=https://debuginfod.ubuntu.com /usr/bin/cmake --install /home/dali/ros2_ws/build/piper_moveit_config
